[2023-02-19T20:10:41.096+0000] {processor.py:153} INFO - Started process (PID=68) to work on /home/airflow/.local/lib/python3.7/site-packages/airflow/example_dags/example_xcomargs.py
[2023-02-19T20:10:41.104+0000] {processor.py:743} INFO - Processing file /home/airflow/.local/lib/python3.7/site-packages/airflow/example_dags/example_xcomargs.py for tasks to queue
[2023-02-19T20:10:41.106+0000] {logging_mixin.py:137} INFO - [2023-02-19T20:10:41.106+0000] {dagbag.py:538} INFO - Filling up the DagBag from /home/airflow/.local/lib/python3.7/site-packages/airflow/example_dags/example_xcomargs.py
[2023-02-19T20:10:41.172+0000] {processor.py:753} INFO - DAG(s) dict_keys(['example_xcom_args', 'example_xcom_args_with_operators']) retrieved from /home/airflow/.local/lib/python3.7/site-packages/airflow/example_dags/example_xcomargs.py
[2023-02-19T20:10:41.233+0000] {logging_mixin.py:137} INFO - [2023-02-19T20:10:41.233+0000] {dag.py:2690} INFO - Sync 2 DAGs
[2023-02-19T20:10:41.479+0000] {logging_mixin.py:137} INFO - [2023-02-19T20:10:41.479+0000] {dag.py:3441} INFO - Setting next_dagrun for example_xcom_args to None, run_after=None
[2023-02-19T20:10:41.503+0000] {logging_mixin.py:137} INFO - [2023-02-19T20:10:41.503+0000] {dag.py:3441} INFO - Setting next_dagrun for example_xcom_args_with_operators to None, run_after=None
[2023-02-19T20:10:41.601+0000] {processor.py:175} INFO - Processing /home/airflow/.local/lib/python3.7/site-packages/airflow/example_dags/example_xcomargs.py took 0.511 seconds
[2023-02-19T20:11:12.262+0000] {processor.py:153} INFO - Started process (PID=131) to work on /home/airflow/.local/lib/python3.7/site-packages/airflow/example_dags/example_xcomargs.py
[2023-02-19T20:11:12.266+0000] {processor.py:743} INFO - Processing file /home/airflow/.local/lib/python3.7/site-packages/airflow/example_dags/example_xcomargs.py for tasks to queue
[2023-02-19T20:11:12.268+0000] {logging_mixin.py:137} INFO - [2023-02-19T20:11:12.268+0000] {dagbag.py:538} INFO - Filling up the DagBag from /home/airflow/.local/lib/python3.7/site-packages/airflow/example_dags/example_xcomargs.py
[2023-02-19T20:11:12.312+0000] {processor.py:753} INFO - DAG(s) dict_keys(['example_xcom_args_with_operators', 'example_xcom_args']) retrieved from /home/airflow/.local/lib/python3.7/site-packages/airflow/example_dags/example_xcomargs.py
[2023-02-19T20:11:12.336+0000] {logging_mixin.py:137} INFO - [2023-02-19T20:11:12.336+0000] {dag.py:2690} INFO - Sync 2 DAGs
[2023-02-19T20:11:12.378+0000] {logging_mixin.py:137} INFO - [2023-02-19T20:11:12.378+0000] {dag.py:3441} INFO - Setting next_dagrun for example_xcom_args to None, run_after=None
[2023-02-19T20:11:12.386+0000] {logging_mixin.py:137} INFO - [2023-02-19T20:11:12.385+0000] {dag.py:3441} INFO - Setting next_dagrun for example_xcom_args_with_operators to None, run_after=None
[2023-02-19T20:11:12.423+0000] {processor.py:175} INFO - Processing /home/airflow/.local/lib/python3.7/site-packages/airflow/example_dags/example_xcomargs.py took 0.166 seconds
[2023-02-19T20:11:42.635+0000] {processor.py:153} INFO - Started process (PID=206) to work on /home/airflow/.local/lib/python3.7/site-packages/airflow/example_dags/example_xcomargs.py
[2023-02-19T20:11:42.637+0000] {processor.py:743} INFO - Processing file /home/airflow/.local/lib/python3.7/site-packages/airflow/example_dags/example_xcomargs.py for tasks to queue
[2023-02-19T20:11:42.639+0000] {logging_mixin.py:137} INFO - [2023-02-19T20:11:42.639+0000] {dagbag.py:538} INFO - Filling up the DagBag from /home/airflow/.local/lib/python3.7/site-packages/airflow/example_dags/example_xcomargs.py
[2023-02-19T20:11:42.694+0000] {processor.py:753} INFO - DAG(s) dict_keys(['example_xcom_args_with_operators', 'example_xcom_args']) retrieved from /home/airflow/.local/lib/python3.7/site-packages/airflow/example_dags/example_xcomargs.py
[2023-02-19T20:11:42.734+0000] {logging_mixin.py:137} INFO - [2023-02-19T20:11:42.734+0000] {dag.py:2690} INFO - Sync 2 DAGs
[2023-02-19T20:11:42.765+0000] {logging_mixin.py:137} INFO - [2023-02-19T20:11:42.764+0000] {dag.py:3441} INFO - Setting next_dagrun for example_xcom_args to None, run_after=None
[2023-02-19T20:11:42.771+0000] {logging_mixin.py:137} INFO - [2023-02-19T20:11:42.771+0000] {dag.py:3441} INFO - Setting next_dagrun for example_xcom_args_with_operators to None, run_after=None
[2023-02-19T20:11:42.795+0000] {processor.py:175} INFO - Processing /home/airflow/.local/lib/python3.7/site-packages/airflow/example_dags/example_xcomargs.py took 0.174 seconds
[2023-02-19T20:12:13.500+0000] {processor.py:153} INFO - Started process (PID=270) to work on /home/airflow/.local/lib/python3.7/site-packages/airflow/example_dags/example_xcomargs.py
[2023-02-19T20:12:13.507+0000] {processor.py:743} INFO - Processing file /home/airflow/.local/lib/python3.7/site-packages/airflow/example_dags/example_xcomargs.py for tasks to queue
[2023-02-19T20:12:13.509+0000] {logging_mixin.py:137} INFO - [2023-02-19T20:12:13.509+0000] {dagbag.py:538} INFO - Filling up the DagBag from /home/airflow/.local/lib/python3.7/site-packages/airflow/example_dags/example_xcomargs.py
[2023-02-19T20:12:13.538+0000] {processor.py:753} INFO - DAG(s) dict_keys(['example_xcom_args_with_operators', 'example_xcom_args']) retrieved from /home/airflow/.local/lib/python3.7/site-packages/airflow/example_dags/example_xcomargs.py
[2023-02-19T20:12:13.578+0000] {logging_mixin.py:137} INFO - [2023-02-19T20:12:13.578+0000] {dag.py:2690} INFO - Sync 2 DAGs
[2023-02-19T20:12:13.609+0000] {logging_mixin.py:137} INFO - [2023-02-19T20:12:13.609+0000] {dag.py:3441} INFO - Setting next_dagrun for example_xcom_args to None, run_after=None
[2023-02-19T20:12:13.615+0000] {logging_mixin.py:137} INFO - [2023-02-19T20:12:13.615+0000] {dag.py:3441} INFO - Setting next_dagrun for example_xcom_args_with_operators to None, run_after=None
[2023-02-19T20:12:13.635+0000] {processor.py:175} INFO - Processing /home/airflow/.local/lib/python3.7/site-packages/airflow/example_dags/example_xcomargs.py took 0.138 seconds
[2023-02-19T20:12:43.796+0000] {processor.py:153} INFO - Started process (PID=333) to work on /home/airflow/.local/lib/python3.7/site-packages/airflow/example_dags/example_xcomargs.py
[2023-02-19T20:12:43.801+0000] {processor.py:743} INFO - Processing file /home/airflow/.local/lib/python3.7/site-packages/airflow/example_dags/example_xcomargs.py for tasks to queue
[2023-02-19T20:12:43.804+0000] {logging_mixin.py:137} INFO - [2023-02-19T20:12:43.804+0000] {dagbag.py:538} INFO - Filling up the DagBag from /home/airflow/.local/lib/python3.7/site-packages/airflow/example_dags/example_xcomargs.py
[2023-02-19T20:12:43.842+0000] {processor.py:753} INFO - DAG(s) dict_keys(['example_xcom_args', 'example_xcom_args_with_operators']) retrieved from /home/airflow/.local/lib/python3.7/site-packages/airflow/example_dags/example_xcomargs.py
[2023-02-19T20:12:43.886+0000] {logging_mixin.py:137} INFO - [2023-02-19T20:12:43.886+0000] {dag.py:2690} INFO - Sync 2 DAGs
[2023-02-19T20:12:43.923+0000] {logging_mixin.py:137} INFO - [2023-02-19T20:12:43.923+0000] {dag.py:3441} INFO - Setting next_dagrun for example_xcom_args to None, run_after=None
[2023-02-19T20:12:43.930+0000] {logging_mixin.py:137} INFO - [2023-02-19T20:12:43.930+0000] {dag.py:3441} INFO - Setting next_dagrun for example_xcom_args_with_operators to None, run_after=None
[2023-02-19T20:12:43.956+0000] {processor.py:175} INFO - Processing /home/airflow/.local/lib/python3.7/site-packages/airflow/example_dags/example_xcomargs.py took 0.164 seconds
[2023-02-19T20:13:14.345+0000] {processor.py:153} INFO - Started process (PID=408) to work on /home/airflow/.local/lib/python3.7/site-packages/airflow/example_dags/example_xcomargs.py
[2023-02-19T20:13:14.348+0000] {processor.py:743} INFO - Processing file /home/airflow/.local/lib/python3.7/site-packages/airflow/example_dags/example_xcomargs.py for tasks to queue
[2023-02-19T20:13:14.350+0000] {logging_mixin.py:137} INFO - [2023-02-19T20:13:14.350+0000] {dagbag.py:538} INFO - Filling up the DagBag from /home/airflow/.local/lib/python3.7/site-packages/airflow/example_dags/example_xcomargs.py
[2023-02-19T20:13:14.380+0000] {processor.py:753} INFO - DAG(s) dict_keys(['example_xcom_args', 'example_xcom_args_with_operators']) retrieved from /home/airflow/.local/lib/python3.7/site-packages/airflow/example_dags/example_xcomargs.py
[2023-02-19T20:13:14.418+0000] {logging_mixin.py:137} INFO - [2023-02-19T20:13:14.418+0000] {dag.py:2690} INFO - Sync 2 DAGs
[2023-02-19T20:13:14.450+0000] {logging_mixin.py:137} INFO - [2023-02-19T20:13:14.450+0000] {dag.py:3441} INFO - Setting next_dagrun for example_xcom_args to None, run_after=None
[2023-02-19T20:13:14.456+0000] {logging_mixin.py:137} INFO - [2023-02-19T20:13:14.456+0000] {dag.py:3441} INFO - Setting next_dagrun for example_xcom_args_with_operators to None, run_after=None
[2023-02-19T20:13:14.480+0000] {processor.py:175} INFO - Processing /home/airflow/.local/lib/python3.7/site-packages/airflow/example_dags/example_xcomargs.py took 0.140 seconds
[2023-02-19T20:13:44.670+0000] {processor.py:153} INFO - Started process (PID=471) to work on /home/airflow/.local/lib/python3.7/site-packages/airflow/example_dags/example_xcomargs.py
[2023-02-19T20:13:44.673+0000] {processor.py:743} INFO - Processing file /home/airflow/.local/lib/python3.7/site-packages/airflow/example_dags/example_xcomargs.py for tasks to queue
[2023-02-19T20:13:44.675+0000] {logging_mixin.py:137} INFO - [2023-02-19T20:13:44.675+0000] {dagbag.py:538} INFO - Filling up the DagBag from /home/airflow/.local/lib/python3.7/site-packages/airflow/example_dags/example_xcomargs.py
[2023-02-19T20:13:44.719+0000] {processor.py:753} INFO - DAG(s) dict_keys(['example_xcom_args', 'example_xcom_args_with_operators']) retrieved from /home/airflow/.local/lib/python3.7/site-packages/airflow/example_dags/example_xcomargs.py
[2023-02-19T20:13:44.766+0000] {logging_mixin.py:137} INFO - [2023-02-19T20:13:44.766+0000] {dag.py:2690} INFO - Sync 2 DAGs
[2023-02-19T20:13:44.803+0000] {logging_mixin.py:137} INFO - [2023-02-19T20:13:44.803+0000] {dag.py:3441} INFO - Setting next_dagrun for example_xcom_args to None, run_after=None
[2023-02-19T20:13:44.809+0000] {logging_mixin.py:137} INFO - [2023-02-19T20:13:44.809+0000] {dag.py:3441} INFO - Setting next_dagrun for example_xcom_args_with_operators to None, run_after=None
[2023-02-19T20:13:44.851+0000] {processor.py:175} INFO - Processing /home/airflow/.local/lib/python3.7/site-packages/airflow/example_dags/example_xcomargs.py took 0.186 seconds
[2023-02-19T20:14:15.140+0000] {processor.py:153} INFO - Started process (PID=543) to work on /home/airflow/.local/lib/python3.7/site-packages/airflow/example_dags/example_xcomargs.py
[2023-02-19T20:14:15.143+0000] {processor.py:743} INFO - Processing file /home/airflow/.local/lib/python3.7/site-packages/airflow/example_dags/example_xcomargs.py for tasks to queue
[2023-02-19T20:14:15.145+0000] {logging_mixin.py:137} INFO - [2023-02-19T20:14:15.145+0000] {dagbag.py:538} INFO - Filling up the DagBag from /home/airflow/.local/lib/python3.7/site-packages/airflow/example_dags/example_xcomargs.py
[2023-02-19T20:14:15.177+0000] {processor.py:753} INFO - DAG(s) dict_keys(['example_xcom_args', 'example_xcom_args_with_operators']) retrieved from /home/airflow/.local/lib/python3.7/site-packages/airflow/example_dags/example_xcomargs.py
[2023-02-19T20:14:15.216+0000] {logging_mixin.py:137} INFO - [2023-02-19T20:14:15.216+0000] {dag.py:2690} INFO - Sync 2 DAGs
[2023-02-19T20:14:15.248+0000] {logging_mixin.py:137} INFO - [2023-02-19T20:14:15.248+0000] {dag.py:3441} INFO - Setting next_dagrun for example_xcom_args to None, run_after=None
[2023-02-19T20:14:15.254+0000] {logging_mixin.py:137} INFO - [2023-02-19T20:14:15.254+0000] {dag.py:3441} INFO - Setting next_dagrun for example_xcom_args_with_operators to None, run_after=None
[2023-02-19T20:14:15.278+0000] {processor.py:175} INFO - Processing /home/airflow/.local/lib/python3.7/site-packages/airflow/example_dags/example_xcomargs.py took 0.143 seconds
[2023-02-19T20:14:45.861+0000] {processor.py:153} INFO - Started process (PID=609) to work on /home/airflow/.local/lib/python3.7/site-packages/airflow/example_dags/example_xcomargs.py
[2023-02-19T20:14:45.864+0000] {processor.py:743} INFO - Processing file /home/airflow/.local/lib/python3.7/site-packages/airflow/example_dags/example_xcomargs.py for tasks to queue
[2023-02-19T20:14:45.867+0000] {logging_mixin.py:137} INFO - [2023-02-19T20:14:45.867+0000] {dagbag.py:538} INFO - Filling up the DagBag from /home/airflow/.local/lib/python3.7/site-packages/airflow/example_dags/example_xcomargs.py
[2023-02-19T20:14:45.898+0000] {processor.py:753} INFO - DAG(s) dict_keys(['example_xcom_args_with_operators', 'example_xcom_args']) retrieved from /home/airflow/.local/lib/python3.7/site-packages/airflow/example_dags/example_xcomargs.py
[2023-02-19T20:14:45.938+0000] {logging_mixin.py:137} INFO - [2023-02-19T20:14:45.938+0000] {dag.py:2690} INFO - Sync 2 DAGs
[2023-02-19T20:14:45.970+0000] {logging_mixin.py:137} INFO - [2023-02-19T20:14:45.970+0000] {dag.py:3441} INFO - Setting next_dagrun for example_xcom_args to None, run_after=None
[2023-02-19T20:14:45.976+0000] {logging_mixin.py:137} INFO - [2023-02-19T20:14:45.976+0000] {dag.py:3441} INFO - Setting next_dagrun for example_xcom_args_with_operators to None, run_after=None
[2023-02-19T20:14:45.998+0000] {processor.py:175} INFO - Processing /home/airflow/.local/lib/python3.7/site-packages/airflow/example_dags/example_xcomargs.py took 0.142 seconds
[2023-02-19T20:15:16.701+0000] {processor.py:153} INFO - Started process (PID=672) to work on /home/airflow/.local/lib/python3.7/site-packages/airflow/example_dags/example_xcomargs.py
[2023-02-19T20:15:16.705+0000] {processor.py:743} INFO - Processing file /home/airflow/.local/lib/python3.7/site-packages/airflow/example_dags/example_xcomargs.py for tasks to queue
[2023-02-19T20:15:16.707+0000] {logging_mixin.py:137} INFO - [2023-02-19T20:15:16.706+0000] {dagbag.py:538} INFO - Filling up the DagBag from /home/airflow/.local/lib/python3.7/site-packages/airflow/example_dags/example_xcomargs.py
[2023-02-19T20:15:16.737+0000] {processor.py:753} INFO - DAG(s) dict_keys(['example_xcom_args', 'example_xcom_args_with_operators']) retrieved from /home/airflow/.local/lib/python3.7/site-packages/airflow/example_dags/example_xcomargs.py
[2023-02-19T20:15:16.779+0000] {logging_mixin.py:137} INFO - [2023-02-19T20:15:16.779+0000] {dag.py:2690} INFO - Sync 2 DAGs
[2023-02-19T20:15:16.812+0000] {logging_mixin.py:137} INFO - [2023-02-19T20:15:16.812+0000] {dag.py:3441} INFO - Setting next_dagrun for example_xcom_args to None, run_after=None
[2023-02-19T20:15:16.817+0000] {logging_mixin.py:137} INFO - [2023-02-19T20:15:16.817+0000] {dag.py:3441} INFO - Setting next_dagrun for example_xcom_args_with_operators to None, run_after=None
[2023-02-19T20:15:16.839+0000] {processor.py:175} INFO - Processing /home/airflow/.local/lib/python3.7/site-packages/airflow/example_dags/example_xcomargs.py took 0.142 seconds
[2023-02-19T20:15:47.301+0000] {processor.py:153} INFO - Started process (PID=748) to work on /home/airflow/.local/lib/python3.7/site-packages/airflow/example_dags/example_xcomargs.py
[2023-02-19T20:15:47.303+0000] {processor.py:743} INFO - Processing file /home/airflow/.local/lib/python3.7/site-packages/airflow/example_dags/example_xcomargs.py for tasks to queue
[2023-02-19T20:15:47.305+0000] {logging_mixin.py:137} INFO - [2023-02-19T20:15:47.305+0000] {dagbag.py:538} INFO - Filling up the DagBag from /home/airflow/.local/lib/python3.7/site-packages/airflow/example_dags/example_xcomargs.py
[2023-02-19T20:15:47.334+0000] {processor.py:753} INFO - DAG(s) dict_keys(['example_xcom_args', 'example_xcom_args_with_operators']) retrieved from /home/airflow/.local/lib/python3.7/site-packages/airflow/example_dags/example_xcomargs.py
[2023-02-19T20:15:47.372+0000] {logging_mixin.py:137} INFO - [2023-02-19T20:15:47.372+0000] {dag.py:2690} INFO - Sync 2 DAGs
[2023-02-19T20:15:47.405+0000] {logging_mixin.py:137} INFO - [2023-02-19T20:15:47.405+0000] {dag.py:3441} INFO - Setting next_dagrun for example_xcom_args to None, run_after=None
[2023-02-19T20:15:47.411+0000] {logging_mixin.py:137} INFO - [2023-02-19T20:15:47.411+0000] {dag.py:3441} INFO - Setting next_dagrun for example_xcom_args_with_operators to None, run_after=None
[2023-02-19T20:15:47.434+0000] {processor.py:175} INFO - Processing /home/airflow/.local/lib/python3.7/site-packages/airflow/example_dags/example_xcomargs.py took 0.137 seconds
[2023-02-19T20:16:17.983+0000] {processor.py:153} INFO - Started process (PID=812) to work on /home/airflow/.local/lib/python3.7/site-packages/airflow/example_dags/example_xcomargs.py
[2023-02-19T20:16:17.986+0000] {processor.py:743} INFO - Processing file /home/airflow/.local/lib/python3.7/site-packages/airflow/example_dags/example_xcomargs.py for tasks to queue
[2023-02-19T20:16:17.988+0000] {logging_mixin.py:137} INFO - [2023-02-19T20:16:17.988+0000] {dagbag.py:538} INFO - Filling up the DagBag from /home/airflow/.local/lib/python3.7/site-packages/airflow/example_dags/example_xcomargs.py
[2023-02-19T20:16:18.028+0000] {processor.py:753} INFO - DAG(s) dict_keys(['example_xcom_args_with_operators', 'example_xcom_args']) retrieved from /home/airflow/.local/lib/python3.7/site-packages/airflow/example_dags/example_xcomargs.py
[2023-02-19T20:16:18.077+0000] {logging_mixin.py:137} INFO - [2023-02-19T20:16:18.076+0000] {dag.py:2690} INFO - Sync 2 DAGs
[2023-02-19T20:16:18.114+0000] {logging_mixin.py:137} INFO - [2023-02-19T20:16:18.114+0000] {dag.py:3441} INFO - Setting next_dagrun for example_xcom_args to None, run_after=None
[2023-02-19T20:16:18.123+0000] {logging_mixin.py:137} INFO - [2023-02-19T20:16:18.123+0000] {dag.py:3441} INFO - Setting next_dagrun for example_xcom_args_with_operators to None, run_after=None
[2023-02-19T20:16:18.147+0000] {processor.py:175} INFO - Processing /home/airflow/.local/lib/python3.7/site-packages/airflow/example_dags/example_xcomargs.py took 0.168 seconds
[2023-02-19T20:16:48.575+0000] {processor.py:153} INFO - Started process (PID=887) to work on /home/airflow/.local/lib/python3.7/site-packages/airflow/example_dags/example_xcomargs.py
[2023-02-19T20:16:48.577+0000] {processor.py:743} INFO - Processing file /home/airflow/.local/lib/python3.7/site-packages/airflow/example_dags/example_xcomargs.py for tasks to queue
[2023-02-19T20:16:48.579+0000] {logging_mixin.py:137} INFO - [2023-02-19T20:16:48.579+0000] {dagbag.py:538} INFO - Filling up the DagBag from /home/airflow/.local/lib/python3.7/site-packages/airflow/example_dags/example_xcomargs.py
[2023-02-19T20:16:48.614+0000] {processor.py:753} INFO - DAG(s) dict_keys(['example_xcom_args', 'example_xcom_args_with_operators']) retrieved from /home/airflow/.local/lib/python3.7/site-packages/airflow/example_dags/example_xcomargs.py
[2023-02-19T20:16:48.652+0000] {logging_mixin.py:137} INFO - [2023-02-19T20:16:48.652+0000] {dag.py:2690} INFO - Sync 2 DAGs
[2023-02-19T20:16:48.684+0000] {logging_mixin.py:137} INFO - [2023-02-19T20:16:48.684+0000] {dag.py:3441} INFO - Setting next_dagrun for example_xcom_args to None, run_after=None
[2023-02-19T20:16:48.690+0000] {logging_mixin.py:137} INFO - [2023-02-19T20:16:48.690+0000] {dag.py:3441} INFO - Setting next_dagrun for example_xcom_args_with_operators to None, run_after=None
[2023-02-19T20:16:48.713+0000] {processor.py:175} INFO - Processing /home/airflow/.local/lib/python3.7/site-packages/airflow/example_dags/example_xcomargs.py took 0.143 seconds
[2023-02-19T20:17:19.431+0000] {processor.py:153} INFO - Started process (PID=950) to work on /home/airflow/.local/lib/python3.7/site-packages/airflow/example_dags/example_xcomargs.py
[2023-02-19T20:17:19.433+0000] {processor.py:743} INFO - Processing file /home/airflow/.local/lib/python3.7/site-packages/airflow/example_dags/example_xcomargs.py for tasks to queue
[2023-02-19T20:17:19.435+0000] {logging_mixin.py:137} INFO - [2023-02-19T20:17:19.435+0000] {dagbag.py:538} INFO - Filling up the DagBag from /home/airflow/.local/lib/python3.7/site-packages/airflow/example_dags/example_xcomargs.py
[2023-02-19T20:17:19.465+0000] {processor.py:753} INFO - DAG(s) dict_keys(['example_xcom_args_with_operators', 'example_xcom_args']) retrieved from /home/airflow/.local/lib/python3.7/site-packages/airflow/example_dags/example_xcomargs.py
[2023-02-19T20:17:19.502+0000] {logging_mixin.py:137} INFO - [2023-02-19T20:17:19.502+0000] {dag.py:2690} INFO - Sync 2 DAGs
[2023-02-19T20:17:19.537+0000] {logging_mixin.py:137} INFO - [2023-02-19T20:17:19.536+0000] {dag.py:3441} INFO - Setting next_dagrun for example_xcom_args to None, run_after=None
[2023-02-19T20:17:19.542+0000] {logging_mixin.py:137} INFO - [2023-02-19T20:17:19.542+0000] {dag.py:3441} INFO - Setting next_dagrun for example_xcom_args_with_operators to None, run_after=None
[2023-02-19T20:17:19.565+0000] {processor.py:175} INFO - Processing /home/airflow/.local/lib/python3.7/site-packages/airflow/example_dags/example_xcomargs.py took 0.138 seconds
[2023-02-19T20:17:50.176+0000] {processor.py:153} INFO - Started process (PID=1025) to work on /home/airflow/.local/lib/python3.7/site-packages/airflow/example_dags/example_xcomargs.py
[2023-02-19T20:17:50.178+0000] {processor.py:743} INFO - Processing file /home/airflow/.local/lib/python3.7/site-packages/airflow/example_dags/example_xcomargs.py for tasks to queue
[2023-02-19T20:17:50.180+0000] {logging_mixin.py:137} INFO - [2023-02-19T20:17:50.180+0000] {dagbag.py:538} INFO - Filling up the DagBag from /home/airflow/.local/lib/python3.7/site-packages/airflow/example_dags/example_xcomargs.py
[2023-02-19T20:17:50.210+0000] {processor.py:753} INFO - DAG(s) dict_keys(['example_xcom_args', 'example_xcom_args_with_operators']) retrieved from /home/airflow/.local/lib/python3.7/site-packages/airflow/example_dags/example_xcomargs.py
[2023-02-19T20:17:50.248+0000] {logging_mixin.py:137} INFO - [2023-02-19T20:17:50.248+0000] {dag.py:2690} INFO - Sync 2 DAGs
[2023-02-19T20:17:50.282+0000] {logging_mixin.py:137} INFO - [2023-02-19T20:17:50.282+0000] {dag.py:3441} INFO - Setting next_dagrun for example_xcom_args to None, run_after=None
[2023-02-19T20:17:50.289+0000] {logging_mixin.py:137} INFO - [2023-02-19T20:17:50.288+0000] {dag.py:3441} INFO - Setting next_dagrun for example_xcom_args_with_operators to None, run_after=None
[2023-02-19T20:17:50.312+0000] {processor.py:175} INFO - Processing /home/airflow/.local/lib/python3.7/site-packages/airflow/example_dags/example_xcomargs.py took 0.141 seconds
[2023-02-19T20:18:20.682+0000] {processor.py:153} INFO - Started process (PID=1089) to work on /home/airflow/.local/lib/python3.7/site-packages/airflow/example_dags/example_xcomargs.py
[2023-02-19T20:18:20.686+0000] {processor.py:743} INFO - Processing file /home/airflow/.local/lib/python3.7/site-packages/airflow/example_dags/example_xcomargs.py for tasks to queue
[2023-02-19T20:18:20.692+0000] {logging_mixin.py:137} INFO - [2023-02-19T20:18:20.691+0000] {dagbag.py:538} INFO - Filling up the DagBag from /home/airflow/.local/lib/python3.7/site-packages/airflow/example_dags/example_xcomargs.py
[2023-02-19T20:18:20.750+0000] {processor.py:753} INFO - DAG(s) dict_keys(['example_xcom_args', 'example_xcom_args_with_operators']) retrieved from /home/airflow/.local/lib/python3.7/site-packages/airflow/example_dags/example_xcomargs.py
[2023-02-19T20:18:20.792+0000] {logging_mixin.py:137} INFO - [2023-02-19T20:18:20.792+0000] {dag.py:2690} INFO - Sync 2 DAGs
[2023-02-19T20:18:20.824+0000] {logging_mixin.py:137} INFO - [2023-02-19T20:18:20.824+0000] {dag.py:3441} INFO - Setting next_dagrun for example_xcom_args to None, run_after=None
[2023-02-19T20:18:20.830+0000] {logging_mixin.py:137} INFO - [2023-02-19T20:18:20.830+0000] {dag.py:3441} INFO - Setting next_dagrun for example_xcom_args_with_operators to None, run_after=None
[2023-02-19T20:18:20.851+0000] {processor.py:175} INFO - Processing /home/airflow/.local/lib/python3.7/site-packages/airflow/example_dags/example_xcomargs.py took 0.175 seconds
[2023-02-19T20:18:51.421+0000] {processor.py:153} INFO - Started process (PID=1163) to work on /home/airflow/.local/lib/python3.7/site-packages/airflow/example_dags/example_xcomargs.py
[2023-02-19T20:18:51.424+0000] {processor.py:743} INFO - Processing file /home/airflow/.local/lib/python3.7/site-packages/airflow/example_dags/example_xcomargs.py for tasks to queue
[2023-02-19T20:18:51.426+0000] {logging_mixin.py:137} INFO - [2023-02-19T20:18:51.425+0000] {dagbag.py:538} INFO - Filling up the DagBag from /home/airflow/.local/lib/python3.7/site-packages/airflow/example_dags/example_xcomargs.py
[2023-02-19T20:18:51.461+0000] {processor.py:753} INFO - DAG(s) dict_keys(['example_xcom_args', 'example_xcom_args_with_operators']) retrieved from /home/airflow/.local/lib/python3.7/site-packages/airflow/example_dags/example_xcomargs.py
[2023-02-19T20:18:51.500+0000] {logging_mixin.py:137} INFO - [2023-02-19T20:18:51.500+0000] {dag.py:2690} INFO - Sync 2 DAGs
[2023-02-19T20:18:51.534+0000] {logging_mixin.py:137} INFO - [2023-02-19T20:18:51.534+0000] {dag.py:3441} INFO - Setting next_dagrun for example_xcom_args to None, run_after=None
[2023-02-19T20:18:51.540+0000] {logging_mixin.py:137} INFO - [2023-02-19T20:18:51.540+0000] {dag.py:3441} INFO - Setting next_dagrun for example_xcom_args_with_operators to None, run_after=None
[2023-02-19T20:18:51.566+0000] {processor.py:175} INFO - Processing /home/airflow/.local/lib/python3.7/site-packages/airflow/example_dags/example_xcomargs.py took 0.150 seconds
[2023-02-19T20:19:22.113+0000] {processor.py:153} INFO - Started process (PID=1226) to work on /home/airflow/.local/lib/python3.7/site-packages/airflow/example_dags/example_xcomargs.py
[2023-02-19T20:19:22.116+0000] {processor.py:743} INFO - Processing file /home/airflow/.local/lib/python3.7/site-packages/airflow/example_dags/example_xcomargs.py for tasks to queue
[2023-02-19T20:19:22.118+0000] {logging_mixin.py:137} INFO - [2023-02-19T20:19:22.118+0000] {dagbag.py:538} INFO - Filling up the DagBag from /home/airflow/.local/lib/python3.7/site-packages/airflow/example_dags/example_xcomargs.py
[2023-02-19T20:19:22.148+0000] {processor.py:753} INFO - DAG(s) dict_keys(['example_xcom_args', 'example_xcom_args_with_operators']) retrieved from /home/airflow/.local/lib/python3.7/site-packages/airflow/example_dags/example_xcomargs.py
[2023-02-19T20:19:22.187+0000] {logging_mixin.py:137} INFO - [2023-02-19T20:19:22.187+0000] {dag.py:2690} INFO - Sync 2 DAGs
[2023-02-19T20:19:22.220+0000] {logging_mixin.py:137} INFO - [2023-02-19T20:19:22.220+0000] {dag.py:3441} INFO - Setting next_dagrun for example_xcom_args to None, run_after=None
[2023-02-19T20:19:22.226+0000] {logging_mixin.py:137} INFO - [2023-02-19T20:19:22.226+0000] {dag.py:3441} INFO - Setting next_dagrun for example_xcom_args_with_operators to None, run_after=None
[2023-02-19T20:19:22.247+0000] {processor.py:175} INFO - Processing /home/airflow/.local/lib/python3.7/site-packages/airflow/example_dags/example_xcomargs.py took 0.140 seconds
[2023-02-19T20:19:52.648+0000] {processor.py:153} INFO - Started process (PID=1289) to work on /home/airflow/.local/lib/python3.7/site-packages/airflow/example_dags/example_xcomargs.py
[2023-02-19T20:19:52.652+0000] {processor.py:743} INFO - Processing file /home/airflow/.local/lib/python3.7/site-packages/airflow/example_dags/example_xcomargs.py for tasks to queue
[2023-02-19T20:19:52.655+0000] {logging_mixin.py:137} INFO - [2023-02-19T20:19:52.655+0000] {dagbag.py:538} INFO - Filling up the DagBag from /home/airflow/.local/lib/python3.7/site-packages/airflow/example_dags/example_xcomargs.py
[2023-02-19T20:19:52.687+0000] {processor.py:753} INFO - DAG(s) dict_keys(['example_xcom_args_with_operators', 'example_xcom_args']) retrieved from /home/airflow/.local/lib/python3.7/site-packages/airflow/example_dags/example_xcomargs.py
[2023-02-19T20:19:52.730+0000] {logging_mixin.py:137} INFO - [2023-02-19T20:19:52.730+0000] {dag.py:2690} INFO - Sync 2 DAGs
[2023-02-19T20:19:52.771+0000] {logging_mixin.py:137} INFO - [2023-02-19T20:19:52.771+0000] {dag.py:3441} INFO - Setting next_dagrun for example_xcom_args to None, run_after=None
[2023-02-19T20:19:52.776+0000] {logging_mixin.py:137} INFO - [2023-02-19T20:19:52.776+0000] {dag.py:3441} INFO - Setting next_dagrun for example_xcom_args_with_operators to None, run_after=None
[2023-02-19T20:19:52.798+0000] {processor.py:175} INFO - Processing /home/airflow/.local/lib/python3.7/site-packages/airflow/example_dags/example_xcomargs.py took 0.159 seconds
[2023-02-19T20:20:23.322+0000] {processor.py:153} INFO - Started process (PID=1365) to work on /home/airflow/.local/lib/python3.7/site-packages/airflow/example_dags/example_xcomargs.py
[2023-02-19T20:20:23.325+0000] {processor.py:743} INFO - Processing file /home/airflow/.local/lib/python3.7/site-packages/airflow/example_dags/example_xcomargs.py for tasks to queue
[2023-02-19T20:20:23.327+0000] {logging_mixin.py:137} INFO - [2023-02-19T20:20:23.327+0000] {dagbag.py:538} INFO - Filling up the DagBag from /home/airflow/.local/lib/python3.7/site-packages/airflow/example_dags/example_xcomargs.py
[2023-02-19T20:20:23.358+0000] {processor.py:753} INFO - DAG(s) dict_keys(['example_xcom_args', 'example_xcom_args_with_operators']) retrieved from /home/airflow/.local/lib/python3.7/site-packages/airflow/example_dags/example_xcomargs.py
[2023-02-19T20:20:23.396+0000] {logging_mixin.py:137} INFO - [2023-02-19T20:20:23.396+0000] {dag.py:2690} INFO - Sync 2 DAGs
[2023-02-19T20:20:23.429+0000] {logging_mixin.py:137} INFO - [2023-02-19T20:20:23.428+0000] {dag.py:3441} INFO - Setting next_dagrun for example_xcom_args to None, run_after=None
[2023-02-19T20:20:23.435+0000] {logging_mixin.py:137} INFO - [2023-02-19T20:20:23.435+0000] {dag.py:3441} INFO - Setting next_dagrun for example_xcom_args_with_operators to None, run_after=None
[2023-02-19T20:20:23.457+0000] {processor.py:175} INFO - Processing /home/airflow/.local/lib/python3.7/site-packages/airflow/example_dags/example_xcomargs.py took 0.140 seconds
[2023-02-19T20:20:53.941+0000] {processor.py:153} INFO - Started process (PID=1429) to work on /home/airflow/.local/lib/python3.7/site-packages/airflow/example_dags/example_xcomargs.py
[2023-02-19T20:20:53.944+0000] {processor.py:743} INFO - Processing file /home/airflow/.local/lib/python3.7/site-packages/airflow/example_dags/example_xcomargs.py for tasks to queue
[2023-02-19T20:20:53.945+0000] {logging_mixin.py:137} INFO - [2023-02-19T20:20:53.945+0000] {dagbag.py:538} INFO - Filling up the DagBag from /home/airflow/.local/lib/python3.7/site-packages/airflow/example_dags/example_xcomargs.py
[2023-02-19T20:20:53.976+0000] {processor.py:753} INFO - DAG(s) dict_keys(['example_xcom_args_with_operators', 'example_xcom_args']) retrieved from /home/airflow/.local/lib/python3.7/site-packages/airflow/example_dags/example_xcomargs.py
[2023-02-19T20:20:54.017+0000] {logging_mixin.py:137} INFO - [2023-02-19T20:20:54.016+0000] {dag.py:2690} INFO - Sync 2 DAGs
[2023-02-19T20:20:54.052+0000] {logging_mixin.py:137} INFO - [2023-02-19T20:20:54.052+0000] {dag.py:3441} INFO - Setting next_dagrun for example_xcom_args to None, run_after=None
[2023-02-19T20:20:54.060+0000] {logging_mixin.py:137} INFO - [2023-02-19T20:20:54.060+0000] {dag.py:3441} INFO - Setting next_dagrun for example_xcom_args_with_operators to None, run_after=None
[2023-02-19T20:20:54.090+0000] {processor.py:175} INFO - Processing /home/airflow/.local/lib/python3.7/site-packages/airflow/example_dags/example_xcomargs.py took 0.155 seconds
[2023-02-19T20:21:24.718+0000] {processor.py:153} INFO - Started process (PID=1503) to work on /home/airflow/.local/lib/python3.7/site-packages/airflow/example_dags/example_xcomargs.py
[2023-02-19T20:21:24.721+0000] {processor.py:743} INFO - Processing file /home/airflow/.local/lib/python3.7/site-packages/airflow/example_dags/example_xcomargs.py for tasks to queue
[2023-02-19T20:21:24.723+0000] {logging_mixin.py:137} INFO - [2023-02-19T20:21:24.723+0000] {dagbag.py:538} INFO - Filling up the DagBag from /home/airflow/.local/lib/python3.7/site-packages/airflow/example_dags/example_xcomargs.py
[2023-02-19T20:21:24.756+0000] {processor.py:753} INFO - DAG(s) dict_keys(['example_xcom_args_with_operators', 'example_xcom_args']) retrieved from /home/airflow/.local/lib/python3.7/site-packages/airflow/example_dags/example_xcomargs.py
[2023-02-19T20:21:24.798+0000] {logging_mixin.py:137} INFO - [2023-02-19T20:21:24.798+0000] {dag.py:2690} INFO - Sync 2 DAGs
[2023-02-19T20:21:24.853+0000] {logging_mixin.py:137} INFO - [2023-02-19T20:21:24.853+0000] {dag.py:3441} INFO - Setting next_dagrun for example_xcom_args to None, run_after=None
[2023-02-19T20:21:24.864+0000] {logging_mixin.py:137} INFO - [2023-02-19T20:21:24.864+0000] {dag.py:3441} INFO - Setting next_dagrun for example_xcom_args_with_operators to None, run_after=None
[2023-02-19T20:21:24.892+0000] {processor.py:175} INFO - Processing /home/airflow/.local/lib/python3.7/site-packages/airflow/example_dags/example_xcomargs.py took 0.180 seconds
[2023-02-19T20:51:47.235+0000] {processor.py:153} INFO - Started process (PID=1564) to work on /home/airflow/.local/lib/python3.7/site-packages/airflow/example_dags/example_xcomargs.py
[2023-02-19T20:51:47.241+0000] {processor.py:743} INFO - Processing file /home/airflow/.local/lib/python3.7/site-packages/airflow/example_dags/example_xcomargs.py for tasks to queue
[2023-02-19T20:51:47.244+0000] {logging_mixin.py:137} INFO - [2023-02-19T20:51:47.244+0000] {dagbag.py:538} INFO - Filling up the DagBag from /home/airflow/.local/lib/python3.7/site-packages/airflow/example_dags/example_xcomargs.py
[2023-02-19T20:51:47.277+0000] {processor.py:753} INFO - DAG(s) dict_keys(['example_xcom_args_with_operators', 'example_xcom_args']) retrieved from /home/airflow/.local/lib/python3.7/site-packages/airflow/example_dags/example_xcomargs.py
[2023-02-19T20:51:47.317+0000] {logging_mixin.py:137} INFO - [2023-02-19T20:51:47.317+0000] {dag.py:2690} INFO - Sync 2 DAGs
[2023-02-19T20:51:47.351+0000] {logging_mixin.py:137} INFO - [2023-02-19T20:51:47.351+0000] {dag.py:3441} INFO - Setting next_dagrun for example_xcom_args to None, run_after=None
[2023-02-19T20:51:47.358+0000] {logging_mixin.py:137} INFO - [2023-02-19T20:51:47.357+0000] {dag.py:3441} INFO - Setting next_dagrun for example_xcom_args_with_operators to None, run_after=None
[2023-02-19T20:51:47.382+0000] {processor.py:175} INFO - Processing /home/airflow/.local/lib/python3.7/site-packages/airflow/example_dags/example_xcomargs.py took 0.156 seconds
[2023-02-19T21:09:25.047+0000] {processor.py:153} INFO - Started process (PID=1640) to work on /home/airflow/.local/lib/python3.7/site-packages/airflow/example_dags/example_xcomargs.py
[2023-02-19T21:09:25.050+0000] {processor.py:743} INFO - Processing file /home/airflow/.local/lib/python3.7/site-packages/airflow/example_dags/example_xcomargs.py for tasks to queue
[2023-02-19T21:09:25.053+0000] {logging_mixin.py:137} INFO - [2023-02-19T21:09:25.052+0000] {dagbag.py:538} INFO - Filling up the DagBag from /home/airflow/.local/lib/python3.7/site-packages/airflow/example_dags/example_xcomargs.py
[2023-02-19T21:09:25.103+0000] {processor.py:753} INFO - DAG(s) dict_keys(['example_xcom_args', 'example_xcom_args_with_operators']) retrieved from /home/airflow/.local/lib/python3.7/site-packages/airflow/example_dags/example_xcomargs.py
[2023-02-19T21:09:25.178+0000] {logging_mixin.py:137} INFO - [2023-02-19T21:09:25.177+0000] {dag.py:2690} INFO - Sync 2 DAGs
[2023-02-19T21:09:25.229+0000] {logging_mixin.py:137} INFO - [2023-02-19T21:09:25.229+0000] {dag.py:3441} INFO - Setting next_dagrun for example_xcom_args to None, run_after=None
[2023-02-19T21:09:25.239+0000] {logging_mixin.py:137} INFO - [2023-02-19T21:09:25.239+0000] {dag.py:3441} INFO - Setting next_dagrun for example_xcom_args_with_operators to None, run_after=None
[2023-02-19T21:09:25.283+0000] {processor.py:175} INFO - Processing /home/airflow/.local/lib/python3.7/site-packages/airflow/example_dags/example_xcomargs.py took 0.244 seconds
[2023-02-19T22:01:47.923+0000] {processor.py:153} INFO - Started process (PID=1714) to work on /home/airflow/.local/lib/python3.7/site-packages/airflow/example_dags/example_xcomargs.py
[2023-02-19T22:01:47.926+0000] {processor.py:743} INFO - Processing file /home/airflow/.local/lib/python3.7/site-packages/airflow/example_dags/example_xcomargs.py for tasks to queue
[2023-02-19T22:01:47.928+0000] {logging_mixin.py:137} INFO - [2023-02-19T22:01:47.928+0000] {dagbag.py:538} INFO - Filling up the DagBag from /home/airflow/.local/lib/python3.7/site-packages/airflow/example_dags/example_xcomargs.py
[2023-02-19T22:01:47.965+0000] {processor.py:753} INFO - DAG(s) dict_keys(['example_xcom_args_with_operators', 'example_xcom_args']) retrieved from /home/airflow/.local/lib/python3.7/site-packages/airflow/example_dags/example_xcomargs.py
[2023-02-19T22:01:48.007+0000] {logging_mixin.py:137} INFO - [2023-02-19T22:01:48.007+0000] {dag.py:2690} INFO - Sync 2 DAGs
[2023-02-19T22:01:48.040+0000] {logging_mixin.py:137} INFO - [2023-02-19T22:01:48.040+0000] {dag.py:3441} INFO - Setting next_dagrun for example_xcom_args to None, run_after=None
[2023-02-19T22:01:48.046+0000] {logging_mixin.py:137} INFO - [2023-02-19T22:01:48.046+0000] {dag.py:3441} INFO - Setting next_dagrun for example_xcom_args_with_operators to None, run_after=None
[2023-02-19T22:01:48.075+0000] {processor.py:175} INFO - Processing /home/airflow/.local/lib/python3.7/site-packages/airflow/example_dags/example_xcomargs.py took 0.158 seconds
[2023-02-19T22:02:18.855+0000] {processor.py:153} INFO - Started process (PID=1776) to work on /home/airflow/.local/lib/python3.7/site-packages/airflow/example_dags/example_xcomargs.py
[2023-02-19T22:02:18.857+0000] {processor.py:743} INFO - Processing file /home/airflow/.local/lib/python3.7/site-packages/airflow/example_dags/example_xcomargs.py for tasks to queue
[2023-02-19T22:02:18.859+0000] {logging_mixin.py:137} INFO - [2023-02-19T22:02:18.859+0000] {dagbag.py:538} INFO - Filling up the DagBag from /home/airflow/.local/lib/python3.7/site-packages/airflow/example_dags/example_xcomargs.py
[2023-02-19T22:02:18.892+0000] {processor.py:753} INFO - DAG(s) dict_keys(['example_xcom_args', 'example_xcom_args_with_operators']) retrieved from /home/airflow/.local/lib/python3.7/site-packages/airflow/example_dags/example_xcomargs.py
[2023-02-19T22:02:18.931+0000] {logging_mixin.py:137} INFO - [2023-02-19T22:02:18.930+0000] {dag.py:2690} INFO - Sync 2 DAGs
[2023-02-19T22:02:18.960+0000] {logging_mixin.py:137} INFO - [2023-02-19T22:02:18.959+0000] {dag.py:3441} INFO - Setting next_dagrun for example_xcom_args to None, run_after=None
[2023-02-19T22:02:18.965+0000] {logging_mixin.py:137} INFO - [2023-02-19T22:02:18.965+0000] {dag.py:3441} INFO - Setting next_dagrun for example_xcom_args_with_operators to None, run_after=None
[2023-02-19T22:02:18.989+0000] {processor.py:175} INFO - Processing /home/airflow/.local/lib/python3.7/site-packages/airflow/example_dags/example_xcomargs.py took 0.139 seconds
