[2023-02-19T20:10:38.182+0000] {processor.py:153} INFO - Started process (PID=58) to work on /home/airflow/.local/lib/python3.7/site-packages/airflow/example_dags/example_branch_operator_decorator.py
[2023-02-19T20:10:38.186+0000] {processor.py:743} INFO - Processing file /home/airflow/.local/lib/python3.7/site-packages/airflow/example_dags/example_branch_operator_decorator.py for tasks to queue
[2023-02-19T20:10:38.199+0000] {logging_mixin.py:137} INFO - [2023-02-19T20:10:38.197+0000] {dagbag.py:538} INFO - Filling up the DagBag from /home/airflow/.local/lib/python3.7/site-packages/airflow/example_dags/example_branch_operator_decorator.py
[2023-02-19T20:10:38.317+0000] {processor.py:753} INFO - DAG(s) dict_keys(['example_branch_python_operator_decorator']) retrieved from /home/airflow/.local/lib/python3.7/site-packages/airflow/example_dags/example_branch_operator_decorator.py
[2023-02-19T20:10:38.391+0000] {logging_mixin.py:137} INFO - [2023-02-19T20:10:38.391+0000] {dag.py:2690} INFO - Sync 1 DAGs
[2023-02-19T20:10:38.444+0000] {logging_mixin.py:137} INFO - [2023-02-19T20:10:38.444+0000] {dag.py:3441} INFO - Setting next_dagrun for example_branch_python_operator_decorator to 2023-02-18T00:00:00+00:00, run_after=2023-02-19T00:00:00+00:00
[2023-02-19T20:10:38.497+0000] {processor.py:175} INFO - Processing /home/airflow/.local/lib/python3.7/site-packages/airflow/example_dags/example_branch_operator_decorator.py took 0.321 seconds
[2023-02-19T20:11:09.268+0000] {processor.py:153} INFO - Started process (PID=121) to work on /home/airflow/.local/lib/python3.7/site-packages/airflow/example_dags/example_branch_operator_decorator.py
[2023-02-19T20:11:09.271+0000] {processor.py:743} INFO - Processing file /home/airflow/.local/lib/python3.7/site-packages/airflow/example_dags/example_branch_operator_decorator.py for tasks to queue
[2023-02-19T20:11:09.273+0000] {logging_mixin.py:137} INFO - [2023-02-19T20:11:09.272+0000] {dagbag.py:538} INFO - Filling up the DagBag from /home/airflow/.local/lib/python3.7/site-packages/airflow/example_dags/example_branch_operator_decorator.py
[2023-02-19T20:11:09.307+0000] {processor.py:753} INFO - DAG(s) dict_keys(['example_branch_python_operator_decorator']) retrieved from /home/airflow/.local/lib/python3.7/site-packages/airflow/example_dags/example_branch_operator_decorator.py
[2023-02-19T20:11:09.327+0000] {logging_mixin.py:137} INFO - [2023-02-19T20:11:09.327+0000] {dag.py:2690} INFO - Sync 1 DAGs
[2023-02-19T20:11:09.365+0000] {logging_mixin.py:137} INFO - [2023-02-19T20:11:09.365+0000] {dag.py:3441} INFO - Setting next_dagrun for example_branch_python_operator_decorator to 2023-02-18T00:00:00+00:00, run_after=2023-02-19T00:00:00+00:00
[2023-02-19T20:11:09.413+0000] {processor.py:175} INFO - Processing /home/airflow/.local/lib/python3.7/site-packages/airflow/example_dags/example_branch_operator_decorator.py took 0.150 seconds
[2023-02-19T20:11:39.501+0000] {processor.py:153} INFO - Started process (PID=184) to work on /home/airflow/.local/lib/python3.7/site-packages/airflow/example_dags/example_branch_operator_decorator.py
[2023-02-19T20:11:39.504+0000] {processor.py:743} INFO - Processing file /home/airflow/.local/lib/python3.7/site-packages/airflow/example_dags/example_branch_operator_decorator.py for tasks to queue
[2023-02-19T20:11:39.506+0000] {logging_mixin.py:137} INFO - [2023-02-19T20:11:39.506+0000] {dagbag.py:538} INFO - Filling up the DagBag from /home/airflow/.local/lib/python3.7/site-packages/airflow/example_dags/example_branch_operator_decorator.py
[2023-02-19T20:11:39.538+0000] {processor.py:753} INFO - DAG(s) dict_keys(['example_branch_python_operator_decorator']) retrieved from /home/airflow/.local/lib/python3.7/site-packages/airflow/example_dags/example_branch_operator_decorator.py
[2023-02-19T20:11:39.587+0000] {logging_mixin.py:137} INFO - [2023-02-19T20:11:39.586+0000] {dag.py:2690} INFO - Sync 1 DAGs
[2023-02-19T20:11:39.661+0000] {logging_mixin.py:137} INFO - [2023-02-19T20:11:39.661+0000] {dag.py:3441} INFO - Setting next_dagrun for example_branch_python_operator_decorator to 2023-02-18T00:00:00+00:00, run_after=2023-02-19T00:00:00+00:00
[2023-02-19T20:11:39.692+0000] {processor.py:175} INFO - Processing /home/airflow/.local/lib/python3.7/site-packages/airflow/example_dags/example_branch_operator_decorator.py took 0.196 seconds
[2023-02-19T20:12:10.452+0000] {processor.py:153} INFO - Started process (PID=260) to work on /home/airflow/.local/lib/python3.7/site-packages/airflow/example_dags/example_branch_operator_decorator.py
[2023-02-19T20:12:10.454+0000] {processor.py:743} INFO - Processing file /home/airflow/.local/lib/python3.7/site-packages/airflow/example_dags/example_branch_operator_decorator.py for tasks to queue
[2023-02-19T20:12:10.456+0000] {logging_mixin.py:137} INFO - [2023-02-19T20:12:10.456+0000] {dagbag.py:538} INFO - Filling up the DagBag from /home/airflow/.local/lib/python3.7/site-packages/airflow/example_dags/example_branch_operator_decorator.py
[2023-02-19T20:12:10.489+0000] {processor.py:753} INFO - DAG(s) dict_keys(['example_branch_python_operator_decorator']) retrieved from /home/airflow/.local/lib/python3.7/site-packages/airflow/example_dags/example_branch_operator_decorator.py
[2023-02-19T20:12:10.525+0000] {logging_mixin.py:137} INFO - [2023-02-19T20:12:10.524+0000] {dag.py:2690} INFO - Sync 1 DAGs
[2023-02-19T20:12:10.559+0000] {logging_mixin.py:137} INFO - [2023-02-19T20:12:10.558+0000] {dag.py:3441} INFO - Setting next_dagrun for example_branch_python_operator_decorator to 2023-02-18T00:00:00+00:00, run_after=2023-02-19T00:00:00+00:00
[2023-02-19T20:12:10.589+0000] {processor.py:175} INFO - Processing /home/airflow/.local/lib/python3.7/site-packages/airflow/example_dags/example_branch_operator_decorator.py took 0.142 seconds
[2023-02-19T20:12:40.620+0000] {processor.py:153} INFO - Started process (PID=323) to work on /home/airflow/.local/lib/python3.7/site-packages/airflow/example_dags/example_branch_operator_decorator.py
[2023-02-19T20:12:40.623+0000] {processor.py:743} INFO - Processing file /home/airflow/.local/lib/python3.7/site-packages/airflow/example_dags/example_branch_operator_decorator.py for tasks to queue
[2023-02-19T20:12:40.624+0000] {logging_mixin.py:137} INFO - [2023-02-19T20:12:40.624+0000] {dagbag.py:538} INFO - Filling up the DagBag from /home/airflow/.local/lib/python3.7/site-packages/airflow/example_dags/example_branch_operator_decorator.py
[2023-02-19T20:12:40.656+0000] {processor.py:753} INFO - DAG(s) dict_keys(['example_branch_python_operator_decorator']) retrieved from /home/airflow/.local/lib/python3.7/site-packages/airflow/example_dags/example_branch_operator_decorator.py
[2023-02-19T20:12:40.690+0000] {logging_mixin.py:137} INFO - [2023-02-19T20:12:40.690+0000] {dag.py:2690} INFO - Sync 1 DAGs
[2023-02-19T20:12:40.725+0000] {logging_mixin.py:137} INFO - [2023-02-19T20:12:40.725+0000] {dag.py:3441} INFO - Setting next_dagrun for example_branch_python_operator_decorator to 2023-02-18T00:00:00+00:00, run_after=2023-02-19T00:00:00+00:00
[2023-02-19T20:12:40.752+0000] {processor.py:175} INFO - Processing /home/airflow/.local/lib/python3.7/site-packages/airflow/example_dags/example_branch_operator_decorator.py took 0.137 seconds
[2023-02-19T20:13:11.330+0000] {processor.py:153} INFO - Started process (PID=398) to work on /home/airflow/.local/lib/python3.7/site-packages/airflow/example_dags/example_branch_operator_decorator.py
[2023-02-19T20:13:11.333+0000] {processor.py:743} INFO - Processing file /home/airflow/.local/lib/python3.7/site-packages/airflow/example_dags/example_branch_operator_decorator.py for tasks to queue
[2023-02-19T20:13:11.335+0000] {logging_mixin.py:137} INFO - [2023-02-19T20:13:11.335+0000] {dagbag.py:538} INFO - Filling up the DagBag from /home/airflow/.local/lib/python3.7/site-packages/airflow/example_dags/example_branch_operator_decorator.py
[2023-02-19T20:13:11.374+0000] {processor.py:753} INFO - DAG(s) dict_keys(['example_branch_python_operator_decorator']) retrieved from /home/airflow/.local/lib/python3.7/site-packages/airflow/example_dags/example_branch_operator_decorator.py
[2023-02-19T20:13:11.409+0000] {logging_mixin.py:137} INFO - [2023-02-19T20:13:11.409+0000] {dag.py:2690} INFO - Sync 1 DAGs
[2023-02-19T20:13:11.444+0000] {logging_mixin.py:137} INFO - [2023-02-19T20:13:11.444+0000] {dag.py:3441} INFO - Setting next_dagrun for example_branch_python_operator_decorator to 2023-02-18T00:00:00+00:00, run_after=2023-02-19T00:00:00+00:00
[2023-02-19T20:13:11.470+0000] {processor.py:175} INFO - Processing /home/airflow/.local/lib/python3.7/site-packages/airflow/example_dags/example_branch_operator_decorator.py took 0.146 seconds
[2023-02-19T20:13:42.497+0000] {processor.py:153} INFO - Started process (PID=461) to work on /home/airflow/.local/lib/python3.7/site-packages/airflow/example_dags/example_branch_operator_decorator.py
[2023-02-19T20:13:42.500+0000] {processor.py:743} INFO - Processing file /home/airflow/.local/lib/python3.7/site-packages/airflow/example_dags/example_branch_operator_decorator.py for tasks to queue
[2023-02-19T20:13:42.502+0000] {logging_mixin.py:137} INFO - [2023-02-19T20:13:42.502+0000] {dagbag.py:538} INFO - Filling up the DagBag from /home/airflow/.local/lib/python3.7/site-packages/airflow/example_dags/example_branch_operator_decorator.py
[2023-02-19T20:13:42.539+0000] {processor.py:753} INFO - DAG(s) dict_keys(['example_branch_python_operator_decorator']) retrieved from /home/airflow/.local/lib/python3.7/site-packages/airflow/example_dags/example_branch_operator_decorator.py
[2023-02-19T20:13:42.579+0000] {logging_mixin.py:137} INFO - [2023-02-19T20:13:42.579+0000] {dag.py:2690} INFO - Sync 1 DAGs
[2023-02-19T20:13:42.627+0000] {logging_mixin.py:137} INFO - [2023-02-19T20:13:42.627+0000] {dag.py:3441} INFO - Setting next_dagrun for example_branch_python_operator_decorator to 2023-02-18T00:00:00+00:00, run_after=2023-02-19T00:00:00+00:00
[2023-02-19T20:13:42.659+0000] {processor.py:175} INFO - Processing /home/airflow/.local/lib/python3.7/site-packages/airflow/example_dags/example_branch_operator_decorator.py took 0.168 seconds
[2023-02-19T20:14:13.213+0000] {processor.py:153} INFO - Started process (PID=524) to work on /home/airflow/.local/lib/python3.7/site-packages/airflow/example_dags/example_branch_operator_decorator.py
[2023-02-19T20:14:13.216+0000] {processor.py:743} INFO - Processing file /home/airflow/.local/lib/python3.7/site-packages/airflow/example_dags/example_branch_operator_decorator.py for tasks to queue
[2023-02-19T20:14:13.218+0000] {logging_mixin.py:137} INFO - [2023-02-19T20:14:13.217+0000] {dagbag.py:538} INFO - Filling up the DagBag from /home/airflow/.local/lib/python3.7/site-packages/airflow/example_dags/example_branch_operator_decorator.py
[2023-02-19T20:14:13.250+0000] {processor.py:753} INFO - DAG(s) dict_keys(['example_branch_python_operator_decorator']) retrieved from /home/airflow/.local/lib/python3.7/site-packages/airflow/example_dags/example_branch_operator_decorator.py
[2023-02-19T20:14:13.286+0000] {logging_mixin.py:137} INFO - [2023-02-19T20:14:13.285+0000] {dag.py:2690} INFO - Sync 1 DAGs
[2023-02-19T20:14:13.320+0000] {logging_mixin.py:137} INFO - [2023-02-19T20:14:13.320+0000] {dag.py:3441} INFO - Setting next_dagrun for example_branch_python_operator_decorator to 2023-02-18T00:00:00+00:00, run_after=2023-02-19T00:00:00+00:00
[2023-02-19T20:14:13.352+0000] {processor.py:175} INFO - Processing /home/airflow/.local/lib/python3.7/site-packages/airflow/example_dags/example_branch_operator_decorator.py took 0.143 seconds
[2023-02-19T20:14:44.034+0000] {processor.py:153} INFO - Started process (PID=599) to work on /home/airflow/.local/lib/python3.7/site-packages/airflow/example_dags/example_branch_operator_decorator.py
[2023-02-19T20:14:44.036+0000] {processor.py:743} INFO - Processing file /home/airflow/.local/lib/python3.7/site-packages/airflow/example_dags/example_branch_operator_decorator.py for tasks to queue
[2023-02-19T20:14:44.038+0000] {logging_mixin.py:137} INFO - [2023-02-19T20:14:44.038+0000] {dagbag.py:538} INFO - Filling up the DagBag from /home/airflow/.local/lib/python3.7/site-packages/airflow/example_dags/example_branch_operator_decorator.py
[2023-02-19T20:14:44.071+0000] {processor.py:753} INFO - DAG(s) dict_keys(['example_branch_python_operator_decorator']) retrieved from /home/airflow/.local/lib/python3.7/site-packages/airflow/example_dags/example_branch_operator_decorator.py
[2023-02-19T20:14:44.108+0000] {logging_mixin.py:137} INFO - [2023-02-19T20:14:44.108+0000] {dag.py:2690} INFO - Sync 1 DAGs
[2023-02-19T20:14:44.140+0000] {logging_mixin.py:137} INFO - [2023-02-19T20:14:44.140+0000] {dag.py:3441} INFO - Setting next_dagrun for example_branch_python_operator_decorator to 2023-02-18T00:00:00+00:00, run_after=2023-02-19T00:00:00+00:00
[2023-02-19T20:14:44.168+0000] {processor.py:175} INFO - Processing /home/airflow/.local/lib/python3.7/site-packages/airflow/example_dags/example_branch_operator_decorator.py took 0.140 seconds
[2023-02-19T20:15:14.815+0000] {processor.py:153} INFO - Started process (PID=662) to work on /home/airflow/.local/lib/python3.7/site-packages/airflow/example_dags/example_branch_operator_decorator.py
[2023-02-19T20:15:14.818+0000] {processor.py:743} INFO - Processing file /home/airflow/.local/lib/python3.7/site-packages/airflow/example_dags/example_branch_operator_decorator.py for tasks to queue
[2023-02-19T20:15:14.821+0000] {logging_mixin.py:137} INFO - [2023-02-19T20:15:14.820+0000] {dagbag.py:538} INFO - Filling up the DagBag from /home/airflow/.local/lib/python3.7/site-packages/airflow/example_dags/example_branch_operator_decorator.py
[2023-02-19T20:15:14.854+0000] {processor.py:753} INFO - DAG(s) dict_keys(['example_branch_python_operator_decorator']) retrieved from /home/airflow/.local/lib/python3.7/site-packages/airflow/example_dags/example_branch_operator_decorator.py
[2023-02-19T20:15:14.891+0000] {logging_mixin.py:137} INFO - [2023-02-19T20:15:14.891+0000] {dag.py:2690} INFO - Sync 1 DAGs
[2023-02-19T20:15:14.924+0000] {logging_mixin.py:137} INFO - [2023-02-19T20:15:14.924+0000] {dag.py:3441} INFO - Setting next_dagrun for example_branch_python_operator_decorator to 2023-02-18T00:00:00+00:00, run_after=2023-02-19T00:00:00+00:00
[2023-02-19T20:15:14.956+0000] {processor.py:175} INFO - Processing /home/airflow/.local/lib/python3.7/site-packages/airflow/example_dags/example_branch_operator_decorator.py took 0.149 seconds
[2023-02-19T20:15:45.479+0000] {processor.py:153} INFO - Started process (PID=738) to work on /home/airflow/.local/lib/python3.7/site-packages/airflow/example_dags/example_branch_operator_decorator.py
[2023-02-19T20:15:45.481+0000] {processor.py:743} INFO - Processing file /home/airflow/.local/lib/python3.7/site-packages/airflow/example_dags/example_branch_operator_decorator.py for tasks to queue
[2023-02-19T20:15:45.483+0000] {logging_mixin.py:137} INFO - [2023-02-19T20:15:45.482+0000] {dagbag.py:538} INFO - Filling up the DagBag from /home/airflow/.local/lib/python3.7/site-packages/airflow/example_dags/example_branch_operator_decorator.py
[2023-02-19T20:15:45.514+0000] {processor.py:753} INFO - DAG(s) dict_keys(['example_branch_python_operator_decorator']) retrieved from /home/airflow/.local/lib/python3.7/site-packages/airflow/example_dags/example_branch_operator_decorator.py
[2023-02-19T20:15:45.548+0000] {logging_mixin.py:137} INFO - [2023-02-19T20:15:45.548+0000] {dag.py:2690} INFO - Sync 1 DAGs
[2023-02-19T20:15:45.582+0000] {logging_mixin.py:137} INFO - [2023-02-19T20:15:45.582+0000] {dag.py:3441} INFO - Setting next_dagrun for example_branch_python_operator_decorator to 2023-02-18T00:00:00+00:00, run_after=2023-02-19T00:00:00+00:00
[2023-02-19T20:15:45.607+0000] {processor.py:175} INFO - Processing /home/airflow/.local/lib/python3.7/site-packages/airflow/example_dags/example_branch_operator_decorator.py took 0.133 seconds
[2023-02-19T20:16:16.110+0000] {processor.py:153} INFO - Started process (PID=802) to work on /home/airflow/.local/lib/python3.7/site-packages/airflow/example_dags/example_branch_operator_decorator.py
[2023-02-19T20:16:16.112+0000] {processor.py:743} INFO - Processing file /home/airflow/.local/lib/python3.7/site-packages/airflow/example_dags/example_branch_operator_decorator.py for tasks to queue
[2023-02-19T20:16:16.115+0000] {logging_mixin.py:137} INFO - [2023-02-19T20:16:16.115+0000] {dagbag.py:538} INFO - Filling up the DagBag from /home/airflow/.local/lib/python3.7/site-packages/airflow/example_dags/example_branch_operator_decorator.py
[2023-02-19T20:16:16.147+0000] {processor.py:753} INFO - DAG(s) dict_keys(['example_branch_python_operator_decorator']) retrieved from /home/airflow/.local/lib/python3.7/site-packages/airflow/example_dags/example_branch_operator_decorator.py
[2023-02-19T20:16:16.182+0000] {logging_mixin.py:137} INFO - [2023-02-19T20:16:16.182+0000] {dag.py:2690} INFO - Sync 1 DAGs
[2023-02-19T20:16:16.214+0000] {logging_mixin.py:137} INFO - [2023-02-19T20:16:16.214+0000] {dag.py:3441} INFO - Setting next_dagrun for example_branch_python_operator_decorator to 2023-02-18T00:00:00+00:00, run_after=2023-02-19T00:00:00+00:00
[2023-02-19T20:16:16.238+0000] {processor.py:175} INFO - Processing /home/airflow/.local/lib/python3.7/site-packages/airflow/example_dags/example_branch_operator_decorator.py took 0.134 seconds
[2023-02-19T20:16:46.526+0000] {processor.py:153} INFO - Started process (PID=877) to work on /home/airflow/.local/lib/python3.7/site-packages/airflow/example_dags/example_branch_operator_decorator.py
[2023-02-19T20:16:46.529+0000] {processor.py:743} INFO - Processing file /home/airflow/.local/lib/python3.7/site-packages/airflow/example_dags/example_branch_operator_decorator.py for tasks to queue
[2023-02-19T20:16:46.531+0000] {logging_mixin.py:137} INFO - [2023-02-19T20:16:46.531+0000] {dagbag.py:538} INFO - Filling up the DagBag from /home/airflow/.local/lib/python3.7/site-packages/airflow/example_dags/example_branch_operator_decorator.py
[2023-02-19T20:16:46.569+0000] {processor.py:753} INFO - DAG(s) dict_keys(['example_branch_python_operator_decorator']) retrieved from /home/airflow/.local/lib/python3.7/site-packages/airflow/example_dags/example_branch_operator_decorator.py
[2023-02-19T20:16:46.606+0000] {logging_mixin.py:137} INFO - [2023-02-19T20:16:46.606+0000] {dag.py:2690} INFO - Sync 1 DAGs
[2023-02-19T20:16:46.641+0000] {logging_mixin.py:137} INFO - [2023-02-19T20:16:46.640+0000] {dag.py:3441} INFO - Setting next_dagrun for example_branch_python_operator_decorator to 2023-02-18T00:00:00+00:00, run_after=2023-02-19T00:00:00+00:00
[2023-02-19T20:16:46.671+0000] {processor.py:175} INFO - Processing /home/airflow/.local/lib/python3.7/site-packages/airflow/example_dags/example_branch_operator_decorator.py took 0.150 seconds
[2023-02-19T20:17:17.413+0000] {processor.py:153} INFO - Started process (PID=940) to work on /home/airflow/.local/lib/python3.7/site-packages/airflow/example_dags/example_branch_operator_decorator.py
[2023-02-19T20:17:17.415+0000] {processor.py:743} INFO - Processing file /home/airflow/.local/lib/python3.7/site-packages/airflow/example_dags/example_branch_operator_decorator.py for tasks to queue
[2023-02-19T20:17:17.416+0000] {logging_mixin.py:137} INFO - [2023-02-19T20:17:17.416+0000] {dagbag.py:538} INFO - Filling up the DagBag from /home/airflow/.local/lib/python3.7/site-packages/airflow/example_dags/example_branch_operator_decorator.py
[2023-02-19T20:17:17.448+0000] {processor.py:753} INFO - DAG(s) dict_keys(['example_branch_python_operator_decorator']) retrieved from /home/airflow/.local/lib/python3.7/site-packages/airflow/example_dags/example_branch_operator_decorator.py
[2023-02-19T20:17:17.481+0000] {logging_mixin.py:137} INFO - [2023-02-19T20:17:17.481+0000] {dag.py:2690} INFO - Sync 1 DAGs
[2023-02-19T20:17:17.513+0000] {logging_mixin.py:137} INFO - [2023-02-19T20:17:17.513+0000] {dag.py:3441} INFO - Setting next_dagrun for example_branch_python_operator_decorator to 2023-02-18T00:00:00+00:00, run_after=2023-02-19T00:00:00+00:00
[2023-02-19T20:17:17.544+0000] {processor.py:175} INFO - Processing /home/airflow/.local/lib/python3.7/site-packages/airflow/example_dags/example_branch_operator_decorator.py took 0.136 seconds
[2023-02-19T20:17:48.070+0000] {processor.py:153} INFO - Started process (PID=1012) to work on /home/airflow/.local/lib/python3.7/site-packages/airflow/example_dags/example_branch_operator_decorator.py
[2023-02-19T20:17:48.073+0000] {processor.py:743} INFO - Processing file /home/airflow/.local/lib/python3.7/site-packages/airflow/example_dags/example_branch_operator_decorator.py for tasks to queue
[2023-02-19T20:17:48.076+0000] {logging_mixin.py:137} INFO - [2023-02-19T20:17:48.075+0000] {dagbag.py:538} INFO - Filling up the DagBag from /home/airflow/.local/lib/python3.7/site-packages/airflow/example_dags/example_branch_operator_decorator.py
[2023-02-19T20:17:48.113+0000] {processor.py:753} INFO - DAG(s) dict_keys(['example_branch_python_operator_decorator']) retrieved from /home/airflow/.local/lib/python3.7/site-packages/airflow/example_dags/example_branch_operator_decorator.py
[2023-02-19T20:17:48.149+0000] {logging_mixin.py:137} INFO - [2023-02-19T20:17:48.148+0000] {dag.py:2690} INFO - Sync 1 DAGs
[2023-02-19T20:17:48.183+0000] {logging_mixin.py:137} INFO - [2023-02-19T20:17:48.183+0000] {dag.py:3441} INFO - Setting next_dagrun for example_branch_python_operator_decorator to 2023-02-18T00:00:00+00:00, run_after=2023-02-19T00:00:00+00:00
[2023-02-19T20:17:48.210+0000] {processor.py:175} INFO - Processing /home/airflow/.local/lib/python3.7/site-packages/airflow/example_dags/example_branch_operator_decorator.py took 0.146 seconds
[2023-02-19T20:18:18.815+0000] {processor.py:153} INFO - Started process (PID=1079) to work on /home/airflow/.local/lib/python3.7/site-packages/airflow/example_dags/example_branch_operator_decorator.py
[2023-02-19T20:18:18.819+0000] {processor.py:743} INFO - Processing file /home/airflow/.local/lib/python3.7/site-packages/airflow/example_dags/example_branch_operator_decorator.py for tasks to queue
[2023-02-19T20:18:18.821+0000] {logging_mixin.py:137} INFO - [2023-02-19T20:18:18.821+0000] {dagbag.py:538} INFO - Filling up the DagBag from /home/airflow/.local/lib/python3.7/site-packages/airflow/example_dags/example_branch_operator_decorator.py
[2023-02-19T20:18:18.853+0000] {processor.py:753} INFO - DAG(s) dict_keys(['example_branch_python_operator_decorator']) retrieved from /home/airflow/.local/lib/python3.7/site-packages/airflow/example_dags/example_branch_operator_decorator.py
[2023-02-19T20:18:18.893+0000] {logging_mixin.py:137} INFO - [2023-02-19T20:18:18.893+0000] {dag.py:2690} INFO - Sync 1 DAGs
[2023-02-19T20:18:18.927+0000] {logging_mixin.py:137} INFO - [2023-02-19T20:18:18.926+0000] {dag.py:3441} INFO - Setting next_dagrun for example_branch_python_operator_decorator to 2023-02-18T00:00:00+00:00, run_after=2023-02-19T00:00:00+00:00
[2023-02-19T20:18:18.952+0000] {processor.py:175} INFO - Processing /home/airflow/.local/lib/python3.7/site-packages/airflow/example_dags/example_branch_operator_decorator.py took 0.144 seconds
[2023-02-19T20:18:49.435+0000] {processor.py:153} INFO - Started process (PID=1142) to work on /home/airflow/.local/lib/python3.7/site-packages/airflow/example_dags/example_branch_operator_decorator.py
[2023-02-19T20:18:49.439+0000] {processor.py:743} INFO - Processing file /home/airflow/.local/lib/python3.7/site-packages/airflow/example_dags/example_branch_operator_decorator.py for tasks to queue
[2023-02-19T20:18:49.444+0000] {logging_mixin.py:137} INFO - [2023-02-19T20:18:49.444+0000] {dagbag.py:538} INFO - Filling up the DagBag from /home/airflow/.local/lib/python3.7/site-packages/airflow/example_dags/example_branch_operator_decorator.py
[2023-02-19T20:18:49.484+0000] {processor.py:753} INFO - DAG(s) dict_keys(['example_branch_python_operator_decorator']) retrieved from /home/airflow/.local/lib/python3.7/site-packages/airflow/example_dags/example_branch_operator_decorator.py
[2023-02-19T20:18:49.522+0000] {logging_mixin.py:137} INFO - [2023-02-19T20:18:49.522+0000] {dag.py:2690} INFO - Sync 1 DAGs
[2023-02-19T20:18:49.554+0000] {logging_mixin.py:137} INFO - [2023-02-19T20:18:49.554+0000] {dag.py:3441} INFO - Setting next_dagrun for example_branch_python_operator_decorator to 2023-02-18T00:00:00+00:00, run_after=2023-02-19T00:00:00+00:00
[2023-02-19T20:18:49.579+0000] {processor.py:175} INFO - Processing /home/airflow/.local/lib/python3.7/site-packages/airflow/example_dags/example_branch_operator_decorator.py took 0.150 seconds
[2023-02-19T20:19:20.224+0000] {processor.py:153} INFO - Started process (PID=1216) to work on /home/airflow/.local/lib/python3.7/site-packages/airflow/example_dags/example_branch_operator_decorator.py
[2023-02-19T20:19:20.226+0000] {processor.py:743} INFO - Processing file /home/airflow/.local/lib/python3.7/site-packages/airflow/example_dags/example_branch_operator_decorator.py for tasks to queue
[2023-02-19T20:19:20.227+0000] {logging_mixin.py:137} INFO - [2023-02-19T20:19:20.227+0000] {dagbag.py:538} INFO - Filling up the DagBag from /home/airflow/.local/lib/python3.7/site-packages/airflow/example_dags/example_branch_operator_decorator.py
[2023-02-19T20:19:20.259+0000] {processor.py:753} INFO - DAG(s) dict_keys(['example_branch_python_operator_decorator']) retrieved from /home/airflow/.local/lib/python3.7/site-packages/airflow/example_dags/example_branch_operator_decorator.py
[2023-02-19T20:19:20.292+0000] {logging_mixin.py:137} INFO - [2023-02-19T20:19:20.291+0000] {dag.py:2690} INFO - Sync 1 DAGs
[2023-02-19T20:19:20.325+0000] {logging_mixin.py:137} INFO - [2023-02-19T20:19:20.325+0000] {dag.py:3441} INFO - Setting next_dagrun for example_branch_python_operator_decorator to 2023-02-18T00:00:00+00:00, run_after=2023-02-19T00:00:00+00:00
[2023-02-19T20:19:20.349+0000] {processor.py:175} INFO - Processing /home/airflow/.local/lib/python3.7/site-packages/airflow/example_dags/example_branch_operator_decorator.py took 0.130 seconds
[2023-02-19T20:19:50.722+0000] {processor.py:153} INFO - Started process (PID=1279) to work on /home/airflow/.local/lib/python3.7/site-packages/airflow/example_dags/example_branch_operator_decorator.py
[2023-02-19T20:19:50.725+0000] {processor.py:743} INFO - Processing file /home/airflow/.local/lib/python3.7/site-packages/airflow/example_dags/example_branch_operator_decorator.py for tasks to queue
[2023-02-19T20:19:50.726+0000] {logging_mixin.py:137} INFO - [2023-02-19T20:19:50.726+0000] {dagbag.py:538} INFO - Filling up the DagBag from /home/airflow/.local/lib/python3.7/site-packages/airflow/example_dags/example_branch_operator_decorator.py
[2023-02-19T20:19:50.762+0000] {processor.py:753} INFO - DAG(s) dict_keys(['example_branch_python_operator_decorator']) retrieved from /home/airflow/.local/lib/python3.7/site-packages/airflow/example_dags/example_branch_operator_decorator.py
[2023-02-19T20:19:50.798+0000] {logging_mixin.py:137} INFO - [2023-02-19T20:19:50.797+0000] {dag.py:2690} INFO - Sync 1 DAGs
[2023-02-19T20:19:50.836+0000] {logging_mixin.py:137} INFO - [2023-02-19T20:19:50.836+0000] {dag.py:3441} INFO - Setting next_dagrun for example_branch_python_operator_decorator to 2023-02-18T00:00:00+00:00, run_after=2023-02-19T00:00:00+00:00
[2023-02-19T20:19:50.861+0000] {processor.py:175} INFO - Processing /home/airflow/.local/lib/python3.7/site-packages/airflow/example_dags/example_branch_operator_decorator.py took 0.145 seconds
[2023-02-19T20:20:21.374+0000] {processor.py:153} INFO - Started process (PID=1355) to work on /home/airflow/.local/lib/python3.7/site-packages/airflow/example_dags/example_branch_operator_decorator.py
[2023-02-19T20:20:21.376+0000] {processor.py:743} INFO - Processing file /home/airflow/.local/lib/python3.7/site-packages/airflow/example_dags/example_branch_operator_decorator.py for tasks to queue
[2023-02-19T20:20:21.378+0000] {logging_mixin.py:137} INFO - [2023-02-19T20:20:21.378+0000] {dagbag.py:538} INFO - Filling up the DagBag from /home/airflow/.local/lib/python3.7/site-packages/airflow/example_dags/example_branch_operator_decorator.py
[2023-02-19T20:20:21.409+0000] {processor.py:753} INFO - DAG(s) dict_keys(['example_branch_python_operator_decorator']) retrieved from /home/airflow/.local/lib/python3.7/site-packages/airflow/example_dags/example_branch_operator_decorator.py
[2023-02-19T20:20:21.443+0000] {logging_mixin.py:137} INFO - [2023-02-19T20:20:21.443+0000] {dag.py:2690} INFO - Sync 1 DAGs
[2023-02-19T20:20:21.476+0000] {logging_mixin.py:137} INFO - [2023-02-19T20:20:21.476+0000] {dag.py:3441} INFO - Setting next_dagrun for example_branch_python_operator_decorator to 2023-02-18T00:00:00+00:00, run_after=2023-02-19T00:00:00+00:00
[2023-02-19T20:20:21.502+0000] {processor.py:175} INFO - Processing /home/airflow/.local/lib/python3.7/site-packages/airflow/example_dags/example_branch_operator_decorator.py took 0.133 seconds
[2023-02-19T20:20:52.013+0000] {processor.py:153} INFO - Started process (PID=1419) to work on /home/airflow/.local/lib/python3.7/site-packages/airflow/example_dags/example_branch_operator_decorator.py
[2023-02-19T20:20:52.019+0000] {processor.py:743} INFO - Processing file /home/airflow/.local/lib/python3.7/site-packages/airflow/example_dags/example_branch_operator_decorator.py for tasks to queue
[2023-02-19T20:20:52.023+0000] {logging_mixin.py:137} INFO - [2023-02-19T20:20:52.022+0000] {dagbag.py:538} INFO - Filling up the DagBag from /home/airflow/.local/lib/python3.7/site-packages/airflow/example_dags/example_branch_operator_decorator.py
[2023-02-19T20:20:52.062+0000] {processor.py:753} INFO - DAG(s) dict_keys(['example_branch_python_operator_decorator']) retrieved from /home/airflow/.local/lib/python3.7/site-packages/airflow/example_dags/example_branch_operator_decorator.py
[2023-02-19T20:20:52.103+0000] {logging_mixin.py:137} INFO - [2023-02-19T20:20:52.103+0000] {dag.py:2690} INFO - Sync 1 DAGs
[2023-02-19T20:20:52.139+0000] {logging_mixin.py:137} INFO - [2023-02-19T20:20:52.139+0000] {dag.py:3441} INFO - Setting next_dagrun for example_branch_python_operator_decorator to 2023-02-18T00:00:00+00:00, run_after=2023-02-19T00:00:00+00:00
[2023-02-19T20:20:52.185+0000] {processor.py:175} INFO - Processing /home/airflow/.local/lib/python3.7/site-packages/airflow/example_dags/example_branch_operator_decorator.py took 0.179 seconds
[2023-02-19T20:21:22.390+0000] {processor.py:153} INFO - Started process (PID=1493) to work on /home/airflow/.local/lib/python3.7/site-packages/airflow/example_dags/example_branch_operator_decorator.py
[2023-02-19T20:21:22.394+0000] {processor.py:743} INFO - Processing file /home/airflow/.local/lib/python3.7/site-packages/airflow/example_dags/example_branch_operator_decorator.py for tasks to queue
[2023-02-19T20:21:22.397+0000] {logging_mixin.py:137} INFO - [2023-02-19T20:21:22.397+0000] {dagbag.py:538} INFO - Filling up the DagBag from /home/airflow/.local/lib/python3.7/site-packages/airflow/example_dags/example_branch_operator_decorator.py
[2023-02-19T20:21:22.453+0000] {processor.py:753} INFO - DAG(s) dict_keys(['example_branch_python_operator_decorator']) retrieved from /home/airflow/.local/lib/python3.7/site-packages/airflow/example_dags/example_branch_operator_decorator.py
[2023-02-19T20:21:22.515+0000] {logging_mixin.py:137} INFO - [2023-02-19T20:21:22.515+0000] {dag.py:2690} INFO - Sync 1 DAGs
[2023-02-19T20:21:22.558+0000] {logging_mixin.py:137} INFO - [2023-02-19T20:21:22.558+0000] {dag.py:3441} INFO - Setting next_dagrun for example_branch_python_operator_decorator to 2023-02-18T00:00:00+00:00, run_after=2023-02-19T00:00:00+00:00
[2023-02-19T20:21:22.589+0000] {processor.py:175} INFO - Processing /home/airflow/.local/lib/python3.7/site-packages/airflow/example_dags/example_branch_operator_decorator.py took 0.206 seconds
[2023-02-19T20:51:46.141+0000] {processor.py:153} INFO - Started process (PID=1554) to work on /home/airflow/.local/lib/python3.7/site-packages/airflow/example_dags/example_branch_operator_decorator.py
[2023-02-19T20:51:46.145+0000] {processor.py:743} INFO - Processing file /home/airflow/.local/lib/python3.7/site-packages/airflow/example_dags/example_branch_operator_decorator.py for tasks to queue
[2023-02-19T20:51:46.150+0000] {logging_mixin.py:137} INFO - [2023-02-19T20:51:46.149+0000] {dagbag.py:538} INFO - Filling up the DagBag from /home/airflow/.local/lib/python3.7/site-packages/airflow/example_dags/example_branch_operator_decorator.py
[2023-02-19T20:51:46.196+0000] {processor.py:753} INFO - DAG(s) dict_keys(['example_branch_python_operator_decorator']) retrieved from /home/airflow/.local/lib/python3.7/site-packages/airflow/example_dags/example_branch_operator_decorator.py
[2023-02-19T20:51:46.262+0000] {logging_mixin.py:137} INFO - [2023-02-19T20:51:46.262+0000] {dag.py:2690} INFO - Sync 1 DAGs
[2023-02-19T20:51:46.300+0000] {logging_mixin.py:137} INFO - [2023-02-19T20:51:46.299+0000] {dag.py:3441} INFO - Setting next_dagrun for example_branch_python_operator_decorator to 2023-02-18T00:00:00+00:00, run_after=2023-02-19T00:00:00+00:00
[2023-02-19T20:51:46.329+0000] {processor.py:175} INFO - Processing /home/airflow/.local/lib/python3.7/site-packages/airflow/example_dags/example_branch_operator_decorator.py took 0.195 seconds
[2023-02-19T21:09:23.833+0000] {processor.py:153} INFO - Started process (PID=1630) to work on /home/airflow/.local/lib/python3.7/site-packages/airflow/example_dags/example_branch_operator_decorator.py
[2023-02-19T21:09:23.837+0000] {processor.py:743} INFO - Processing file /home/airflow/.local/lib/python3.7/site-packages/airflow/example_dags/example_branch_operator_decorator.py for tasks to queue
[2023-02-19T21:09:23.841+0000] {logging_mixin.py:137} INFO - [2023-02-19T21:09:23.840+0000] {dagbag.py:538} INFO - Filling up the DagBag from /home/airflow/.local/lib/python3.7/site-packages/airflow/example_dags/example_branch_operator_decorator.py
[2023-02-19T21:09:23.894+0000] {processor.py:753} INFO - DAG(s) dict_keys(['example_branch_python_operator_decorator']) retrieved from /home/airflow/.local/lib/python3.7/site-packages/airflow/example_dags/example_branch_operator_decorator.py
[2023-02-19T21:09:23.938+0000] {logging_mixin.py:137} INFO - [2023-02-19T21:09:23.938+0000] {dag.py:2690} INFO - Sync 1 DAGs
[2023-02-19T21:09:23.986+0000] {logging_mixin.py:137} INFO - [2023-02-19T21:09:23.986+0000] {dag.py:3441} INFO - Setting next_dagrun for example_branch_python_operator_decorator to 2023-02-18T00:00:00+00:00, run_after=2023-02-19T00:00:00+00:00
[2023-02-19T21:09:24.020+0000] {processor.py:175} INFO - Processing /home/airflow/.local/lib/python3.7/site-packages/airflow/example_dags/example_branch_operator_decorator.py took 0.193 seconds
[2023-02-19T22:01:45.691+0000] {processor.py:153} INFO - Started process (PID=1701) to work on /home/airflow/.local/lib/python3.7/site-packages/airflow/example_dags/example_branch_operator_decorator.py
[2023-02-19T22:01:45.699+0000] {processor.py:743} INFO - Processing file /home/airflow/.local/lib/python3.7/site-packages/airflow/example_dags/example_branch_operator_decorator.py for tasks to queue
[2023-02-19T22:01:45.710+0000] {logging_mixin.py:137} INFO - [2023-02-19T22:01:45.710+0000] {dagbag.py:538} INFO - Filling up the DagBag from /home/airflow/.local/lib/python3.7/site-packages/airflow/example_dags/example_branch_operator_decorator.py
[2023-02-19T22:01:45.848+0000] {processor.py:753} INFO - DAG(s) dict_keys(['example_branch_python_operator_decorator']) retrieved from /home/airflow/.local/lib/python3.7/site-packages/airflow/example_dags/example_branch_operator_decorator.py
[2023-02-19T22:01:46.007+0000] {logging_mixin.py:137} INFO - [2023-02-19T22:01:46.007+0000] {dag.py:2690} INFO - Sync 1 DAGs
[2023-02-19T22:01:46.065+0000] {logging_mixin.py:137} INFO - [2023-02-19T22:01:46.064+0000] {dag.py:3441} INFO - Setting next_dagrun for example_branch_python_operator_decorator to 2023-02-18T00:00:00+00:00, run_after=2023-02-19T00:00:00+00:00
[2023-02-19T22:01:46.104+0000] {processor.py:175} INFO - Processing /home/airflow/.local/lib/python3.7/site-packages/airflow/example_dags/example_branch_operator_decorator.py took 0.442 seconds
[2023-02-19T22:02:16.917+0000] {processor.py:153} INFO - Started process (PID=1766) to work on /home/airflow/.local/lib/python3.7/site-packages/airflow/example_dags/example_branch_operator_decorator.py
[2023-02-19T22:02:16.920+0000] {processor.py:743} INFO - Processing file /home/airflow/.local/lib/python3.7/site-packages/airflow/example_dags/example_branch_operator_decorator.py for tasks to queue
[2023-02-19T22:02:16.922+0000] {logging_mixin.py:137} INFO - [2023-02-19T22:02:16.922+0000] {dagbag.py:538} INFO - Filling up the DagBag from /home/airflow/.local/lib/python3.7/site-packages/airflow/example_dags/example_branch_operator_decorator.py
[2023-02-19T22:02:16.957+0000] {processor.py:753} INFO - DAG(s) dict_keys(['example_branch_python_operator_decorator']) retrieved from /home/airflow/.local/lib/python3.7/site-packages/airflow/example_dags/example_branch_operator_decorator.py
[2023-02-19T22:02:16.994+0000] {logging_mixin.py:137} INFO - [2023-02-19T22:02:16.993+0000] {dag.py:2690} INFO - Sync 1 DAGs
[2023-02-19T22:02:17.035+0000] {logging_mixin.py:137} INFO - [2023-02-19T22:02:17.035+0000] {dag.py:3441} INFO - Setting next_dagrun for example_branch_python_operator_decorator to 2023-02-18T00:00:00+00:00, run_after=2023-02-19T00:00:00+00:00
[2023-02-19T22:02:17.063+0000] {processor.py:175} INFO - Processing /home/airflow/.local/lib/python3.7/site-packages/airflow/example_dags/example_branch_operator_decorator.py took 0.152 seconds
