[2023-02-19T20:10:36.674+0000] {processor.py:153} INFO - Started process (PID=48) to work on /home/airflow/.local/lib/python3.7/site-packages/airflow/example_dags/example_external_task_marker_dag.py
[2023-02-19T20:10:36.681+0000] {processor.py:743} INFO - Processing file /home/airflow/.local/lib/python3.7/site-packages/airflow/example_dags/example_external_task_marker_dag.py for tasks to queue
[2023-02-19T20:10:36.685+0000] {logging_mixin.py:137} INFO - [2023-02-19T20:10:36.684+0000] {dagbag.py:538} INFO - Filling up the DagBag from /home/airflow/.local/lib/python3.7/site-packages/airflow/example_dags/example_external_task_marker_dag.py
[2023-02-19T20:10:36.730+0000] {processor.py:753} INFO - DAG(s) dict_keys(['example_external_task_marker_parent', 'example_external_task_marker_child']) retrieved from /home/airflow/.local/lib/python3.7/site-packages/airflow/example_dags/example_external_task_marker_dag.py
[2023-02-19T20:10:36.858+0000] {logging_mixin.py:137} INFO - [2023-02-19T20:10:36.857+0000] {dag.py:2690} INFO - Sync 2 DAGs
[2023-02-19T20:10:36.942+0000] {logging_mixin.py:137} INFO - [2023-02-19T20:10:36.942+0000] {dag.py:3441} INFO - Setting next_dagrun for example_external_task_marker_child to None, run_after=None
[2023-02-19T20:10:36.959+0000] {logging_mixin.py:137} INFO - [2023-02-19T20:10:36.959+0000] {dag.py:3441} INFO - Setting next_dagrun for example_external_task_marker_parent to None, run_after=None
[2023-02-19T20:10:37.032+0000] {processor.py:175} INFO - Processing /home/airflow/.local/lib/python3.7/site-packages/airflow/example_dags/example_external_task_marker_dag.py took 0.365 seconds
[2023-02-19T20:11:07.322+0000] {processor.py:153} INFO - Started process (PID=111) to work on /home/airflow/.local/lib/python3.7/site-packages/airflow/example_dags/example_external_task_marker_dag.py
[2023-02-19T20:11:07.324+0000] {processor.py:743} INFO - Processing file /home/airflow/.local/lib/python3.7/site-packages/airflow/example_dags/example_external_task_marker_dag.py for tasks to queue
[2023-02-19T20:11:07.325+0000] {logging_mixin.py:137} INFO - [2023-02-19T20:11:07.325+0000] {dagbag.py:538} INFO - Filling up the DagBag from /home/airflow/.local/lib/python3.7/site-packages/airflow/example_dags/example_external_task_marker_dag.py
[2023-02-19T20:11:07.346+0000] {processor.py:753} INFO - DAG(s) dict_keys(['example_external_task_marker_parent', 'example_external_task_marker_child']) retrieved from /home/airflow/.local/lib/python3.7/site-packages/airflow/example_dags/example_external_task_marker_dag.py
[2023-02-19T20:11:07.366+0000] {logging_mixin.py:137} INFO - [2023-02-19T20:11:07.365+0000] {dag.py:2690} INFO - Sync 2 DAGs
[2023-02-19T20:11:07.406+0000] {logging_mixin.py:137} INFO - [2023-02-19T20:11:07.406+0000] {dag.py:3441} INFO - Setting next_dagrun for example_external_task_marker_child to None, run_after=None
[2023-02-19T20:11:07.413+0000] {logging_mixin.py:137} INFO - [2023-02-19T20:11:07.413+0000] {dag.py:3441} INFO - Setting next_dagrun for example_external_task_marker_parent to None, run_after=None
[2023-02-19T20:11:07.441+0000] {processor.py:175} INFO - Processing /home/airflow/.local/lib/python3.7/site-packages/airflow/example_dags/example_external_task_marker_dag.py took 0.124 seconds
[2023-02-19T20:11:37.514+0000] {processor.py:153} INFO - Started process (PID=174) to work on /home/airflow/.local/lib/python3.7/site-packages/airflow/example_dags/example_external_task_marker_dag.py
[2023-02-19T20:11:37.516+0000] {processor.py:743} INFO - Processing file /home/airflow/.local/lib/python3.7/site-packages/airflow/example_dags/example_external_task_marker_dag.py for tasks to queue
[2023-02-19T20:11:37.518+0000] {logging_mixin.py:137} INFO - [2023-02-19T20:11:37.518+0000] {dagbag.py:538} INFO - Filling up the DagBag from /home/airflow/.local/lib/python3.7/site-packages/airflow/example_dags/example_external_task_marker_dag.py
[2023-02-19T20:11:37.536+0000] {processor.py:753} INFO - DAG(s) dict_keys(['example_external_task_marker_parent', 'example_external_task_marker_child']) retrieved from /home/airflow/.local/lib/python3.7/site-packages/airflow/example_dags/example_external_task_marker_dag.py
[2023-02-19T20:11:37.577+0000] {logging_mixin.py:137} INFO - [2023-02-19T20:11:37.576+0000] {dag.py:2690} INFO - Sync 2 DAGs
[2023-02-19T20:11:37.609+0000] {logging_mixin.py:137} INFO - [2023-02-19T20:11:37.609+0000] {dag.py:3441} INFO - Setting next_dagrun for example_external_task_marker_child to None, run_after=None
[2023-02-19T20:11:37.615+0000] {logging_mixin.py:137} INFO - [2023-02-19T20:11:37.615+0000] {dag.py:3441} INFO - Setting next_dagrun for example_external_task_marker_parent to None, run_after=None
[2023-02-19T20:11:37.644+0000] {processor.py:175} INFO - Processing /home/airflow/.local/lib/python3.7/site-packages/airflow/example_dags/example_external_task_marker_dag.py took 0.134 seconds
[2023-02-19T20:12:08.380+0000] {processor.py:153} INFO - Started process (PID=250) to work on /home/airflow/.local/lib/python3.7/site-packages/airflow/example_dags/example_external_task_marker_dag.py
[2023-02-19T20:12:08.383+0000] {processor.py:743} INFO - Processing file /home/airflow/.local/lib/python3.7/site-packages/airflow/example_dags/example_external_task_marker_dag.py for tasks to queue
[2023-02-19T20:12:08.386+0000] {logging_mixin.py:137} INFO - [2023-02-19T20:12:08.385+0000] {dagbag.py:538} INFO - Filling up the DagBag from /home/airflow/.local/lib/python3.7/site-packages/airflow/example_dags/example_external_task_marker_dag.py
[2023-02-19T20:12:08.407+0000] {processor.py:753} INFO - DAG(s) dict_keys(['example_external_task_marker_parent', 'example_external_task_marker_child']) retrieved from /home/airflow/.local/lib/python3.7/site-packages/airflow/example_dags/example_external_task_marker_dag.py
[2023-02-19T20:12:08.447+0000] {logging_mixin.py:137} INFO - [2023-02-19T20:12:08.447+0000] {dag.py:2690} INFO - Sync 2 DAGs
[2023-02-19T20:12:08.481+0000] {logging_mixin.py:137} INFO - [2023-02-19T20:12:08.481+0000] {dag.py:3441} INFO - Setting next_dagrun for example_external_task_marker_child to None, run_after=None
[2023-02-19T20:12:08.487+0000] {logging_mixin.py:137} INFO - [2023-02-19T20:12:08.486+0000] {dag.py:3441} INFO - Setting next_dagrun for example_external_task_marker_parent to None, run_after=None
[2023-02-19T20:12:08.509+0000] {processor.py:175} INFO - Processing /home/airflow/.local/lib/python3.7/site-packages/airflow/example_dags/example_external_task_marker_dag.py took 0.134 seconds
[2023-02-19T20:12:39.285+0000] {processor.py:153} INFO - Started process (PID=313) to work on /home/airflow/.local/lib/python3.7/site-packages/airflow/example_dags/example_external_task_marker_dag.py
[2023-02-19T20:12:39.288+0000] {processor.py:743} INFO - Processing file /home/airflow/.local/lib/python3.7/site-packages/airflow/example_dags/example_external_task_marker_dag.py for tasks to queue
[2023-02-19T20:12:39.289+0000] {logging_mixin.py:137} INFO - [2023-02-19T20:12:39.289+0000] {dagbag.py:538} INFO - Filling up the DagBag from /home/airflow/.local/lib/python3.7/site-packages/airflow/example_dags/example_external_task_marker_dag.py
[2023-02-19T20:12:39.312+0000] {processor.py:753} INFO - DAG(s) dict_keys(['example_external_task_marker_parent', 'example_external_task_marker_child']) retrieved from /home/airflow/.local/lib/python3.7/site-packages/airflow/example_dags/example_external_task_marker_dag.py
[2023-02-19T20:12:39.352+0000] {logging_mixin.py:137} INFO - [2023-02-19T20:12:39.351+0000] {dag.py:2690} INFO - Sync 2 DAGs
[2023-02-19T20:12:39.389+0000] {logging_mixin.py:137} INFO - [2023-02-19T20:12:39.389+0000] {dag.py:3441} INFO - Setting next_dagrun for example_external_task_marker_child to None, run_after=None
[2023-02-19T20:12:39.396+0000] {logging_mixin.py:137} INFO - [2023-02-19T20:12:39.395+0000] {dag.py:3441} INFO - Setting next_dagrun for example_external_task_marker_parent to None, run_after=None
[2023-02-19T20:12:39.424+0000] {processor.py:175} INFO - Processing /home/airflow/.local/lib/python3.7/site-packages/airflow/example_dags/example_external_task_marker_dag.py took 0.144 seconds
[2023-02-19T20:13:09.473+0000] {processor.py:153} INFO - Started process (PID=383) to work on /home/airflow/.local/lib/python3.7/site-packages/airflow/example_dags/example_external_task_marker_dag.py
[2023-02-19T20:13:09.476+0000] {processor.py:743} INFO - Processing file /home/airflow/.local/lib/python3.7/site-packages/airflow/example_dags/example_external_task_marker_dag.py for tasks to queue
[2023-02-19T20:13:09.478+0000] {logging_mixin.py:137} INFO - [2023-02-19T20:13:09.478+0000] {dagbag.py:538} INFO - Filling up the DagBag from /home/airflow/.local/lib/python3.7/site-packages/airflow/example_dags/example_external_task_marker_dag.py
[2023-02-19T20:13:09.496+0000] {processor.py:753} INFO - DAG(s) dict_keys(['example_external_task_marker_child', 'example_external_task_marker_parent']) retrieved from /home/airflow/.local/lib/python3.7/site-packages/airflow/example_dags/example_external_task_marker_dag.py
[2023-02-19T20:13:09.533+0000] {logging_mixin.py:137} INFO - [2023-02-19T20:13:09.533+0000] {dag.py:2690} INFO - Sync 2 DAGs
[2023-02-19T20:13:09.565+0000] {logging_mixin.py:137} INFO - [2023-02-19T20:13:09.564+0000] {dag.py:3441} INFO - Setting next_dagrun for example_external_task_marker_child to None, run_after=None
[2023-02-19T20:13:09.571+0000] {logging_mixin.py:137} INFO - [2023-02-19T20:13:09.571+0000] {dag.py:3441} INFO - Setting next_dagrun for example_external_task_marker_parent to None, run_after=None
[2023-02-19T20:13:09.596+0000] {processor.py:175} INFO - Processing /home/airflow/.local/lib/python3.7/site-packages/airflow/example_dags/example_external_task_marker_dag.py took 0.128 seconds
[2023-02-19T20:13:40.261+0000] {processor.py:153} INFO - Started process (PID=451) to work on /home/airflow/.local/lib/python3.7/site-packages/airflow/example_dags/example_external_task_marker_dag.py
[2023-02-19T20:13:40.264+0000] {processor.py:743} INFO - Processing file /home/airflow/.local/lib/python3.7/site-packages/airflow/example_dags/example_external_task_marker_dag.py for tasks to queue
[2023-02-19T20:13:40.265+0000] {logging_mixin.py:137} INFO - [2023-02-19T20:13:40.265+0000] {dagbag.py:538} INFO - Filling up the DagBag from /home/airflow/.local/lib/python3.7/site-packages/airflow/example_dags/example_external_task_marker_dag.py
[2023-02-19T20:13:40.285+0000] {processor.py:753} INFO - DAG(s) dict_keys(['example_external_task_marker_child', 'example_external_task_marker_parent']) retrieved from /home/airflow/.local/lib/python3.7/site-packages/airflow/example_dags/example_external_task_marker_dag.py
[2023-02-19T20:13:40.332+0000] {logging_mixin.py:137} INFO - [2023-02-19T20:13:40.332+0000] {dag.py:2690} INFO - Sync 2 DAGs
[2023-02-19T20:13:40.369+0000] {logging_mixin.py:137} INFO - [2023-02-19T20:13:40.369+0000] {dag.py:3441} INFO - Setting next_dagrun for example_external_task_marker_child to None, run_after=None
[2023-02-19T20:13:40.375+0000] {logging_mixin.py:137} INFO - [2023-02-19T20:13:40.375+0000] {dag.py:3441} INFO - Setting next_dagrun for example_external_task_marker_parent to None, run_after=None
[2023-02-19T20:13:40.404+0000] {processor.py:175} INFO - Processing /home/airflow/.local/lib/python3.7/site-packages/airflow/example_dags/example_external_task_marker_dag.py took 0.149 seconds
[2023-02-19T20:14:10.965+0000] {processor.py:153} INFO - Started process (PID=514) to work on /home/airflow/.local/lib/python3.7/site-packages/airflow/example_dags/example_external_task_marker_dag.py
[2023-02-19T20:14:10.967+0000] {processor.py:743} INFO - Processing file /home/airflow/.local/lib/python3.7/site-packages/airflow/example_dags/example_external_task_marker_dag.py for tasks to queue
[2023-02-19T20:14:10.969+0000] {logging_mixin.py:137} INFO - [2023-02-19T20:14:10.969+0000] {dagbag.py:538} INFO - Filling up the DagBag from /home/airflow/.local/lib/python3.7/site-packages/airflow/example_dags/example_external_task_marker_dag.py
[2023-02-19T20:14:10.988+0000] {processor.py:753} INFO - DAG(s) dict_keys(['example_external_task_marker_child', 'example_external_task_marker_parent']) retrieved from /home/airflow/.local/lib/python3.7/site-packages/airflow/example_dags/example_external_task_marker_dag.py
[2023-02-19T20:14:11.034+0000] {logging_mixin.py:137} INFO - [2023-02-19T20:14:11.034+0000] {dag.py:2690} INFO - Sync 2 DAGs
[2023-02-19T20:14:11.084+0000] {logging_mixin.py:137} INFO - [2023-02-19T20:14:11.084+0000] {dag.py:3441} INFO - Setting next_dagrun for example_external_task_marker_child to None, run_after=None
[2023-02-19T20:14:11.094+0000] {logging_mixin.py:137} INFO - [2023-02-19T20:14:11.094+0000] {dag.py:3441} INFO - Setting next_dagrun for example_external_task_marker_parent to None, run_after=None
[2023-02-19T20:14:11.118+0000] {processor.py:175} INFO - Processing /home/airflow/.local/lib/python3.7/site-packages/airflow/example_dags/example_external_task_marker_dag.py took 0.158 seconds
[2023-02-19T20:14:42.006+0000] {processor.py:153} INFO - Started process (PID=589) to work on /home/airflow/.local/lib/python3.7/site-packages/airflow/example_dags/example_external_task_marker_dag.py
[2023-02-19T20:14:42.009+0000] {processor.py:743} INFO - Processing file /home/airflow/.local/lib/python3.7/site-packages/airflow/example_dags/example_external_task_marker_dag.py for tasks to queue
[2023-02-19T20:14:42.011+0000] {logging_mixin.py:137} INFO - [2023-02-19T20:14:42.011+0000] {dagbag.py:538} INFO - Filling up the DagBag from /home/airflow/.local/lib/python3.7/site-packages/airflow/example_dags/example_external_task_marker_dag.py
[2023-02-19T20:14:42.040+0000] {processor.py:753} INFO - DAG(s) dict_keys(['example_external_task_marker_child', 'example_external_task_marker_parent']) retrieved from /home/airflow/.local/lib/python3.7/site-packages/airflow/example_dags/example_external_task_marker_dag.py
[2023-02-19T20:14:42.082+0000] {logging_mixin.py:137} INFO - [2023-02-19T20:14:42.082+0000] {dag.py:2690} INFO - Sync 2 DAGs
[2023-02-19T20:14:42.120+0000] {logging_mixin.py:137} INFO - [2023-02-19T20:14:42.120+0000] {dag.py:3441} INFO - Setting next_dagrun for example_external_task_marker_child to None, run_after=None
[2023-02-19T20:14:42.128+0000] {logging_mixin.py:137} INFO - [2023-02-19T20:14:42.128+0000] {dag.py:3441} INFO - Setting next_dagrun for example_external_task_marker_parent to None, run_after=None
[2023-02-19T20:14:42.157+0000] {processor.py:175} INFO - Processing /home/airflow/.local/lib/python3.7/site-packages/airflow/example_dags/example_external_task_marker_dag.py took 0.155 seconds
[2023-02-19T20:15:12.613+0000] {processor.py:153} INFO - Started process (PID=652) to work on /home/airflow/.local/lib/python3.7/site-packages/airflow/example_dags/example_external_task_marker_dag.py
[2023-02-19T20:15:12.617+0000] {processor.py:743} INFO - Processing file /home/airflow/.local/lib/python3.7/site-packages/airflow/example_dags/example_external_task_marker_dag.py for tasks to queue
[2023-02-19T20:15:12.620+0000] {logging_mixin.py:137} INFO - [2023-02-19T20:15:12.620+0000] {dagbag.py:538} INFO - Filling up the DagBag from /home/airflow/.local/lib/python3.7/site-packages/airflow/example_dags/example_external_task_marker_dag.py
[2023-02-19T20:15:12.649+0000] {processor.py:753} INFO - DAG(s) dict_keys(['example_external_task_marker_child', 'example_external_task_marker_parent']) retrieved from /home/airflow/.local/lib/python3.7/site-packages/airflow/example_dags/example_external_task_marker_dag.py
[2023-02-19T20:15:12.713+0000] {logging_mixin.py:137} INFO - [2023-02-19T20:15:12.713+0000] {dag.py:2690} INFO - Sync 2 DAGs
[2023-02-19T20:15:12.746+0000] {logging_mixin.py:137} INFO - [2023-02-19T20:15:12.746+0000] {dag.py:3441} INFO - Setting next_dagrun for example_external_task_marker_child to None, run_after=None
[2023-02-19T20:15:12.753+0000] {logging_mixin.py:137} INFO - [2023-02-19T20:15:12.753+0000] {dag.py:3441} INFO - Setting next_dagrun for example_external_task_marker_parent to None, run_after=None
[2023-02-19T20:15:12.776+0000] {processor.py:175} INFO - Processing /home/airflow/.local/lib/python3.7/site-packages/airflow/example_dags/example_external_task_marker_dag.py took 0.170 seconds
[2023-02-19T20:15:43.431+0000] {processor.py:153} INFO - Started process (PID=728) to work on /home/airflow/.local/lib/python3.7/site-packages/airflow/example_dags/example_external_task_marker_dag.py
[2023-02-19T20:15:43.437+0000] {processor.py:743} INFO - Processing file /home/airflow/.local/lib/python3.7/site-packages/airflow/example_dags/example_external_task_marker_dag.py for tasks to queue
[2023-02-19T20:15:43.439+0000] {logging_mixin.py:137} INFO - [2023-02-19T20:15:43.439+0000] {dagbag.py:538} INFO - Filling up the DagBag from /home/airflow/.local/lib/python3.7/site-packages/airflow/example_dags/example_external_task_marker_dag.py
[2023-02-19T20:15:43.457+0000] {processor.py:753} INFO - DAG(s) dict_keys(['example_external_task_marker_child', 'example_external_task_marker_parent']) retrieved from /home/airflow/.local/lib/python3.7/site-packages/airflow/example_dags/example_external_task_marker_dag.py
[2023-02-19T20:15:43.494+0000] {logging_mixin.py:137} INFO - [2023-02-19T20:15:43.493+0000] {dag.py:2690} INFO - Sync 2 DAGs
[2023-02-19T20:15:43.526+0000] {logging_mixin.py:137} INFO - [2023-02-19T20:15:43.526+0000] {dag.py:3441} INFO - Setting next_dagrun for example_external_task_marker_child to None, run_after=None
[2023-02-19T20:15:43.533+0000] {logging_mixin.py:137} INFO - [2023-02-19T20:15:43.533+0000] {dag.py:3441} INFO - Setting next_dagrun for example_external_task_marker_parent to None, run_after=None
[2023-02-19T20:15:43.556+0000] {processor.py:175} INFO - Processing /home/airflow/.local/lib/python3.7/site-packages/airflow/example_dags/example_external_task_marker_dag.py took 0.130 seconds
[2023-02-19T20:16:13.979+0000] {processor.py:153} INFO - Started process (PID=792) to work on /home/airflow/.local/lib/python3.7/site-packages/airflow/example_dags/example_external_task_marker_dag.py
[2023-02-19T20:16:13.982+0000] {processor.py:743} INFO - Processing file /home/airflow/.local/lib/python3.7/site-packages/airflow/example_dags/example_external_task_marker_dag.py for tasks to queue
[2023-02-19T20:16:13.983+0000] {logging_mixin.py:137} INFO - [2023-02-19T20:16:13.983+0000] {dagbag.py:538} INFO - Filling up the DagBag from /home/airflow/.local/lib/python3.7/site-packages/airflow/example_dags/example_external_task_marker_dag.py
[2023-02-19T20:16:14.006+0000] {processor.py:753} INFO - DAG(s) dict_keys(['example_external_task_marker_child', 'example_external_task_marker_parent']) retrieved from /home/airflow/.local/lib/python3.7/site-packages/airflow/example_dags/example_external_task_marker_dag.py
[2023-02-19T20:16:14.042+0000] {logging_mixin.py:137} INFO - [2023-02-19T20:16:14.042+0000] {dag.py:2690} INFO - Sync 2 DAGs
[2023-02-19T20:16:14.074+0000] {logging_mixin.py:137} INFO - [2023-02-19T20:16:14.073+0000] {dag.py:3441} INFO - Setting next_dagrun for example_external_task_marker_child to None, run_after=None
[2023-02-19T20:16:14.079+0000] {logging_mixin.py:137} INFO - [2023-02-19T20:16:14.079+0000] {dag.py:3441} INFO - Setting next_dagrun for example_external_task_marker_parent to None, run_after=None
[2023-02-19T20:16:14.102+0000] {processor.py:175} INFO - Processing /home/airflow/.local/lib/python3.7/site-packages/airflow/example_dags/example_external_task_marker_dag.py took 0.128 seconds
[2023-02-19T20:16:44.693+0000] {processor.py:153} INFO - Started process (PID=862) to work on /home/airflow/.local/lib/python3.7/site-packages/airflow/example_dags/example_external_task_marker_dag.py
[2023-02-19T20:16:44.696+0000] {processor.py:743} INFO - Processing file /home/airflow/.local/lib/python3.7/site-packages/airflow/example_dags/example_external_task_marker_dag.py for tasks to queue
[2023-02-19T20:16:44.698+0000] {logging_mixin.py:137} INFO - [2023-02-19T20:16:44.698+0000] {dagbag.py:538} INFO - Filling up the DagBag from /home/airflow/.local/lib/python3.7/site-packages/airflow/example_dags/example_external_task_marker_dag.py
[2023-02-19T20:16:44.716+0000] {processor.py:753} INFO - DAG(s) dict_keys(['example_external_task_marker_parent', 'example_external_task_marker_child']) retrieved from /home/airflow/.local/lib/python3.7/site-packages/airflow/example_dags/example_external_task_marker_dag.py
[2023-02-19T20:16:44.754+0000] {logging_mixin.py:137} INFO - [2023-02-19T20:16:44.754+0000] {dag.py:2690} INFO - Sync 2 DAGs
[2023-02-19T20:16:44.786+0000] {logging_mixin.py:137} INFO - [2023-02-19T20:16:44.786+0000] {dag.py:3441} INFO - Setting next_dagrun for example_external_task_marker_child to None, run_after=None
[2023-02-19T20:16:44.792+0000] {logging_mixin.py:137} INFO - [2023-02-19T20:16:44.792+0000] {dag.py:3441} INFO - Setting next_dagrun for example_external_task_marker_parent to None, run_after=None
[2023-02-19T20:16:44.814+0000] {processor.py:175} INFO - Processing /home/airflow/.local/lib/python3.7/site-packages/airflow/example_dags/example_external_task_marker_dag.py took 0.129 seconds
[2023-02-19T20:17:15.523+0000] {processor.py:153} INFO - Started process (PID=930) to work on /home/airflow/.local/lib/python3.7/site-packages/airflow/example_dags/example_external_task_marker_dag.py
[2023-02-19T20:17:15.525+0000] {processor.py:743} INFO - Processing file /home/airflow/.local/lib/python3.7/site-packages/airflow/example_dags/example_external_task_marker_dag.py for tasks to queue
[2023-02-19T20:17:15.527+0000] {logging_mixin.py:137} INFO - [2023-02-19T20:17:15.527+0000] {dagbag.py:538} INFO - Filling up the DagBag from /home/airflow/.local/lib/python3.7/site-packages/airflow/example_dags/example_external_task_marker_dag.py
[2023-02-19T20:17:15.545+0000] {processor.py:753} INFO - DAG(s) dict_keys(['example_external_task_marker_child', 'example_external_task_marker_parent']) retrieved from /home/airflow/.local/lib/python3.7/site-packages/airflow/example_dags/example_external_task_marker_dag.py
[2023-02-19T20:17:15.582+0000] {logging_mixin.py:137} INFO - [2023-02-19T20:17:15.581+0000] {dag.py:2690} INFO - Sync 2 DAGs
[2023-02-19T20:17:15.616+0000] {logging_mixin.py:137} INFO - [2023-02-19T20:17:15.616+0000] {dag.py:3441} INFO - Setting next_dagrun for example_external_task_marker_child to None, run_after=None
[2023-02-19T20:17:15.622+0000] {logging_mixin.py:137} INFO - [2023-02-19T20:17:15.622+0000] {dag.py:3441} INFO - Setting next_dagrun for example_external_task_marker_parent to None, run_after=None
[2023-02-19T20:17:15.648+0000] {processor.py:175} INFO - Processing /home/airflow/.local/lib/python3.7/site-packages/airflow/example_dags/example_external_task_marker_dag.py took 0.129 seconds
[2023-02-19T20:17:46.111+0000] {processor.py:153} INFO - Started process (PID=993) to work on /home/airflow/.local/lib/python3.7/site-packages/airflow/example_dags/example_external_task_marker_dag.py
[2023-02-19T20:17:46.113+0000] {processor.py:743} INFO - Processing file /home/airflow/.local/lib/python3.7/site-packages/airflow/example_dags/example_external_task_marker_dag.py for tasks to queue
[2023-02-19T20:17:46.115+0000] {logging_mixin.py:137} INFO - [2023-02-19T20:17:46.115+0000] {dagbag.py:538} INFO - Filling up the DagBag from /home/airflow/.local/lib/python3.7/site-packages/airflow/example_dags/example_external_task_marker_dag.py
[2023-02-19T20:17:46.134+0000] {processor.py:753} INFO - DAG(s) dict_keys(['example_external_task_marker_child', 'example_external_task_marker_parent']) retrieved from /home/airflow/.local/lib/python3.7/site-packages/airflow/example_dags/example_external_task_marker_dag.py
[2023-02-19T20:17:46.173+0000] {logging_mixin.py:137} INFO - [2023-02-19T20:17:46.173+0000] {dag.py:2690} INFO - Sync 2 DAGs
[2023-02-19T20:17:46.207+0000] {logging_mixin.py:137} INFO - [2023-02-19T20:17:46.207+0000] {dag.py:3441} INFO - Setting next_dagrun for example_external_task_marker_child to None, run_after=None
[2023-02-19T20:17:46.213+0000] {logging_mixin.py:137} INFO - [2023-02-19T20:17:46.213+0000] {dag.py:3441} INFO - Setting next_dagrun for example_external_task_marker_parent to None, run_after=None
[2023-02-19T20:17:46.239+0000] {processor.py:175} INFO - Processing /home/airflow/.local/lib/python3.7/site-packages/airflow/example_dags/example_external_task_marker_dag.py took 0.133 seconds
[2023-02-19T20:18:16.719+0000] {processor.py:153} INFO - Started process (PID=1069) to work on /home/airflow/.local/lib/python3.7/site-packages/airflow/example_dags/example_external_task_marker_dag.py
[2023-02-19T20:18:16.722+0000] {processor.py:743} INFO - Processing file /home/airflow/.local/lib/python3.7/site-packages/airflow/example_dags/example_external_task_marker_dag.py for tasks to queue
[2023-02-19T20:18:16.724+0000] {logging_mixin.py:137} INFO - [2023-02-19T20:18:16.724+0000] {dagbag.py:538} INFO - Filling up the DagBag from /home/airflow/.local/lib/python3.7/site-packages/airflow/example_dags/example_external_task_marker_dag.py
[2023-02-19T20:18:16.751+0000] {processor.py:753} INFO - DAG(s) dict_keys(['example_external_task_marker_child', 'example_external_task_marker_parent']) retrieved from /home/airflow/.local/lib/python3.7/site-packages/airflow/example_dags/example_external_task_marker_dag.py
[2023-02-19T20:18:16.790+0000] {logging_mixin.py:137} INFO - [2023-02-19T20:18:16.790+0000] {dag.py:2690} INFO - Sync 2 DAGs
[2023-02-19T20:18:16.823+0000] {logging_mixin.py:137} INFO - [2023-02-19T20:18:16.823+0000] {dag.py:3441} INFO - Setting next_dagrun for example_external_task_marker_child to None, run_after=None
[2023-02-19T20:18:16.829+0000] {logging_mixin.py:137} INFO - [2023-02-19T20:18:16.829+0000] {dag.py:3441} INFO - Setting next_dagrun for example_external_task_marker_parent to None, run_after=None
[2023-02-19T20:18:16.852+0000] {processor.py:175} INFO - Processing /home/airflow/.local/lib/python3.7/site-packages/airflow/example_dags/example_external_task_marker_dag.py took 0.139 seconds
[2023-02-19T20:18:47.512+0000] {processor.py:153} INFO - Started process (PID=1132) to work on /home/airflow/.local/lib/python3.7/site-packages/airflow/example_dags/example_external_task_marker_dag.py
[2023-02-19T20:18:47.514+0000] {processor.py:743} INFO - Processing file /home/airflow/.local/lib/python3.7/site-packages/airflow/example_dags/example_external_task_marker_dag.py for tasks to queue
[2023-02-19T20:18:47.516+0000] {logging_mixin.py:137} INFO - [2023-02-19T20:18:47.516+0000] {dagbag.py:538} INFO - Filling up the DagBag from /home/airflow/.local/lib/python3.7/site-packages/airflow/example_dags/example_external_task_marker_dag.py
[2023-02-19T20:18:47.534+0000] {processor.py:753} INFO - DAG(s) dict_keys(['example_external_task_marker_parent', 'example_external_task_marker_child']) retrieved from /home/airflow/.local/lib/python3.7/site-packages/airflow/example_dags/example_external_task_marker_dag.py
[2023-02-19T20:18:47.575+0000] {logging_mixin.py:137} INFO - [2023-02-19T20:18:47.574+0000] {dag.py:2690} INFO - Sync 2 DAGs
[2023-02-19T20:18:47.610+0000] {logging_mixin.py:137} INFO - [2023-02-19T20:18:47.610+0000] {dag.py:3441} INFO - Setting next_dagrun for example_external_task_marker_child to None, run_after=None
[2023-02-19T20:18:47.616+0000] {logging_mixin.py:137} INFO - [2023-02-19T20:18:47.616+0000] {dag.py:3441} INFO - Setting next_dagrun for example_external_task_marker_parent to None, run_after=None
[2023-02-19T20:18:47.643+0000] {processor.py:175} INFO - Processing /home/airflow/.local/lib/python3.7/site-packages/airflow/example_dags/example_external_task_marker_dag.py took 0.135 seconds
[2023-02-19T20:19:18.051+0000] {processor.py:153} INFO - Started process (PID=1206) to work on /home/airflow/.local/lib/python3.7/site-packages/airflow/example_dags/example_external_task_marker_dag.py
[2023-02-19T20:19:18.053+0000] {processor.py:743} INFO - Processing file /home/airflow/.local/lib/python3.7/site-packages/airflow/example_dags/example_external_task_marker_dag.py for tasks to queue
[2023-02-19T20:19:18.056+0000] {logging_mixin.py:137} INFO - [2023-02-19T20:19:18.055+0000] {dagbag.py:538} INFO - Filling up the DagBag from /home/airflow/.local/lib/python3.7/site-packages/airflow/example_dags/example_external_task_marker_dag.py
[2023-02-19T20:19:18.075+0000] {processor.py:753} INFO - DAG(s) dict_keys(['example_external_task_marker_child', 'example_external_task_marker_parent']) retrieved from /home/airflow/.local/lib/python3.7/site-packages/airflow/example_dags/example_external_task_marker_dag.py
[2023-02-19T20:19:18.127+0000] {logging_mixin.py:137} INFO - [2023-02-19T20:19:18.127+0000] {dag.py:2690} INFO - Sync 2 DAGs
[2023-02-19T20:19:18.186+0000] {logging_mixin.py:137} INFO - [2023-02-19T20:19:18.185+0000] {dag.py:3441} INFO - Setting next_dagrun for example_external_task_marker_child to None, run_after=None
[2023-02-19T20:19:18.191+0000] {logging_mixin.py:137} INFO - [2023-02-19T20:19:18.191+0000] {dag.py:3441} INFO - Setting next_dagrun for example_external_task_marker_parent to None, run_after=None
[2023-02-19T20:19:18.219+0000] {processor.py:175} INFO - Processing /home/airflow/.local/lib/python3.7/site-packages/airflow/example_dags/example_external_task_marker_dag.py took 0.173 seconds
[2023-02-19T20:19:48.828+0000] {processor.py:153} INFO - Started process (PID=1269) to work on /home/airflow/.local/lib/python3.7/site-packages/airflow/example_dags/example_external_task_marker_dag.py
[2023-02-19T20:19:48.831+0000] {processor.py:743} INFO - Processing file /home/airflow/.local/lib/python3.7/site-packages/airflow/example_dags/example_external_task_marker_dag.py for tasks to queue
[2023-02-19T20:19:48.834+0000] {logging_mixin.py:137} INFO - [2023-02-19T20:19:48.834+0000] {dagbag.py:538} INFO - Filling up the DagBag from /home/airflow/.local/lib/python3.7/site-packages/airflow/example_dags/example_external_task_marker_dag.py
[2023-02-19T20:19:48.854+0000] {processor.py:753} INFO - DAG(s) dict_keys(['example_external_task_marker_parent', 'example_external_task_marker_child']) retrieved from /home/airflow/.local/lib/python3.7/site-packages/airflow/example_dags/example_external_task_marker_dag.py
[2023-02-19T20:19:48.899+0000] {logging_mixin.py:137} INFO - [2023-02-19T20:19:48.898+0000] {dag.py:2690} INFO - Sync 2 DAGs
[2023-02-19T20:19:48.932+0000] {logging_mixin.py:137} INFO - [2023-02-19T20:19:48.932+0000] {dag.py:3441} INFO - Setting next_dagrun for example_external_task_marker_child to None, run_after=None
[2023-02-19T20:19:48.937+0000] {logging_mixin.py:137} INFO - [2023-02-19T20:19:48.937+0000] {dag.py:3441} INFO - Setting next_dagrun for example_external_task_marker_parent to None, run_after=None
[2023-02-19T20:19:48.961+0000] {processor.py:175} INFO - Processing /home/airflow/.local/lib/python3.7/site-packages/airflow/example_dags/example_external_task_marker_dag.py took 0.139 seconds
[2023-02-19T20:20:19.644+0000] {processor.py:153} INFO - Started process (PID=1345) to work on /home/airflow/.local/lib/python3.7/site-packages/airflow/example_dags/example_external_task_marker_dag.py
[2023-02-19T20:20:19.646+0000] {processor.py:743} INFO - Processing file /home/airflow/.local/lib/python3.7/site-packages/airflow/example_dags/example_external_task_marker_dag.py for tasks to queue
[2023-02-19T20:20:19.648+0000] {logging_mixin.py:137} INFO - [2023-02-19T20:20:19.648+0000] {dagbag.py:538} INFO - Filling up the DagBag from /home/airflow/.local/lib/python3.7/site-packages/airflow/example_dags/example_external_task_marker_dag.py
[2023-02-19T20:20:19.666+0000] {processor.py:753} INFO - DAG(s) dict_keys(['example_external_task_marker_child', 'example_external_task_marker_parent']) retrieved from /home/airflow/.local/lib/python3.7/site-packages/airflow/example_dags/example_external_task_marker_dag.py
[2023-02-19T20:20:19.704+0000] {logging_mixin.py:137} INFO - [2023-02-19T20:20:19.704+0000] {dag.py:2690} INFO - Sync 2 DAGs
[2023-02-19T20:20:19.737+0000] {logging_mixin.py:137} INFO - [2023-02-19T20:20:19.736+0000] {dag.py:3441} INFO - Setting next_dagrun for example_external_task_marker_child to None, run_after=None
[2023-02-19T20:20:19.742+0000] {logging_mixin.py:137} INFO - [2023-02-19T20:20:19.742+0000] {dag.py:3441} INFO - Setting next_dagrun for example_external_task_marker_parent to None, run_after=None
[2023-02-19T20:20:19.766+0000] {processor.py:175} INFO - Processing /home/airflow/.local/lib/python3.7/site-packages/airflow/example_dags/example_external_task_marker_dag.py took 0.127 seconds
[2023-02-19T20:20:49.943+0000] {processor.py:153} INFO - Started process (PID=1409) to work on /home/airflow/.local/lib/python3.7/site-packages/airflow/example_dags/example_external_task_marker_dag.py
[2023-02-19T20:20:49.946+0000] {processor.py:743} INFO - Processing file /home/airflow/.local/lib/python3.7/site-packages/airflow/example_dags/example_external_task_marker_dag.py for tasks to queue
[2023-02-19T20:20:49.948+0000] {logging_mixin.py:137} INFO - [2023-02-19T20:20:49.948+0000] {dagbag.py:538} INFO - Filling up the DagBag from /home/airflow/.local/lib/python3.7/site-packages/airflow/example_dags/example_external_task_marker_dag.py
[2023-02-19T20:20:49.967+0000] {processor.py:753} INFO - DAG(s) dict_keys(['example_external_task_marker_child', 'example_external_task_marker_parent']) retrieved from /home/airflow/.local/lib/python3.7/site-packages/airflow/example_dags/example_external_task_marker_dag.py
[2023-02-19T20:20:50.004+0000] {logging_mixin.py:137} INFO - [2023-02-19T20:20:50.003+0000] {dag.py:2690} INFO - Sync 2 DAGs
[2023-02-19T20:20:50.037+0000] {logging_mixin.py:137} INFO - [2023-02-19T20:20:50.036+0000] {dag.py:3441} INFO - Setting next_dagrun for example_external_task_marker_child to None, run_after=None
[2023-02-19T20:20:50.042+0000] {logging_mixin.py:137} INFO - [2023-02-19T20:20:50.042+0000] {dag.py:3441} INFO - Setting next_dagrun for example_external_task_marker_parent to None, run_after=None
[2023-02-19T20:20:50.075+0000] {processor.py:175} INFO - Processing /home/airflow/.local/lib/python3.7/site-packages/airflow/example_dags/example_external_task_marker_dag.py took 0.136 seconds
[2023-02-19T20:21:20.447+0000] {processor.py:153} INFO - Started process (PID=1480) to work on /home/airflow/.local/lib/python3.7/site-packages/airflow/example_dags/example_external_task_marker_dag.py
[2023-02-19T20:21:20.450+0000] {processor.py:743} INFO - Processing file /home/airflow/.local/lib/python3.7/site-packages/airflow/example_dags/example_external_task_marker_dag.py for tasks to queue
[2023-02-19T20:21:20.452+0000] {logging_mixin.py:137} INFO - [2023-02-19T20:21:20.451+0000] {dagbag.py:538} INFO - Filling up the DagBag from /home/airflow/.local/lib/python3.7/site-packages/airflow/example_dags/example_external_task_marker_dag.py
[2023-02-19T20:21:20.469+0000] {processor.py:753} INFO - DAG(s) dict_keys(['example_external_task_marker_parent', 'example_external_task_marker_child']) retrieved from /home/airflow/.local/lib/python3.7/site-packages/airflow/example_dags/example_external_task_marker_dag.py
[2023-02-19T20:21:20.506+0000] {logging_mixin.py:137} INFO - [2023-02-19T20:21:20.506+0000] {dag.py:2690} INFO - Sync 2 DAGs
[2023-02-19T20:21:20.538+0000] {logging_mixin.py:137} INFO - [2023-02-19T20:21:20.538+0000] {dag.py:3441} INFO - Setting next_dagrun for example_external_task_marker_child to None, run_after=None
[2023-02-19T20:21:20.544+0000] {logging_mixin.py:137} INFO - [2023-02-19T20:21:20.544+0000] {dag.py:3441} INFO - Setting next_dagrun for example_external_task_marker_parent to None, run_after=None
[2023-02-19T20:21:20.565+0000] {processor.py:175} INFO - Processing /home/airflow/.local/lib/python3.7/site-packages/airflow/example_dags/example_external_task_marker_dag.py took 0.124 seconds
[2023-02-19T20:51:44.282+0000] {processor.py:153} INFO - Started process (PID=1541) to work on /home/airflow/.local/lib/python3.7/site-packages/airflow/example_dags/example_external_task_marker_dag.py
[2023-02-19T20:51:44.286+0000] {processor.py:743} INFO - Processing file /home/airflow/.local/lib/python3.7/site-packages/airflow/example_dags/example_external_task_marker_dag.py for tasks to queue
[2023-02-19T20:51:44.291+0000] {logging_mixin.py:137} INFO - [2023-02-19T20:51:44.291+0000] {dagbag.py:538} INFO - Filling up the DagBag from /home/airflow/.local/lib/python3.7/site-packages/airflow/example_dags/example_external_task_marker_dag.py
[2023-02-19T20:51:44.391+0000] {processor.py:753} INFO - DAG(s) dict_keys(['example_external_task_marker_parent', 'example_external_task_marker_child']) retrieved from /home/airflow/.local/lib/python3.7/site-packages/airflow/example_dags/example_external_task_marker_dag.py
[2023-02-19T20:51:44.538+0000] {logging_mixin.py:137} INFO - [2023-02-19T20:51:44.537+0000] {dag.py:2690} INFO - Sync 2 DAGs
[2023-02-19T20:51:44.655+0000] {logging_mixin.py:137} INFO - [2023-02-19T20:51:44.655+0000] {dag.py:3441} INFO - Setting next_dagrun for example_external_task_marker_child to None, run_after=None
[2023-02-19T20:51:44.665+0000] {logging_mixin.py:137} INFO - [2023-02-19T20:51:44.665+0000] {dag.py:3441} INFO - Setting next_dagrun for example_external_task_marker_parent to None, run_after=None
[2023-02-19T20:51:44.802+0000] {processor.py:175} INFO - Processing /home/airflow/.local/lib/python3.7/site-packages/airflow/example_dags/example_external_task_marker_dag.py took 0.584 seconds
[2023-02-19T20:52:19.292+0000] {processor.py:153} INFO - Started process (PID=1599) to work on /home/airflow/.local/lib/python3.7/site-packages/airflow/example_dags/example_external_task_marker_dag.py
[2023-02-19T20:52:19.395+0000] {processor.py:743} INFO - Processing file /home/airflow/.local/lib/python3.7/site-packages/airflow/example_dags/example_external_task_marker_dag.py for tasks to queue
[2023-02-19T20:52:19.431+0000] {logging_mixin.py:137} INFO - [2023-02-19T20:52:19.430+0000] {dagbag.py:538} INFO - Filling up the DagBag from /home/airflow/.local/lib/python3.7/site-packages/airflow/example_dags/example_external_task_marker_dag.py
[2023-02-19T20:52:19.999+0000] {processor.py:753} INFO - DAG(s) dict_keys(['example_external_task_marker_child', 'example_external_task_marker_parent']) retrieved from /home/airflow/.local/lib/python3.7/site-packages/airflow/example_dags/example_external_task_marker_dag.py
[2023-02-19T20:52:20.995+0000] {logging_mixin.py:137} INFO - [2023-02-19T20:52:20.993+0000] {dag.py:2690} INFO - Sync 2 DAGs
[2023-02-19T20:52:21.858+0000] {logging_mixin.py:137} INFO - [2023-02-19T20:52:21.857+0000] {dag.py:3441} INFO - Setting next_dagrun for example_external_task_marker_child to None, run_after=None
[2023-02-19T20:52:21.937+0000] {logging_mixin.py:137} INFO - [2023-02-19T20:52:21.935+0000] {dag.py:3441} INFO - Setting next_dagrun for example_external_task_marker_parent to None, run_after=None
[2023-02-19T20:52:22.466+0000] {processor.py:175} INFO - Processing /home/airflow/.local/lib/python3.7/site-packages/airflow/example_dags/example_external_task_marker_dag.py took 3.324 seconds
[2023-02-19T21:09:22.257+0000] {processor.py:153} INFO - Started process (PID=1617) to work on /home/airflow/.local/lib/python3.7/site-packages/airflow/example_dags/example_external_task_marker_dag.py
[2023-02-19T21:09:22.269+0000] {processor.py:743} INFO - Processing file /home/airflow/.local/lib/python3.7/site-packages/airflow/example_dags/example_external_task_marker_dag.py for tasks to queue
[2023-02-19T21:09:22.272+0000] {logging_mixin.py:137} INFO - [2023-02-19T21:09:22.272+0000] {dagbag.py:538} INFO - Filling up the DagBag from /home/airflow/.local/lib/python3.7/site-packages/airflow/example_dags/example_external_task_marker_dag.py
[2023-02-19T21:09:22.324+0000] {processor.py:753} INFO - DAG(s) dict_keys(['example_external_task_marker_child', 'example_external_task_marker_parent']) retrieved from /home/airflow/.local/lib/python3.7/site-packages/airflow/example_dags/example_external_task_marker_dag.py
[2023-02-19T21:09:22.381+0000] {logging_mixin.py:137} INFO - [2023-02-19T21:09:22.381+0000] {dag.py:2690} INFO - Sync 2 DAGs
[2023-02-19T21:09:22.432+0000] {logging_mixin.py:137} INFO - [2023-02-19T21:09:22.432+0000] {dag.py:3441} INFO - Setting next_dagrun for example_external_task_marker_child to None, run_after=None
[2023-02-19T21:09:22.451+0000] {logging_mixin.py:137} INFO - [2023-02-19T21:09:22.450+0000] {dag.py:3441} INFO - Setting next_dagrun for example_external_task_marker_parent to None, run_after=None
[2023-02-19T21:09:22.509+0000] {processor.py:175} INFO - Processing /home/airflow/.local/lib/python3.7/site-packages/airflow/example_dags/example_external_task_marker_dag.py took 0.258 seconds
[2023-02-19T21:10:01.096+0000] {processor.py:153} INFO - Started process (PID=1675) to work on /home/airflow/.local/lib/python3.7/site-packages/airflow/example_dags/example_external_task_marker_dag.py
[2023-02-19T21:10:01.157+0000] {processor.py:743} INFO - Processing file /home/airflow/.local/lib/python3.7/site-packages/airflow/example_dags/example_external_task_marker_dag.py for tasks to queue
[2023-02-19T21:10:01.186+0000] {logging_mixin.py:137} INFO - [2023-02-19T21:10:01.184+0000] {dagbag.py:538} INFO - Filling up the DagBag from /home/airflow/.local/lib/python3.7/site-packages/airflow/example_dags/example_external_task_marker_dag.py
[2023-02-19T21:10:01.741+0000] {processor.py:753} INFO - DAG(s) dict_keys(['example_external_task_marker_parent', 'example_external_task_marker_child']) retrieved from /home/airflow/.local/lib/python3.7/site-packages/airflow/example_dags/example_external_task_marker_dag.py
[2023-02-19T21:10:02.935+0000] {logging_mixin.py:137} INFO - [2023-02-19T21:10:02.933+0000] {dag.py:2690} INFO - Sync 2 DAGs
[2023-02-19T21:10:04.189+0000] {logging_mixin.py:137} INFO - [2023-02-19T21:10:04.182+0000] {dag.py:3441} INFO - Setting next_dagrun for example_external_task_marker_child to None, run_after=None
[2023-02-19T21:10:04.536+0000] {logging_mixin.py:137} INFO - [2023-02-19T21:10:04.534+0000] {dag.py:3441} INFO - Setting next_dagrun for example_external_task_marker_parent to None, run_after=None
[2023-02-19T21:10:05.539+0000] {processor.py:175} INFO - Processing /home/airflow/.local/lib/python3.7/site-packages/airflow/example_dags/example_external_task_marker_dag.py took 4.672 seconds
[2023-02-19T22:01:43.648+0000] {processor.py:153} INFO - Started process (PID=1694) to work on /home/airflow/.local/lib/python3.7/site-packages/airflow/example_dags/example_external_task_marker_dag.py
[2023-02-19T22:01:43.672+0000] {processor.py:743} INFO - Processing file /home/airflow/.local/lib/python3.7/site-packages/airflow/example_dags/example_external_task_marker_dag.py for tasks to queue
[2023-02-19T22:01:43.735+0000] {logging_mixin.py:137} INFO - [2023-02-19T22:01:43.733+0000] {dagbag.py:538} INFO - Filling up the DagBag from /home/airflow/.local/lib/python3.7/site-packages/airflow/example_dags/example_external_task_marker_dag.py
[2023-02-19T22:01:43.829+0000] {processor.py:753} INFO - DAG(s) dict_keys(['example_external_task_marker_child', 'example_external_task_marker_parent']) retrieved from /home/airflow/.local/lib/python3.7/site-packages/airflow/example_dags/example_external_task_marker_dag.py
[2023-02-19T22:01:44.083+0000] {logging_mixin.py:137} INFO - [2023-02-19T22:01:44.083+0000] {dag.py:2690} INFO - Sync 2 DAGs
[2023-02-19T22:01:44.206+0000] {logging_mixin.py:137} INFO - [2023-02-19T22:01:44.205+0000] {dag.py:3441} INFO - Setting next_dagrun for example_external_task_marker_child to None, run_after=None
[2023-02-19T22:01:44.233+0000] {logging_mixin.py:137} INFO - [2023-02-19T22:01:44.233+0000] {dag.py:3441} INFO - Setting next_dagrun for example_external_task_marker_parent to None, run_after=None
[2023-02-19T22:01:44.305+0000] {processor.py:175} INFO - Processing /home/airflow/.local/lib/python3.7/site-packages/airflow/example_dags/example_external_task_marker_dag.py took 0.690 seconds
[2023-02-19T22:02:14.396+0000] {processor.py:153} INFO - Started process (PID=1759) to work on /home/airflow/.local/lib/python3.7/site-packages/airflow/example_dags/example_external_task_marker_dag.py
[2023-02-19T22:02:14.399+0000] {processor.py:743} INFO - Processing file /home/airflow/.local/lib/python3.7/site-packages/airflow/example_dags/example_external_task_marker_dag.py for tasks to queue
[2023-02-19T22:02:14.401+0000] {logging_mixin.py:137} INFO - [2023-02-19T22:02:14.401+0000] {dagbag.py:538} INFO - Filling up the DagBag from /home/airflow/.local/lib/python3.7/site-packages/airflow/example_dags/example_external_task_marker_dag.py
[2023-02-19T22:02:14.419+0000] {processor.py:753} INFO - DAG(s) dict_keys(['example_external_task_marker_parent', 'example_external_task_marker_child']) retrieved from /home/airflow/.local/lib/python3.7/site-packages/airflow/example_dags/example_external_task_marker_dag.py
[2023-02-19T22:02:14.457+0000] {logging_mixin.py:137} INFO - [2023-02-19T22:02:14.456+0000] {dag.py:2690} INFO - Sync 2 DAGs
[2023-02-19T22:02:14.488+0000] {logging_mixin.py:137} INFO - [2023-02-19T22:02:14.487+0000] {dag.py:3441} INFO - Setting next_dagrun for example_external_task_marker_child to None, run_after=None
[2023-02-19T22:02:14.493+0000] {logging_mixin.py:137} INFO - [2023-02-19T22:02:14.493+0000] {dag.py:3441} INFO - Setting next_dagrun for example_external_task_marker_parent to None, run_after=None
[2023-02-19T22:02:14.516+0000] {processor.py:175} INFO - Processing /home/airflow/.local/lib/python3.7/site-packages/airflow/example_dags/example_external_task_marker_dag.py took 0.124 seconds
