[2023-02-19T20:10:40.818+0000] {processor.py:153} INFO - Started process (PID=67) to work on /home/airflow/.local/lib/python3.7/site-packages/airflow/example_dags/example_task_group_decorator.py
[2023-02-19T20:10:40.836+0000] {processor.py:743} INFO - Processing file /home/airflow/.local/lib/python3.7/site-packages/airflow/example_dags/example_task_group_decorator.py for tasks to queue
[2023-02-19T20:10:40.859+0000] {logging_mixin.py:137} INFO - [2023-02-19T20:10:40.857+0000] {dagbag.py:538} INFO - Filling up the DagBag from /home/airflow/.local/lib/python3.7/site-packages/airflow/example_dags/example_task_group_decorator.py
[2023-02-19T20:10:40.988+0000] {processor.py:753} INFO - DAG(s) dict_keys(['example_task_group_decorator']) retrieved from /home/airflow/.local/lib/python3.7/site-packages/airflow/example_dags/example_task_group_decorator.py
[2023-02-19T20:10:41.033+0000] {logging_mixin.py:137} INFO - [2023-02-19T20:10:41.033+0000] {dag.py:2690} INFO - Sync 1 DAGs
[2023-02-19T20:10:41.125+0000] {logging_mixin.py:137} INFO - [2023-02-19T20:10:41.124+0000] {dag.py:3441} INFO - Setting next_dagrun for example_task_group_decorator to 2023-02-18T20:10:41.124424+00:00, run_after=2023-02-19T20:10:41.124424+00:00
[2023-02-19T20:10:41.173+0000] {processor.py:175} INFO - Processing /home/airflow/.local/lib/python3.7/site-packages/airflow/example_dags/example_task_group_decorator.py took 0.397 seconds
[2023-02-19T20:11:11.248+0000] {processor.py:153} INFO - Started process (PID=130) to work on /home/airflow/.local/lib/python3.7/site-packages/airflow/example_dags/example_task_group_decorator.py
[2023-02-19T20:11:11.251+0000] {processor.py:743} INFO - Processing file /home/airflow/.local/lib/python3.7/site-packages/airflow/example_dags/example_task_group_decorator.py for tasks to queue
[2023-02-19T20:11:11.254+0000] {logging_mixin.py:137} INFO - [2023-02-19T20:11:11.254+0000] {dagbag.py:538} INFO - Filling up the DagBag from /home/airflow/.local/lib/python3.7/site-packages/airflow/example_dags/example_task_group_decorator.py
[2023-02-19T20:11:11.307+0000] {processor.py:753} INFO - DAG(s) dict_keys(['example_task_group_decorator']) retrieved from /home/airflow/.local/lib/python3.7/site-packages/airflow/example_dags/example_task_group_decorator.py
[2023-02-19T20:11:11.326+0000] {logging_mixin.py:137} INFO - [2023-02-19T20:11:11.326+0000] {dag.py:2690} INFO - Sync 1 DAGs
[2023-02-19T20:11:11.360+0000] {logging_mixin.py:137} INFO - [2023-02-19T20:11:11.360+0000] {dag.py:3441} INFO - Setting next_dagrun for example_task_group_decorator to 2023-02-18T20:11:11.359917+00:00, run_after=2023-02-19T20:11:11.359917+00:00
[2023-02-19T20:11:11.384+0000] {processor.py:175} INFO - Processing /home/airflow/.local/lib/python3.7/site-packages/airflow/example_dags/example_task_group_decorator.py took 0.142 seconds
[2023-02-19T20:11:41.536+0000] {processor.py:153} INFO - Started process (PID=200) to work on /home/airflow/.local/lib/python3.7/site-packages/airflow/example_dags/example_task_group_decorator.py
[2023-02-19T20:11:41.538+0000] {processor.py:743} INFO - Processing file /home/airflow/.local/lib/python3.7/site-packages/airflow/example_dags/example_task_group_decorator.py for tasks to queue
[2023-02-19T20:11:41.540+0000] {logging_mixin.py:137} INFO - [2023-02-19T20:11:41.539+0000] {dagbag.py:538} INFO - Filling up the DagBag from /home/airflow/.local/lib/python3.7/site-packages/airflow/example_dags/example_task_group_decorator.py
[2023-02-19T20:11:41.582+0000] {processor.py:753} INFO - DAG(s) dict_keys(['example_task_group_decorator']) retrieved from /home/airflow/.local/lib/python3.7/site-packages/airflow/example_dags/example_task_group_decorator.py
[2023-02-19T20:11:41.622+0000] {logging_mixin.py:137} INFO - [2023-02-19T20:11:41.622+0000] {dag.py:2690} INFO - Sync 1 DAGs
[2023-02-19T20:11:41.660+0000] {logging_mixin.py:137} INFO - [2023-02-19T20:11:41.659+0000] {dag.py:3441} INFO - Setting next_dagrun for example_task_group_decorator to 2023-02-18T20:11:41.659684+00:00, run_after=2023-02-19T20:11:41.659684+00:00
[2023-02-19T20:11:41.686+0000] {processor.py:175} INFO - Processing /home/airflow/.local/lib/python3.7/site-packages/airflow/example_dags/example_task_group_decorator.py took 0.156 seconds
[2023-02-19T20:12:12.337+0000] {processor.py:153} INFO - Started process (PID=269) to work on /home/airflow/.local/lib/python3.7/site-packages/airflow/example_dags/example_task_group_decorator.py
[2023-02-19T20:12:12.339+0000] {processor.py:743} INFO - Processing file /home/airflow/.local/lib/python3.7/site-packages/airflow/example_dags/example_task_group_decorator.py for tasks to queue
[2023-02-19T20:12:12.341+0000] {logging_mixin.py:137} INFO - [2023-02-19T20:12:12.341+0000] {dagbag.py:538} INFO - Filling up the DagBag from /home/airflow/.local/lib/python3.7/site-packages/airflow/example_dags/example_task_group_decorator.py
[2023-02-19T20:12:12.377+0000] {processor.py:753} INFO - DAG(s) dict_keys(['example_task_group_decorator']) retrieved from /home/airflow/.local/lib/python3.7/site-packages/airflow/example_dags/example_task_group_decorator.py
[2023-02-19T20:12:12.413+0000] {logging_mixin.py:137} INFO - [2023-02-19T20:12:12.413+0000] {dag.py:2690} INFO - Sync 1 DAGs
[2023-02-19T20:12:12.449+0000] {logging_mixin.py:137} INFO - [2023-02-19T20:12:12.448+0000] {dag.py:3441} INFO - Setting next_dagrun for example_task_group_decorator to 2023-02-18T20:12:12.448611+00:00, run_after=2023-02-19T20:12:12.448611+00:00
[2023-02-19T20:12:12.474+0000] {processor.py:175} INFO - Processing /home/airflow/.local/lib/python3.7/site-packages/airflow/example_dags/example_task_group_decorator.py took 0.143 seconds
[2023-02-19T20:12:42.724+0000] {processor.py:153} INFO - Started process (PID=332) to work on /home/airflow/.local/lib/python3.7/site-packages/airflow/example_dags/example_task_group_decorator.py
[2023-02-19T20:12:42.726+0000] {processor.py:743} INFO - Processing file /home/airflow/.local/lib/python3.7/site-packages/airflow/example_dags/example_task_group_decorator.py for tasks to queue
[2023-02-19T20:12:42.728+0000] {logging_mixin.py:137} INFO - [2023-02-19T20:12:42.728+0000] {dagbag.py:538} INFO - Filling up the DagBag from /home/airflow/.local/lib/python3.7/site-packages/airflow/example_dags/example_task_group_decorator.py
[2023-02-19T20:12:42.786+0000] {processor.py:753} INFO - DAG(s) dict_keys(['example_task_group_decorator']) retrieved from /home/airflow/.local/lib/python3.7/site-packages/airflow/example_dags/example_task_group_decorator.py
[2023-02-19T20:12:42.827+0000] {logging_mixin.py:137} INFO - [2023-02-19T20:12:42.827+0000] {dag.py:2690} INFO - Sync 1 DAGs
[2023-02-19T20:12:42.861+0000] {logging_mixin.py:137} INFO - [2023-02-19T20:12:42.861+0000] {dag.py:3441} INFO - Setting next_dagrun for example_task_group_decorator to 2023-02-18T20:12:42.860950+00:00, run_after=2023-02-19T20:12:42.860950+00:00
[2023-02-19T20:12:42.889+0000] {processor.py:175} INFO - Processing /home/airflow/.local/lib/python3.7/site-packages/airflow/example_dags/example_task_group_decorator.py took 0.170 seconds
[2023-02-19T20:13:13.319+0000] {processor.py:153} INFO - Started process (PID=407) to work on /home/airflow/.local/lib/python3.7/site-packages/airflow/example_dags/example_task_group_decorator.py
[2023-02-19T20:13:13.322+0000] {processor.py:743} INFO - Processing file /home/airflow/.local/lib/python3.7/site-packages/airflow/example_dags/example_task_group_decorator.py for tasks to queue
[2023-02-19T20:13:13.324+0000] {logging_mixin.py:137} INFO - [2023-02-19T20:13:13.324+0000] {dagbag.py:538} INFO - Filling up the DagBag from /home/airflow/.local/lib/python3.7/site-packages/airflow/example_dags/example_task_group_decorator.py
[2023-02-19T20:13:13.360+0000] {processor.py:753} INFO - DAG(s) dict_keys(['example_task_group_decorator']) retrieved from /home/airflow/.local/lib/python3.7/site-packages/airflow/example_dags/example_task_group_decorator.py
[2023-02-19T20:13:13.395+0000] {logging_mixin.py:137} INFO - [2023-02-19T20:13:13.395+0000] {dag.py:2690} INFO - Sync 1 DAGs
[2023-02-19T20:13:13.426+0000] {logging_mixin.py:137} INFO - [2023-02-19T20:13:13.426+0000] {dag.py:3441} INFO - Setting next_dagrun for example_task_group_decorator to 2023-02-18T20:13:13.426072+00:00, run_after=2023-02-19T20:13:13.426072+00:00
[2023-02-19T20:13:13.453+0000] {processor.py:175} INFO - Processing /home/airflow/.local/lib/python3.7/site-packages/airflow/example_dags/example_task_group_decorator.py took 0.139 seconds
[2023-02-19T20:13:43.652+0000] {processor.py:153} INFO - Started process (PID=470) to work on /home/airflow/.local/lib/python3.7/site-packages/airflow/example_dags/example_task_group_decorator.py
[2023-02-19T20:13:43.655+0000] {processor.py:743} INFO - Processing file /home/airflow/.local/lib/python3.7/site-packages/airflow/example_dags/example_task_group_decorator.py for tasks to queue
[2023-02-19T20:13:43.657+0000] {logging_mixin.py:137} INFO - [2023-02-19T20:13:43.656+0000] {dagbag.py:538} INFO - Filling up the DagBag from /home/airflow/.local/lib/python3.7/site-packages/airflow/example_dags/example_task_group_decorator.py
[2023-02-19T20:13:43.708+0000] {processor.py:753} INFO - DAG(s) dict_keys(['example_task_group_decorator']) retrieved from /home/airflow/.local/lib/python3.7/site-packages/airflow/example_dags/example_task_group_decorator.py
[2023-02-19T20:13:43.750+0000] {logging_mixin.py:137} INFO - [2023-02-19T20:13:43.750+0000] {dag.py:2690} INFO - Sync 1 DAGs
[2023-02-19T20:13:43.797+0000] {logging_mixin.py:137} INFO - [2023-02-19T20:13:43.797+0000] {dag.py:3441} INFO - Setting next_dagrun for example_task_group_decorator to 2023-02-18T20:13:43.797145+00:00, run_after=2023-02-19T20:13:43.797145+00:00
[2023-02-19T20:13:43.825+0000] {processor.py:175} INFO - Processing /home/airflow/.local/lib/python3.7/site-packages/airflow/example_dags/example_task_group_decorator.py took 0.179 seconds
[2023-02-19T20:14:14.078+0000] {processor.py:153} INFO - Started process (PID=533) to work on /home/airflow/.local/lib/python3.7/site-packages/airflow/example_dags/example_task_group_decorator.py
[2023-02-19T20:14:14.081+0000] {processor.py:743} INFO - Processing file /home/airflow/.local/lib/python3.7/site-packages/airflow/example_dags/example_task_group_decorator.py for tasks to queue
[2023-02-19T20:14:14.083+0000] {logging_mixin.py:137} INFO - [2023-02-19T20:14:14.083+0000] {dagbag.py:538} INFO - Filling up the DagBag from /home/airflow/.local/lib/python3.7/site-packages/airflow/example_dags/example_task_group_decorator.py
[2023-02-19T20:14:14.122+0000] {processor.py:753} INFO - DAG(s) dict_keys(['example_task_group_decorator']) retrieved from /home/airflow/.local/lib/python3.7/site-packages/airflow/example_dags/example_task_group_decorator.py
[2023-02-19T20:14:14.156+0000] {logging_mixin.py:137} INFO - [2023-02-19T20:14:14.156+0000] {dag.py:2690} INFO - Sync 1 DAGs
[2023-02-19T20:14:14.187+0000] {logging_mixin.py:137} INFO - [2023-02-19T20:14:14.187+0000] {dag.py:3441} INFO - Setting next_dagrun for example_task_group_decorator to 2023-02-18T20:14:14.186921+00:00, run_after=2023-02-19T20:14:14.186921+00:00
[2023-02-19T20:14:14.212+0000] {processor.py:175} INFO - Processing /home/airflow/.local/lib/python3.7/site-packages/airflow/example_dags/example_task_group_decorator.py took 0.138 seconds
[2023-02-19T20:14:44.771+0000] {processor.py:153} INFO - Started process (PID=608) to work on /home/airflow/.local/lib/python3.7/site-packages/airflow/example_dags/example_task_group_decorator.py
[2023-02-19T20:14:44.774+0000] {processor.py:743} INFO - Processing file /home/airflow/.local/lib/python3.7/site-packages/airflow/example_dags/example_task_group_decorator.py for tasks to queue
[2023-02-19T20:14:44.776+0000] {logging_mixin.py:137} INFO - [2023-02-19T20:14:44.775+0000] {dagbag.py:538} INFO - Filling up the DagBag from /home/airflow/.local/lib/python3.7/site-packages/airflow/example_dags/example_task_group_decorator.py
[2023-02-19T20:14:44.812+0000] {processor.py:753} INFO - DAG(s) dict_keys(['example_task_group_decorator']) retrieved from /home/airflow/.local/lib/python3.7/site-packages/airflow/example_dags/example_task_group_decorator.py
[2023-02-19T20:14:44.846+0000] {logging_mixin.py:137} INFO - [2023-02-19T20:14:44.846+0000] {dag.py:2690} INFO - Sync 1 DAGs
[2023-02-19T20:14:44.878+0000] {logging_mixin.py:137} INFO - [2023-02-19T20:14:44.878+0000] {dag.py:3441} INFO - Setting next_dagrun for example_task_group_decorator to 2023-02-18T20:14:44.878378+00:00, run_after=2023-02-19T20:14:44.878378+00:00
[2023-02-19T20:14:44.901+0000] {processor.py:175} INFO - Processing /home/airflow/.local/lib/python3.7/site-packages/airflow/example_dags/example_task_group_decorator.py took 0.135 seconds
[2023-02-19T20:15:15.620+0000] {processor.py:153} INFO - Started process (PID=671) to work on /home/airflow/.local/lib/python3.7/site-packages/airflow/example_dags/example_task_group_decorator.py
[2023-02-19T20:15:15.622+0000] {processor.py:743} INFO - Processing file /home/airflow/.local/lib/python3.7/site-packages/airflow/example_dags/example_task_group_decorator.py for tasks to queue
[2023-02-19T20:15:15.624+0000] {logging_mixin.py:137} INFO - [2023-02-19T20:15:15.624+0000] {dagbag.py:538} INFO - Filling up the DagBag from /home/airflow/.local/lib/python3.7/site-packages/airflow/example_dags/example_task_group_decorator.py
[2023-02-19T20:15:15.662+0000] {processor.py:753} INFO - DAG(s) dict_keys(['example_task_group_decorator']) retrieved from /home/airflow/.local/lib/python3.7/site-packages/airflow/example_dags/example_task_group_decorator.py
[2023-02-19T20:15:15.698+0000] {logging_mixin.py:137} INFO - [2023-02-19T20:15:15.697+0000] {dag.py:2690} INFO - Sync 1 DAGs
[2023-02-19T20:15:15.729+0000] {logging_mixin.py:137} INFO - [2023-02-19T20:15:15.729+0000] {dag.py:3441} INFO - Setting next_dagrun for example_task_group_decorator to 2023-02-18T20:15:15.728882+00:00, run_after=2023-02-19T20:15:15.728882+00:00
[2023-02-19T20:15:15.753+0000] {processor.py:175} INFO - Processing /home/airflow/.local/lib/python3.7/site-packages/airflow/example_dags/example_task_group_decorator.py took 0.139 seconds
[2023-02-19T20:15:46.232+0000] {processor.py:153} INFO - Started process (PID=747) to work on /home/airflow/.local/lib/python3.7/site-packages/airflow/example_dags/example_task_group_decorator.py
[2023-02-19T20:15:46.234+0000] {processor.py:743} INFO - Processing file /home/airflow/.local/lib/python3.7/site-packages/airflow/example_dags/example_task_group_decorator.py for tasks to queue
[2023-02-19T20:15:46.235+0000] {logging_mixin.py:137} INFO - [2023-02-19T20:15:46.235+0000] {dagbag.py:538} INFO - Filling up the DagBag from /home/airflow/.local/lib/python3.7/site-packages/airflow/example_dags/example_task_group_decorator.py
[2023-02-19T20:15:46.272+0000] {processor.py:753} INFO - DAG(s) dict_keys(['example_task_group_decorator']) retrieved from /home/airflow/.local/lib/python3.7/site-packages/airflow/example_dags/example_task_group_decorator.py
[2023-02-19T20:15:46.304+0000] {logging_mixin.py:137} INFO - [2023-02-19T20:15:46.304+0000] {dag.py:2690} INFO - Sync 1 DAGs
[2023-02-19T20:15:46.336+0000] {logging_mixin.py:137} INFO - [2023-02-19T20:15:46.336+0000] {dag.py:3441} INFO - Setting next_dagrun for example_task_group_decorator to 2023-02-18T20:15:46.336225+00:00, run_after=2023-02-19T20:15:46.336225+00:00
[2023-02-19T20:15:46.360+0000] {processor.py:175} INFO - Processing /home/airflow/.local/lib/python3.7/site-packages/airflow/example_dags/example_task_group_decorator.py took 0.132 seconds
[2023-02-19T20:16:16.899+0000] {processor.py:153} INFO - Started process (PID=811) to work on /home/airflow/.local/lib/python3.7/site-packages/airflow/example_dags/example_task_group_decorator.py
[2023-02-19T20:16:16.902+0000] {processor.py:743} INFO - Processing file /home/airflow/.local/lib/python3.7/site-packages/airflow/example_dags/example_task_group_decorator.py for tasks to queue
[2023-02-19T20:16:16.904+0000] {logging_mixin.py:137} INFO - [2023-02-19T20:16:16.904+0000] {dagbag.py:538} INFO - Filling up the DagBag from /home/airflow/.local/lib/python3.7/site-packages/airflow/example_dags/example_task_group_decorator.py
[2023-02-19T20:16:16.942+0000] {processor.py:753} INFO - DAG(s) dict_keys(['example_task_group_decorator']) retrieved from /home/airflow/.local/lib/python3.7/site-packages/airflow/example_dags/example_task_group_decorator.py
[2023-02-19T20:16:16.980+0000] {logging_mixin.py:137} INFO - [2023-02-19T20:16:16.980+0000] {dag.py:2690} INFO - Sync 1 DAGs
[2023-02-19T20:16:17.012+0000] {logging_mixin.py:137} INFO - [2023-02-19T20:16:17.012+0000] {dag.py:3441} INFO - Setting next_dagrun for example_task_group_decorator to 2023-02-18T20:16:17.011727+00:00, run_after=2023-02-19T20:16:17.011727+00:00
[2023-02-19T20:16:17.036+0000] {processor.py:175} INFO - Processing /home/airflow/.local/lib/python3.7/site-packages/airflow/example_dags/example_task_group_decorator.py took 0.142 seconds
[2023-02-19T20:16:47.562+0000] {processor.py:153} INFO - Started process (PID=886) to work on /home/airflow/.local/lib/python3.7/site-packages/airflow/example_dags/example_task_group_decorator.py
[2023-02-19T20:16:47.565+0000] {processor.py:743} INFO - Processing file /home/airflow/.local/lib/python3.7/site-packages/airflow/example_dags/example_task_group_decorator.py for tasks to queue
[2023-02-19T20:16:47.567+0000] {logging_mixin.py:137} INFO - [2023-02-19T20:16:47.566+0000] {dagbag.py:538} INFO - Filling up the DagBag from /home/airflow/.local/lib/python3.7/site-packages/airflow/example_dags/example_task_group_decorator.py
[2023-02-19T20:16:47.603+0000] {processor.py:753} INFO - DAG(s) dict_keys(['example_task_group_decorator']) retrieved from /home/airflow/.local/lib/python3.7/site-packages/airflow/example_dags/example_task_group_decorator.py
[2023-02-19T20:16:47.638+0000] {logging_mixin.py:137} INFO - [2023-02-19T20:16:47.638+0000] {dag.py:2690} INFO - Sync 1 DAGs
[2023-02-19T20:16:47.669+0000] {logging_mixin.py:137} INFO - [2023-02-19T20:16:47.669+0000] {dag.py:3441} INFO - Setting next_dagrun for example_task_group_decorator to 2023-02-18T20:16:47.669112+00:00, run_after=2023-02-19T20:16:47.669112+00:00
[2023-02-19T20:16:47.693+0000] {processor.py:175} INFO - Processing /home/airflow/.local/lib/python3.7/site-packages/airflow/example_dags/example_task_group_decorator.py took 0.135 seconds
[2023-02-19T20:17:18.299+0000] {processor.py:153} INFO - Started process (PID=949) to work on /home/airflow/.local/lib/python3.7/site-packages/airflow/example_dags/example_task_group_decorator.py
[2023-02-19T20:17:18.301+0000] {processor.py:743} INFO - Processing file /home/airflow/.local/lib/python3.7/site-packages/airflow/example_dags/example_task_group_decorator.py for tasks to queue
[2023-02-19T20:17:18.303+0000] {logging_mixin.py:137} INFO - [2023-02-19T20:17:18.303+0000] {dagbag.py:538} INFO - Filling up the DagBag from /home/airflow/.local/lib/python3.7/site-packages/airflow/example_dags/example_task_group_decorator.py
[2023-02-19T20:17:18.338+0000] {processor.py:753} INFO - DAG(s) dict_keys(['example_task_group_decorator']) retrieved from /home/airflow/.local/lib/python3.7/site-packages/airflow/example_dags/example_task_group_decorator.py
[2023-02-19T20:17:18.373+0000] {logging_mixin.py:137} INFO - [2023-02-19T20:17:18.373+0000] {dag.py:2690} INFO - Sync 1 DAGs
[2023-02-19T20:17:18.406+0000] {logging_mixin.py:137} INFO - [2023-02-19T20:17:18.405+0000] {dag.py:3441} INFO - Setting next_dagrun for example_task_group_decorator to 2023-02-18T20:17:18.405611+00:00, run_after=2023-02-19T20:17:18.405611+00:00
[2023-02-19T20:17:18.429+0000] {processor.py:175} INFO - Processing /home/airflow/.local/lib/python3.7/site-packages/airflow/example_dags/example_task_group_decorator.py took 0.135 seconds
[2023-02-19T20:17:49.171+0000] {processor.py:153} INFO - Started process (PID=1024) to work on /home/airflow/.local/lib/python3.7/site-packages/airflow/example_dags/example_task_group_decorator.py
[2023-02-19T20:17:49.175+0000] {processor.py:743} INFO - Processing file /home/airflow/.local/lib/python3.7/site-packages/airflow/example_dags/example_task_group_decorator.py for tasks to queue
[2023-02-19T20:17:49.178+0000] {logging_mixin.py:137} INFO - [2023-02-19T20:17:49.177+0000] {dagbag.py:538} INFO - Filling up the DagBag from /home/airflow/.local/lib/python3.7/site-packages/airflow/example_dags/example_task_group_decorator.py
[2023-02-19T20:17:49.216+0000] {processor.py:753} INFO - DAG(s) dict_keys(['example_task_group_decorator']) retrieved from /home/airflow/.local/lib/python3.7/site-packages/airflow/example_dags/example_task_group_decorator.py
[2023-02-19T20:17:49.253+0000] {logging_mixin.py:137} INFO - [2023-02-19T20:17:49.253+0000] {dag.py:2690} INFO - Sync 1 DAGs
[2023-02-19T20:17:49.286+0000] {logging_mixin.py:137} INFO - [2023-02-19T20:17:49.286+0000] {dag.py:3441} INFO - Setting next_dagrun for example_task_group_decorator to 2023-02-18T20:17:49.286020+00:00, run_after=2023-02-19T20:17:49.286020+00:00
[2023-02-19T20:17:49.312+0000] {processor.py:175} INFO - Processing /home/airflow/.local/lib/python3.7/site-packages/airflow/example_dags/example_task_group_decorator.py took 0.148 seconds
[2023-02-19T20:18:19.602+0000] {processor.py:153} INFO - Started process (PID=1088) to work on /home/airflow/.local/lib/python3.7/site-packages/airflow/example_dags/example_task_group_decorator.py
[2023-02-19T20:18:19.604+0000] {processor.py:743} INFO - Processing file /home/airflow/.local/lib/python3.7/site-packages/airflow/example_dags/example_task_group_decorator.py for tasks to queue
[2023-02-19T20:18:19.606+0000] {logging_mixin.py:137} INFO - [2023-02-19T20:18:19.606+0000] {dagbag.py:538} INFO - Filling up the DagBag from /home/airflow/.local/lib/python3.7/site-packages/airflow/example_dags/example_task_group_decorator.py
[2023-02-19T20:18:19.643+0000] {processor.py:753} INFO - DAG(s) dict_keys(['example_task_group_decorator']) retrieved from /home/airflow/.local/lib/python3.7/site-packages/airflow/example_dags/example_task_group_decorator.py
[2023-02-19T20:18:19.681+0000] {logging_mixin.py:137} INFO - [2023-02-19T20:18:19.681+0000] {dag.py:2690} INFO - Sync 1 DAGs
[2023-02-19T20:18:19.714+0000] {logging_mixin.py:137} INFO - [2023-02-19T20:18:19.714+0000] {dag.py:3441} INFO - Setting next_dagrun for example_task_group_decorator to 2023-02-18T20:18:19.714072+00:00, run_after=2023-02-19T20:18:19.714072+00:00
[2023-02-19T20:18:19.737+0000] {processor.py:175} INFO - Processing /home/airflow/.local/lib/python3.7/site-packages/airflow/example_dags/example_task_group_decorator.py took 0.139 seconds
[2023-02-19T20:18:50.353+0000] {processor.py:153} INFO - Started process (PID=1159) to work on /home/airflow/.local/lib/python3.7/site-packages/airflow/example_dags/example_task_group_decorator.py
[2023-02-19T20:18:50.356+0000] {processor.py:743} INFO - Processing file /home/airflow/.local/lib/python3.7/site-packages/airflow/example_dags/example_task_group_decorator.py for tasks to queue
[2023-02-19T20:18:50.358+0000] {logging_mixin.py:137} INFO - [2023-02-19T20:18:50.358+0000] {dagbag.py:538} INFO - Filling up the DagBag from /home/airflow/.local/lib/python3.7/site-packages/airflow/example_dags/example_task_group_decorator.py
[2023-02-19T20:18:50.406+0000] {processor.py:753} INFO - DAG(s) dict_keys(['example_task_group_decorator']) retrieved from /home/airflow/.local/lib/python3.7/site-packages/airflow/example_dags/example_task_group_decorator.py
[2023-02-19T20:18:50.443+0000] {logging_mixin.py:137} INFO - [2023-02-19T20:18:50.442+0000] {dag.py:2690} INFO - Sync 1 DAGs
[2023-02-19T20:18:50.476+0000] {logging_mixin.py:137} INFO - [2023-02-19T20:18:50.476+0000] {dag.py:3441} INFO - Setting next_dagrun for example_task_group_decorator to 2023-02-18T20:18:50.475968+00:00, run_after=2023-02-19T20:18:50.475968+00:00
[2023-02-19T20:18:50.501+0000] {processor.py:175} INFO - Processing /home/airflow/.local/lib/python3.7/site-packages/airflow/example_dags/example_task_group_decorator.py took 0.153 seconds
[2023-02-19T20:19:21.050+0000] {processor.py:153} INFO - Started process (PID=1225) to work on /home/airflow/.local/lib/python3.7/site-packages/airflow/example_dags/example_task_group_decorator.py
[2023-02-19T20:19:21.052+0000] {processor.py:743} INFO - Processing file /home/airflow/.local/lib/python3.7/site-packages/airflow/example_dags/example_task_group_decorator.py for tasks to queue
[2023-02-19T20:19:21.054+0000] {logging_mixin.py:137} INFO - [2023-02-19T20:19:21.054+0000] {dagbag.py:538} INFO - Filling up the DagBag from /home/airflow/.local/lib/python3.7/site-packages/airflow/example_dags/example_task_group_decorator.py
[2023-02-19T20:19:21.093+0000] {processor.py:753} INFO - DAG(s) dict_keys(['example_task_group_decorator']) retrieved from /home/airflow/.local/lib/python3.7/site-packages/airflow/example_dags/example_task_group_decorator.py
[2023-02-19T20:19:21.126+0000] {logging_mixin.py:137} INFO - [2023-02-19T20:19:21.126+0000] {dag.py:2690} INFO - Sync 1 DAGs
[2023-02-19T20:19:21.158+0000] {logging_mixin.py:137} INFO - [2023-02-19T20:19:21.158+0000] {dag.py:3441} INFO - Setting next_dagrun for example_task_group_decorator to 2023-02-18T20:19:21.157946+00:00, run_after=2023-02-19T20:19:21.157946+00:00
[2023-02-19T20:19:21.181+0000] {processor.py:175} INFO - Processing /home/airflow/.local/lib/python3.7/site-packages/airflow/example_dags/example_task_group_decorator.py took 0.136 seconds
[2023-02-19T20:19:51.564+0000] {processor.py:153} INFO - Started process (PID=1288) to work on /home/airflow/.local/lib/python3.7/site-packages/airflow/example_dags/example_task_group_decorator.py
[2023-02-19T20:19:51.567+0000] {processor.py:743} INFO - Processing file /home/airflow/.local/lib/python3.7/site-packages/airflow/example_dags/example_task_group_decorator.py for tasks to queue
[2023-02-19T20:19:51.572+0000] {logging_mixin.py:137} INFO - [2023-02-19T20:19:51.571+0000] {dagbag.py:538} INFO - Filling up the DagBag from /home/airflow/.local/lib/python3.7/site-packages/airflow/example_dags/example_task_group_decorator.py
[2023-02-19T20:19:51.638+0000] {processor.py:753} INFO - DAG(s) dict_keys(['example_task_group_decorator']) retrieved from /home/airflow/.local/lib/python3.7/site-packages/airflow/example_dags/example_task_group_decorator.py
[2023-02-19T20:19:51.683+0000] {logging_mixin.py:137} INFO - [2023-02-19T20:19:51.682+0000] {dag.py:2690} INFO - Sync 1 DAGs
[2023-02-19T20:19:51.726+0000] {logging_mixin.py:137} INFO - [2023-02-19T20:19:51.726+0000] {dag.py:3441} INFO - Setting next_dagrun for example_task_group_decorator to 2023-02-18T20:19:51.725642+00:00, run_after=2023-02-19T20:19:51.725642+00:00
[2023-02-19T20:19:51.762+0000] {processor.py:175} INFO - Processing /home/airflow/.local/lib/python3.7/site-packages/airflow/example_dags/example_task_group_decorator.py took 0.206 seconds
[2023-02-19T20:20:22.254+0000] {processor.py:153} INFO - Started process (PID=1364) to work on /home/airflow/.local/lib/python3.7/site-packages/airflow/example_dags/example_task_group_decorator.py
[2023-02-19T20:20:22.257+0000] {processor.py:743} INFO - Processing file /home/airflow/.local/lib/python3.7/site-packages/airflow/example_dags/example_task_group_decorator.py for tasks to queue
[2023-02-19T20:20:22.259+0000] {logging_mixin.py:137} INFO - [2023-02-19T20:20:22.259+0000] {dagbag.py:538} INFO - Filling up the DagBag from /home/airflow/.local/lib/python3.7/site-packages/airflow/example_dags/example_task_group_decorator.py
[2023-02-19T20:20:22.298+0000] {processor.py:753} INFO - DAG(s) dict_keys(['example_task_group_decorator']) retrieved from /home/airflow/.local/lib/python3.7/site-packages/airflow/example_dags/example_task_group_decorator.py
[2023-02-19T20:20:22.331+0000] {logging_mixin.py:137} INFO - [2023-02-19T20:20:22.331+0000] {dag.py:2690} INFO - Sync 1 DAGs
[2023-02-19T20:20:22.362+0000] {logging_mixin.py:137} INFO - [2023-02-19T20:20:22.362+0000] {dag.py:3441} INFO - Setting next_dagrun for example_task_group_decorator to 2023-02-18T20:20:22.362339+00:00, run_after=2023-02-19T20:20:22.362339+00:00
[2023-02-19T20:20:22.386+0000] {processor.py:175} INFO - Processing /home/airflow/.local/lib/python3.7/site-packages/airflow/example_dags/example_task_group_decorator.py took 0.136 seconds
[2023-02-19T20:20:52.937+0000] {processor.py:153} INFO - Started process (PID=1428) to work on /home/airflow/.local/lib/python3.7/site-packages/airflow/example_dags/example_task_group_decorator.py
[2023-02-19T20:20:52.940+0000] {processor.py:743} INFO - Processing file /home/airflow/.local/lib/python3.7/site-packages/airflow/example_dags/example_task_group_decorator.py for tasks to queue
[2023-02-19T20:20:52.944+0000] {logging_mixin.py:137} INFO - [2023-02-19T20:20:52.943+0000] {dagbag.py:538} INFO - Filling up the DagBag from /home/airflow/.local/lib/python3.7/site-packages/airflow/example_dags/example_task_group_decorator.py
[2023-02-19T20:20:52.983+0000] {processor.py:753} INFO - DAG(s) dict_keys(['example_task_group_decorator']) retrieved from /home/airflow/.local/lib/python3.7/site-packages/airflow/example_dags/example_task_group_decorator.py
[2023-02-19T20:20:53.021+0000] {logging_mixin.py:137} INFO - [2023-02-19T20:20:53.021+0000] {dag.py:2690} INFO - Sync 1 DAGs
[2023-02-19T20:20:53.055+0000] {logging_mixin.py:137} INFO - [2023-02-19T20:20:53.055+0000] {dag.py:3441} INFO - Setting next_dagrun for example_task_group_decorator to 2023-02-18T20:20:53.055230+00:00, run_after=2023-02-19T20:20:53.055230+00:00
[2023-02-19T20:20:53.084+0000] {processor.py:175} INFO - Processing /home/airflow/.local/lib/python3.7/site-packages/airflow/example_dags/example_task_group_decorator.py took 0.157 seconds
[2023-02-19T20:21:24.651+0000] {processor.py:153} INFO - Started process (PID=1502) to work on /home/airflow/.local/lib/python3.7/site-packages/airflow/example_dags/example_task_group_decorator.py
[2023-02-19T20:21:24.654+0000] {processor.py:743} INFO - Processing file /home/airflow/.local/lib/python3.7/site-packages/airflow/example_dags/example_task_group_decorator.py for tasks to queue
[2023-02-19T20:21:24.657+0000] {logging_mixin.py:137} INFO - [2023-02-19T20:21:24.657+0000] {dagbag.py:538} INFO - Filling up the DagBag from /home/airflow/.local/lib/python3.7/site-packages/airflow/example_dags/example_task_group_decorator.py
[2023-02-19T20:21:24.711+0000] {processor.py:753} INFO - DAG(s) dict_keys(['example_task_group_decorator']) retrieved from /home/airflow/.local/lib/python3.7/site-packages/airflow/example_dags/example_task_group_decorator.py
[2023-02-19T20:21:24.755+0000] {logging_mixin.py:137} INFO - [2023-02-19T20:21:24.755+0000] {dag.py:2690} INFO - Sync 1 DAGs
[2023-02-19T20:21:24.789+0000] {logging_mixin.py:137} INFO - [2023-02-19T20:21:24.789+0000] {dag.py:3441} INFO - Setting next_dagrun for example_task_group_decorator to 2023-02-18T20:21:24.789213+00:00, run_after=2023-02-19T20:21:24.789213+00:00
[2023-02-19T20:21:24.827+0000] {processor.py:175} INFO - Processing /home/airflow/.local/lib/python3.7/site-packages/airflow/example_dags/example_task_group_decorator.py took 0.185 seconds
[2023-02-19T20:51:47.173+0000] {processor.py:153} INFO - Started process (PID=1563) to work on /home/airflow/.local/lib/python3.7/site-packages/airflow/example_dags/example_task_group_decorator.py
[2023-02-19T20:51:47.177+0000] {processor.py:743} INFO - Processing file /home/airflow/.local/lib/python3.7/site-packages/airflow/example_dags/example_task_group_decorator.py for tasks to queue
[2023-02-19T20:51:47.179+0000] {logging_mixin.py:137} INFO - [2023-02-19T20:51:47.179+0000] {dagbag.py:538} INFO - Filling up the DagBag from /home/airflow/.local/lib/python3.7/site-packages/airflow/example_dags/example_task_group_decorator.py
[2023-02-19T20:51:47.225+0000] {processor.py:753} INFO - DAG(s) dict_keys(['example_task_group_decorator']) retrieved from /home/airflow/.local/lib/python3.7/site-packages/airflow/example_dags/example_task_group_decorator.py
[2023-02-19T20:51:47.270+0000] {logging_mixin.py:137} INFO - [2023-02-19T20:51:47.270+0000] {dag.py:2690} INFO - Sync 1 DAGs
[2023-02-19T20:51:47.303+0000] {logging_mixin.py:137} INFO - [2023-02-19T20:51:47.303+0000] {dag.py:3441} INFO - Setting next_dagrun for example_task_group_decorator to 2023-02-18T20:51:47.302898+00:00, run_after=2023-02-19T20:51:47.302898+00:00
[2023-02-19T20:51:47.328+0000] {processor.py:175} INFO - Processing /home/airflow/.local/lib/python3.7/site-packages/airflow/example_dags/example_task_group_decorator.py took 0.161 seconds
[2023-02-19T21:09:24.970+0000] {processor.py:153} INFO - Started process (PID=1639) to work on /home/airflow/.local/lib/python3.7/site-packages/airflow/example_dags/example_task_group_decorator.py
[2023-02-19T21:09:24.974+0000] {processor.py:743} INFO - Processing file /home/airflow/.local/lib/python3.7/site-packages/airflow/example_dags/example_task_group_decorator.py for tasks to queue
[2023-02-19T21:09:24.977+0000] {logging_mixin.py:137} INFO - [2023-02-19T21:09:24.977+0000] {dagbag.py:538} INFO - Filling up the DagBag from /home/airflow/.local/lib/python3.7/site-packages/airflow/example_dags/example_task_group_decorator.py
[2023-02-19T21:09:25.029+0000] {processor.py:753} INFO - DAG(s) dict_keys(['example_task_group_decorator']) retrieved from /home/airflow/.local/lib/python3.7/site-packages/airflow/example_dags/example_task_group_decorator.py
[2023-02-19T21:09:25.090+0000] {logging_mixin.py:137} INFO - [2023-02-19T21:09:25.090+0000] {dag.py:2690} INFO - Sync 1 DAGs
[2023-02-19T21:09:25.143+0000] {logging_mixin.py:137} INFO - [2023-02-19T21:09:25.143+0000] {dag.py:3441} INFO - Setting next_dagrun for example_task_group_decorator to 2023-02-18T21:09:25.142677+00:00, run_after=2023-02-19T21:09:25.142677+00:00
[2023-02-19T21:09:25.194+0000] {processor.py:175} INFO - Processing /home/airflow/.local/lib/python3.7/site-packages/airflow/example_dags/example_task_group_decorator.py took 0.230 seconds
[2023-02-19T22:01:47.862+0000] {processor.py:153} INFO - Started process (PID=1713) to work on /home/airflow/.local/lib/python3.7/site-packages/airflow/example_dags/example_task_group_decorator.py
[2023-02-19T22:01:47.865+0000] {processor.py:743} INFO - Processing file /home/airflow/.local/lib/python3.7/site-packages/airflow/example_dags/example_task_group_decorator.py for tasks to queue
[2023-02-19T22:01:47.867+0000] {logging_mixin.py:137} INFO - [2023-02-19T22:01:47.867+0000] {dagbag.py:538} INFO - Filling up the DagBag from /home/airflow/.local/lib/python3.7/site-packages/airflow/example_dags/example_task_group_decorator.py
[2023-02-19T22:01:47.917+0000] {processor.py:753} INFO - DAG(s) dict_keys(['example_task_group_decorator']) retrieved from /home/airflow/.local/lib/python3.7/site-packages/airflow/example_dags/example_task_group_decorator.py
[2023-02-19T22:01:47.958+0000] {logging_mixin.py:137} INFO - [2023-02-19T22:01:47.958+0000] {dag.py:2690} INFO - Sync 1 DAGs
[2023-02-19T22:01:47.990+0000] {logging_mixin.py:137} INFO - [2023-02-19T22:01:47.990+0000] {dag.py:3441} INFO - Setting next_dagrun for example_task_group_decorator to 2023-02-18T22:01:47.990040+00:00, run_after=2023-02-19T22:01:47.990040+00:00
[2023-02-19T22:01:48.018+0000] {processor.py:175} INFO - Processing /home/airflow/.local/lib/python3.7/site-packages/airflow/example_dags/example_task_group_decorator.py took 0.163 seconds
[2023-02-19T22:02:18.831+0000] {processor.py:153} INFO - Started process (PID=1775) to work on /home/airflow/.local/lib/python3.7/site-packages/airflow/example_dags/example_task_group_decorator.py
[2023-02-19T22:02:18.835+0000] {processor.py:743} INFO - Processing file /home/airflow/.local/lib/python3.7/site-packages/airflow/example_dags/example_task_group_decorator.py for tasks to queue
[2023-02-19T22:02:18.836+0000] {logging_mixin.py:137} INFO - [2023-02-19T22:02:18.836+0000] {dagbag.py:538} INFO - Filling up the DagBag from /home/airflow/.local/lib/python3.7/site-packages/airflow/example_dags/example_task_group_decorator.py
[2023-02-19T22:02:18.877+0000] {processor.py:753} INFO - DAG(s) dict_keys(['example_task_group_decorator']) retrieved from /home/airflow/.local/lib/python3.7/site-packages/airflow/example_dags/example_task_group_decorator.py
[2023-02-19T22:02:18.916+0000] {logging_mixin.py:137} INFO - [2023-02-19T22:02:18.916+0000] {dag.py:2690} INFO - Sync 1 DAGs
[2023-02-19T22:02:18.944+0000] {logging_mixin.py:137} INFO - [2023-02-19T22:02:18.944+0000] {dag.py:3441} INFO - Setting next_dagrun for example_task_group_decorator to 2023-02-18T22:02:18.944228+00:00, run_after=2023-02-19T22:02:18.944228+00:00
[2023-02-19T22:02:18.971+0000] {processor.py:175} INFO - Processing /home/airflow/.local/lib/python3.7/site-packages/airflow/example_dags/example_task_group_decorator.py took 0.145 seconds
