[2023-02-19T20:10:37.134+0000] {processor.py:153} INFO - Started process (PID=50) to work on /home/airflow/.local/lib/python3.7/site-packages/airflow/example_dags/example_sensor_decorator.py
[2023-02-19T20:10:37.138+0000] {processor.py:743} INFO - Processing file /home/airflow/.local/lib/python3.7/site-packages/airflow/example_dags/example_sensor_decorator.py for tasks to queue
[2023-02-19T20:10:37.148+0000] {logging_mixin.py:137} INFO - [2023-02-19T20:10:37.146+0000] {dagbag.py:538} INFO - Filling up the DagBag from /home/airflow/.local/lib/python3.7/site-packages/airflow/example_dags/example_sensor_decorator.py
[2023-02-19T20:10:37.195+0000] {processor.py:753} INFO - DAG(s) dict_keys(['example_sensor_decorator']) retrieved from /home/airflow/.local/lib/python3.7/site-packages/airflow/example_dags/example_sensor_decorator.py
[2023-02-19T20:10:37.261+0000] {logging_mixin.py:137} INFO - [2023-02-19T20:10:37.261+0000] {dag.py:2690} INFO - Sync 1 DAGs
[2023-02-19T20:10:37.301+0000] {logging_mixin.py:137} INFO - [2023-02-19T20:10:37.300+0000] {dag.py:3441} INFO - Setting next_dagrun for example_sensor_decorator to None, run_after=None
[2023-02-19T20:10:37.338+0000] {processor.py:175} INFO - Processing /home/airflow/.local/lib/python3.7/site-packages/airflow/example_dags/example_sensor_decorator.py took 0.212 seconds
[2023-02-19T20:11:07.485+0000] {processor.py:153} INFO - Started process (PID=113) to work on /home/airflow/.local/lib/python3.7/site-packages/airflow/example_dags/example_sensor_decorator.py
[2023-02-19T20:11:07.487+0000] {processor.py:743} INFO - Processing file /home/airflow/.local/lib/python3.7/site-packages/airflow/example_dags/example_sensor_decorator.py for tasks to queue
[2023-02-19T20:11:07.489+0000] {logging_mixin.py:137} INFO - [2023-02-19T20:11:07.489+0000] {dagbag.py:538} INFO - Filling up the DagBag from /home/airflow/.local/lib/python3.7/site-packages/airflow/example_dags/example_sensor_decorator.py
[2023-02-19T20:11:07.520+0000] {processor.py:753} INFO - DAG(s) dict_keys(['example_sensor_decorator']) retrieved from /home/airflow/.local/lib/python3.7/site-packages/airflow/example_dags/example_sensor_decorator.py
[2023-02-19T20:11:07.541+0000] {logging_mixin.py:137} INFO - [2023-02-19T20:11:07.541+0000] {dag.py:2690} INFO - Sync 1 DAGs
[2023-02-19T20:11:07.580+0000] {logging_mixin.py:137} INFO - [2023-02-19T20:11:07.580+0000] {dag.py:3441} INFO - Setting next_dagrun for example_sensor_decorator to None, run_after=None
[2023-02-19T20:11:07.612+0000] {processor.py:175} INFO - Processing /home/airflow/.local/lib/python3.7/site-packages/airflow/example_dags/example_sensor_decorator.py took 0.132 seconds
[2023-02-19T20:11:37.694+0000] {processor.py:153} INFO - Started process (PID=176) to work on /home/airflow/.local/lib/python3.7/site-packages/airflow/example_dags/example_sensor_decorator.py
[2023-02-19T20:11:37.697+0000] {processor.py:743} INFO - Processing file /home/airflow/.local/lib/python3.7/site-packages/airflow/example_dags/example_sensor_decorator.py for tasks to queue
[2023-02-19T20:11:37.701+0000] {logging_mixin.py:137} INFO - [2023-02-19T20:11:37.700+0000] {dagbag.py:538} INFO - Filling up the DagBag from /home/airflow/.local/lib/python3.7/site-packages/airflow/example_dags/example_sensor_decorator.py
[2023-02-19T20:11:37.732+0000] {processor.py:753} INFO - DAG(s) dict_keys(['example_sensor_decorator']) retrieved from /home/airflow/.local/lib/python3.7/site-packages/airflow/example_dags/example_sensor_decorator.py
[2023-02-19T20:11:37.772+0000] {logging_mixin.py:137} INFO - [2023-02-19T20:11:37.772+0000] {dag.py:2690} INFO - Sync 1 DAGs
[2023-02-19T20:11:37.811+0000] {logging_mixin.py:137} INFO - [2023-02-19T20:11:37.811+0000] {dag.py:3441} INFO - Setting next_dagrun for example_sensor_decorator to None, run_after=None
[2023-02-19T20:11:37.836+0000] {processor.py:175} INFO - Processing /home/airflow/.local/lib/python3.7/site-packages/airflow/example_dags/example_sensor_decorator.py took 0.147 seconds
[2023-02-19T20:12:08.542+0000] {processor.py:153} INFO - Started process (PID=252) to work on /home/airflow/.local/lib/python3.7/site-packages/airflow/example_dags/example_sensor_decorator.py
[2023-02-19T20:12:08.547+0000] {processor.py:743} INFO - Processing file /home/airflow/.local/lib/python3.7/site-packages/airflow/example_dags/example_sensor_decorator.py for tasks to queue
[2023-02-19T20:12:08.548+0000] {logging_mixin.py:137} INFO - [2023-02-19T20:12:08.548+0000] {dagbag.py:538} INFO - Filling up the DagBag from /home/airflow/.local/lib/python3.7/site-packages/airflow/example_dags/example_sensor_decorator.py
[2023-02-19T20:12:08.577+0000] {processor.py:753} INFO - DAG(s) dict_keys(['example_sensor_decorator']) retrieved from /home/airflow/.local/lib/python3.7/site-packages/airflow/example_dags/example_sensor_decorator.py
[2023-02-19T20:12:08.609+0000] {logging_mixin.py:137} INFO - [2023-02-19T20:12:08.609+0000] {dag.py:2690} INFO - Sync 1 DAGs
[2023-02-19T20:12:08.641+0000] {logging_mixin.py:137} INFO - [2023-02-19T20:12:08.641+0000] {dag.py:3441} INFO - Setting next_dagrun for example_sensor_decorator to None, run_after=None
[2023-02-19T20:12:08.668+0000] {processor.py:175} INFO - Processing /home/airflow/.local/lib/python3.7/site-packages/airflow/example_dags/example_sensor_decorator.py took 0.131 seconds
[2023-02-19T20:12:39.465+0000] {processor.py:153} INFO - Started process (PID=315) to work on /home/airflow/.local/lib/python3.7/site-packages/airflow/example_dags/example_sensor_decorator.py
[2023-02-19T20:12:39.468+0000] {processor.py:743} INFO - Processing file /home/airflow/.local/lib/python3.7/site-packages/airflow/example_dags/example_sensor_decorator.py for tasks to queue
[2023-02-19T20:12:39.470+0000] {logging_mixin.py:137} INFO - [2023-02-19T20:12:39.470+0000] {dagbag.py:538} INFO - Filling up the DagBag from /home/airflow/.local/lib/python3.7/site-packages/airflow/example_dags/example_sensor_decorator.py
[2023-02-19T20:12:39.503+0000] {processor.py:753} INFO - DAG(s) dict_keys(['example_sensor_decorator']) retrieved from /home/airflow/.local/lib/python3.7/site-packages/airflow/example_dags/example_sensor_decorator.py
[2023-02-19T20:12:39.536+0000] {logging_mixin.py:137} INFO - [2023-02-19T20:12:39.535+0000] {dag.py:2690} INFO - Sync 1 DAGs
[2023-02-19T20:12:39.586+0000] {logging_mixin.py:137} INFO - [2023-02-19T20:12:39.586+0000] {dag.py:3441} INFO - Setting next_dagrun for example_sensor_decorator to None, run_after=None
[2023-02-19T20:12:39.626+0000] {processor.py:175} INFO - Processing /home/airflow/.local/lib/python3.7/site-packages/airflow/example_dags/example_sensor_decorator.py took 0.166 seconds
[2023-02-19T20:13:10.511+0000] {processor.py:153} INFO - Started process (PID=390) to work on /home/airflow/.local/lib/python3.7/site-packages/airflow/example_dags/example_sensor_decorator.py
[2023-02-19T20:13:10.516+0000] {processor.py:743} INFO - Processing file /home/airflow/.local/lib/python3.7/site-packages/airflow/example_dags/example_sensor_decorator.py for tasks to queue
[2023-02-19T20:13:10.519+0000] {logging_mixin.py:137} INFO - [2023-02-19T20:13:10.518+0000] {dagbag.py:538} INFO - Filling up the DagBag from /home/airflow/.local/lib/python3.7/site-packages/airflow/example_dags/example_sensor_decorator.py
[2023-02-19T20:13:10.585+0000] {processor.py:753} INFO - DAG(s) dict_keys(['example_sensor_decorator']) retrieved from /home/airflow/.local/lib/python3.7/site-packages/airflow/example_dags/example_sensor_decorator.py
[2023-02-19T20:13:10.654+0000] {logging_mixin.py:137} INFO - [2023-02-19T20:13:10.654+0000] {dag.py:2690} INFO - Sync 1 DAGs
[2023-02-19T20:13:10.704+0000] {logging_mixin.py:137} INFO - [2023-02-19T20:13:10.704+0000] {dag.py:3441} INFO - Setting next_dagrun for example_sensor_decorator to None, run_after=None
[2023-02-19T20:13:10.734+0000] {processor.py:175} INFO - Processing /home/airflow/.local/lib/python3.7/site-packages/airflow/example_dags/example_sensor_decorator.py took 0.235 seconds
[2023-02-19T20:13:41.441+0000] {processor.py:153} INFO - Started process (PID=453) to work on /home/airflow/.local/lib/python3.7/site-packages/airflow/example_dags/example_sensor_decorator.py
[2023-02-19T20:13:41.448+0000] {processor.py:743} INFO - Processing file /home/airflow/.local/lib/python3.7/site-packages/airflow/example_dags/example_sensor_decorator.py for tasks to queue
[2023-02-19T20:13:41.451+0000] {logging_mixin.py:137} INFO - [2023-02-19T20:13:41.451+0000] {dagbag.py:538} INFO - Filling up the DagBag from /home/airflow/.local/lib/python3.7/site-packages/airflow/example_dags/example_sensor_decorator.py
[2023-02-19T20:13:41.548+0000] {processor.py:753} INFO - DAG(s) dict_keys(['example_sensor_decorator']) retrieved from /home/airflow/.local/lib/python3.7/site-packages/airflow/example_dags/example_sensor_decorator.py
[2023-02-19T20:13:41.604+0000] {logging_mixin.py:137} INFO - [2023-02-19T20:13:41.603+0000] {dag.py:2690} INFO - Sync 1 DAGs
[2023-02-19T20:13:41.677+0000] {logging_mixin.py:137} INFO - [2023-02-19T20:13:41.677+0000] {dag.py:3441} INFO - Setting next_dagrun for example_sensor_decorator to None, run_after=None
[2023-02-19T20:13:41.708+0000] {processor.py:175} INFO - Processing /home/airflow/.local/lib/python3.7/site-packages/airflow/example_dags/example_sensor_decorator.py took 0.273 seconds
[2023-02-19T20:14:12.158+0000] {processor.py:153} INFO - Started process (PID=516) to work on /home/airflow/.local/lib/python3.7/site-packages/airflow/example_dags/example_sensor_decorator.py
[2023-02-19T20:14:12.161+0000] {processor.py:743} INFO - Processing file /home/airflow/.local/lib/python3.7/site-packages/airflow/example_dags/example_sensor_decorator.py for tasks to queue
[2023-02-19T20:14:12.163+0000] {logging_mixin.py:137} INFO - [2023-02-19T20:14:12.163+0000] {dagbag.py:538} INFO - Filling up the DagBag from /home/airflow/.local/lib/python3.7/site-packages/airflow/example_dags/example_sensor_decorator.py
[2023-02-19T20:14:12.202+0000] {processor.py:753} INFO - DAG(s) dict_keys(['example_sensor_decorator']) retrieved from /home/airflow/.local/lib/python3.7/site-packages/airflow/example_dags/example_sensor_decorator.py
[2023-02-19T20:14:12.253+0000] {logging_mixin.py:137} INFO - [2023-02-19T20:14:12.253+0000] {dag.py:2690} INFO - Sync 1 DAGs
[2023-02-19T20:14:12.291+0000] {logging_mixin.py:137} INFO - [2023-02-19T20:14:12.290+0000] {dag.py:3441} INFO - Setting next_dagrun for example_sensor_decorator to None, run_after=None
[2023-02-19T20:14:12.330+0000] {processor.py:175} INFO - Processing /home/airflow/.local/lib/python3.7/site-packages/airflow/example_dags/example_sensor_decorator.py took 0.178 seconds
[2023-02-19T20:14:43.218+0000] {processor.py:153} INFO - Started process (PID=591) to work on /home/airflow/.local/lib/python3.7/site-packages/airflow/example_dags/example_sensor_decorator.py
[2023-02-19T20:14:43.221+0000] {processor.py:743} INFO - Processing file /home/airflow/.local/lib/python3.7/site-packages/airflow/example_dags/example_sensor_decorator.py for tasks to queue
[2023-02-19T20:14:43.223+0000] {logging_mixin.py:137} INFO - [2023-02-19T20:14:43.223+0000] {dagbag.py:538} INFO - Filling up the DagBag from /home/airflow/.local/lib/python3.7/site-packages/airflow/example_dags/example_sensor_decorator.py
[2023-02-19T20:14:43.253+0000] {processor.py:753} INFO - DAG(s) dict_keys(['example_sensor_decorator']) retrieved from /home/airflow/.local/lib/python3.7/site-packages/airflow/example_dags/example_sensor_decorator.py
[2023-02-19T20:14:43.286+0000] {logging_mixin.py:137} INFO - [2023-02-19T20:14:43.286+0000] {dag.py:2690} INFO - Sync 1 DAGs
[2023-02-19T20:14:43.320+0000] {logging_mixin.py:137} INFO - [2023-02-19T20:14:43.320+0000] {dag.py:3441} INFO - Setting next_dagrun for example_sensor_decorator to None, run_after=None
[2023-02-19T20:14:43.344+0000] {processor.py:175} INFO - Processing /home/airflow/.local/lib/python3.7/site-packages/airflow/example_dags/example_sensor_decorator.py took 0.131 seconds
[2023-02-19T20:15:13.828+0000] {processor.py:153} INFO - Started process (PID=654) to work on /home/airflow/.local/lib/python3.7/site-packages/airflow/example_dags/example_sensor_decorator.py
[2023-02-19T20:15:13.832+0000] {processor.py:743} INFO - Processing file /home/airflow/.local/lib/python3.7/site-packages/airflow/example_dags/example_sensor_decorator.py for tasks to queue
[2023-02-19T20:15:13.835+0000] {logging_mixin.py:137} INFO - [2023-02-19T20:15:13.834+0000] {dagbag.py:538} INFO - Filling up the DagBag from /home/airflow/.local/lib/python3.7/site-packages/airflow/example_dags/example_sensor_decorator.py
[2023-02-19T20:15:13.864+0000] {processor.py:753} INFO - DAG(s) dict_keys(['example_sensor_decorator']) retrieved from /home/airflow/.local/lib/python3.7/site-packages/airflow/example_dags/example_sensor_decorator.py
[2023-02-19T20:15:13.896+0000] {logging_mixin.py:137} INFO - [2023-02-19T20:15:13.896+0000] {dag.py:2690} INFO - Sync 1 DAGs
[2023-02-19T20:15:13.928+0000] {logging_mixin.py:137} INFO - [2023-02-19T20:15:13.928+0000] {dag.py:3441} INFO - Setting next_dagrun for example_sensor_decorator to None, run_after=None
[2023-02-19T20:15:13.954+0000] {processor.py:175} INFO - Processing /home/airflow/.local/lib/python3.7/site-packages/airflow/example_dags/example_sensor_decorator.py took 0.133 seconds
[2023-02-19T20:15:44.617+0000] {processor.py:153} INFO - Started process (PID=730) to work on /home/airflow/.local/lib/python3.7/site-packages/airflow/example_dags/example_sensor_decorator.py
[2023-02-19T20:15:44.620+0000] {processor.py:743} INFO - Processing file /home/airflow/.local/lib/python3.7/site-packages/airflow/example_dags/example_sensor_decorator.py for tasks to queue
[2023-02-19T20:15:44.622+0000] {logging_mixin.py:137} INFO - [2023-02-19T20:15:44.621+0000] {dagbag.py:538} INFO - Filling up the DagBag from /home/airflow/.local/lib/python3.7/site-packages/airflow/example_dags/example_sensor_decorator.py
[2023-02-19T20:15:44.655+0000] {processor.py:753} INFO - DAG(s) dict_keys(['example_sensor_decorator']) retrieved from /home/airflow/.local/lib/python3.7/site-packages/airflow/example_dags/example_sensor_decorator.py
[2023-02-19T20:15:44.689+0000] {logging_mixin.py:137} INFO - [2023-02-19T20:15:44.689+0000] {dag.py:2690} INFO - Sync 1 DAGs
[2023-02-19T20:15:44.722+0000] {logging_mixin.py:137} INFO - [2023-02-19T20:15:44.722+0000] {dag.py:3441} INFO - Setting next_dagrun for example_sensor_decorator to None, run_after=None
[2023-02-19T20:15:44.748+0000] {processor.py:175} INFO - Processing /home/airflow/.local/lib/python3.7/site-packages/airflow/example_dags/example_sensor_decorator.py took 0.137 seconds
[2023-02-19T20:16:15.156+0000] {processor.py:153} INFO - Started process (PID=794) to work on /home/airflow/.local/lib/python3.7/site-packages/airflow/example_dags/example_sensor_decorator.py
[2023-02-19T20:16:15.159+0000] {processor.py:743} INFO - Processing file /home/airflow/.local/lib/python3.7/site-packages/airflow/example_dags/example_sensor_decorator.py for tasks to queue
[2023-02-19T20:16:15.161+0000] {logging_mixin.py:137} INFO - [2023-02-19T20:16:15.161+0000] {dagbag.py:538} INFO - Filling up the DagBag from /home/airflow/.local/lib/python3.7/site-packages/airflow/example_dags/example_sensor_decorator.py
[2023-02-19T20:16:15.192+0000] {processor.py:753} INFO - DAG(s) dict_keys(['example_sensor_decorator']) retrieved from /home/airflow/.local/lib/python3.7/site-packages/airflow/example_dags/example_sensor_decorator.py
[2023-02-19T20:16:15.226+0000] {logging_mixin.py:137} INFO - [2023-02-19T20:16:15.226+0000] {dag.py:2690} INFO - Sync 1 DAGs
[2023-02-19T20:16:15.258+0000] {logging_mixin.py:137} INFO - [2023-02-19T20:16:15.258+0000] {dag.py:3441} INFO - Setting next_dagrun for example_sensor_decorator to None, run_after=None
[2023-02-19T20:16:15.293+0000] {processor.py:175} INFO - Processing /home/airflow/.local/lib/python3.7/site-packages/airflow/example_dags/example_sensor_decorator.py took 0.144 seconds
[2023-02-19T20:16:45.858+0000] {processor.py:153} INFO - Started process (PID=869) to work on /home/airflow/.local/lib/python3.7/site-packages/airflow/example_dags/example_sensor_decorator.py
[2023-02-19T20:16:45.862+0000] {processor.py:743} INFO - Processing file /home/airflow/.local/lib/python3.7/site-packages/airflow/example_dags/example_sensor_decorator.py for tasks to queue
[2023-02-19T20:16:45.865+0000] {logging_mixin.py:137} INFO - [2023-02-19T20:16:45.864+0000] {dagbag.py:538} INFO - Filling up the DagBag from /home/airflow/.local/lib/python3.7/site-packages/airflow/example_dags/example_sensor_decorator.py
[2023-02-19T20:16:45.894+0000] {processor.py:753} INFO - DAG(s) dict_keys(['example_sensor_decorator']) retrieved from /home/airflow/.local/lib/python3.7/site-packages/airflow/example_dags/example_sensor_decorator.py
[2023-02-19T20:16:45.928+0000] {logging_mixin.py:137} INFO - [2023-02-19T20:16:45.928+0000] {dag.py:2690} INFO - Sync 1 DAGs
[2023-02-19T20:16:45.962+0000] {logging_mixin.py:137} INFO - [2023-02-19T20:16:45.962+0000] {dag.py:3441} INFO - Setting next_dagrun for example_sensor_decorator to None, run_after=None
[2023-02-19T20:16:45.987+0000] {processor.py:175} INFO - Processing /home/airflow/.local/lib/python3.7/site-packages/airflow/example_dags/example_sensor_decorator.py took 0.133 seconds
[2023-02-19T20:17:16.705+0000] {processor.py:153} INFO - Started process (PID=932) to work on /home/airflow/.local/lib/python3.7/site-packages/airflow/example_dags/example_sensor_decorator.py
[2023-02-19T20:17:16.707+0000] {processor.py:743} INFO - Processing file /home/airflow/.local/lib/python3.7/site-packages/airflow/example_dags/example_sensor_decorator.py for tasks to queue
[2023-02-19T20:17:16.710+0000] {logging_mixin.py:137} INFO - [2023-02-19T20:17:16.710+0000] {dagbag.py:538} INFO - Filling up the DagBag from /home/airflow/.local/lib/python3.7/site-packages/airflow/example_dags/example_sensor_decorator.py
[2023-02-19T20:17:16.742+0000] {processor.py:753} INFO - DAG(s) dict_keys(['example_sensor_decorator']) retrieved from /home/airflow/.local/lib/python3.7/site-packages/airflow/example_dags/example_sensor_decorator.py
[2023-02-19T20:17:16.776+0000] {logging_mixin.py:137} INFO - [2023-02-19T20:17:16.775+0000] {dag.py:2690} INFO - Sync 1 DAGs
[2023-02-19T20:17:16.808+0000] {logging_mixin.py:137} INFO - [2023-02-19T20:17:16.808+0000] {dag.py:3441} INFO - Setting next_dagrun for example_sensor_decorator to None, run_after=None
[2023-02-19T20:17:16.837+0000] {processor.py:175} INFO - Processing /home/airflow/.local/lib/python3.7/site-packages/airflow/example_dags/example_sensor_decorator.py took 0.140 seconds
[2023-02-19T20:17:47.286+0000] {processor.py:153} INFO - Started process (PID=1004) to work on /home/airflow/.local/lib/python3.7/site-packages/airflow/example_dags/example_sensor_decorator.py
[2023-02-19T20:17:47.289+0000] {processor.py:743} INFO - Processing file /home/airflow/.local/lib/python3.7/site-packages/airflow/example_dags/example_sensor_decorator.py for tasks to queue
[2023-02-19T20:17:47.291+0000] {logging_mixin.py:137} INFO - [2023-02-19T20:17:47.291+0000] {dagbag.py:538} INFO - Filling up the DagBag from /home/airflow/.local/lib/python3.7/site-packages/airflow/example_dags/example_sensor_decorator.py
[2023-02-19T20:17:47.321+0000] {processor.py:753} INFO - DAG(s) dict_keys(['example_sensor_decorator']) retrieved from /home/airflow/.local/lib/python3.7/site-packages/airflow/example_dags/example_sensor_decorator.py
[2023-02-19T20:17:47.355+0000] {logging_mixin.py:137} INFO - [2023-02-19T20:17:47.355+0000] {dag.py:2690} INFO - Sync 1 DAGs
[2023-02-19T20:17:47.389+0000] {logging_mixin.py:137} INFO - [2023-02-19T20:17:47.388+0000] {dag.py:3441} INFO - Setting next_dagrun for example_sensor_decorator to None, run_after=None
[2023-02-19T20:17:47.418+0000] {processor.py:175} INFO - Processing /home/airflow/.local/lib/python3.7/site-packages/airflow/example_dags/example_sensor_decorator.py took 0.136 seconds
[2023-02-19T20:18:17.911+0000] {processor.py:153} INFO - Started process (PID=1071) to work on /home/airflow/.local/lib/python3.7/site-packages/airflow/example_dags/example_sensor_decorator.py
[2023-02-19T20:18:17.915+0000] {processor.py:743} INFO - Processing file /home/airflow/.local/lib/python3.7/site-packages/airflow/example_dags/example_sensor_decorator.py for tasks to queue
[2023-02-19T20:18:17.917+0000] {logging_mixin.py:137} INFO - [2023-02-19T20:18:17.917+0000] {dagbag.py:538} INFO - Filling up the DagBag from /home/airflow/.local/lib/python3.7/site-packages/airflow/example_dags/example_sensor_decorator.py
[2023-02-19T20:18:17.967+0000] {processor.py:753} INFO - DAG(s) dict_keys(['example_sensor_decorator']) retrieved from /home/airflow/.local/lib/python3.7/site-packages/airflow/example_dags/example_sensor_decorator.py
[2023-02-19T20:18:18.010+0000] {logging_mixin.py:137} INFO - [2023-02-19T20:18:18.010+0000] {dag.py:2690} INFO - Sync 1 DAGs
[2023-02-19T20:18:18.046+0000] {logging_mixin.py:137} INFO - [2023-02-19T20:18:18.046+0000] {dag.py:3441} INFO - Setting next_dagrun for example_sensor_decorator to None, run_after=None
[2023-02-19T20:18:18.077+0000] {processor.py:175} INFO - Processing /home/airflow/.local/lib/python3.7/site-packages/airflow/example_dags/example_sensor_decorator.py took 0.173 seconds
[2023-02-19T20:18:48.692+0000] {processor.py:153} INFO - Started process (PID=1134) to work on /home/airflow/.local/lib/python3.7/site-packages/airflow/example_dags/example_sensor_decorator.py
[2023-02-19T20:18:48.695+0000] {processor.py:743} INFO - Processing file /home/airflow/.local/lib/python3.7/site-packages/airflow/example_dags/example_sensor_decorator.py for tasks to queue
[2023-02-19T20:18:48.697+0000] {logging_mixin.py:137} INFO - [2023-02-19T20:18:48.697+0000] {dagbag.py:538} INFO - Filling up the DagBag from /home/airflow/.local/lib/python3.7/site-packages/airflow/example_dags/example_sensor_decorator.py
[2023-02-19T20:18:48.731+0000] {processor.py:753} INFO - DAG(s) dict_keys(['example_sensor_decorator']) retrieved from /home/airflow/.local/lib/python3.7/site-packages/airflow/example_dags/example_sensor_decorator.py
[2023-02-19T20:18:48.768+0000] {logging_mixin.py:137} INFO - [2023-02-19T20:18:48.768+0000] {dag.py:2690} INFO - Sync 1 DAGs
[2023-02-19T20:18:48.804+0000] {logging_mixin.py:137} INFO - [2023-02-19T20:18:48.804+0000] {dag.py:3441} INFO - Setting next_dagrun for example_sensor_decorator to None, run_after=None
[2023-02-19T20:18:48.834+0000] {processor.py:175} INFO - Processing /home/airflow/.local/lib/python3.7/site-packages/airflow/example_dags/example_sensor_decorator.py took 0.147 seconds
[2023-02-19T20:19:19.266+0000] {processor.py:153} INFO - Started process (PID=1208) to work on /home/airflow/.local/lib/python3.7/site-packages/airflow/example_dags/example_sensor_decorator.py
[2023-02-19T20:19:19.269+0000] {processor.py:743} INFO - Processing file /home/airflow/.local/lib/python3.7/site-packages/airflow/example_dags/example_sensor_decorator.py for tasks to queue
[2023-02-19T20:19:19.271+0000] {logging_mixin.py:137} INFO - [2023-02-19T20:19:19.271+0000] {dagbag.py:538} INFO - Filling up the DagBag from /home/airflow/.local/lib/python3.7/site-packages/airflow/example_dags/example_sensor_decorator.py
[2023-02-19T20:19:19.314+0000] {processor.py:753} INFO - DAG(s) dict_keys(['example_sensor_decorator']) retrieved from /home/airflow/.local/lib/python3.7/site-packages/airflow/example_dags/example_sensor_decorator.py
[2023-02-19T20:19:19.379+0000] {logging_mixin.py:137} INFO - [2023-02-19T20:19:19.378+0000] {dag.py:2690} INFO - Sync 1 DAGs
[2023-02-19T20:19:19.413+0000] {logging_mixin.py:137} INFO - [2023-02-19T20:19:19.413+0000] {dag.py:3441} INFO - Setting next_dagrun for example_sensor_decorator to None, run_after=None
[2023-02-19T20:19:19.446+0000] {processor.py:175} INFO - Processing /home/airflow/.local/lib/python3.7/site-packages/airflow/example_dags/example_sensor_decorator.py took 0.187 seconds
[2023-02-19T20:19:50.007+0000] {processor.py:153} INFO - Started process (PID=1271) to work on /home/airflow/.local/lib/python3.7/site-packages/airflow/example_dags/example_sensor_decorator.py
[2023-02-19T20:19:50.009+0000] {processor.py:743} INFO - Processing file /home/airflow/.local/lib/python3.7/site-packages/airflow/example_dags/example_sensor_decorator.py for tasks to queue
[2023-02-19T20:19:50.011+0000] {logging_mixin.py:137} INFO - [2023-02-19T20:19:50.011+0000] {dagbag.py:538} INFO - Filling up the DagBag from /home/airflow/.local/lib/python3.7/site-packages/airflow/example_dags/example_sensor_decorator.py
[2023-02-19T20:19:50.041+0000] {processor.py:753} INFO - DAG(s) dict_keys(['example_sensor_decorator']) retrieved from /home/airflow/.local/lib/python3.7/site-packages/airflow/example_dags/example_sensor_decorator.py
[2023-02-19T20:19:50.074+0000] {logging_mixin.py:137} INFO - [2023-02-19T20:19:50.074+0000] {dag.py:2690} INFO - Sync 1 DAGs
[2023-02-19T20:19:50.109+0000] {logging_mixin.py:137} INFO - [2023-02-19T20:19:50.109+0000] {dag.py:3441} INFO - Setting next_dagrun for example_sensor_decorator to None, run_after=None
[2023-02-19T20:19:50.136+0000] {processor.py:175} INFO - Processing /home/airflow/.local/lib/python3.7/site-packages/airflow/example_dags/example_sensor_decorator.py took 0.134 seconds
[2023-02-19T20:20:20.673+0000] {processor.py:153} INFO - Started process (PID=1347) to work on /home/airflow/.local/lib/python3.7/site-packages/airflow/example_dags/example_sensor_decorator.py
[2023-02-19T20:20:20.676+0000] {processor.py:743} INFO - Processing file /home/airflow/.local/lib/python3.7/site-packages/airflow/example_dags/example_sensor_decorator.py for tasks to queue
[2023-02-19T20:20:20.679+0000] {logging_mixin.py:137} INFO - [2023-02-19T20:20:20.678+0000] {dagbag.py:538} INFO - Filling up the DagBag from /home/airflow/.local/lib/python3.7/site-packages/airflow/example_dags/example_sensor_decorator.py
[2023-02-19T20:20:20.707+0000] {processor.py:753} INFO - DAG(s) dict_keys(['example_sensor_decorator']) retrieved from /home/airflow/.local/lib/python3.7/site-packages/airflow/example_dags/example_sensor_decorator.py
[2023-02-19T20:20:20.739+0000] {logging_mixin.py:137} INFO - [2023-02-19T20:20:20.739+0000] {dag.py:2690} INFO - Sync 1 DAGs
[2023-02-19T20:20:20.771+0000] {logging_mixin.py:137} INFO - [2023-02-19T20:20:20.771+0000] {dag.py:3441} INFO - Setting next_dagrun for example_sensor_decorator to None, run_after=None
[2023-02-19T20:20:20.797+0000] {processor.py:175} INFO - Processing /home/airflow/.local/lib/python3.7/site-packages/airflow/example_dags/example_sensor_decorator.py took 0.130 seconds
[2023-02-19T20:20:51.144+0000] {processor.py:153} INFO - Started process (PID=1411) to work on /home/airflow/.local/lib/python3.7/site-packages/airflow/example_dags/example_sensor_decorator.py
[2023-02-19T20:20:51.147+0000] {processor.py:743} INFO - Processing file /home/airflow/.local/lib/python3.7/site-packages/airflow/example_dags/example_sensor_decorator.py for tasks to queue
[2023-02-19T20:20:51.149+0000] {logging_mixin.py:137} INFO - [2023-02-19T20:20:51.149+0000] {dagbag.py:538} INFO - Filling up the DagBag from /home/airflow/.local/lib/python3.7/site-packages/airflow/example_dags/example_sensor_decorator.py
[2023-02-19T20:20:51.180+0000] {processor.py:753} INFO - DAG(s) dict_keys(['example_sensor_decorator']) retrieved from /home/airflow/.local/lib/python3.7/site-packages/airflow/example_dags/example_sensor_decorator.py
[2023-02-19T20:20:51.212+0000] {logging_mixin.py:137} INFO - [2023-02-19T20:20:51.212+0000] {dag.py:2690} INFO - Sync 1 DAGs
[2023-02-19T20:20:51.247+0000] {logging_mixin.py:137} INFO - [2023-02-19T20:20:51.247+0000] {dag.py:3441} INFO - Setting next_dagrun for example_sensor_decorator to None, run_after=None
[2023-02-19T20:20:51.272+0000] {processor.py:175} INFO - Processing /home/airflow/.local/lib/python3.7/site-packages/airflow/example_dags/example_sensor_decorator.py took 0.135 seconds
[2023-02-19T20:21:21.621+0000] {processor.py:153} INFO - Started process (PID=1485) to work on /home/airflow/.local/lib/python3.7/site-packages/airflow/example_dags/example_sensor_decorator.py
[2023-02-19T20:21:21.626+0000] {processor.py:743} INFO - Processing file /home/airflow/.local/lib/python3.7/site-packages/airflow/example_dags/example_sensor_decorator.py for tasks to queue
[2023-02-19T20:21:21.631+0000] {logging_mixin.py:137} INFO - [2023-02-19T20:21:21.630+0000] {dagbag.py:538} INFO - Filling up the DagBag from /home/airflow/.local/lib/python3.7/site-packages/airflow/example_dags/example_sensor_decorator.py
[2023-02-19T20:21:21.684+0000] {processor.py:753} INFO - DAG(s) dict_keys(['example_sensor_decorator']) retrieved from /home/airflow/.local/lib/python3.7/site-packages/airflow/example_dags/example_sensor_decorator.py
[2023-02-19T20:21:21.730+0000] {logging_mixin.py:137} INFO - [2023-02-19T20:21:21.730+0000] {dag.py:2690} INFO - Sync 1 DAGs
[2023-02-19T20:21:21.767+0000] {logging_mixin.py:137} INFO - [2023-02-19T20:21:21.767+0000] {dag.py:3441} INFO - Setting next_dagrun for example_sensor_decorator to None, run_after=None
[2023-02-19T20:21:21.794+0000] {processor.py:175} INFO - Processing /home/airflow/.local/lib/python3.7/site-packages/airflow/example_dags/example_sensor_decorator.py took 0.182 seconds
[2023-02-19T20:51:44.897+0000] {processor.py:153} INFO - Started process (PID=1543) to work on /home/airflow/.local/lib/python3.7/site-packages/airflow/example_dags/example_sensor_decorator.py
[2023-02-19T20:51:44.901+0000] {processor.py:743} INFO - Processing file /home/airflow/.local/lib/python3.7/site-packages/airflow/example_dags/example_sensor_decorator.py for tasks to queue
[2023-02-19T20:51:44.904+0000] {logging_mixin.py:137} INFO - [2023-02-19T20:51:44.903+0000] {dagbag.py:538} INFO - Filling up the DagBag from /home/airflow/.local/lib/python3.7/site-packages/airflow/example_dags/example_sensor_decorator.py
[2023-02-19T20:51:45.008+0000] {processor.py:753} INFO - DAG(s) dict_keys(['example_sensor_decorator']) retrieved from /home/airflow/.local/lib/python3.7/site-packages/airflow/example_dags/example_sensor_decorator.py
[2023-02-19T20:51:45.101+0000] {logging_mixin.py:137} INFO - [2023-02-19T20:51:45.101+0000] {dag.py:2690} INFO - Sync 1 DAGs
[2023-02-19T20:51:45.165+0000] {logging_mixin.py:137} INFO - [2023-02-19T20:51:45.165+0000] {dag.py:3441} INFO - Setting next_dagrun for example_sensor_decorator to None, run_after=None
[2023-02-19T20:51:45.195+0000] {processor.py:175} INFO - Processing /home/airflow/.local/lib/python3.7/site-packages/airflow/example_dags/example_sensor_decorator.py took 0.306 seconds
[2023-02-19T20:52:23.779+0000] {processor.py:153} INFO - Started process (PID=1601) to work on /home/airflow/.local/lib/python3.7/site-packages/airflow/example_dags/example_sensor_decorator.py
[2023-02-19T20:52:23.816+0000] {processor.py:743} INFO - Processing file /home/airflow/.local/lib/python3.7/site-packages/airflow/example_dags/example_sensor_decorator.py for tasks to queue
[2023-02-19T20:52:23.861+0000] {logging_mixin.py:137} INFO - [2023-02-19T20:52:23.852+0000] {dagbag.py:538} INFO - Filling up the DagBag from /home/airflow/.local/lib/python3.7/site-packages/airflow/example_dags/example_sensor_decorator.py
[2023-02-19T20:52:24.661+0000] {processor.py:753} INFO - DAG(s) dict_keys(['example_sensor_decorator']) retrieved from /home/airflow/.local/lib/python3.7/site-packages/airflow/example_dags/example_sensor_decorator.py
[2023-02-19T20:52:26.033+0000] {logging_mixin.py:137} INFO - [2023-02-19T20:52:26.009+0000] {dag.py:2690} INFO - Sync 1 DAGs
[2023-02-19T20:52:28.208+0000] {logging_mixin.py:137} INFO - [2023-02-19T20:52:28.193+0000] {dag.py:3441} INFO - Setting next_dagrun for example_sensor_decorator to None, run_after=None
[2023-02-19T20:52:29.223+0000] {processor.py:175} INFO - Processing /home/airflow/.local/lib/python3.7/site-packages/airflow/example_dags/example_sensor_decorator.py took 5.589 seconds
[2023-02-19T21:09:22.565+0000] {processor.py:153} INFO - Started process (PID=1619) to work on /home/airflow/.local/lib/python3.7/site-packages/airflow/example_dags/example_sensor_decorator.py
[2023-02-19T21:09:22.568+0000] {processor.py:743} INFO - Processing file /home/airflow/.local/lib/python3.7/site-packages/airflow/example_dags/example_sensor_decorator.py for tasks to queue
[2023-02-19T21:09:22.570+0000] {logging_mixin.py:137} INFO - [2023-02-19T21:09:22.570+0000] {dagbag.py:538} INFO - Filling up the DagBag from /home/airflow/.local/lib/python3.7/site-packages/airflow/example_dags/example_sensor_decorator.py
[2023-02-19T21:09:22.626+0000] {processor.py:753} INFO - DAG(s) dict_keys(['example_sensor_decorator']) retrieved from /home/airflow/.local/lib/python3.7/site-packages/airflow/example_dags/example_sensor_decorator.py
[2023-02-19T21:09:22.676+0000] {logging_mixin.py:137} INFO - [2023-02-19T21:09:22.676+0000] {dag.py:2690} INFO - Sync 1 DAGs
[2023-02-19T21:09:22.710+0000] {logging_mixin.py:137} INFO - [2023-02-19T21:09:22.710+0000] {dag.py:3441} INFO - Setting next_dagrun for example_sensor_decorator to None, run_after=None
[2023-02-19T21:09:22.746+0000] {processor.py:175} INFO - Processing /home/airflow/.local/lib/python3.7/site-packages/airflow/example_dags/example_sensor_decorator.py took 0.185 seconds
[2023-02-19T21:10:07.473+0000] {processor.py:153} INFO - Started process (PID=1677) to work on /home/airflow/.local/lib/python3.7/site-packages/airflow/example_dags/example_sensor_decorator.py
[2023-02-19T21:10:07.592+0000] {processor.py:743} INFO - Processing file /home/airflow/.local/lib/python3.7/site-packages/airflow/example_dags/example_sensor_decorator.py for tasks to queue
[2023-02-19T21:10:07.726+0000] {logging_mixin.py:137} INFO - [2023-02-19T21:10:07.682+0000] {dagbag.py:538} INFO - Filling up the DagBag from /home/airflow/.local/lib/python3.7/site-packages/airflow/example_dags/example_sensor_decorator.py
[2023-02-19T22:01:37.659+0000] {logging_mixin.py:137} INFO - [2023-02-19T22:01:37.658+0000] {timeout.py:68} ERROR - Process timed out, PID: 1677
[2023-02-19T22:01:38.412+0000] {logging_mixin.py:137} INFO - [2023-02-19T22:01:38.223+0000] {dagbag.py:343} ERROR - Failed to import: /home/airflow/.local/lib/python3.7/site-packages/airflow/example_dags/example_sensor_decorator.py
Traceback (most recent call last):
  File "/home/airflow/.local/lib/python3.7/site-packages/airflow/models/dagbag.py", line 339, in parse
    loader.exec_module(new_module)
  File "<frozen importlib._bootstrap_external>", line 728, in exec_module
  File "<frozen importlib._bootstrap>", line 219, in _call_with_frames_removed
  File "/home/airflow/.local/lib/python3.7/site-packages/airflow/example_dags/example_sensor_decorator.py", line 27, in <module>
    from airflow.decorators import dag, task
  File "/home/airflow/.local/lib/python3.7/site-packages/airflow/decorators/__init__.py", line 21, in <module>
    from airflow.decorators.base import TaskDecorator
  File "/home/airflow/.local/lib/python3.7/site-packages/airflow/decorators/base.py", line 452, in <module>
    class DecoratedMappedOperator(MappedOperator):
  File "/home/airflow/.local/lib/python3.7/site-packages/attr/_next_gen.py", line 146, in wrap
    return do_it(cls, True)
  File "/home/airflow/.local/lib/python3.7/site-packages/attr/_next_gen.py", line 112, in do_it
    match_args=match_args,
  File "/home/airflow/.local/lib/python3.7/site-packages/attr/_make.py", line 1595, in attrs
    return wrap(maybe_cls)
  File "/home/airflow/.local/lib/python3.7/site-packages/attr/_make.py", line 1521, in wrap
    cls, eq_, auto_detect, ("__eq__", "__ne__")
  File "/home/airflow/.local/lib/python3.7/site-packages/attr/_make.py", line 1187, in _determine_whether_to_implement
    if _has_own_attribute(cls, dunder):
  File "/home/airflow/.local/lib/python3.7/site-packages/attr/_make.py", line 391, in _has_own_attribute
    if attr is _sentinel:
  File "/home/airflow/.local/lib/python3.7/site-packages/airflow/utils/timeout.py", line 69, in handle_timeout
    raise AirflowTaskTimeout(self.error_message)
airflow.exceptions.AirflowTaskTimeout: DagBag import timeout for /home/airflow/.local/lib/python3.7/site-packages/airflow/example_dags/example_sensor_decorator.py after 30.0s.
Please take a look at these docs to improve your DAG import time:
* https://airflow.apache.org/docs/apache-airflow/2.5.1/best-practices.html#top-level-python-code
* https://airflow.apache.org/docs/apache-airflow/2.5.1/best-practices.html#reducing-dag-complexity, PID: 1677
[2023-02-19T22:01:38.416+0000] {processor.py:755} WARNING - No viable dags retrieved from /home/airflow/.local/lib/python3.7/site-packages/airflow/example_dags/example_sensor_decorator.py
[2023-02-19T22:01:38.771+0000] {processor.py:175} INFO - Processing /home/airflow/.local/lib/python3.7/site-packages/airflow/example_dags/example_sensor_decorator.py took 3091.552 seconds
[2023-02-19T22:02:09.713+0000] {processor.py:153} INFO - Started process (PID=1742) to work on /home/airflow/.local/lib/python3.7/site-packages/airflow/example_dags/example_sensor_decorator.py
[2023-02-19T22:02:09.719+0000] {processor.py:743} INFO - Processing file /home/airflow/.local/lib/python3.7/site-packages/airflow/example_dags/example_sensor_decorator.py for tasks to queue
[2023-02-19T22:02:09.722+0000] {logging_mixin.py:137} INFO - [2023-02-19T22:02:09.722+0000] {dagbag.py:538} INFO - Filling up the DagBag from /home/airflow/.local/lib/python3.7/site-packages/airflow/example_dags/example_sensor_decorator.py
[2023-02-19T22:02:09.755+0000] {processor.py:753} INFO - DAG(s) dict_keys(['example_sensor_decorator']) retrieved from /home/airflow/.local/lib/python3.7/site-packages/airflow/example_dags/example_sensor_decorator.py
[2023-02-19T22:02:09.787+0000] {logging_mixin.py:137} INFO - [2023-02-19T22:02:09.787+0000] {dag.py:2690} INFO - Sync 1 DAGs
[2023-02-19T22:02:09.816+0000] {logging_mixin.py:137} INFO - [2023-02-19T22:02:09.816+0000] {dag.py:3441} INFO - Setting next_dagrun for example_sensor_decorator to None, run_after=None
[2023-02-19T22:02:09.841+0000] {processor.py:175} INFO - Processing /home/airflow/.local/lib/python3.7/site-packages/airflow/example_dags/example_sensor_decorator.py took 0.136 seconds
