[2023-02-19T20:10:38.485+0000] {processor.py:153} INFO - Started process (PID=59) to work on /home/airflow/.local/lib/python3.7/site-packages/airflow/example_dags/example_subdag_operator.py
[2023-02-19T20:10:38.488+0000] {processor.py:743} INFO - Processing file /home/airflow/.local/lib/python3.7/site-packages/airflow/example_dags/example_subdag_operator.py for tasks to queue
[2023-02-19T20:10:38.491+0000] {logging_mixin.py:137} INFO - [2023-02-19T20:10:38.491+0000] {dagbag.py:538} INFO - Filling up the DagBag from /home/airflow/.local/lib/python3.7/site-packages/airflow/example_dags/example_subdag_operator.py
[2023-02-19T20:10:38.580+0000] {processor.py:753} INFO - DAG(s) dict_keys(['example_subdag_operator.section-1', 'example_subdag_operator.section-2', 'example_subdag_operator']) retrieved from /home/airflow/.local/lib/python3.7/site-packages/airflow/example_dags/example_subdag_operator.py
[2023-02-19T20:10:38.631+0000] {logging_mixin.py:137} INFO - [2023-02-19T20:10:38.631+0000] {dag.py:2690} INFO - Sync 3 DAGs
[2023-02-19T20:10:38.675+0000] {logging_mixin.py:137} INFO - [2023-02-19T20:10:38.675+0000] {dag.py:3441} INFO - Setting next_dagrun for example_subdag_operator to 2022-01-01T00:00:00+00:00, run_after=2022-01-01T00:00:00+00:00
[2023-02-19T20:10:38.682+0000] {logging_mixin.py:137} INFO - [2023-02-19T20:10:38.682+0000] {dag.py:3441} INFO - Setting next_dagrun for example_subdag_operator.section-1 to None, run_after=None
[2023-02-19T20:10:38.686+0000] {logging_mixin.py:137} INFO - [2023-02-19T20:10:38.686+0000] {dag.py:3441} INFO - Setting next_dagrun for example_subdag_operator.section-2 to None, run_after=None
[2023-02-19T20:10:38.706+0000] {logging_mixin.py:137} INFO - [2023-02-19T20:10:38.705+0000] {dag.py:2690} INFO - Sync 2 DAGs
[2023-02-19T20:10:38.732+0000] {logging_mixin.py:137} INFO - [2023-02-19T20:10:38.732+0000] {dag.py:3441} INFO - Setting next_dagrun for example_subdag_operator.section-1 to None, run_after=None
[2023-02-19T20:10:38.734+0000] {logging_mixin.py:137} INFO - [2023-02-19T20:10:38.734+0000] {dag.py:3441} INFO - Setting next_dagrun for example_subdag_operator.section-2 to None, run_after=None
[2023-02-19T20:10:38.752+0000] {processor.py:175} INFO - Processing /home/airflow/.local/lib/python3.7/site-packages/airflow/example_dags/example_subdag_operator.py took 0.286 seconds
[2023-02-19T20:11:09.274+0000] {processor.py:153} INFO - Started process (PID=122) to work on /home/airflow/.local/lib/python3.7/site-packages/airflow/example_dags/example_subdag_operator.py
[2023-02-19T20:11:09.276+0000] {processor.py:743} INFO - Processing file /home/airflow/.local/lib/python3.7/site-packages/airflow/example_dags/example_subdag_operator.py for tasks to queue
[2023-02-19T20:11:09.278+0000] {logging_mixin.py:137} INFO - [2023-02-19T20:11:09.277+0000] {dagbag.py:538} INFO - Filling up the DagBag from /home/airflow/.local/lib/python3.7/site-packages/airflow/example_dags/example_subdag_operator.py
[2023-02-19T20:11:09.323+0000] {processor.py:753} INFO - DAG(s) dict_keys(['example_subdag_operator.section-1', 'example_subdag_operator.section-2', 'example_subdag_operator']) retrieved from /home/airflow/.local/lib/python3.7/site-packages/airflow/example_dags/example_subdag_operator.py
[2023-02-19T20:11:09.330+0000] {logging_mixin.py:137} INFO - [2023-02-19T20:11:09.330+0000] {dag.py:2690} INFO - Sync 3 DAGs
[2023-02-19T20:11:09.368+0000] {logging_mixin.py:137} INFO - [2023-02-19T20:11:09.367+0000] {dag.py:3441} INFO - Setting next_dagrun for example_subdag_operator to 2022-01-01T00:00:00+00:00, run_after=2022-01-01T00:00:00+00:00
[2023-02-19T20:11:09.374+0000] {logging_mixin.py:137} INFO - [2023-02-19T20:11:09.374+0000] {dag.py:3441} INFO - Setting next_dagrun for example_subdag_operator.section-1 to None, run_after=None
[2023-02-19T20:11:09.378+0000] {logging_mixin.py:137} INFO - [2023-02-19T20:11:09.378+0000] {dag.py:3441} INFO - Setting next_dagrun for example_subdag_operator.section-2 to None, run_after=None
[2023-02-19T20:11:09.391+0000] {logging_mixin.py:137} INFO - [2023-02-19T20:11:09.391+0000] {dag.py:2690} INFO - Sync 2 DAGs
[2023-02-19T20:11:09.403+0000] {logging_mixin.py:137} INFO - [2023-02-19T20:11:09.403+0000] {dag.py:3441} INFO - Setting next_dagrun for example_subdag_operator.section-1 to None, run_after=None
[2023-02-19T20:11:09.405+0000] {logging_mixin.py:137} INFO - [2023-02-19T20:11:09.405+0000] {dag.py:3441} INFO - Setting next_dagrun for example_subdag_operator.section-2 to None, run_after=None
[2023-02-19T20:11:09.431+0000] {processor.py:175} INFO - Processing /home/airflow/.local/lib/python3.7/site-packages/airflow/example_dags/example_subdag_operator.py took 0.162 seconds
[2023-02-19T20:11:39.681+0000] {processor.py:153} INFO - Started process (PID=185) to work on /home/airflow/.local/lib/python3.7/site-packages/airflow/example_dags/example_subdag_operator.py
[2023-02-19T20:11:39.683+0000] {processor.py:743} INFO - Processing file /home/airflow/.local/lib/python3.7/site-packages/airflow/example_dags/example_subdag_operator.py for tasks to queue
[2023-02-19T20:11:39.685+0000] {logging_mixin.py:137} INFO - [2023-02-19T20:11:39.685+0000] {dagbag.py:538} INFO - Filling up the DagBag from /home/airflow/.local/lib/python3.7/site-packages/airflow/example_dags/example_subdag_operator.py
[2023-02-19T20:11:39.748+0000] {processor.py:753} INFO - DAG(s) dict_keys(['example_subdag_operator.section-1', 'example_subdag_operator.section-2', 'example_subdag_operator']) retrieved from /home/airflow/.local/lib/python3.7/site-packages/airflow/example_dags/example_subdag_operator.py
[2023-02-19T20:11:39.778+0000] {logging_mixin.py:137} INFO - [2023-02-19T20:11:39.778+0000] {dag.py:2690} INFO - Sync 3 DAGs
[2023-02-19T20:11:39.814+0000] {logging_mixin.py:137} INFO - [2023-02-19T20:11:39.813+0000] {dag.py:3441} INFO - Setting next_dagrun for example_subdag_operator to 2022-01-01T00:00:00+00:00, run_after=2022-01-01T00:00:00+00:00
[2023-02-19T20:11:39.824+0000] {logging_mixin.py:137} INFO - [2023-02-19T20:11:39.823+0000] {dag.py:3441} INFO - Setting next_dagrun for example_subdag_operator.section-1 to None, run_after=None
[2023-02-19T20:11:39.827+0000] {logging_mixin.py:137} INFO - [2023-02-19T20:11:39.826+0000] {dag.py:3441} INFO - Setting next_dagrun for example_subdag_operator.section-2 to None, run_after=None
[2023-02-19T20:11:39.839+0000] {logging_mixin.py:137} INFO - [2023-02-19T20:11:39.839+0000] {dag.py:2690} INFO - Sync 2 DAGs
[2023-02-19T20:11:39.851+0000] {logging_mixin.py:137} INFO - [2023-02-19T20:11:39.851+0000] {dag.py:3441} INFO - Setting next_dagrun for example_subdag_operator.section-1 to None, run_after=None
[2023-02-19T20:11:39.852+0000] {logging_mixin.py:137} INFO - [2023-02-19T20:11:39.852+0000] {dag.py:3441} INFO - Setting next_dagrun for example_subdag_operator.section-2 to None, run_after=None
[2023-02-19T20:11:39.877+0000] {processor.py:175} INFO - Processing /home/airflow/.local/lib/python3.7/site-packages/airflow/example_dags/example_subdag_operator.py took 0.201 seconds
[2023-02-19T20:12:10.459+0000] {processor.py:153} INFO - Started process (PID=261) to work on /home/airflow/.local/lib/python3.7/site-packages/airflow/example_dags/example_subdag_operator.py
[2023-02-19T20:12:10.462+0000] {processor.py:743} INFO - Processing file /home/airflow/.local/lib/python3.7/site-packages/airflow/example_dags/example_subdag_operator.py for tasks to queue
[2023-02-19T20:12:10.464+0000] {logging_mixin.py:137} INFO - [2023-02-19T20:12:10.464+0000] {dagbag.py:538} INFO - Filling up the DagBag from /home/airflow/.local/lib/python3.7/site-packages/airflow/example_dags/example_subdag_operator.py
[2023-02-19T20:12:10.508+0000] {processor.py:753} INFO - DAG(s) dict_keys(['example_subdag_operator.section-1', 'example_subdag_operator.section-2', 'example_subdag_operator']) retrieved from /home/airflow/.local/lib/python3.7/site-packages/airflow/example_dags/example_subdag_operator.py
[2023-02-19T20:12:10.533+0000] {logging_mixin.py:137} INFO - [2023-02-19T20:12:10.532+0000] {dag.py:2690} INFO - Sync 3 DAGs
[2023-02-19T20:12:10.567+0000] {logging_mixin.py:137} INFO - [2023-02-19T20:12:10.567+0000] {dag.py:3441} INFO - Setting next_dagrun for example_subdag_operator to 2022-01-01T00:00:00+00:00, run_after=2022-01-01T00:00:00+00:00
[2023-02-19T20:12:10.574+0000] {logging_mixin.py:137} INFO - [2023-02-19T20:12:10.574+0000] {dag.py:3441} INFO - Setting next_dagrun for example_subdag_operator.section-1 to None, run_after=None
[2023-02-19T20:12:10.577+0000] {logging_mixin.py:137} INFO - [2023-02-19T20:12:10.577+0000] {dag.py:3441} INFO - Setting next_dagrun for example_subdag_operator.section-2 to None, run_after=None
[2023-02-19T20:12:10.588+0000] {logging_mixin.py:137} INFO - [2023-02-19T20:12:10.588+0000] {dag.py:2690} INFO - Sync 2 DAGs
[2023-02-19T20:12:10.598+0000] {logging_mixin.py:137} INFO - [2023-02-19T20:12:10.598+0000] {dag.py:3441} INFO - Setting next_dagrun for example_subdag_operator.section-1 to None, run_after=None
[2023-02-19T20:12:10.600+0000] {logging_mixin.py:137} INFO - [2023-02-19T20:12:10.599+0000] {dag.py:3441} INFO - Setting next_dagrun for example_subdag_operator.section-2 to None, run_after=None
[2023-02-19T20:12:10.617+0000] {processor.py:175} INFO - Processing /home/airflow/.local/lib/python3.7/site-packages/airflow/example_dags/example_subdag_operator.py took 0.163 seconds
[2023-02-19T20:12:40.789+0000] {processor.py:153} INFO - Started process (PID=324) to work on /home/airflow/.local/lib/python3.7/site-packages/airflow/example_dags/example_subdag_operator.py
[2023-02-19T20:12:40.792+0000] {processor.py:743} INFO - Processing file /home/airflow/.local/lib/python3.7/site-packages/airflow/example_dags/example_subdag_operator.py for tasks to queue
[2023-02-19T20:12:40.795+0000] {logging_mixin.py:137} INFO - [2023-02-19T20:12:40.794+0000] {dagbag.py:538} INFO - Filling up the DagBag from /home/airflow/.local/lib/python3.7/site-packages/airflow/example_dags/example_subdag_operator.py
[2023-02-19T20:12:40.843+0000] {processor.py:753} INFO - DAG(s) dict_keys(['example_subdag_operator.section-1', 'example_subdag_operator.section-2', 'example_subdag_operator']) retrieved from /home/airflow/.local/lib/python3.7/site-packages/airflow/example_dags/example_subdag_operator.py
[2023-02-19T20:12:40.873+0000] {logging_mixin.py:137} INFO - [2023-02-19T20:12:40.872+0000] {dag.py:2690} INFO - Sync 3 DAGs
[2023-02-19T20:12:40.918+0000] {logging_mixin.py:137} INFO - [2023-02-19T20:12:40.917+0000] {dag.py:3441} INFO - Setting next_dagrun for example_subdag_operator to 2022-01-01T00:00:00+00:00, run_after=2022-01-01T00:00:00+00:00
[2023-02-19T20:12:40.928+0000] {logging_mixin.py:137} INFO - [2023-02-19T20:12:40.928+0000] {dag.py:3441} INFO - Setting next_dagrun for example_subdag_operator.section-1 to None, run_after=None
[2023-02-19T20:12:40.932+0000] {logging_mixin.py:137} INFO - [2023-02-19T20:12:40.932+0000] {dag.py:3441} INFO - Setting next_dagrun for example_subdag_operator.section-2 to None, run_after=None
[2023-02-19T20:12:40.951+0000] {logging_mixin.py:137} INFO - [2023-02-19T20:12:40.950+0000] {dag.py:2690} INFO - Sync 2 DAGs
[2023-02-19T20:12:40.960+0000] {logging_mixin.py:137} INFO - [2023-02-19T20:12:40.959+0000] {dag.py:3441} INFO - Setting next_dagrun for example_subdag_operator.section-1 to None, run_after=None
[2023-02-19T20:12:40.961+0000] {logging_mixin.py:137} INFO - [2023-02-19T20:12:40.961+0000] {dag.py:3441} INFO - Setting next_dagrun for example_subdag_operator.section-2 to None, run_after=None
[2023-02-19T20:12:40.977+0000] {processor.py:175} INFO - Processing /home/airflow/.local/lib/python3.7/site-packages/airflow/example_dags/example_subdag_operator.py took 0.192 seconds
[2023-02-19T20:13:11.354+0000] {processor.py:153} INFO - Started process (PID=399) to work on /home/airflow/.local/lib/python3.7/site-packages/airflow/example_dags/example_subdag_operator.py
[2023-02-19T20:13:11.356+0000] {processor.py:743} INFO - Processing file /home/airflow/.local/lib/python3.7/site-packages/airflow/example_dags/example_subdag_operator.py for tasks to queue
[2023-02-19T20:13:11.359+0000] {logging_mixin.py:137} INFO - [2023-02-19T20:13:11.359+0000] {dagbag.py:538} INFO - Filling up the DagBag from /home/airflow/.local/lib/python3.7/site-packages/airflow/example_dags/example_subdag_operator.py
[2023-02-19T20:13:11.403+0000] {processor.py:753} INFO - DAG(s) dict_keys(['example_subdag_operator.section-1', 'example_subdag_operator.section-2', 'example_subdag_operator']) retrieved from /home/airflow/.local/lib/python3.7/site-packages/airflow/example_dags/example_subdag_operator.py
[2023-02-19T20:13:11.426+0000] {logging_mixin.py:137} INFO - [2023-02-19T20:13:11.426+0000] {dag.py:2690} INFO - Sync 3 DAGs
[2023-02-19T20:13:11.457+0000] {logging_mixin.py:137} INFO - [2023-02-19T20:13:11.457+0000] {dag.py:3441} INFO - Setting next_dagrun for example_subdag_operator to 2022-01-01T00:00:00+00:00, run_after=2022-01-01T00:00:00+00:00
[2023-02-19T20:13:11.463+0000] {logging_mixin.py:137} INFO - [2023-02-19T20:13:11.463+0000] {dag.py:3441} INFO - Setting next_dagrun for example_subdag_operator.section-1 to None, run_after=None
[2023-02-19T20:13:11.466+0000] {logging_mixin.py:137} INFO - [2023-02-19T20:13:11.465+0000] {dag.py:3441} INFO - Setting next_dagrun for example_subdag_operator.section-2 to None, run_after=None
[2023-02-19T20:13:11.476+0000] {logging_mixin.py:137} INFO - [2023-02-19T20:13:11.476+0000] {dag.py:2690} INFO - Sync 2 DAGs
[2023-02-19T20:13:11.485+0000] {logging_mixin.py:137} INFO - [2023-02-19T20:13:11.485+0000] {dag.py:3441} INFO - Setting next_dagrun for example_subdag_operator.section-1 to None, run_after=None
[2023-02-19T20:13:11.486+0000] {logging_mixin.py:137} INFO - [2023-02-19T20:13:11.486+0000] {dag.py:3441} INFO - Setting next_dagrun for example_subdag_operator.section-2 to None, run_after=None
[2023-02-19T20:13:11.505+0000] {processor.py:175} INFO - Processing /home/airflow/.local/lib/python3.7/site-packages/airflow/example_dags/example_subdag_operator.py took 0.156 seconds
[2023-02-19T20:13:42.502+0000] {processor.py:153} INFO - Started process (PID=462) to work on /home/airflow/.local/lib/python3.7/site-packages/airflow/example_dags/example_subdag_operator.py
[2023-02-19T20:13:42.504+0000] {processor.py:743} INFO - Processing file /home/airflow/.local/lib/python3.7/site-packages/airflow/example_dags/example_subdag_operator.py for tasks to queue
[2023-02-19T20:13:42.506+0000] {logging_mixin.py:137} INFO - [2023-02-19T20:13:42.506+0000] {dagbag.py:538} INFO - Filling up the DagBag from /home/airflow/.local/lib/python3.7/site-packages/airflow/example_dags/example_subdag_operator.py
[2023-02-19T20:13:42.559+0000] {processor.py:753} INFO - DAG(s) dict_keys(['example_subdag_operator.section-1', 'example_subdag_operator.section-2', 'example_subdag_operator']) retrieved from /home/airflow/.local/lib/python3.7/site-packages/airflow/example_dags/example_subdag_operator.py
[2023-02-19T20:13:42.587+0000] {logging_mixin.py:137} INFO - [2023-02-19T20:13:42.586+0000] {dag.py:2690} INFO - Sync 3 DAGs
[2023-02-19T20:13:42.624+0000] {logging_mixin.py:137} INFO - [2023-02-19T20:13:42.624+0000] {dag.py:3441} INFO - Setting next_dagrun for example_subdag_operator to 2022-01-01T00:00:00+00:00, run_after=2022-01-01T00:00:00+00:00
[2023-02-19T20:13:42.631+0000] {logging_mixin.py:137} INFO - [2023-02-19T20:13:42.631+0000] {dag.py:3441} INFO - Setting next_dagrun for example_subdag_operator.section-1 to None, run_after=None
[2023-02-19T20:13:42.634+0000] {logging_mixin.py:137} INFO - [2023-02-19T20:13:42.634+0000] {dag.py:3441} INFO - Setting next_dagrun for example_subdag_operator.section-2 to None, run_after=None
[2023-02-19T20:13:42.645+0000] {logging_mixin.py:137} INFO - [2023-02-19T20:13:42.645+0000] {dag.py:2690} INFO - Sync 2 DAGs
[2023-02-19T20:13:42.654+0000] {logging_mixin.py:137} INFO - [2023-02-19T20:13:42.654+0000] {dag.py:3441} INFO - Setting next_dagrun for example_subdag_operator.section-1 to None, run_after=None
[2023-02-19T20:13:42.656+0000] {logging_mixin.py:137} INFO - [2023-02-19T20:13:42.656+0000] {dag.py:3441} INFO - Setting next_dagrun for example_subdag_operator.section-2 to None, run_after=None
[2023-02-19T20:13:42.674+0000] {processor.py:175} INFO - Processing /home/airflow/.local/lib/python3.7/site-packages/airflow/example_dags/example_subdag_operator.py took 0.178 seconds
[2023-02-19T20:14:13.213+0000] {processor.py:153} INFO - Started process (PID=525) to work on /home/airflow/.local/lib/python3.7/site-packages/airflow/example_dags/example_subdag_operator.py
[2023-02-19T20:14:13.215+0000] {processor.py:743} INFO - Processing file /home/airflow/.local/lib/python3.7/site-packages/airflow/example_dags/example_subdag_operator.py for tasks to queue
[2023-02-19T20:14:13.218+0000] {logging_mixin.py:137} INFO - [2023-02-19T20:14:13.217+0000] {dagbag.py:538} INFO - Filling up the DagBag from /home/airflow/.local/lib/python3.7/site-packages/airflow/example_dags/example_subdag_operator.py
[2023-02-19T20:14:13.260+0000] {processor.py:753} INFO - DAG(s) dict_keys(['example_subdag_operator.section-1', 'example_subdag_operator.section-2', 'example_subdag_operator']) retrieved from /home/airflow/.local/lib/python3.7/site-packages/airflow/example_dags/example_subdag_operator.py
[2023-02-19T20:14:13.282+0000] {logging_mixin.py:137} INFO - [2023-02-19T20:14:13.282+0000] {dag.py:2690} INFO - Sync 3 DAGs
[2023-02-19T20:14:13.315+0000] {logging_mixin.py:137} INFO - [2023-02-19T20:14:13.315+0000] {dag.py:3441} INFO - Setting next_dagrun for example_subdag_operator to 2022-01-01T00:00:00+00:00, run_after=2022-01-01T00:00:00+00:00
[2023-02-19T20:14:13.320+0000] {logging_mixin.py:137} INFO - [2023-02-19T20:14:13.320+0000] {dag.py:3441} INFO - Setting next_dagrun for example_subdag_operator.section-1 to None, run_after=None
[2023-02-19T20:14:13.323+0000] {logging_mixin.py:137} INFO - [2023-02-19T20:14:13.323+0000] {dag.py:3441} INFO - Setting next_dagrun for example_subdag_operator.section-2 to None, run_after=None
[2023-02-19T20:14:13.336+0000] {logging_mixin.py:137} INFO - [2023-02-19T20:14:13.336+0000] {dag.py:2690} INFO - Sync 2 DAGs
[2023-02-19T20:14:13.345+0000] {logging_mixin.py:137} INFO - [2023-02-19T20:14:13.345+0000] {dag.py:3441} INFO - Setting next_dagrun for example_subdag_operator.section-1 to None, run_after=None
[2023-02-19T20:14:13.347+0000] {logging_mixin.py:137} INFO - [2023-02-19T20:14:13.347+0000] {dag.py:3441} INFO - Setting next_dagrun for example_subdag_operator.section-2 to None, run_after=None
[2023-02-19T20:14:13.362+0000] {processor.py:175} INFO - Processing /home/airflow/.local/lib/python3.7/site-packages/airflow/example_dags/example_subdag_operator.py took 0.154 seconds
[2023-02-19T20:14:44.039+0000] {processor.py:153} INFO - Started process (PID=600) to work on /home/airflow/.local/lib/python3.7/site-packages/airflow/example_dags/example_subdag_operator.py
[2023-02-19T20:14:44.041+0000] {processor.py:743} INFO - Processing file /home/airflow/.local/lib/python3.7/site-packages/airflow/example_dags/example_subdag_operator.py for tasks to queue
[2023-02-19T20:14:44.043+0000] {logging_mixin.py:137} INFO - [2023-02-19T20:14:44.043+0000] {dagbag.py:538} INFO - Filling up the DagBag from /home/airflow/.local/lib/python3.7/site-packages/airflow/example_dags/example_subdag_operator.py
[2023-02-19T20:14:44.088+0000] {processor.py:753} INFO - DAG(s) dict_keys(['example_subdag_operator.section-1', 'example_subdag_operator.section-2', 'example_subdag_operator']) retrieved from /home/airflow/.local/lib/python3.7/site-packages/airflow/example_dags/example_subdag_operator.py
[2023-02-19T20:14:44.111+0000] {logging_mixin.py:137} INFO - [2023-02-19T20:14:44.111+0000] {dag.py:2690} INFO - Sync 3 DAGs
[2023-02-19T20:14:44.141+0000] {logging_mixin.py:137} INFO - [2023-02-19T20:14:44.141+0000] {dag.py:3441} INFO - Setting next_dagrun for example_subdag_operator to 2022-01-01T00:00:00+00:00, run_after=2022-01-01T00:00:00+00:00
[2023-02-19T20:14:44.146+0000] {logging_mixin.py:137} INFO - [2023-02-19T20:14:44.146+0000] {dag.py:3441} INFO - Setting next_dagrun for example_subdag_operator.section-1 to None, run_after=None
[2023-02-19T20:14:44.149+0000] {logging_mixin.py:137} INFO - [2023-02-19T20:14:44.149+0000] {dag.py:3441} INFO - Setting next_dagrun for example_subdag_operator.section-2 to None, run_after=None
[2023-02-19T20:14:44.159+0000] {logging_mixin.py:137} INFO - [2023-02-19T20:14:44.159+0000] {dag.py:2690} INFO - Sync 2 DAGs
[2023-02-19T20:14:44.169+0000] {logging_mixin.py:137} INFO - [2023-02-19T20:14:44.169+0000] {dag.py:3441} INFO - Setting next_dagrun for example_subdag_operator.section-1 to None, run_after=None
[2023-02-19T20:14:44.171+0000] {logging_mixin.py:137} INFO - [2023-02-19T20:14:44.171+0000] {dag.py:3441} INFO - Setting next_dagrun for example_subdag_operator.section-2 to None, run_after=None
[2023-02-19T20:14:44.189+0000] {processor.py:175} INFO - Processing /home/airflow/.local/lib/python3.7/site-packages/airflow/example_dags/example_subdag_operator.py took 0.154 seconds
[2023-02-19T20:15:14.822+0000] {processor.py:153} INFO - Started process (PID=663) to work on /home/airflow/.local/lib/python3.7/site-packages/airflow/example_dags/example_subdag_operator.py
[2023-02-19T20:15:14.825+0000] {processor.py:743} INFO - Processing file /home/airflow/.local/lib/python3.7/site-packages/airflow/example_dags/example_subdag_operator.py for tasks to queue
[2023-02-19T20:15:14.827+0000] {logging_mixin.py:137} INFO - [2023-02-19T20:15:14.827+0000] {dagbag.py:538} INFO - Filling up the DagBag from /home/airflow/.local/lib/python3.7/site-packages/airflow/example_dags/example_subdag_operator.py
[2023-02-19T20:15:14.871+0000] {processor.py:753} INFO - DAG(s) dict_keys(['example_subdag_operator.section-1', 'example_subdag_operator.section-2', 'example_subdag_operator']) retrieved from /home/airflow/.local/lib/python3.7/site-packages/airflow/example_dags/example_subdag_operator.py
[2023-02-19T20:15:14.895+0000] {logging_mixin.py:137} INFO - [2023-02-19T20:15:14.895+0000] {dag.py:2690} INFO - Sync 3 DAGs
[2023-02-19T20:15:14.926+0000] {logging_mixin.py:137} INFO - [2023-02-19T20:15:14.926+0000] {dag.py:3441} INFO - Setting next_dagrun for example_subdag_operator to 2022-01-01T00:00:00+00:00, run_after=2022-01-01T00:00:00+00:00
[2023-02-19T20:15:14.932+0000] {logging_mixin.py:137} INFO - [2023-02-19T20:15:14.932+0000] {dag.py:3441} INFO - Setting next_dagrun for example_subdag_operator.section-1 to None, run_after=None
[2023-02-19T20:15:14.935+0000] {logging_mixin.py:137} INFO - [2023-02-19T20:15:14.935+0000] {dag.py:3441} INFO - Setting next_dagrun for example_subdag_operator.section-2 to None, run_after=None
[2023-02-19T20:15:14.945+0000] {logging_mixin.py:137} INFO - [2023-02-19T20:15:14.945+0000] {dag.py:2690} INFO - Sync 2 DAGs
[2023-02-19T20:15:14.954+0000] {logging_mixin.py:137} INFO - [2023-02-19T20:15:14.954+0000] {dag.py:3441} INFO - Setting next_dagrun for example_subdag_operator.section-1 to None, run_after=None
[2023-02-19T20:15:14.956+0000] {logging_mixin.py:137} INFO - [2023-02-19T20:15:14.955+0000] {dag.py:3441} INFO - Setting next_dagrun for example_subdag_operator.section-2 to None, run_after=None
[2023-02-19T20:15:14.971+0000] {processor.py:175} INFO - Processing /home/airflow/.local/lib/python3.7/site-packages/airflow/example_dags/example_subdag_operator.py took 0.156 seconds
[2023-02-19T20:15:45.489+0000] {processor.py:153} INFO - Started process (PID=739) to work on /home/airflow/.local/lib/python3.7/site-packages/airflow/example_dags/example_subdag_operator.py
[2023-02-19T20:15:45.492+0000] {processor.py:743} INFO - Processing file /home/airflow/.local/lib/python3.7/site-packages/airflow/example_dags/example_subdag_operator.py for tasks to queue
[2023-02-19T20:15:45.493+0000] {logging_mixin.py:137} INFO - [2023-02-19T20:15:45.493+0000] {dagbag.py:538} INFO - Filling up the DagBag from /home/airflow/.local/lib/python3.7/site-packages/airflow/example_dags/example_subdag_operator.py
[2023-02-19T20:15:45.535+0000] {processor.py:753} INFO - DAG(s) dict_keys(['example_subdag_operator.section-1', 'example_subdag_operator.section-2', 'example_subdag_operator']) retrieved from /home/airflow/.local/lib/python3.7/site-packages/airflow/example_dags/example_subdag_operator.py
[2023-02-19T20:15:45.558+0000] {logging_mixin.py:137} INFO - [2023-02-19T20:15:45.558+0000] {dag.py:2690} INFO - Sync 3 DAGs
[2023-02-19T20:15:45.591+0000] {logging_mixin.py:137} INFO - [2023-02-19T20:15:45.591+0000] {dag.py:3441} INFO - Setting next_dagrun for example_subdag_operator to 2022-01-01T00:00:00+00:00, run_after=2022-01-01T00:00:00+00:00
[2023-02-19T20:15:45.597+0000] {logging_mixin.py:137} INFO - [2023-02-19T20:15:45.597+0000] {dag.py:3441} INFO - Setting next_dagrun for example_subdag_operator.section-1 to None, run_after=None
[2023-02-19T20:15:45.600+0000] {logging_mixin.py:137} INFO - [2023-02-19T20:15:45.600+0000] {dag.py:3441} INFO - Setting next_dagrun for example_subdag_operator.section-2 to None, run_after=None
[2023-02-19T20:15:45.610+0000] {logging_mixin.py:137} INFO - [2023-02-19T20:15:45.610+0000] {dag.py:2690} INFO - Sync 2 DAGs
[2023-02-19T20:15:45.617+0000] {logging_mixin.py:137} INFO - [2023-02-19T20:15:45.617+0000] {dag.py:3441} INFO - Setting next_dagrun for example_subdag_operator.section-1 to None, run_after=None
[2023-02-19T20:15:45.618+0000] {logging_mixin.py:137} INFO - [2023-02-19T20:15:45.618+0000] {dag.py:3441} INFO - Setting next_dagrun for example_subdag_operator.section-2 to None, run_after=None
[2023-02-19T20:15:45.636+0000] {processor.py:175} INFO - Processing /home/airflow/.local/lib/python3.7/site-packages/airflow/example_dags/example_subdag_operator.py took 0.151 seconds
[2023-02-19T20:16:16.119+0000] {processor.py:153} INFO - Started process (PID=803) to work on /home/airflow/.local/lib/python3.7/site-packages/airflow/example_dags/example_subdag_operator.py
[2023-02-19T20:16:16.122+0000] {processor.py:743} INFO - Processing file /home/airflow/.local/lib/python3.7/site-packages/airflow/example_dags/example_subdag_operator.py for tasks to queue
[2023-02-19T20:16:16.124+0000] {logging_mixin.py:137} INFO - [2023-02-19T20:16:16.124+0000] {dagbag.py:538} INFO - Filling up the DagBag from /home/airflow/.local/lib/python3.7/site-packages/airflow/example_dags/example_subdag_operator.py
[2023-02-19T20:16:16.166+0000] {processor.py:753} INFO - DAG(s) dict_keys(['example_subdag_operator.section-1', 'example_subdag_operator.section-2', 'example_subdag_operator']) retrieved from /home/airflow/.local/lib/python3.7/site-packages/airflow/example_dags/example_subdag_operator.py
[2023-02-19T20:16:16.190+0000] {logging_mixin.py:137} INFO - [2023-02-19T20:16:16.189+0000] {dag.py:2690} INFO - Sync 3 DAGs
[2023-02-19T20:16:16.221+0000] {logging_mixin.py:137} INFO - [2023-02-19T20:16:16.221+0000] {dag.py:3441} INFO - Setting next_dagrun for example_subdag_operator to 2022-01-01T00:00:00+00:00, run_after=2022-01-01T00:00:00+00:00
[2023-02-19T20:16:16.227+0000] {logging_mixin.py:137} INFO - [2023-02-19T20:16:16.226+0000] {dag.py:3441} INFO - Setting next_dagrun for example_subdag_operator.section-1 to None, run_after=None
[2023-02-19T20:16:16.229+0000] {logging_mixin.py:137} INFO - [2023-02-19T20:16:16.229+0000] {dag.py:3441} INFO - Setting next_dagrun for example_subdag_operator.section-2 to None, run_after=None
[2023-02-19T20:16:16.239+0000] {logging_mixin.py:137} INFO - [2023-02-19T20:16:16.239+0000] {dag.py:2690} INFO - Sync 2 DAGs
[2023-02-19T20:16:16.248+0000] {logging_mixin.py:137} INFO - [2023-02-19T20:16:16.248+0000] {dag.py:3441} INFO - Setting next_dagrun for example_subdag_operator.section-1 to None, run_after=None
[2023-02-19T20:16:16.250+0000] {logging_mixin.py:137} INFO - [2023-02-19T20:16:16.250+0000] {dag.py:3441} INFO - Setting next_dagrun for example_subdag_operator.section-2 to None, run_after=None
[2023-02-19T20:16:16.267+0000] {processor.py:175} INFO - Processing /home/airflow/.local/lib/python3.7/site-packages/airflow/example_dags/example_subdag_operator.py took 0.154 seconds
[2023-02-19T20:16:46.580+0000] {processor.py:153} INFO - Started process (PID=878) to work on /home/airflow/.local/lib/python3.7/site-packages/airflow/example_dags/example_subdag_operator.py
[2023-02-19T20:16:46.583+0000] {processor.py:743} INFO - Processing file /home/airflow/.local/lib/python3.7/site-packages/airflow/example_dags/example_subdag_operator.py for tasks to queue
[2023-02-19T20:16:46.585+0000] {logging_mixin.py:137} INFO - [2023-02-19T20:16:46.585+0000] {dagbag.py:538} INFO - Filling up the DagBag from /home/airflow/.local/lib/python3.7/site-packages/airflow/example_dags/example_subdag_operator.py
[2023-02-19T20:16:46.630+0000] {processor.py:753} INFO - DAG(s) dict_keys(['example_subdag_operator.section-1', 'example_subdag_operator.section-2', 'example_subdag_operator']) retrieved from /home/airflow/.local/lib/python3.7/site-packages/airflow/example_dags/example_subdag_operator.py
[2023-02-19T20:16:46.657+0000] {logging_mixin.py:137} INFO - [2023-02-19T20:16:46.657+0000] {dag.py:2690} INFO - Sync 3 DAGs
[2023-02-19T20:16:46.693+0000] {logging_mixin.py:137} INFO - [2023-02-19T20:16:46.692+0000] {dag.py:3441} INFO - Setting next_dagrun for example_subdag_operator to 2022-01-01T00:00:00+00:00, run_after=2022-01-01T00:00:00+00:00
[2023-02-19T20:16:46.699+0000] {logging_mixin.py:137} INFO - [2023-02-19T20:16:46.699+0000] {dag.py:3441} INFO - Setting next_dagrun for example_subdag_operator.section-1 to None, run_after=None
[2023-02-19T20:16:46.702+0000] {logging_mixin.py:137} INFO - [2023-02-19T20:16:46.702+0000] {dag.py:3441} INFO - Setting next_dagrun for example_subdag_operator.section-2 to None, run_after=None
[2023-02-19T20:16:46.720+0000] {logging_mixin.py:137} INFO - [2023-02-19T20:16:46.720+0000] {dag.py:2690} INFO - Sync 2 DAGs
[2023-02-19T20:16:46.734+0000] {logging_mixin.py:137} INFO - [2023-02-19T20:16:46.734+0000] {dag.py:3441} INFO - Setting next_dagrun for example_subdag_operator.section-1 to None, run_after=None
[2023-02-19T20:16:46.736+0000] {logging_mixin.py:137} INFO - [2023-02-19T20:16:46.735+0000] {dag.py:3441} INFO - Setting next_dagrun for example_subdag_operator.section-2 to None, run_after=None
[2023-02-19T20:16:46.758+0000] {processor.py:175} INFO - Processing /home/airflow/.local/lib/python3.7/site-packages/airflow/example_dags/example_subdag_operator.py took 0.183 seconds
[2023-02-19T20:17:17.550+0000] {processor.py:153} INFO - Started process (PID=941) to work on /home/airflow/.local/lib/python3.7/site-packages/airflow/example_dags/example_subdag_operator.py
[2023-02-19T20:17:17.553+0000] {processor.py:743} INFO - Processing file /home/airflow/.local/lib/python3.7/site-packages/airflow/example_dags/example_subdag_operator.py for tasks to queue
[2023-02-19T20:17:17.555+0000] {logging_mixin.py:137} INFO - [2023-02-19T20:17:17.555+0000] {dagbag.py:538} INFO - Filling up the DagBag from /home/airflow/.local/lib/python3.7/site-packages/airflow/example_dags/example_subdag_operator.py
[2023-02-19T20:17:17.606+0000] {processor.py:753} INFO - DAG(s) dict_keys(['example_subdag_operator.section-1', 'example_subdag_operator.section-2', 'example_subdag_operator']) retrieved from /home/airflow/.local/lib/python3.7/site-packages/airflow/example_dags/example_subdag_operator.py
[2023-02-19T20:17:17.636+0000] {logging_mixin.py:137} INFO - [2023-02-19T20:17:17.636+0000] {dag.py:2690} INFO - Sync 3 DAGs
[2023-02-19T20:17:17.668+0000] {logging_mixin.py:137} INFO - [2023-02-19T20:17:17.668+0000] {dag.py:3441} INFO - Setting next_dagrun for example_subdag_operator to 2022-01-01T00:00:00+00:00, run_after=2022-01-01T00:00:00+00:00
[2023-02-19T20:17:17.673+0000] {logging_mixin.py:137} INFO - [2023-02-19T20:17:17.673+0000] {dag.py:3441} INFO - Setting next_dagrun for example_subdag_operator.section-1 to None, run_after=None
[2023-02-19T20:17:17.676+0000] {logging_mixin.py:137} INFO - [2023-02-19T20:17:17.676+0000] {dag.py:3441} INFO - Setting next_dagrun for example_subdag_operator.section-2 to None, run_after=None
[2023-02-19T20:17:17.686+0000] {logging_mixin.py:137} INFO - [2023-02-19T20:17:17.686+0000] {dag.py:2690} INFO - Sync 2 DAGs
[2023-02-19T20:17:17.694+0000] {logging_mixin.py:137} INFO - [2023-02-19T20:17:17.694+0000] {dag.py:3441} INFO - Setting next_dagrun for example_subdag_operator.section-1 to None, run_after=None
[2023-02-19T20:17:17.695+0000] {logging_mixin.py:137} INFO - [2023-02-19T20:17:17.695+0000] {dag.py:3441} INFO - Setting next_dagrun for example_subdag_operator.section-2 to None, run_after=None
[2023-02-19T20:17:17.713+0000] {processor.py:175} INFO - Processing /home/airflow/.local/lib/python3.7/site-packages/airflow/example_dags/example_subdag_operator.py took 0.170 seconds
[2023-02-19T20:17:48.210+0000] {processor.py:153} INFO - Started process (PID=1013) to work on /home/airflow/.local/lib/python3.7/site-packages/airflow/example_dags/example_subdag_operator.py
[2023-02-19T20:17:48.212+0000] {processor.py:743} INFO - Processing file /home/airflow/.local/lib/python3.7/site-packages/airflow/example_dags/example_subdag_operator.py for tasks to queue
[2023-02-19T20:17:48.214+0000] {logging_mixin.py:137} INFO - [2023-02-19T20:17:48.214+0000] {dagbag.py:538} INFO - Filling up the DagBag from /home/airflow/.local/lib/python3.7/site-packages/airflow/example_dags/example_subdag_operator.py
[2023-02-19T20:17:48.264+0000] {processor.py:753} INFO - DAG(s) dict_keys(['example_subdag_operator.section-1', 'example_subdag_operator.section-2', 'example_subdag_operator']) retrieved from /home/airflow/.local/lib/python3.7/site-packages/airflow/example_dags/example_subdag_operator.py
[2023-02-19T20:17:48.289+0000] {logging_mixin.py:137} INFO - [2023-02-19T20:17:48.289+0000] {dag.py:2690} INFO - Sync 3 DAGs
[2023-02-19T20:17:48.329+0000] {logging_mixin.py:137} INFO - [2023-02-19T20:17:48.328+0000] {dag.py:3441} INFO - Setting next_dagrun for example_subdag_operator to 2022-01-01T00:00:00+00:00, run_after=2022-01-01T00:00:00+00:00
[2023-02-19T20:17:48.336+0000] {logging_mixin.py:137} INFO - [2023-02-19T20:17:48.336+0000] {dag.py:3441} INFO - Setting next_dagrun for example_subdag_operator.section-1 to None, run_after=None
[2023-02-19T20:17:48.339+0000] {logging_mixin.py:137} INFO - [2023-02-19T20:17:48.338+0000] {dag.py:3441} INFO - Setting next_dagrun for example_subdag_operator.section-2 to None, run_after=None
[2023-02-19T20:17:48.348+0000] {logging_mixin.py:137} INFO - [2023-02-19T20:17:48.348+0000] {dag.py:2690} INFO - Sync 2 DAGs
[2023-02-19T20:17:48.365+0000] {logging_mixin.py:137} INFO - [2023-02-19T20:17:48.365+0000] {dag.py:3441} INFO - Setting next_dagrun for example_subdag_operator.section-1 to None, run_after=None
[2023-02-19T20:17:48.366+0000] {logging_mixin.py:137} INFO - [2023-02-19T20:17:48.366+0000] {dag.py:3441} INFO - Setting next_dagrun for example_subdag_operator.section-2 to None, run_after=None
[2023-02-19T20:17:48.383+0000] {processor.py:175} INFO - Processing /home/airflow/.local/lib/python3.7/site-packages/airflow/example_dags/example_subdag_operator.py took 0.178 seconds
[2023-02-19T20:18:18.821+0000] {processor.py:153} INFO - Started process (PID=1080) to work on /home/airflow/.local/lib/python3.7/site-packages/airflow/example_dags/example_subdag_operator.py
[2023-02-19T20:18:18.828+0000] {processor.py:743} INFO - Processing file /home/airflow/.local/lib/python3.7/site-packages/airflow/example_dags/example_subdag_operator.py for tasks to queue
[2023-02-19T20:18:18.831+0000] {logging_mixin.py:137} INFO - [2023-02-19T20:18:18.830+0000] {dagbag.py:538} INFO - Filling up the DagBag from /home/airflow/.local/lib/python3.7/site-packages/airflow/example_dags/example_subdag_operator.py
[2023-02-19T20:18:18.874+0000] {processor.py:753} INFO - DAG(s) dict_keys(['example_subdag_operator.section-1', 'example_subdag_operator.section-2', 'example_subdag_operator']) retrieved from /home/airflow/.local/lib/python3.7/site-packages/airflow/example_dags/example_subdag_operator.py
[2023-02-19T20:18:18.902+0000] {logging_mixin.py:137} INFO - [2023-02-19T20:18:18.902+0000] {dag.py:2690} INFO - Sync 3 DAGs
[2023-02-19T20:18:18.934+0000] {logging_mixin.py:137} INFO - [2023-02-19T20:18:18.934+0000] {dag.py:3441} INFO - Setting next_dagrun for example_subdag_operator to 2022-01-01T00:00:00+00:00, run_after=2022-01-01T00:00:00+00:00
[2023-02-19T20:18:18.940+0000] {logging_mixin.py:137} INFO - [2023-02-19T20:18:18.939+0000] {dag.py:3441} INFO - Setting next_dagrun for example_subdag_operator.section-1 to None, run_after=None
[2023-02-19T20:18:18.942+0000] {logging_mixin.py:137} INFO - [2023-02-19T20:18:18.942+0000] {dag.py:3441} INFO - Setting next_dagrun for example_subdag_operator.section-2 to None, run_after=None
[2023-02-19T20:18:18.953+0000] {logging_mixin.py:137} INFO - [2023-02-19T20:18:18.952+0000] {dag.py:2690} INFO - Sync 2 DAGs
[2023-02-19T20:18:18.960+0000] {logging_mixin.py:137} INFO - [2023-02-19T20:18:18.960+0000] {dag.py:3441} INFO - Setting next_dagrun for example_subdag_operator.section-1 to None, run_after=None
[2023-02-19T20:18:18.962+0000] {logging_mixin.py:137} INFO - [2023-02-19T20:18:18.962+0000] {dag.py:3441} INFO - Setting next_dagrun for example_subdag_operator.section-2 to None, run_after=None
[2023-02-19T20:18:18.977+0000] {processor.py:175} INFO - Processing /home/airflow/.local/lib/python3.7/site-packages/airflow/example_dags/example_subdag_operator.py took 0.162 seconds
[2023-02-19T20:18:49.485+0000] {processor.py:153} INFO - Started process (PID=1143) to work on /home/airflow/.local/lib/python3.7/site-packages/airflow/example_dags/example_subdag_operator.py
[2023-02-19T20:18:49.487+0000] {processor.py:743} INFO - Processing file /home/airflow/.local/lib/python3.7/site-packages/airflow/example_dags/example_subdag_operator.py for tasks to queue
[2023-02-19T20:18:49.490+0000] {logging_mixin.py:137} INFO - [2023-02-19T20:18:49.489+0000] {dagbag.py:538} INFO - Filling up the DagBag from /home/airflow/.local/lib/python3.7/site-packages/airflow/example_dags/example_subdag_operator.py
[2023-02-19T20:18:49.535+0000] {processor.py:753} INFO - DAG(s) dict_keys(['example_subdag_operator.section-1', 'example_subdag_operator.section-2', 'example_subdag_operator']) retrieved from /home/airflow/.local/lib/python3.7/site-packages/airflow/example_dags/example_subdag_operator.py
[2023-02-19T20:18:49.560+0000] {logging_mixin.py:137} INFO - [2023-02-19T20:18:49.560+0000] {dag.py:2690} INFO - Sync 3 DAGs
[2023-02-19T20:18:49.596+0000] {logging_mixin.py:137} INFO - [2023-02-19T20:18:49.596+0000] {dag.py:3441} INFO - Setting next_dagrun for example_subdag_operator to 2022-01-01T00:00:00+00:00, run_after=2022-01-01T00:00:00+00:00
[2023-02-19T20:18:49.602+0000] {logging_mixin.py:137} INFO - [2023-02-19T20:18:49.601+0000] {dag.py:3441} INFO - Setting next_dagrun for example_subdag_operator.section-1 to None, run_after=None
[2023-02-19T20:18:49.605+0000] {logging_mixin.py:137} INFO - [2023-02-19T20:18:49.605+0000] {dag.py:3441} INFO - Setting next_dagrun for example_subdag_operator.section-2 to None, run_after=None
[2023-02-19T20:18:49.618+0000] {logging_mixin.py:137} INFO - [2023-02-19T20:18:49.618+0000] {dag.py:2690} INFO - Sync 2 DAGs
[2023-02-19T20:18:49.628+0000] {logging_mixin.py:137} INFO - [2023-02-19T20:18:49.628+0000] {dag.py:3441} INFO - Setting next_dagrun for example_subdag_operator.section-1 to None, run_after=None
[2023-02-19T20:18:49.630+0000] {logging_mixin.py:137} INFO - [2023-02-19T20:18:49.630+0000] {dag.py:3441} INFO - Setting next_dagrun for example_subdag_operator.section-2 to None, run_after=None
[2023-02-19T20:18:49.649+0000] {processor.py:175} INFO - Processing /home/airflow/.local/lib/python3.7/site-packages/airflow/example_dags/example_subdag_operator.py took 0.170 seconds
[2023-02-19T20:19:20.371+0000] {processor.py:153} INFO - Started process (PID=1217) to work on /home/airflow/.local/lib/python3.7/site-packages/airflow/example_dags/example_subdag_operator.py
[2023-02-19T20:19:20.374+0000] {processor.py:743} INFO - Processing file /home/airflow/.local/lib/python3.7/site-packages/airflow/example_dags/example_subdag_operator.py for tasks to queue
[2023-02-19T20:19:20.376+0000] {logging_mixin.py:137} INFO - [2023-02-19T20:19:20.376+0000] {dagbag.py:538} INFO - Filling up the DagBag from /home/airflow/.local/lib/python3.7/site-packages/airflow/example_dags/example_subdag_operator.py
[2023-02-19T20:19:20.422+0000] {processor.py:753} INFO - DAG(s) dict_keys(['example_subdag_operator.section-1', 'example_subdag_operator.section-2', 'example_subdag_operator']) retrieved from /home/airflow/.local/lib/python3.7/site-packages/airflow/example_dags/example_subdag_operator.py
[2023-02-19T20:19:20.446+0000] {logging_mixin.py:137} INFO - [2023-02-19T20:19:20.446+0000] {dag.py:2690} INFO - Sync 3 DAGs
[2023-02-19T20:19:20.478+0000] {logging_mixin.py:137} INFO - [2023-02-19T20:19:20.477+0000] {dag.py:3441} INFO - Setting next_dagrun for example_subdag_operator to 2022-01-01T00:00:00+00:00, run_after=2022-01-01T00:00:00+00:00
[2023-02-19T20:19:20.483+0000] {logging_mixin.py:137} INFO - [2023-02-19T20:19:20.483+0000] {dag.py:3441} INFO - Setting next_dagrun for example_subdag_operator.section-1 to None, run_after=None
[2023-02-19T20:19:20.486+0000] {logging_mixin.py:137} INFO - [2023-02-19T20:19:20.486+0000] {dag.py:3441} INFO - Setting next_dagrun for example_subdag_operator.section-2 to None, run_after=None
[2023-02-19T20:19:20.497+0000] {logging_mixin.py:137} INFO - [2023-02-19T20:19:20.497+0000] {dag.py:2690} INFO - Sync 2 DAGs
[2023-02-19T20:19:20.504+0000] {logging_mixin.py:137} INFO - [2023-02-19T20:19:20.504+0000] {dag.py:3441} INFO - Setting next_dagrun for example_subdag_operator.section-1 to None, run_after=None
[2023-02-19T20:19:20.506+0000] {logging_mixin.py:137} INFO - [2023-02-19T20:19:20.506+0000] {dag.py:3441} INFO - Setting next_dagrun for example_subdag_operator.section-2 to None, run_after=None
[2023-02-19T20:19:20.520+0000] {processor.py:175} INFO - Processing /home/airflow/.local/lib/python3.7/site-packages/airflow/example_dags/example_subdag_operator.py took 0.153 seconds
[2023-02-19T20:19:50.789+0000] {processor.py:153} INFO - Started process (PID=1280) to work on /home/airflow/.local/lib/python3.7/site-packages/airflow/example_dags/example_subdag_operator.py
[2023-02-19T20:19:50.792+0000] {processor.py:743} INFO - Processing file /home/airflow/.local/lib/python3.7/site-packages/airflow/example_dags/example_subdag_operator.py for tasks to queue
[2023-02-19T20:19:50.793+0000] {logging_mixin.py:137} INFO - [2023-02-19T20:19:50.793+0000] {dagbag.py:538} INFO - Filling up the DagBag from /home/airflow/.local/lib/python3.7/site-packages/airflow/example_dags/example_subdag_operator.py
[2023-02-19T20:19:50.839+0000] {processor.py:753} INFO - DAG(s) dict_keys(['example_subdag_operator.section-1', 'example_subdag_operator.section-2', 'example_subdag_operator']) retrieved from /home/airflow/.local/lib/python3.7/site-packages/airflow/example_dags/example_subdag_operator.py
[2023-02-19T20:19:50.862+0000] {logging_mixin.py:137} INFO - [2023-02-19T20:19:50.862+0000] {dag.py:2690} INFO - Sync 3 DAGs
[2023-02-19T20:19:50.899+0000] {logging_mixin.py:137} INFO - [2023-02-19T20:19:50.899+0000] {dag.py:3441} INFO - Setting next_dagrun for example_subdag_operator to 2022-01-01T00:00:00+00:00, run_after=2022-01-01T00:00:00+00:00
[2023-02-19T20:19:50.904+0000] {logging_mixin.py:137} INFO - [2023-02-19T20:19:50.904+0000] {dag.py:3441} INFO - Setting next_dagrun for example_subdag_operator.section-1 to None, run_after=None
[2023-02-19T20:19:50.907+0000] {logging_mixin.py:137} INFO - [2023-02-19T20:19:50.907+0000] {dag.py:3441} INFO - Setting next_dagrun for example_subdag_operator.section-2 to None, run_after=None
[2023-02-19T20:19:50.917+0000] {logging_mixin.py:137} INFO - [2023-02-19T20:19:50.917+0000] {dag.py:2690} INFO - Sync 2 DAGs
[2023-02-19T20:19:50.925+0000] {logging_mixin.py:137} INFO - [2023-02-19T20:19:50.925+0000] {dag.py:3441} INFO - Setting next_dagrun for example_subdag_operator.section-1 to None, run_after=None
[2023-02-19T20:19:50.931+0000] {logging_mixin.py:137} INFO - [2023-02-19T20:19:50.931+0000] {dag.py:3441} INFO - Setting next_dagrun for example_subdag_operator.section-2 to None, run_after=None
[2023-02-19T20:19:50.946+0000] {processor.py:175} INFO - Processing /home/airflow/.local/lib/python3.7/site-packages/airflow/example_dags/example_subdag_operator.py took 0.162 seconds
[2023-02-19T20:20:21.519+0000] {processor.py:153} INFO - Started process (PID=1356) to work on /home/airflow/.local/lib/python3.7/site-packages/airflow/example_dags/example_subdag_operator.py
[2023-02-19T20:20:21.522+0000] {processor.py:743} INFO - Processing file /home/airflow/.local/lib/python3.7/site-packages/airflow/example_dags/example_subdag_operator.py for tasks to queue
[2023-02-19T20:20:21.525+0000] {logging_mixin.py:137} INFO - [2023-02-19T20:20:21.524+0000] {dagbag.py:538} INFO - Filling up the DagBag from /home/airflow/.local/lib/python3.7/site-packages/airflow/example_dags/example_subdag_operator.py
[2023-02-19T20:20:21.568+0000] {processor.py:753} INFO - DAG(s) dict_keys(['example_subdag_operator.section-1', 'example_subdag_operator.section-2', 'example_subdag_operator']) retrieved from /home/airflow/.local/lib/python3.7/site-packages/airflow/example_dags/example_subdag_operator.py
[2023-02-19T20:20:21.593+0000] {logging_mixin.py:137} INFO - [2023-02-19T20:20:21.593+0000] {dag.py:2690} INFO - Sync 3 DAGs
[2023-02-19T20:20:21.623+0000] {logging_mixin.py:137} INFO - [2023-02-19T20:20:21.623+0000] {dag.py:3441} INFO - Setting next_dagrun for example_subdag_operator to 2022-01-01T00:00:00+00:00, run_after=2022-01-01T00:00:00+00:00
[2023-02-19T20:20:21.628+0000] {logging_mixin.py:137} INFO - [2023-02-19T20:20:21.628+0000] {dag.py:3441} INFO - Setting next_dagrun for example_subdag_operator.section-1 to None, run_after=None
[2023-02-19T20:20:21.631+0000] {logging_mixin.py:137} INFO - [2023-02-19T20:20:21.631+0000] {dag.py:3441} INFO - Setting next_dagrun for example_subdag_operator.section-2 to None, run_after=None
[2023-02-19T20:20:21.642+0000] {logging_mixin.py:137} INFO - [2023-02-19T20:20:21.642+0000] {dag.py:2690} INFO - Sync 2 DAGs
[2023-02-19T20:20:21.651+0000] {logging_mixin.py:137} INFO - [2023-02-19T20:20:21.651+0000] {dag.py:3441} INFO - Setting next_dagrun for example_subdag_operator.section-1 to None, run_after=None
[2023-02-19T20:20:21.653+0000] {logging_mixin.py:137} INFO - [2023-02-19T20:20:21.653+0000] {dag.py:3441} INFO - Setting next_dagrun for example_subdag_operator.section-2 to None, run_after=None
[2023-02-19T20:20:21.671+0000] {processor.py:175} INFO - Processing /home/airflow/.local/lib/python3.7/site-packages/airflow/example_dags/example_subdag_operator.py took 0.156 seconds
[2023-02-19T20:20:52.028+0000] {processor.py:153} INFO - Started process (PID=1420) to work on /home/airflow/.local/lib/python3.7/site-packages/airflow/example_dags/example_subdag_operator.py
[2023-02-19T20:20:52.031+0000] {processor.py:743} INFO - Processing file /home/airflow/.local/lib/python3.7/site-packages/airflow/example_dags/example_subdag_operator.py for tasks to queue
[2023-02-19T20:20:52.033+0000] {logging_mixin.py:137} INFO - [2023-02-19T20:20:52.033+0000] {dagbag.py:538} INFO - Filling up the DagBag from /home/airflow/.local/lib/python3.7/site-packages/airflow/example_dags/example_subdag_operator.py
[2023-02-19T20:20:52.089+0000] {processor.py:753} INFO - DAG(s) dict_keys(['example_subdag_operator.section-1', 'example_subdag_operator.section-2', 'example_subdag_operator']) retrieved from /home/airflow/.local/lib/python3.7/site-packages/airflow/example_dags/example_subdag_operator.py
[2023-02-19T20:20:52.117+0000] {logging_mixin.py:137} INFO - [2023-02-19T20:20:52.117+0000] {dag.py:2690} INFO - Sync 3 DAGs
[2023-02-19T20:20:52.154+0000] {logging_mixin.py:137} INFO - [2023-02-19T20:20:52.153+0000] {dag.py:3441} INFO - Setting next_dagrun for example_subdag_operator to 2022-01-01T00:00:00+00:00, run_after=2022-01-01T00:00:00+00:00
[2023-02-19T20:20:52.164+0000] {logging_mixin.py:137} INFO - [2023-02-19T20:20:52.164+0000] {dag.py:3441} INFO - Setting next_dagrun for example_subdag_operator.section-1 to None, run_after=None
[2023-02-19T20:20:52.168+0000] {logging_mixin.py:137} INFO - [2023-02-19T20:20:52.167+0000] {dag.py:3441} INFO - Setting next_dagrun for example_subdag_operator.section-2 to None, run_after=None
[2023-02-19T20:20:52.192+0000] {logging_mixin.py:137} INFO - [2023-02-19T20:20:52.192+0000] {dag.py:2690} INFO - Sync 2 DAGs
[2023-02-19T20:20:52.206+0000] {logging_mixin.py:137} INFO - [2023-02-19T20:20:52.206+0000] {dag.py:3441} INFO - Setting next_dagrun for example_subdag_operator.section-1 to None, run_after=None
[2023-02-19T20:20:52.209+0000] {logging_mixin.py:137} INFO - [2023-02-19T20:20:52.209+0000] {dag.py:3441} INFO - Setting next_dagrun for example_subdag_operator.section-2 to None, run_after=None
[2023-02-19T20:20:52.235+0000] {processor.py:175} INFO - Processing /home/airflow/.local/lib/python3.7/site-packages/airflow/example_dags/example_subdag_operator.py took 0.213 seconds
[2023-02-19T20:21:22.422+0000] {processor.py:153} INFO - Started process (PID=1494) to work on /home/airflow/.local/lib/python3.7/site-packages/airflow/example_dags/example_subdag_operator.py
[2023-02-19T20:21:22.425+0000] {processor.py:743} INFO - Processing file /home/airflow/.local/lib/python3.7/site-packages/airflow/example_dags/example_subdag_operator.py for tasks to queue
[2023-02-19T20:21:22.427+0000] {logging_mixin.py:137} INFO - [2023-02-19T20:21:22.427+0000] {dagbag.py:538} INFO - Filling up the DagBag from /home/airflow/.local/lib/python3.7/site-packages/airflow/example_dags/example_subdag_operator.py
[2023-02-19T20:21:22.496+0000] {processor.py:753} INFO - DAG(s) dict_keys(['example_subdag_operator.section-1', 'example_subdag_operator.section-2', 'example_subdag_operator']) retrieved from /home/airflow/.local/lib/python3.7/site-packages/airflow/example_dags/example_subdag_operator.py
[2023-02-19T20:21:22.527+0000] {logging_mixin.py:137} INFO - [2023-02-19T20:21:22.527+0000] {dag.py:2690} INFO - Sync 3 DAGs
[2023-02-19T20:21:22.570+0000] {logging_mixin.py:137} INFO - [2023-02-19T20:21:22.569+0000] {dag.py:3441} INFO - Setting next_dagrun for example_subdag_operator to 2022-01-01T00:00:00+00:00, run_after=2022-01-01T00:00:00+00:00
[2023-02-19T20:21:22.576+0000] {logging_mixin.py:137} INFO - [2023-02-19T20:21:22.576+0000] {dag.py:3441} INFO - Setting next_dagrun for example_subdag_operator.section-1 to None, run_after=None
[2023-02-19T20:21:22.579+0000] {logging_mixin.py:137} INFO - [2023-02-19T20:21:22.579+0000] {dag.py:3441} INFO - Setting next_dagrun for example_subdag_operator.section-2 to None, run_after=None
[2023-02-19T20:21:22.593+0000] {logging_mixin.py:137} INFO - [2023-02-19T20:21:22.593+0000] {dag.py:2690} INFO - Sync 2 DAGs
[2023-02-19T20:21:22.605+0000] {logging_mixin.py:137} INFO - [2023-02-19T20:21:22.605+0000] {dag.py:3441} INFO - Setting next_dagrun for example_subdag_operator.section-1 to None, run_after=None
[2023-02-19T20:21:22.607+0000] {logging_mixin.py:137} INFO - [2023-02-19T20:21:22.606+0000] {dag.py:3441} INFO - Setting next_dagrun for example_subdag_operator.section-2 to None, run_after=None
[2023-02-19T20:21:22.630+0000] {processor.py:175} INFO - Processing /home/airflow/.local/lib/python3.7/site-packages/airflow/example_dags/example_subdag_operator.py took 0.212 seconds
[2023-02-19T20:51:46.260+0000] {processor.py:153} INFO - Started process (PID=1555) to work on /home/airflow/.local/lib/python3.7/site-packages/airflow/example_dags/example_subdag_operator.py
[2023-02-19T20:51:46.263+0000] {processor.py:743} INFO - Processing file /home/airflow/.local/lib/python3.7/site-packages/airflow/example_dags/example_subdag_operator.py for tasks to queue
[2023-02-19T20:51:46.265+0000] {logging_mixin.py:137} INFO - [2023-02-19T20:51:46.265+0000] {dagbag.py:538} INFO - Filling up the DagBag from /home/airflow/.local/lib/python3.7/site-packages/airflow/example_dags/example_subdag_operator.py
[2023-02-19T20:51:46.315+0000] {processor.py:753} INFO - DAG(s) dict_keys(['example_subdag_operator.section-1', 'example_subdag_operator.section-2', 'example_subdag_operator']) retrieved from /home/airflow/.local/lib/python3.7/site-packages/airflow/example_dags/example_subdag_operator.py
[2023-02-19T20:51:46.343+0000] {logging_mixin.py:137} INFO - [2023-02-19T20:51:46.343+0000] {dag.py:2690} INFO - Sync 3 DAGs
[2023-02-19T20:51:46.392+0000] {logging_mixin.py:137} INFO - [2023-02-19T20:51:46.392+0000] {dag.py:3441} INFO - Setting next_dagrun for example_subdag_operator to 2022-01-01T00:00:00+00:00, run_after=2022-01-01T00:00:00+00:00
[2023-02-19T20:51:46.400+0000] {logging_mixin.py:137} INFO - [2023-02-19T20:51:46.400+0000] {dag.py:3441} INFO - Setting next_dagrun for example_subdag_operator.section-1 to None, run_after=None
[2023-02-19T20:51:46.405+0000] {logging_mixin.py:137} INFO - [2023-02-19T20:51:46.404+0000] {dag.py:3441} INFO - Setting next_dagrun for example_subdag_operator.section-2 to None, run_after=None
[2023-02-19T20:51:46.424+0000] {logging_mixin.py:137} INFO - [2023-02-19T20:51:46.424+0000] {dag.py:2690} INFO - Sync 2 DAGs
[2023-02-19T20:51:46.435+0000] {logging_mixin.py:137} INFO - [2023-02-19T20:51:46.435+0000] {dag.py:3441} INFO - Setting next_dagrun for example_subdag_operator.section-1 to None, run_after=None
[2023-02-19T20:51:46.438+0000] {logging_mixin.py:137} INFO - [2023-02-19T20:51:46.438+0000] {dag.py:3441} INFO - Setting next_dagrun for example_subdag_operator.section-2 to None, run_after=None
[2023-02-19T20:51:46.456+0000] {processor.py:175} INFO - Processing /home/airflow/.local/lib/python3.7/site-packages/airflow/example_dags/example_subdag_operator.py took 0.201 seconds
[2023-02-19T21:09:23.987+0000] {processor.py:153} INFO - Started process (PID=1631) to work on /home/airflow/.local/lib/python3.7/site-packages/airflow/example_dags/example_subdag_operator.py
[2023-02-19T21:09:23.990+0000] {processor.py:743} INFO - Processing file /home/airflow/.local/lib/python3.7/site-packages/airflow/example_dags/example_subdag_operator.py for tasks to queue
[2023-02-19T21:09:23.992+0000] {logging_mixin.py:137} INFO - [2023-02-19T21:09:23.992+0000] {dagbag.py:538} INFO - Filling up the DagBag from /home/airflow/.local/lib/python3.7/site-packages/airflow/example_dags/example_subdag_operator.py
[2023-02-19T21:09:24.062+0000] {processor.py:753} INFO - DAG(s) dict_keys(['example_subdag_operator.section-1', 'example_subdag_operator.section-2', 'example_subdag_operator']) retrieved from /home/airflow/.local/lib/python3.7/site-packages/airflow/example_dags/example_subdag_operator.py
[2023-02-19T21:09:24.098+0000] {logging_mixin.py:137} INFO - [2023-02-19T21:09:24.098+0000] {dag.py:2690} INFO - Sync 3 DAGs
[2023-02-19T21:09:24.132+0000] {logging_mixin.py:137} INFO - [2023-02-19T21:09:24.132+0000] {dag.py:3441} INFO - Setting next_dagrun for example_subdag_operator to 2022-01-01T00:00:00+00:00, run_after=2022-01-01T00:00:00+00:00
[2023-02-19T21:09:24.138+0000] {logging_mixin.py:137} INFO - [2023-02-19T21:09:24.138+0000] {dag.py:3441} INFO - Setting next_dagrun for example_subdag_operator.section-1 to None, run_after=None
[2023-02-19T21:09:24.141+0000] {logging_mixin.py:137} INFO - [2023-02-19T21:09:24.141+0000] {dag.py:3441} INFO - Setting next_dagrun for example_subdag_operator.section-2 to None, run_after=None
[2023-02-19T21:09:24.154+0000] {logging_mixin.py:137} INFO - [2023-02-19T21:09:24.154+0000] {dag.py:2690} INFO - Sync 2 DAGs
[2023-02-19T21:09:24.163+0000] {logging_mixin.py:137} INFO - [2023-02-19T21:09:24.163+0000] {dag.py:3441} INFO - Setting next_dagrun for example_subdag_operator.section-1 to None, run_after=None
[2023-02-19T21:09:24.165+0000] {logging_mixin.py:137} INFO - [2023-02-19T21:09:24.165+0000] {dag.py:3441} INFO - Setting next_dagrun for example_subdag_operator.section-2 to None, run_after=None
[2023-02-19T21:09:24.182+0000] {processor.py:175} INFO - Processing /home/airflow/.local/lib/python3.7/site-packages/airflow/example_dags/example_subdag_operator.py took 0.202 seconds
[2023-02-19T22:01:45.935+0000] {processor.py:153} INFO - Started process (PID=1705) to work on /home/airflow/.local/lib/python3.7/site-packages/airflow/example_dags/example_subdag_operator.py
[2023-02-19T22:01:45.939+0000] {processor.py:743} INFO - Processing file /home/airflow/.local/lib/python3.7/site-packages/airflow/example_dags/example_subdag_operator.py for tasks to queue
[2023-02-19T22:01:45.941+0000] {logging_mixin.py:137} INFO - [2023-02-19T22:01:45.941+0000] {dagbag.py:538} INFO - Filling up the DagBag from /home/airflow/.local/lib/python3.7/site-packages/airflow/example_dags/example_subdag_operator.py
[2023-02-19T22:01:46.024+0000] {processor.py:753} INFO - DAG(s) dict_keys(['example_subdag_operator.section-1', 'example_subdag_operator.section-2', 'example_subdag_operator']) retrieved from /home/airflow/.local/lib/python3.7/site-packages/airflow/example_dags/example_subdag_operator.py
[2023-02-19T22:01:46.086+0000] {logging_mixin.py:137} INFO - [2023-02-19T22:01:46.086+0000] {dag.py:2690} INFO - Sync 3 DAGs
[2023-02-19T22:01:46.139+0000] {logging_mixin.py:137} INFO - [2023-02-19T22:01:46.138+0000] {dag.py:3441} INFO - Setting next_dagrun for example_subdag_operator to 2022-01-01T00:00:00+00:00, run_after=2022-01-01T00:00:00+00:00
[2023-02-19T22:01:46.148+0000] {logging_mixin.py:137} INFO - [2023-02-19T22:01:46.148+0000] {dag.py:3441} INFO - Setting next_dagrun for example_subdag_operator.section-1 to None, run_after=None
[2023-02-19T22:01:46.152+0000] {logging_mixin.py:137} INFO - [2023-02-19T22:01:46.152+0000] {dag.py:3441} INFO - Setting next_dagrun for example_subdag_operator.section-2 to None, run_after=None
[2023-02-19T22:01:46.169+0000] {logging_mixin.py:137} INFO - [2023-02-19T22:01:46.169+0000] {dag.py:2690} INFO - Sync 2 DAGs
[2023-02-19T22:01:46.187+0000] {logging_mixin.py:137} INFO - [2023-02-19T22:01:46.187+0000] {dag.py:3441} INFO - Setting next_dagrun for example_subdag_operator.section-1 to None, run_after=None
[2023-02-19T22:01:46.189+0000] {logging_mixin.py:137} INFO - [2023-02-19T22:01:46.189+0000] {dag.py:3441} INFO - Setting next_dagrun for example_subdag_operator.section-2 to None, run_after=None
[2023-02-19T22:01:46.221+0000] {processor.py:175} INFO - Processing /home/airflow/.local/lib/python3.7/site-packages/airflow/example_dags/example_subdag_operator.py took 0.302 seconds
[2023-02-19T22:02:16.925+0000] {processor.py:153} INFO - Started process (PID=1767) to work on /home/airflow/.local/lib/python3.7/site-packages/airflow/example_dags/example_subdag_operator.py
[2023-02-19T22:02:16.927+0000] {processor.py:743} INFO - Processing file /home/airflow/.local/lib/python3.7/site-packages/airflow/example_dags/example_subdag_operator.py for tasks to queue
[2023-02-19T22:02:16.929+0000] {logging_mixin.py:137} INFO - [2023-02-19T22:02:16.929+0000] {dagbag.py:538} INFO - Filling up the DagBag from /home/airflow/.local/lib/python3.7/site-packages/airflow/example_dags/example_subdag_operator.py
[2023-02-19T22:02:16.972+0000] {processor.py:753} INFO - DAG(s) dict_keys(['example_subdag_operator.section-1', 'example_subdag_operator.section-2', 'example_subdag_operator']) retrieved from /home/airflow/.local/lib/python3.7/site-packages/airflow/example_dags/example_subdag_operator.py
[2023-02-19T22:02:16.999+0000] {logging_mixin.py:137} INFO - [2023-02-19T22:02:16.999+0000] {dag.py:2690} INFO - Sync 3 DAGs
[2023-02-19T22:02:17.036+0000] {logging_mixin.py:137} INFO - [2023-02-19T22:02:17.036+0000] {dag.py:3441} INFO - Setting next_dagrun for example_subdag_operator to 2022-01-01T00:00:00+00:00, run_after=2022-01-01T00:00:00+00:00
[2023-02-19T22:02:17.043+0000] {logging_mixin.py:137} INFO - [2023-02-19T22:02:17.043+0000] {dag.py:3441} INFO - Setting next_dagrun for example_subdag_operator.section-1 to None, run_after=None
[2023-02-19T22:02:17.046+0000] {logging_mixin.py:137} INFO - [2023-02-19T22:02:17.046+0000] {dag.py:3441} INFO - Setting next_dagrun for example_subdag_operator.section-2 to None, run_after=None
[2023-02-19T22:02:17.058+0000] {logging_mixin.py:137} INFO - [2023-02-19T22:02:17.058+0000] {dag.py:2690} INFO - Sync 2 DAGs
[2023-02-19T22:02:17.069+0000] {logging_mixin.py:137} INFO - [2023-02-19T22:02:17.069+0000] {dag.py:3441} INFO - Setting next_dagrun for example_subdag_operator.section-1 to None, run_after=None
[2023-02-19T22:02:17.071+0000] {logging_mixin.py:137} INFO - [2023-02-19T22:02:17.071+0000] {dag.py:3441} INFO - Setting next_dagrun for example_subdag_operator.section-2 to None, run_after=None
[2023-02-19T22:02:17.088+0000] {processor.py:175} INFO - Processing /home/airflow/.local/lib/python3.7/site-packages/airflow/example_dags/example_subdag_operator.py took 0.168 seconds
