[2023-02-19T20:10:41.241+0000] {processor.py:153} INFO - Started process (PID=69) to work on /home/airflow/.local/lib/python3.7/site-packages/airflow/example_dags/example_dag_decorator.py
[2023-02-19T20:10:41.251+0000] {processor.py:743} INFO - Processing file /home/airflow/.local/lib/python3.7/site-packages/airflow/example_dags/example_dag_decorator.py for tasks to queue
[2023-02-19T20:10:41.257+0000] {logging_mixin.py:137} INFO - [2023-02-19T20:10:41.256+0000] {dagbag.py:538} INFO - Filling up the DagBag from /home/airflow/.local/lib/python3.7/site-packages/airflow/example_dags/example_dag_decorator.py
[2023-02-19T20:10:41.513+0000] {logging_mixin.py:137} INFO - [2023-02-19T20:10:41.512+0000] {taskmixin.py:205} WARNING - Dependency <Task(_PythonDecoratedOperator): prepare_email>, send_email already registered for DAG: example_dag_decorator
[2023-02-19T20:10:41.516+0000] {logging_mixin.py:137} INFO - [2023-02-19T20:10:41.515+0000] {taskmixin.py:205} WARNING - Dependency <Task(EmailOperator): send_email>, prepare_email already registered for DAG: example_dag_decorator
[2023-02-19T20:10:41.824+0000] {processor.py:753} INFO - DAG(s) dict_keys(['example_dag_decorator']) retrieved from /home/airflow/.local/lib/python3.7/site-packages/airflow/example_dags/example_dag_decorator.py
[2023-02-19T20:10:42.461+0000] {logging_mixin.py:137} INFO - [2023-02-19T20:10:42.460+0000] {dag.py:2690} INFO - Sync 1 DAGs
[2023-02-19T20:10:42.568+0000] {logging_mixin.py:137} INFO - [2023-02-19T20:10:42.568+0000] {dag.py:3441} INFO - Setting next_dagrun for example_dag_decorator to None, run_after=None
[2023-02-19T20:10:42.601+0000] {processor.py:175} INFO - Processing /home/airflow/.local/lib/python3.7/site-packages/airflow/example_dags/example_dag_decorator.py took 1.385 seconds
[2023-02-19T20:11:13.453+0000] {processor.py:153} INFO - Started process (PID=132) to work on /home/airflow/.local/lib/python3.7/site-packages/airflow/example_dags/example_dag_decorator.py
[2023-02-19T20:11:13.457+0000] {processor.py:743} INFO - Processing file /home/airflow/.local/lib/python3.7/site-packages/airflow/example_dags/example_dag_decorator.py for tasks to queue
[2023-02-19T20:11:13.459+0000] {logging_mixin.py:137} INFO - [2023-02-19T20:11:13.459+0000] {dagbag.py:538} INFO - Filling up the DagBag from /home/airflow/.local/lib/python3.7/site-packages/airflow/example_dags/example_dag_decorator.py
[2023-02-19T20:11:13.498+0000] {logging_mixin.py:137} INFO - [2023-02-19T20:11:13.497+0000] {taskmixin.py:205} WARNING - Dependency <Task(_PythonDecoratedOperator): prepare_email>, send_email already registered for DAG: example_dag_decorator
[2023-02-19T20:11:13.499+0000] {logging_mixin.py:137} INFO - [2023-02-19T20:11:13.499+0000] {taskmixin.py:205} WARNING - Dependency <Task(EmailOperator): send_email>, prepare_email already registered for DAG: example_dag_decorator
[2023-02-19T20:11:13.530+0000] {processor.py:753} INFO - DAG(s) dict_keys(['example_dag_decorator']) retrieved from /home/airflow/.local/lib/python3.7/site-packages/airflow/example_dags/example_dag_decorator.py
[2023-02-19T20:11:13.560+0000] {logging_mixin.py:137} INFO - [2023-02-19T20:11:13.560+0000] {dag.py:2690} INFO - Sync 1 DAGs
[2023-02-19T20:11:13.630+0000] {logging_mixin.py:137} INFO - [2023-02-19T20:11:13.629+0000] {dag.py:3441} INFO - Setting next_dagrun for example_dag_decorator to None, run_after=None
[2023-02-19T20:11:13.701+0000] {processor.py:175} INFO - Processing /home/airflow/.local/lib/python3.7/site-packages/airflow/example_dags/example_dag_decorator.py took 0.258 seconds
[2023-02-19T20:11:43.849+0000] {processor.py:153} INFO - Started process (PID=208) to work on /home/airflow/.local/lib/python3.7/site-packages/airflow/example_dags/example_dag_decorator.py
[2023-02-19T20:11:43.853+0000] {processor.py:743} INFO - Processing file /home/airflow/.local/lib/python3.7/site-packages/airflow/example_dags/example_dag_decorator.py for tasks to queue
[2023-02-19T20:11:43.855+0000] {logging_mixin.py:137} INFO - [2023-02-19T20:11:43.855+0000] {dagbag.py:538} INFO - Filling up the DagBag from /home/airflow/.local/lib/python3.7/site-packages/airflow/example_dags/example_dag_decorator.py
[2023-02-19T20:11:43.886+0000] {logging_mixin.py:137} INFO - [2023-02-19T20:11:43.886+0000] {taskmixin.py:205} WARNING - Dependency <Task(_PythonDecoratedOperator): prepare_email>, send_email already registered for DAG: example_dag_decorator
[2023-02-19T20:11:43.887+0000] {logging_mixin.py:137} INFO - [2023-02-19T20:11:43.887+0000] {taskmixin.py:205} WARNING - Dependency <Task(EmailOperator): send_email>, prepare_email already registered for DAG: example_dag_decorator
[2023-02-19T20:11:43.904+0000] {processor.py:753} INFO - DAG(s) dict_keys(['example_dag_decorator']) retrieved from /home/airflow/.local/lib/python3.7/site-packages/airflow/example_dags/example_dag_decorator.py
[2023-02-19T20:11:43.985+0000] {logging_mixin.py:137} INFO - [2023-02-19T20:11:43.985+0000] {dag.py:2690} INFO - Sync 1 DAGs
[2023-02-19T20:11:44.013+0000] {logging_mixin.py:137} INFO - [2023-02-19T20:11:44.013+0000] {dag.py:3441} INFO - Setting next_dagrun for example_dag_decorator to None, run_after=None
[2023-02-19T20:11:44.037+0000] {processor.py:175} INFO - Processing /home/airflow/.local/lib/python3.7/site-packages/airflow/example_dags/example_dag_decorator.py took 0.194 seconds
[2023-02-19T20:12:14.527+0000] {processor.py:153} INFO - Started process (PID=271) to work on /home/airflow/.local/lib/python3.7/site-packages/airflow/example_dags/example_dag_decorator.py
[2023-02-19T20:12:14.532+0000] {processor.py:743} INFO - Processing file /home/airflow/.local/lib/python3.7/site-packages/airflow/example_dags/example_dag_decorator.py for tasks to queue
[2023-02-19T20:12:14.534+0000] {logging_mixin.py:137} INFO - [2023-02-19T20:12:14.534+0000] {dagbag.py:538} INFO - Filling up the DagBag from /home/airflow/.local/lib/python3.7/site-packages/airflow/example_dags/example_dag_decorator.py
[2023-02-19T20:12:14.557+0000] {logging_mixin.py:137} INFO - [2023-02-19T20:12:14.556+0000] {taskmixin.py:205} WARNING - Dependency <Task(_PythonDecoratedOperator): prepare_email>, send_email already registered for DAG: example_dag_decorator
[2023-02-19T20:12:14.558+0000] {logging_mixin.py:137} INFO - [2023-02-19T20:12:14.558+0000] {taskmixin.py:205} WARNING - Dependency <Task(EmailOperator): send_email>, prepare_email already registered for DAG: example_dag_decorator
[2023-02-19T20:12:14.576+0000] {processor.py:753} INFO - DAG(s) dict_keys(['example_dag_decorator']) retrieved from /home/airflow/.local/lib/python3.7/site-packages/airflow/example_dags/example_dag_decorator.py
[2023-02-19T20:12:14.615+0000] {logging_mixin.py:137} INFO - [2023-02-19T20:12:14.615+0000] {dag.py:2690} INFO - Sync 1 DAGs
[2023-02-19T20:12:14.647+0000] {logging_mixin.py:137} INFO - [2023-02-19T20:12:14.647+0000] {dag.py:3441} INFO - Setting next_dagrun for example_dag_decorator to None, run_after=None
[2023-02-19T20:12:14.676+0000] {processor.py:175} INFO - Processing /home/airflow/.local/lib/python3.7/site-packages/airflow/example_dags/example_dag_decorator.py took 0.154 seconds
[2023-02-19T20:12:44.936+0000] {processor.py:153} INFO - Started process (PID=343) to work on /home/airflow/.local/lib/python3.7/site-packages/airflow/example_dags/example_dag_decorator.py
[2023-02-19T20:12:44.939+0000] {processor.py:743} INFO - Processing file /home/airflow/.local/lib/python3.7/site-packages/airflow/example_dags/example_dag_decorator.py for tasks to queue
[2023-02-19T20:12:44.941+0000] {logging_mixin.py:137} INFO - [2023-02-19T20:12:44.941+0000] {dagbag.py:538} INFO - Filling up the DagBag from /home/airflow/.local/lib/python3.7/site-packages/airflow/example_dags/example_dag_decorator.py
[2023-02-19T20:12:44.965+0000] {logging_mixin.py:137} INFO - [2023-02-19T20:12:44.964+0000] {taskmixin.py:205} WARNING - Dependency <Task(_PythonDecoratedOperator): prepare_email>, send_email already registered for DAG: example_dag_decorator
[2023-02-19T20:12:44.966+0000] {logging_mixin.py:137} INFO - [2023-02-19T20:12:44.966+0000] {taskmixin.py:205} WARNING - Dependency <Task(EmailOperator): send_email>, prepare_email already registered for DAG: example_dag_decorator
[2023-02-19T20:12:44.985+0000] {processor.py:753} INFO - DAG(s) dict_keys(['example_dag_decorator']) retrieved from /home/airflow/.local/lib/python3.7/site-packages/airflow/example_dags/example_dag_decorator.py
[2023-02-19T20:12:45.080+0000] {logging_mixin.py:137} INFO - [2023-02-19T20:12:45.080+0000] {dag.py:2690} INFO - Sync 1 DAGs
[2023-02-19T20:12:45.111+0000] {logging_mixin.py:137} INFO - [2023-02-19T20:12:45.111+0000] {dag.py:3441} INFO - Setting next_dagrun for example_dag_decorator to None, run_after=None
[2023-02-19T20:12:45.136+0000] {processor.py:175} INFO - Processing /home/airflow/.local/lib/python3.7/site-packages/airflow/example_dags/example_dag_decorator.py took 0.206 seconds
[2023-02-19T20:13:15.517+0000] {processor.py:153} INFO - Started process (PID=409) to work on /home/airflow/.local/lib/python3.7/site-packages/airflow/example_dags/example_dag_decorator.py
[2023-02-19T20:13:15.520+0000] {processor.py:743} INFO - Processing file /home/airflow/.local/lib/python3.7/site-packages/airflow/example_dags/example_dag_decorator.py for tasks to queue
[2023-02-19T20:13:15.523+0000] {logging_mixin.py:137} INFO - [2023-02-19T20:13:15.523+0000] {dagbag.py:538} INFO - Filling up the DagBag from /home/airflow/.local/lib/python3.7/site-packages/airflow/example_dags/example_dag_decorator.py
[2023-02-19T20:13:15.546+0000] {logging_mixin.py:137} INFO - [2023-02-19T20:13:15.546+0000] {taskmixin.py:205} WARNING - Dependency <Task(_PythonDecoratedOperator): prepare_email>, send_email already registered for DAG: example_dag_decorator
[2023-02-19T20:13:15.547+0000] {logging_mixin.py:137} INFO - [2023-02-19T20:13:15.547+0000] {taskmixin.py:205} WARNING - Dependency <Task(EmailOperator): send_email>, prepare_email already registered for DAG: example_dag_decorator
[2023-02-19T20:13:15.565+0000] {processor.py:753} INFO - DAG(s) dict_keys(['example_dag_decorator']) retrieved from /home/airflow/.local/lib/python3.7/site-packages/airflow/example_dags/example_dag_decorator.py
[2023-02-19T20:13:15.658+0000] {logging_mixin.py:137} INFO - [2023-02-19T20:13:15.657+0000] {dag.py:2690} INFO - Sync 1 DAGs
[2023-02-19T20:13:15.686+0000] {logging_mixin.py:137} INFO - [2023-02-19T20:13:15.686+0000] {dag.py:3441} INFO - Setting next_dagrun for example_dag_decorator to None, run_after=None
[2023-02-19T20:13:15.711+0000] {processor.py:175} INFO - Processing /home/airflow/.local/lib/python3.7/site-packages/airflow/example_dags/example_dag_decorator.py took 0.200 seconds
[2023-02-19T20:13:45.886+0000] {processor.py:153} INFO - Started process (PID=472) to work on /home/airflow/.local/lib/python3.7/site-packages/airflow/example_dags/example_dag_decorator.py
[2023-02-19T20:13:45.894+0000] {processor.py:743} INFO - Processing file /home/airflow/.local/lib/python3.7/site-packages/airflow/example_dags/example_dag_decorator.py for tasks to queue
[2023-02-19T20:13:45.898+0000] {logging_mixin.py:137} INFO - [2023-02-19T20:13:45.898+0000] {dagbag.py:538} INFO - Filling up the DagBag from /home/airflow/.local/lib/python3.7/site-packages/airflow/example_dags/example_dag_decorator.py
[2023-02-19T20:13:45.946+0000] {logging_mixin.py:137} INFO - [2023-02-19T20:13:45.945+0000] {taskmixin.py:205} WARNING - Dependency <Task(_PythonDecoratedOperator): prepare_email>, send_email already registered for DAG: example_dag_decorator
[2023-02-19T20:13:45.948+0000] {logging_mixin.py:137} INFO - [2023-02-19T20:13:45.947+0000] {taskmixin.py:205} WARNING - Dependency <Task(EmailOperator): send_email>, prepare_email already registered for DAG: example_dag_decorator
[2023-02-19T20:13:46.019+0000] {processor.py:753} INFO - DAG(s) dict_keys(['example_dag_decorator']) retrieved from /home/airflow/.local/lib/python3.7/site-packages/airflow/example_dags/example_dag_decorator.py
[2023-02-19T20:13:46.115+0000] {logging_mixin.py:137} INFO - [2023-02-19T20:13:46.115+0000] {dag.py:2690} INFO - Sync 1 DAGs
[2023-02-19T20:13:46.183+0000] {logging_mixin.py:137} INFO - [2023-02-19T20:13:46.183+0000] {dag.py:3441} INFO - Setting next_dagrun for example_dag_decorator to None, run_after=None
[2023-02-19T20:13:46.262+0000] {processor.py:175} INFO - Processing /home/airflow/.local/lib/python3.7/site-packages/airflow/example_dags/example_dag_decorator.py took 0.385 seconds
[2023-02-19T20:14:16.321+0000] {processor.py:153} INFO - Started process (PID=548) to work on /home/airflow/.local/lib/python3.7/site-packages/airflow/example_dags/example_dag_decorator.py
[2023-02-19T20:14:16.323+0000] {processor.py:743} INFO - Processing file /home/airflow/.local/lib/python3.7/site-packages/airflow/example_dags/example_dag_decorator.py for tasks to queue
[2023-02-19T20:14:16.326+0000] {logging_mixin.py:137} INFO - [2023-02-19T20:14:16.325+0000] {dagbag.py:538} INFO - Filling up the DagBag from /home/airflow/.local/lib/python3.7/site-packages/airflow/example_dags/example_dag_decorator.py
[2023-02-19T20:14:16.349+0000] {logging_mixin.py:137} INFO - [2023-02-19T20:14:16.349+0000] {taskmixin.py:205} WARNING - Dependency <Task(_PythonDecoratedOperator): prepare_email>, send_email already registered for DAG: example_dag_decorator
[2023-02-19T20:14:16.351+0000] {logging_mixin.py:137} INFO - [2023-02-19T20:14:16.350+0000] {taskmixin.py:205} WARNING - Dependency <Task(EmailOperator): send_email>, prepare_email already registered for DAG: example_dag_decorator
[2023-02-19T20:14:16.366+0000] {processor.py:753} INFO - DAG(s) dict_keys(['example_dag_decorator']) retrieved from /home/airflow/.local/lib/python3.7/site-packages/airflow/example_dags/example_dag_decorator.py
[2023-02-19T20:14:16.416+0000] {logging_mixin.py:137} INFO - [2023-02-19T20:14:16.415+0000] {dag.py:2690} INFO - Sync 1 DAGs
[2023-02-19T20:14:16.448+0000] {logging_mixin.py:137} INFO - [2023-02-19T20:14:16.447+0000] {dag.py:3441} INFO - Setting next_dagrun for example_dag_decorator to None, run_after=None
[2023-02-19T20:14:16.478+0000] {processor.py:175} INFO - Processing /home/airflow/.local/lib/python3.7/site-packages/airflow/example_dags/example_dag_decorator.py took 0.161 seconds
[2023-02-19T20:14:46.948+0000] {processor.py:153} INFO - Started process (PID=610) to work on /home/airflow/.local/lib/python3.7/site-packages/airflow/example_dags/example_dag_decorator.py
[2023-02-19T20:14:46.951+0000] {processor.py:743} INFO - Processing file /home/airflow/.local/lib/python3.7/site-packages/airflow/example_dags/example_dag_decorator.py for tasks to queue
[2023-02-19T20:14:46.953+0000] {logging_mixin.py:137} INFO - [2023-02-19T20:14:46.953+0000] {dagbag.py:538} INFO - Filling up the DagBag from /home/airflow/.local/lib/python3.7/site-packages/airflow/example_dags/example_dag_decorator.py
[2023-02-19T20:14:46.978+0000] {logging_mixin.py:137} INFO - [2023-02-19T20:14:46.978+0000] {taskmixin.py:205} WARNING - Dependency <Task(_PythonDecoratedOperator): prepare_email>, send_email already registered for DAG: example_dag_decorator
[2023-02-19T20:14:46.980+0000] {logging_mixin.py:137} INFO - [2023-02-19T20:14:46.979+0000] {taskmixin.py:205} WARNING - Dependency <Task(EmailOperator): send_email>, prepare_email already registered for DAG: example_dag_decorator
[2023-02-19T20:14:46.997+0000] {processor.py:753} INFO - DAG(s) dict_keys(['example_dag_decorator']) retrieved from /home/airflow/.local/lib/python3.7/site-packages/airflow/example_dags/example_dag_decorator.py
[2023-02-19T20:14:47.037+0000] {logging_mixin.py:137} INFO - [2023-02-19T20:14:47.037+0000] {dag.py:2690} INFO - Sync 1 DAGs
[2023-02-19T20:14:47.074+0000] {logging_mixin.py:137} INFO - [2023-02-19T20:14:47.074+0000] {dag.py:3441} INFO - Setting next_dagrun for example_dag_decorator to None, run_after=None
[2023-02-19T20:14:47.110+0000] {processor.py:175} INFO - Processing /home/airflow/.local/lib/python3.7/site-packages/airflow/example_dags/example_dag_decorator.py took 0.168 seconds
[2023-02-19T20:15:17.802+0000] {processor.py:153} INFO - Started process (PID=683) to work on /home/airflow/.local/lib/python3.7/site-packages/airflow/example_dags/example_dag_decorator.py
[2023-02-19T20:15:17.805+0000] {processor.py:743} INFO - Processing file /home/airflow/.local/lib/python3.7/site-packages/airflow/example_dags/example_dag_decorator.py for tasks to queue
[2023-02-19T20:15:17.808+0000] {logging_mixin.py:137} INFO - [2023-02-19T20:15:17.807+0000] {dagbag.py:538} INFO - Filling up the DagBag from /home/airflow/.local/lib/python3.7/site-packages/airflow/example_dags/example_dag_decorator.py
[2023-02-19T20:15:17.832+0000] {logging_mixin.py:137} INFO - [2023-02-19T20:15:17.832+0000] {taskmixin.py:205} WARNING - Dependency <Task(_PythonDecoratedOperator): prepare_email>, send_email already registered for DAG: example_dag_decorator
[2023-02-19T20:15:17.834+0000] {logging_mixin.py:137} INFO - [2023-02-19T20:15:17.833+0000] {taskmixin.py:205} WARNING - Dependency <Task(EmailOperator): send_email>, prepare_email already registered for DAG: example_dag_decorator
[2023-02-19T20:15:17.850+0000] {processor.py:753} INFO - DAG(s) dict_keys(['example_dag_decorator']) retrieved from /home/airflow/.local/lib/python3.7/site-packages/airflow/example_dags/example_dag_decorator.py
[2023-02-19T20:15:17.887+0000] {logging_mixin.py:137} INFO - [2023-02-19T20:15:17.887+0000] {dag.py:2690} INFO - Sync 1 DAGs
[2023-02-19T20:15:17.920+0000] {logging_mixin.py:137} INFO - [2023-02-19T20:15:17.920+0000] {dag.py:3441} INFO - Setting next_dagrun for example_dag_decorator to None, run_after=None
[2023-02-19T20:15:17.946+0000] {processor.py:175} INFO - Processing /home/airflow/.local/lib/python3.7/site-packages/airflow/example_dags/example_dag_decorator.py took 0.151 seconds
[2023-02-19T20:15:48.411+0000] {processor.py:153} INFO - Started process (PID=749) to work on /home/airflow/.local/lib/python3.7/site-packages/airflow/example_dags/example_dag_decorator.py
[2023-02-19T20:15:48.414+0000] {processor.py:743} INFO - Processing file /home/airflow/.local/lib/python3.7/site-packages/airflow/example_dags/example_dag_decorator.py for tasks to queue
[2023-02-19T20:15:48.416+0000] {logging_mixin.py:137} INFO - [2023-02-19T20:15:48.416+0000] {dagbag.py:538} INFO - Filling up the DagBag from /home/airflow/.local/lib/python3.7/site-packages/airflow/example_dags/example_dag_decorator.py
[2023-02-19T20:15:48.450+0000] {logging_mixin.py:137} INFO - [2023-02-19T20:15:48.449+0000] {taskmixin.py:205} WARNING - Dependency <Task(_PythonDecoratedOperator): prepare_email>, send_email already registered for DAG: example_dag_decorator
[2023-02-19T20:15:48.455+0000] {logging_mixin.py:137} INFO - [2023-02-19T20:15:48.455+0000] {taskmixin.py:205} WARNING - Dependency <Task(EmailOperator): send_email>, prepare_email already registered for DAG: example_dag_decorator
[2023-02-19T20:15:48.472+0000] {processor.py:753} INFO - DAG(s) dict_keys(['example_dag_decorator']) retrieved from /home/airflow/.local/lib/python3.7/site-packages/airflow/example_dags/example_dag_decorator.py
[2023-02-19T20:15:48.518+0000] {logging_mixin.py:137} INFO - [2023-02-19T20:15:48.518+0000] {dag.py:2690} INFO - Sync 1 DAGs
[2023-02-19T20:15:48.570+0000] {logging_mixin.py:137} INFO - [2023-02-19T20:15:48.570+0000] {dag.py:3441} INFO - Setting next_dagrun for example_dag_decorator to None, run_after=None
[2023-02-19T20:15:48.606+0000] {processor.py:175} INFO - Processing /home/airflow/.local/lib/python3.7/site-packages/airflow/example_dags/example_dag_decorator.py took 0.202 seconds
[2023-02-19T20:16:19.089+0000] {processor.py:153} INFO - Started process (PID=813) to work on /home/airflow/.local/lib/python3.7/site-packages/airflow/example_dags/example_dag_decorator.py
[2023-02-19T20:16:19.092+0000] {processor.py:743} INFO - Processing file /home/airflow/.local/lib/python3.7/site-packages/airflow/example_dags/example_dag_decorator.py for tasks to queue
[2023-02-19T20:16:19.095+0000] {logging_mixin.py:137} INFO - [2023-02-19T20:16:19.094+0000] {dagbag.py:538} INFO - Filling up the DagBag from /home/airflow/.local/lib/python3.7/site-packages/airflow/example_dags/example_dag_decorator.py
[2023-02-19T20:16:19.129+0000] {logging_mixin.py:137} INFO - [2023-02-19T20:16:19.128+0000] {taskmixin.py:205} WARNING - Dependency <Task(_PythonDecoratedOperator): prepare_email>, send_email already registered for DAG: example_dag_decorator
[2023-02-19T20:16:19.131+0000] {logging_mixin.py:137} INFO - [2023-02-19T20:16:19.131+0000] {taskmixin.py:205} WARNING - Dependency <Task(EmailOperator): send_email>, prepare_email already registered for DAG: example_dag_decorator
[2023-02-19T20:16:19.151+0000] {processor.py:753} INFO - DAG(s) dict_keys(['example_dag_decorator']) retrieved from /home/airflow/.local/lib/python3.7/site-packages/airflow/example_dags/example_dag_decorator.py
[2023-02-19T20:16:19.290+0000] {logging_mixin.py:137} INFO - [2023-02-19T20:16:19.290+0000] {dag.py:2690} INFO - Sync 1 DAGs
[2023-02-19T20:16:19.324+0000] {logging_mixin.py:137} INFO - [2023-02-19T20:16:19.324+0000] {dag.py:3441} INFO - Setting next_dagrun for example_dag_decorator to None, run_after=None
[2023-02-19T20:16:19.349+0000] {processor.py:175} INFO - Processing /home/airflow/.local/lib/python3.7/site-packages/airflow/example_dags/example_dag_decorator.py took 0.268 seconds
[2023-02-19T20:16:49.747+0000] {processor.py:153} INFO - Started process (PID=888) to work on /home/airflow/.local/lib/python3.7/site-packages/airflow/example_dags/example_dag_decorator.py
[2023-02-19T20:16:49.751+0000] {processor.py:743} INFO - Processing file /home/airflow/.local/lib/python3.7/site-packages/airflow/example_dags/example_dag_decorator.py for tasks to queue
[2023-02-19T20:16:49.753+0000] {logging_mixin.py:137} INFO - [2023-02-19T20:16:49.753+0000] {dagbag.py:538} INFO - Filling up the DagBag from /home/airflow/.local/lib/python3.7/site-packages/airflow/example_dags/example_dag_decorator.py
[2023-02-19T20:16:49.810+0000] {logging_mixin.py:137} INFO - [2023-02-19T20:16:49.810+0000] {taskmixin.py:205} WARNING - Dependency <Task(_PythonDecoratedOperator): prepare_email>, send_email already registered for DAG: example_dag_decorator
[2023-02-19T20:16:49.813+0000] {logging_mixin.py:137} INFO - [2023-02-19T20:16:49.813+0000] {taskmixin.py:205} WARNING - Dependency <Task(EmailOperator): send_email>, prepare_email already registered for DAG: example_dag_decorator
[2023-02-19T20:16:49.845+0000] {processor.py:753} INFO - DAG(s) dict_keys(['example_dag_decorator']) retrieved from /home/airflow/.local/lib/python3.7/site-packages/airflow/example_dags/example_dag_decorator.py
[2023-02-19T20:16:50.086+0000] {logging_mixin.py:137} INFO - [2023-02-19T20:16:50.085+0000] {dag.py:2690} INFO - Sync 1 DAGs
[2023-02-19T20:16:50.175+0000] {logging_mixin.py:137} INFO - [2023-02-19T20:16:50.175+0000] {dag.py:3441} INFO - Setting next_dagrun for example_dag_decorator to None, run_after=None
[2023-02-19T20:16:50.200+0000] {processor.py:175} INFO - Processing /home/airflow/.local/lib/python3.7/site-packages/airflow/example_dags/example_dag_decorator.py took 0.458 seconds
[2023-02-19T20:17:20.493+0000] {processor.py:153} INFO - Started process (PID=951) to work on /home/airflow/.local/lib/python3.7/site-packages/airflow/example_dags/example_dag_decorator.py
[2023-02-19T20:17:20.495+0000] {processor.py:743} INFO - Processing file /home/airflow/.local/lib/python3.7/site-packages/airflow/example_dags/example_dag_decorator.py for tasks to queue
[2023-02-19T20:17:20.496+0000] {logging_mixin.py:137} INFO - [2023-02-19T20:17:20.496+0000] {dagbag.py:538} INFO - Filling up the DagBag from /home/airflow/.local/lib/python3.7/site-packages/airflow/example_dags/example_dag_decorator.py
[2023-02-19T20:17:20.532+0000] {logging_mixin.py:137} INFO - [2023-02-19T20:17:20.531+0000] {taskmixin.py:205} WARNING - Dependency <Task(_PythonDecoratedOperator): prepare_email>, send_email already registered for DAG: example_dag_decorator
[2023-02-19T20:17:20.534+0000] {logging_mixin.py:137} INFO - [2023-02-19T20:17:20.534+0000] {taskmixin.py:205} WARNING - Dependency <Task(EmailOperator): send_email>, prepare_email already registered for DAG: example_dag_decorator
[2023-02-19T20:17:20.557+0000] {processor.py:753} INFO - DAG(s) dict_keys(['example_dag_decorator']) retrieved from /home/airflow/.local/lib/python3.7/site-packages/airflow/example_dags/example_dag_decorator.py
[2023-02-19T20:17:20.647+0000] {logging_mixin.py:137} INFO - [2023-02-19T20:17:20.647+0000] {dag.py:2690} INFO - Sync 1 DAGs
[2023-02-19T20:17:20.677+0000] {logging_mixin.py:137} INFO - [2023-02-19T20:17:20.677+0000] {dag.py:3441} INFO - Setting next_dagrun for example_dag_decorator to None, run_after=None
[2023-02-19T20:17:20.701+0000] {processor.py:175} INFO - Processing /home/airflow/.local/lib/python3.7/site-packages/airflow/example_dags/example_dag_decorator.py took 0.213 seconds
[2023-02-19T20:17:51.195+0000] {processor.py:153} INFO - Started process (PID=1026) to work on /home/airflow/.local/lib/python3.7/site-packages/airflow/example_dags/example_dag_decorator.py
[2023-02-19T20:17:51.199+0000] {processor.py:743} INFO - Processing file /home/airflow/.local/lib/python3.7/site-packages/airflow/example_dags/example_dag_decorator.py for tasks to queue
[2023-02-19T20:17:51.203+0000] {logging_mixin.py:137} INFO - [2023-02-19T20:17:51.203+0000] {dagbag.py:538} INFO - Filling up the DagBag from /home/airflow/.local/lib/python3.7/site-packages/airflow/example_dags/example_dag_decorator.py
[2023-02-19T20:17:51.228+0000] {logging_mixin.py:137} INFO - [2023-02-19T20:17:51.228+0000] {taskmixin.py:205} WARNING - Dependency <Task(_PythonDecoratedOperator): prepare_email>, send_email already registered for DAG: example_dag_decorator
[2023-02-19T20:17:51.230+0000] {logging_mixin.py:137} INFO - [2023-02-19T20:17:51.230+0000] {taskmixin.py:205} WARNING - Dependency <Task(EmailOperator): send_email>, prepare_email already registered for DAG: example_dag_decorator
[2023-02-19T20:17:51.248+0000] {processor.py:753} INFO - DAG(s) dict_keys(['example_dag_decorator']) retrieved from /home/airflow/.local/lib/python3.7/site-packages/airflow/example_dags/example_dag_decorator.py
[2023-02-19T20:17:51.344+0000] {logging_mixin.py:137} INFO - [2023-02-19T20:17:51.344+0000] {dag.py:2690} INFO - Sync 1 DAGs
[2023-02-19T20:17:51.372+0000] {logging_mixin.py:137} INFO - [2023-02-19T20:17:51.372+0000] {dag.py:3441} INFO - Setting next_dagrun for example_dag_decorator to None, run_after=None
[2023-02-19T20:17:51.396+0000] {processor.py:175} INFO - Processing /home/airflow/.local/lib/python3.7/site-packages/airflow/example_dags/example_dag_decorator.py took 0.212 seconds
[2023-02-19T20:18:21.795+0000] {processor.py:153} INFO - Started process (PID=1090) to work on /home/airflow/.local/lib/python3.7/site-packages/airflow/example_dags/example_dag_decorator.py
[2023-02-19T20:18:21.800+0000] {processor.py:743} INFO - Processing file /home/airflow/.local/lib/python3.7/site-packages/airflow/example_dags/example_dag_decorator.py for tasks to queue
[2023-02-19T20:18:21.804+0000] {logging_mixin.py:137} INFO - [2023-02-19T20:18:21.803+0000] {dagbag.py:538} INFO - Filling up the DagBag from /home/airflow/.local/lib/python3.7/site-packages/airflow/example_dags/example_dag_decorator.py
[2023-02-19T20:18:21.834+0000] {logging_mixin.py:137} INFO - [2023-02-19T20:18:21.833+0000] {taskmixin.py:205} WARNING - Dependency <Task(_PythonDecoratedOperator): prepare_email>, send_email already registered for DAG: example_dag_decorator
[2023-02-19T20:18:21.836+0000] {logging_mixin.py:137} INFO - [2023-02-19T20:18:21.835+0000] {taskmixin.py:205} WARNING - Dependency <Task(EmailOperator): send_email>, prepare_email already registered for DAG: example_dag_decorator
[2023-02-19T20:18:21.855+0000] {processor.py:753} INFO - DAG(s) dict_keys(['example_dag_decorator']) retrieved from /home/airflow/.local/lib/python3.7/site-packages/airflow/example_dags/example_dag_decorator.py
[2023-02-19T20:18:21.969+0000] {logging_mixin.py:137} INFO - [2023-02-19T20:18:21.969+0000] {dag.py:2690} INFO - Sync 1 DAGs
[2023-02-19T20:18:21.998+0000] {logging_mixin.py:137} INFO - [2023-02-19T20:18:21.998+0000] {dag.py:3441} INFO - Setting next_dagrun for example_dag_decorator to None, run_after=None
[2023-02-19T20:18:22.023+0000] {processor.py:175} INFO - Processing /home/airflow/.local/lib/python3.7/site-packages/airflow/example_dags/example_dag_decorator.py took 0.234 seconds
[2023-02-19T20:18:52.550+0000] {processor.py:153} INFO - Started process (PID=1164) to work on /home/airflow/.local/lib/python3.7/site-packages/airflow/example_dags/example_dag_decorator.py
[2023-02-19T20:18:52.557+0000] {processor.py:743} INFO - Processing file /home/airflow/.local/lib/python3.7/site-packages/airflow/example_dags/example_dag_decorator.py for tasks to queue
[2023-02-19T20:18:52.563+0000] {logging_mixin.py:137} INFO - [2023-02-19T20:18:52.563+0000] {dagbag.py:538} INFO - Filling up the DagBag from /home/airflow/.local/lib/python3.7/site-packages/airflow/example_dags/example_dag_decorator.py
[2023-02-19T20:18:52.611+0000] {logging_mixin.py:137} INFO - [2023-02-19T20:18:52.610+0000] {taskmixin.py:205} WARNING - Dependency <Task(_PythonDecoratedOperator): prepare_email>, send_email already registered for DAG: example_dag_decorator
[2023-02-19T20:18:52.613+0000] {logging_mixin.py:137} INFO - [2023-02-19T20:18:52.613+0000] {taskmixin.py:205} WARNING - Dependency <Task(EmailOperator): send_email>, prepare_email already registered for DAG: example_dag_decorator
[2023-02-19T20:18:52.630+0000] {processor.py:753} INFO - DAG(s) dict_keys(['example_dag_decorator']) retrieved from /home/airflow/.local/lib/python3.7/site-packages/airflow/example_dags/example_dag_decorator.py
[2023-02-19T20:18:52.714+0000] {logging_mixin.py:137} INFO - [2023-02-19T20:18:52.714+0000] {dag.py:2690} INFO - Sync 1 DAGs
[2023-02-19T20:18:52.745+0000] {logging_mixin.py:137} INFO - [2023-02-19T20:18:52.745+0000] {dag.py:3441} INFO - Setting next_dagrun for example_dag_decorator to None, run_after=None
[2023-02-19T20:18:52.768+0000] {processor.py:175} INFO - Processing /home/airflow/.local/lib/python3.7/site-packages/airflow/example_dags/example_dag_decorator.py took 0.224 seconds
[2023-02-19T20:19:23.228+0000] {processor.py:153} INFO - Started process (PID=1227) to work on /home/airflow/.local/lib/python3.7/site-packages/airflow/example_dags/example_dag_decorator.py
[2023-02-19T20:19:23.230+0000] {processor.py:743} INFO - Processing file /home/airflow/.local/lib/python3.7/site-packages/airflow/example_dags/example_dag_decorator.py for tasks to queue
[2023-02-19T20:19:23.233+0000] {logging_mixin.py:137} INFO - [2023-02-19T20:19:23.232+0000] {dagbag.py:538} INFO - Filling up the DagBag from /home/airflow/.local/lib/python3.7/site-packages/airflow/example_dags/example_dag_decorator.py
[2023-02-19T20:19:23.259+0000] {logging_mixin.py:137} INFO - [2023-02-19T20:19:23.258+0000] {taskmixin.py:205} WARNING - Dependency <Task(_PythonDecoratedOperator): prepare_email>, send_email already registered for DAG: example_dag_decorator
[2023-02-19T20:19:23.261+0000] {logging_mixin.py:137} INFO - [2023-02-19T20:19:23.260+0000] {taskmixin.py:205} WARNING - Dependency <Task(EmailOperator): send_email>, prepare_email already registered for DAG: example_dag_decorator
[2023-02-19T20:19:23.282+0000] {processor.py:753} INFO - DAG(s) dict_keys(['example_dag_decorator']) retrieved from /home/airflow/.local/lib/python3.7/site-packages/airflow/example_dags/example_dag_decorator.py
[2023-02-19T20:19:23.372+0000] {logging_mixin.py:137} INFO - [2023-02-19T20:19:23.372+0000] {dag.py:2690} INFO - Sync 1 DAGs
[2023-02-19T20:19:23.403+0000] {logging_mixin.py:137} INFO - [2023-02-19T20:19:23.402+0000] {dag.py:3441} INFO - Setting next_dagrun for example_dag_decorator to None, run_after=None
[2023-02-19T20:19:23.428+0000] {processor.py:175} INFO - Processing /home/airflow/.local/lib/python3.7/site-packages/airflow/example_dags/example_dag_decorator.py took 0.205 seconds
[2023-02-19T20:19:53.814+0000] {processor.py:153} INFO - Started process (PID=1299) to work on /home/airflow/.local/lib/python3.7/site-packages/airflow/example_dags/example_dag_decorator.py
[2023-02-19T20:19:53.816+0000] {processor.py:743} INFO - Processing file /home/airflow/.local/lib/python3.7/site-packages/airflow/example_dags/example_dag_decorator.py for tasks to queue
[2023-02-19T20:19:53.820+0000] {logging_mixin.py:137} INFO - [2023-02-19T20:19:53.819+0000] {dagbag.py:538} INFO - Filling up the DagBag from /home/airflow/.local/lib/python3.7/site-packages/airflow/example_dags/example_dag_decorator.py
[2023-02-19T20:19:53.868+0000] {logging_mixin.py:137} INFO - [2023-02-19T20:19:53.868+0000] {taskmixin.py:205} WARNING - Dependency <Task(_PythonDecoratedOperator): prepare_email>, send_email already registered for DAG: example_dag_decorator
[2023-02-19T20:19:53.878+0000] {logging_mixin.py:137} INFO - [2023-02-19T20:19:53.878+0000] {taskmixin.py:205} WARNING - Dependency <Task(EmailOperator): send_email>, prepare_email already registered for DAG: example_dag_decorator
[2023-02-19T20:19:53.909+0000] {processor.py:753} INFO - DAG(s) dict_keys(['example_dag_decorator']) retrieved from /home/airflow/.local/lib/python3.7/site-packages/airflow/example_dags/example_dag_decorator.py
[2023-02-19T20:19:54.089+0000] {logging_mixin.py:137} INFO - [2023-02-19T20:19:54.089+0000] {dag.py:2690} INFO - Sync 1 DAGs
[2023-02-19T20:19:54.119+0000] {logging_mixin.py:137} INFO - [2023-02-19T20:19:54.119+0000] {dag.py:3441} INFO - Setting next_dagrun for example_dag_decorator to None, run_after=None
[2023-02-19T20:19:54.145+0000] {processor.py:175} INFO - Processing /home/airflow/.local/lib/python3.7/site-packages/airflow/example_dags/example_dag_decorator.py took 0.337 seconds
[2023-02-19T20:20:24.444+0000] {processor.py:153} INFO - Started process (PID=1366) to work on /home/airflow/.local/lib/python3.7/site-packages/airflow/example_dags/example_dag_decorator.py
[2023-02-19T20:20:24.447+0000] {processor.py:743} INFO - Processing file /home/airflow/.local/lib/python3.7/site-packages/airflow/example_dags/example_dag_decorator.py for tasks to queue
[2023-02-19T20:20:24.450+0000] {logging_mixin.py:137} INFO - [2023-02-19T20:20:24.449+0000] {dagbag.py:538} INFO - Filling up the DagBag from /home/airflow/.local/lib/python3.7/site-packages/airflow/example_dags/example_dag_decorator.py
[2023-02-19T20:20:24.473+0000] {logging_mixin.py:137} INFO - [2023-02-19T20:20:24.473+0000] {taskmixin.py:205} WARNING - Dependency <Task(_PythonDecoratedOperator): prepare_email>, send_email already registered for DAG: example_dag_decorator
[2023-02-19T20:20:24.474+0000] {logging_mixin.py:137} INFO - [2023-02-19T20:20:24.474+0000] {taskmixin.py:205} WARNING - Dependency <Task(EmailOperator): send_email>, prepare_email already registered for DAG: example_dag_decorator
[2023-02-19T20:20:24.492+0000] {processor.py:753} INFO - DAG(s) dict_keys(['example_dag_decorator']) retrieved from /home/airflow/.local/lib/python3.7/site-packages/airflow/example_dags/example_dag_decorator.py
[2023-02-19T20:20:24.580+0000] {logging_mixin.py:137} INFO - [2023-02-19T20:20:24.580+0000] {dag.py:2690} INFO - Sync 1 DAGs
[2023-02-19T20:20:24.622+0000] {logging_mixin.py:137} INFO - [2023-02-19T20:20:24.622+0000] {dag.py:3441} INFO - Setting next_dagrun for example_dag_decorator to None, run_after=None
[2023-02-19T20:20:24.653+0000] {processor.py:175} INFO - Processing /home/airflow/.local/lib/python3.7/site-packages/airflow/example_dags/example_dag_decorator.py took 0.215 seconds
[2023-02-19T20:20:54.954+0000] {processor.py:153} INFO - Started process (PID=1430) to work on /home/airflow/.local/lib/python3.7/site-packages/airflow/example_dags/example_dag_decorator.py
[2023-02-19T20:20:54.956+0000] {processor.py:743} INFO - Processing file /home/airflow/.local/lib/python3.7/site-packages/airflow/example_dags/example_dag_decorator.py for tasks to queue
[2023-02-19T20:20:54.958+0000] {logging_mixin.py:137} INFO - [2023-02-19T20:20:54.958+0000] {dagbag.py:538} INFO - Filling up the DagBag from /home/airflow/.local/lib/python3.7/site-packages/airflow/example_dags/example_dag_decorator.py
[2023-02-19T20:20:54.979+0000] {logging_mixin.py:137} INFO - [2023-02-19T20:20:54.979+0000] {taskmixin.py:205} WARNING - Dependency <Task(_PythonDecoratedOperator): prepare_email>, send_email already registered for DAG: example_dag_decorator
[2023-02-19T20:20:54.981+0000] {logging_mixin.py:137} INFO - [2023-02-19T20:20:54.981+0000] {taskmixin.py:205} WARNING - Dependency <Task(EmailOperator): send_email>, prepare_email already registered for DAG: example_dag_decorator
[2023-02-19T20:20:54.998+0000] {processor.py:753} INFO - DAG(s) dict_keys(['example_dag_decorator']) retrieved from /home/airflow/.local/lib/python3.7/site-packages/airflow/example_dags/example_dag_decorator.py
[2023-02-19T20:20:55.088+0000] {logging_mixin.py:137} INFO - [2023-02-19T20:20:55.088+0000] {dag.py:2690} INFO - Sync 1 DAGs
[2023-02-19T20:20:55.118+0000] {logging_mixin.py:137} INFO - [2023-02-19T20:20:55.118+0000] {dag.py:3441} INFO - Setting next_dagrun for example_dag_decorator to None, run_after=None
[2023-02-19T20:20:55.142+0000] {processor.py:175} INFO - Processing /home/airflow/.local/lib/python3.7/site-packages/airflow/example_dags/example_dag_decorator.py took 0.193 seconds
[2023-02-19T20:21:25.886+0000] {processor.py:153} INFO - Started process (PID=1504) to work on /home/airflow/.local/lib/python3.7/site-packages/airflow/example_dags/example_dag_decorator.py
[2023-02-19T20:21:25.888+0000] {processor.py:743} INFO - Processing file /home/airflow/.local/lib/python3.7/site-packages/airflow/example_dags/example_dag_decorator.py for tasks to queue
[2023-02-19T20:21:25.891+0000] {logging_mixin.py:137} INFO - [2023-02-19T20:21:25.891+0000] {dagbag.py:538} INFO - Filling up the DagBag from /home/airflow/.local/lib/python3.7/site-packages/airflow/example_dags/example_dag_decorator.py
[2023-02-19T20:21:25.922+0000] {logging_mixin.py:137} INFO - [2023-02-19T20:21:25.922+0000] {taskmixin.py:205} WARNING - Dependency <Task(_PythonDecoratedOperator): prepare_email>, send_email already registered for DAG: example_dag_decorator
[2023-02-19T20:21:25.924+0000] {logging_mixin.py:137} INFO - [2023-02-19T20:21:25.924+0000] {taskmixin.py:205} WARNING - Dependency <Task(EmailOperator): send_email>, prepare_email already registered for DAG: example_dag_decorator
[2023-02-19T20:21:25.962+0000] {processor.py:753} INFO - DAG(s) dict_keys(['example_dag_decorator']) retrieved from /home/airflow/.local/lib/python3.7/site-packages/airflow/example_dags/example_dag_decorator.py
[2023-02-19T20:21:26.064+0000] {logging_mixin.py:137} INFO - [2023-02-19T20:21:26.064+0000] {dag.py:2690} INFO - Sync 1 DAGs
[2023-02-19T20:21:26.093+0000] {logging_mixin.py:137} INFO - [2023-02-19T20:21:26.093+0000] {dag.py:3441} INFO - Setting next_dagrun for example_dag_decorator to None, run_after=None
[2023-02-19T20:21:26.118+0000] {processor.py:175} INFO - Processing /home/airflow/.local/lib/python3.7/site-packages/airflow/example_dags/example_dag_decorator.py took 0.237 seconds
[2023-02-19T20:51:47.365+0000] {processor.py:153} INFO - Started process (PID=1565) to work on /home/airflow/.local/lib/python3.7/site-packages/airflow/example_dags/example_dag_decorator.py
[2023-02-19T20:51:47.367+0000] {processor.py:743} INFO - Processing file /home/airflow/.local/lib/python3.7/site-packages/airflow/example_dags/example_dag_decorator.py for tasks to queue
[2023-02-19T20:51:47.369+0000] {logging_mixin.py:137} INFO - [2023-02-19T20:51:47.369+0000] {dagbag.py:538} INFO - Filling up the DagBag from /home/airflow/.local/lib/python3.7/site-packages/airflow/example_dags/example_dag_decorator.py
[2023-02-19T20:51:47.394+0000] {logging_mixin.py:137} INFO - [2023-02-19T20:51:47.393+0000] {taskmixin.py:205} WARNING - Dependency <Task(_PythonDecoratedOperator): prepare_email>, send_email already registered for DAG: example_dag_decorator
[2023-02-19T20:51:47.395+0000] {logging_mixin.py:137} INFO - [2023-02-19T20:51:47.395+0000] {taskmixin.py:205} WARNING - Dependency <Task(EmailOperator): send_email>, prepare_email already registered for DAG: example_dag_decorator
[2023-02-19T20:51:47.412+0000] {processor.py:753} INFO - DAG(s) dict_keys(['example_dag_decorator']) retrieved from /home/airflow/.local/lib/python3.7/site-packages/airflow/example_dags/example_dag_decorator.py
[2023-02-19T20:51:47.497+0000] {logging_mixin.py:137} INFO - [2023-02-19T20:51:47.497+0000] {dag.py:2690} INFO - Sync 1 DAGs
[2023-02-19T20:51:47.527+0000] {logging_mixin.py:137} INFO - [2023-02-19T20:51:47.527+0000] {dag.py:3441} INFO - Setting next_dagrun for example_dag_decorator to None, run_after=None
[2023-02-19T20:51:47.554+0000] {processor.py:175} INFO - Processing /home/airflow/.local/lib/python3.7/site-packages/airflow/example_dags/example_dag_decorator.py took 0.194 seconds
[2023-02-19T21:09:25.261+0000] {processor.py:153} INFO - Started process (PID=1641) to work on /home/airflow/.local/lib/python3.7/site-packages/airflow/example_dags/example_dag_decorator.py
[2023-02-19T21:09:25.264+0000] {processor.py:743} INFO - Processing file /home/airflow/.local/lib/python3.7/site-packages/airflow/example_dags/example_dag_decorator.py for tasks to queue
[2023-02-19T21:09:25.266+0000] {logging_mixin.py:137} INFO - [2023-02-19T21:09:25.266+0000] {dagbag.py:538} INFO - Filling up the DagBag from /home/airflow/.local/lib/python3.7/site-packages/airflow/example_dags/example_dag_decorator.py
[2023-02-19T21:09:25.302+0000] {logging_mixin.py:137} INFO - [2023-02-19T21:09:25.302+0000] {taskmixin.py:205} WARNING - Dependency <Task(_PythonDecoratedOperator): prepare_email>, send_email already registered for DAG: example_dag_decorator
[2023-02-19T21:09:25.304+0000] {logging_mixin.py:137} INFO - [2023-02-19T21:09:25.304+0000] {taskmixin.py:205} WARNING - Dependency <Task(EmailOperator): send_email>, prepare_email already registered for DAG: example_dag_decorator
[2023-02-19T21:09:25.326+0000] {processor.py:753} INFO - DAG(s) dict_keys(['example_dag_decorator']) retrieved from /home/airflow/.local/lib/python3.7/site-packages/airflow/example_dags/example_dag_decorator.py
[2023-02-19T21:09:25.437+0000] {logging_mixin.py:137} INFO - [2023-02-19T21:09:25.437+0000] {dag.py:2690} INFO - Sync 1 DAGs
[2023-02-19T21:09:25.466+0000] {logging_mixin.py:137} INFO - [2023-02-19T21:09:25.466+0000] {dag.py:3441} INFO - Setting next_dagrun for example_dag_decorator to None, run_after=None
[2023-02-19T21:09:25.494+0000] {processor.py:175} INFO - Processing /home/airflow/.local/lib/python3.7/site-packages/airflow/example_dags/example_dag_decorator.py took 0.238 seconds
[2023-02-19T22:01:48.066+0000] {processor.py:153} INFO - Started process (PID=1715) to work on /home/airflow/.local/lib/python3.7/site-packages/airflow/example_dags/example_dag_decorator.py
[2023-02-19T22:01:48.068+0000] {processor.py:743} INFO - Processing file /home/airflow/.local/lib/python3.7/site-packages/airflow/example_dags/example_dag_decorator.py for tasks to queue
[2023-02-19T22:01:48.071+0000] {logging_mixin.py:137} INFO - [2023-02-19T22:01:48.070+0000] {dagbag.py:538} INFO - Filling up the DagBag from /home/airflow/.local/lib/python3.7/site-packages/airflow/example_dags/example_dag_decorator.py
[2023-02-19T22:01:48.101+0000] {logging_mixin.py:137} INFO - [2023-02-19T22:01:48.101+0000] {taskmixin.py:205} WARNING - Dependency <Task(_PythonDecoratedOperator): prepare_email>, send_email already registered for DAG: example_dag_decorator
[2023-02-19T22:01:48.102+0000] {logging_mixin.py:137} INFO - [2023-02-19T22:01:48.102+0000] {taskmixin.py:205} WARNING - Dependency <Task(EmailOperator): send_email>, prepare_email already registered for DAG: example_dag_decorator
[2023-02-19T22:01:48.123+0000] {processor.py:753} INFO - DAG(s) dict_keys(['example_dag_decorator']) retrieved from /home/airflow/.local/lib/python3.7/site-packages/airflow/example_dags/example_dag_decorator.py
[2023-02-19T22:01:48.179+0000] {logging_mixin.py:137} INFO - [2023-02-19T22:01:48.179+0000] {dag.py:2690} INFO - Sync 1 DAGs
[2023-02-19T22:01:48.216+0000] {logging_mixin.py:137} INFO - [2023-02-19T22:01:48.216+0000] {dag.py:3441} INFO - Setting next_dagrun for example_dag_decorator to None, run_after=None
[2023-02-19T22:01:48.252+0000] {processor.py:175} INFO - Processing /home/airflow/.local/lib/python3.7/site-packages/airflow/example_dags/example_dag_decorator.py took 0.192 seconds
[2023-02-19T22:02:19.008+0000] {processor.py:153} INFO - Started process (PID=1777) to work on /home/airflow/.local/lib/python3.7/site-packages/airflow/example_dags/example_dag_decorator.py
[2023-02-19T22:02:19.011+0000] {processor.py:743} INFO - Processing file /home/airflow/.local/lib/python3.7/site-packages/airflow/example_dags/example_dag_decorator.py for tasks to queue
[2023-02-19T22:02:19.014+0000] {logging_mixin.py:137} INFO - [2023-02-19T22:02:19.014+0000] {dagbag.py:538} INFO - Filling up the DagBag from /home/airflow/.local/lib/python3.7/site-packages/airflow/example_dags/example_dag_decorator.py
[2023-02-19T22:02:19.040+0000] {logging_mixin.py:137} INFO - [2023-02-19T22:02:19.039+0000] {taskmixin.py:205} WARNING - Dependency <Task(_PythonDecoratedOperator): prepare_email>, send_email already registered for DAG: example_dag_decorator
[2023-02-19T22:02:19.041+0000] {logging_mixin.py:137} INFO - [2023-02-19T22:02:19.041+0000] {taskmixin.py:205} WARNING - Dependency <Task(EmailOperator): send_email>, prepare_email already registered for DAG: example_dag_decorator
[2023-02-19T22:02:19.057+0000] {processor.py:753} INFO - DAG(s) dict_keys(['example_dag_decorator']) retrieved from /home/airflow/.local/lib/python3.7/site-packages/airflow/example_dags/example_dag_decorator.py
[2023-02-19T22:02:19.094+0000] {logging_mixin.py:137} INFO - [2023-02-19T22:02:19.094+0000] {dag.py:2690} INFO - Sync 1 DAGs
[2023-02-19T22:02:19.123+0000] {logging_mixin.py:137} INFO - [2023-02-19T22:02:19.122+0000] {dag.py:3441} INFO - Setting next_dagrun for example_dag_decorator to None, run_after=None
[2023-02-19T22:02:19.149+0000] {processor.py:175} INFO - Processing /home/airflow/.local/lib/python3.7/site-packages/airflow/example_dags/example_dag_decorator.py took 0.146 seconds
