[2023-02-19T20:10:43.430+0000] {processor.py:153} INFO - Started process (PID=75) to work on /home/airflow/.local/lib/python3.7/site-packages/airflow/example_dags/example_complex.py
[2023-02-19T20:10:43.437+0000] {processor.py:743} INFO - Processing file /home/airflow/.local/lib/python3.7/site-packages/airflow/example_dags/example_complex.py for tasks to queue
[2023-02-19T20:10:43.449+0000] {logging_mixin.py:137} INFO - [2023-02-19T20:10:43.445+0000] {dagbag.py:538} INFO - Filling up the DagBag from /home/airflow/.local/lib/python3.7/site-packages/airflow/example_dags/example_complex.py
[2023-02-19T20:10:43.516+0000] {logging_mixin.py:137} INFO - [2023-02-19T20:10:43.516+0000] {taskmixin.py:205} WARNING - Dependency <Task(BashOperator): create_entry_group>, delete_entry_group already registered for DAG: example_complex
[2023-02-19T20:10:43.518+0000] {logging_mixin.py:137} INFO - [2023-02-19T20:10:43.518+0000] {taskmixin.py:205} WARNING - Dependency <Task(BashOperator): delete_entry_group>, create_entry_group already registered for DAG: example_complex
[2023-02-19T20:10:43.522+0000] {logging_mixin.py:137} INFO - [2023-02-19T20:10:43.520+0000] {taskmixin.py:205} WARNING - Dependency <Task(BashOperator): create_entry_gcs>, delete_entry already registered for DAG: example_complex
[2023-02-19T20:10:43.523+0000] {logging_mixin.py:137} INFO - [2023-02-19T20:10:43.523+0000] {taskmixin.py:205} WARNING - Dependency <Task(BashOperator): delete_entry>, create_entry_gcs already registered for DAG: example_complex
[2023-02-19T20:10:43.525+0000] {logging_mixin.py:137} INFO - [2023-02-19T20:10:43.525+0000] {taskmixin.py:205} WARNING - Dependency <Task(BashOperator): create_tag>, delete_tag already registered for DAG: example_complex
[2023-02-19T20:10:43.527+0000] {logging_mixin.py:137} INFO - [2023-02-19T20:10:43.526+0000] {taskmixin.py:205} WARNING - Dependency <Task(BashOperator): delete_tag>, create_tag already registered for DAG: example_complex
[2023-02-19T20:10:43.540+0000] {processor.py:753} INFO - DAG(s) dict_keys(['example_complex']) retrieved from /home/airflow/.local/lib/python3.7/site-packages/airflow/example_dags/example_complex.py
[2023-02-19T20:10:43.645+0000] {logging_mixin.py:137} INFO - [2023-02-19T20:10:43.645+0000] {dag.py:2690} INFO - Sync 1 DAGs
[2023-02-19T20:10:43.693+0000] {logging_mixin.py:137} INFO - [2023-02-19T20:10:43.693+0000] {dag.py:3441} INFO - Setting next_dagrun for example_complex to None, run_after=None
[2023-02-19T20:10:43.739+0000] {processor.py:175} INFO - Processing /home/airflow/.local/lib/python3.7/site-packages/airflow/example_dags/example_complex.py took 0.323 seconds
[2023-02-19T20:11:14.321+0000] {processor.py:153} INFO - Started process (PID=138) to work on /home/airflow/.local/lib/python3.7/site-packages/airflow/example_dags/example_complex.py
[2023-02-19T20:11:14.325+0000] {processor.py:743} INFO - Processing file /home/airflow/.local/lib/python3.7/site-packages/airflow/example_dags/example_complex.py for tasks to queue
[2023-02-19T20:11:14.327+0000] {logging_mixin.py:137} INFO - [2023-02-19T20:11:14.327+0000] {dagbag.py:538} INFO - Filling up the DagBag from /home/airflow/.local/lib/python3.7/site-packages/airflow/example_dags/example_complex.py
[2023-02-19T20:11:14.346+0000] {logging_mixin.py:137} INFO - [2023-02-19T20:11:14.346+0000] {taskmixin.py:205} WARNING - Dependency <Task(BashOperator): create_entry_group>, delete_entry_group already registered for DAG: example_complex
[2023-02-19T20:11:14.351+0000] {logging_mixin.py:137} INFO - [2023-02-19T20:11:14.351+0000] {taskmixin.py:205} WARNING - Dependency <Task(BashOperator): delete_entry_group>, create_entry_group already registered for DAG: example_complex
[2023-02-19T20:11:14.352+0000] {logging_mixin.py:137} INFO - [2023-02-19T20:11:14.352+0000] {taskmixin.py:205} WARNING - Dependency <Task(BashOperator): create_entry_gcs>, delete_entry already registered for DAG: example_complex
[2023-02-19T20:11:14.354+0000] {logging_mixin.py:137} INFO - [2023-02-19T20:11:14.353+0000] {taskmixin.py:205} WARNING - Dependency <Task(BashOperator): delete_entry>, create_entry_gcs already registered for DAG: example_complex
[2023-02-19T20:11:14.356+0000] {logging_mixin.py:137} INFO - [2023-02-19T20:11:14.356+0000] {taskmixin.py:205} WARNING - Dependency <Task(BashOperator): create_tag>, delete_tag already registered for DAG: example_complex
[2023-02-19T20:11:14.358+0000] {logging_mixin.py:137} INFO - [2023-02-19T20:11:14.358+0000] {taskmixin.py:205} WARNING - Dependency <Task(BashOperator): delete_tag>, create_tag already registered for DAG: example_complex
[2023-02-19T20:11:14.369+0000] {processor.py:753} INFO - DAG(s) dict_keys(['example_complex']) retrieved from /home/airflow/.local/lib/python3.7/site-packages/airflow/example_dags/example_complex.py
[2023-02-19T20:11:14.389+0000] {logging_mixin.py:137} INFO - [2023-02-19T20:11:14.389+0000] {dag.py:2690} INFO - Sync 1 DAGs
[2023-02-19T20:11:14.425+0000] {logging_mixin.py:137} INFO - [2023-02-19T20:11:14.425+0000] {dag.py:3441} INFO - Setting next_dagrun for example_complex to None, run_after=None
[2023-02-19T20:11:14.453+0000] {processor.py:175} INFO - Processing /home/airflow/.local/lib/python3.7/site-packages/airflow/example_dags/example_complex.py took 0.135 seconds
[2023-02-19T20:11:45.257+0000] {processor.py:153} INFO - Started process (PID=213) to work on /home/airflow/.local/lib/python3.7/site-packages/airflow/example_dags/example_complex.py
[2023-02-19T20:11:45.259+0000] {processor.py:743} INFO - Processing file /home/airflow/.local/lib/python3.7/site-packages/airflow/example_dags/example_complex.py for tasks to queue
[2023-02-19T20:11:45.261+0000] {logging_mixin.py:137} INFO - [2023-02-19T20:11:45.260+0000] {dagbag.py:538} INFO - Filling up the DagBag from /home/airflow/.local/lib/python3.7/site-packages/airflow/example_dags/example_complex.py
[2023-02-19T20:11:45.276+0000] {logging_mixin.py:137} INFO - [2023-02-19T20:11:45.276+0000] {taskmixin.py:205} WARNING - Dependency <Task(BashOperator): create_entry_group>, delete_entry_group already registered for DAG: example_complex
[2023-02-19T20:11:45.277+0000] {logging_mixin.py:137} INFO - [2023-02-19T20:11:45.277+0000] {taskmixin.py:205} WARNING - Dependency <Task(BashOperator): delete_entry_group>, create_entry_group already registered for DAG: example_complex
[2023-02-19T20:11:45.279+0000] {logging_mixin.py:137} INFO - [2023-02-19T20:11:45.278+0000] {taskmixin.py:205} WARNING - Dependency <Task(BashOperator): create_entry_gcs>, delete_entry already registered for DAG: example_complex
[2023-02-19T20:11:45.280+0000] {logging_mixin.py:137} INFO - [2023-02-19T20:11:45.280+0000] {taskmixin.py:205} WARNING - Dependency <Task(BashOperator): delete_entry>, create_entry_gcs already registered for DAG: example_complex
[2023-02-19T20:11:45.281+0000] {logging_mixin.py:137} INFO - [2023-02-19T20:11:45.281+0000] {taskmixin.py:205} WARNING - Dependency <Task(BashOperator): create_tag>, delete_tag already registered for DAG: example_complex
[2023-02-19T20:11:45.283+0000] {logging_mixin.py:137} INFO - [2023-02-19T20:11:45.282+0000] {taskmixin.py:205} WARNING - Dependency <Task(BashOperator): delete_tag>, create_tag already registered for DAG: example_complex
[2023-02-19T20:11:45.292+0000] {processor.py:753} INFO - DAG(s) dict_keys(['example_complex']) retrieved from /home/airflow/.local/lib/python3.7/site-packages/airflow/example_dags/example_complex.py
[2023-02-19T20:11:45.330+0000] {logging_mixin.py:137} INFO - [2023-02-19T20:11:45.330+0000] {dag.py:2690} INFO - Sync 1 DAGs
[2023-02-19T20:11:45.362+0000] {logging_mixin.py:137} INFO - [2023-02-19T20:11:45.362+0000] {dag.py:3441} INFO - Setting next_dagrun for example_complex to None, run_after=None
[2023-02-19T20:11:45.385+0000] {processor.py:175} INFO - Processing /home/airflow/.local/lib/python3.7/site-packages/airflow/example_dags/example_complex.py took 0.133 seconds
[2023-02-19T20:12:16.050+0000] {processor.py:153} INFO - Started process (PID=277) to work on /home/airflow/.local/lib/python3.7/site-packages/airflow/example_dags/example_complex.py
[2023-02-19T20:12:16.053+0000] {processor.py:743} INFO - Processing file /home/airflow/.local/lib/python3.7/site-packages/airflow/example_dags/example_complex.py for tasks to queue
[2023-02-19T20:12:16.056+0000] {logging_mixin.py:137} INFO - [2023-02-19T20:12:16.055+0000] {dagbag.py:538} INFO - Filling up the DagBag from /home/airflow/.local/lib/python3.7/site-packages/airflow/example_dags/example_complex.py
[2023-02-19T20:12:16.075+0000] {logging_mixin.py:137} INFO - [2023-02-19T20:12:16.075+0000] {taskmixin.py:205} WARNING - Dependency <Task(BashOperator): create_entry_group>, delete_entry_group already registered for DAG: example_complex
[2023-02-19T20:12:16.077+0000] {logging_mixin.py:137} INFO - [2023-02-19T20:12:16.076+0000] {taskmixin.py:205} WARNING - Dependency <Task(BashOperator): delete_entry_group>, create_entry_group already registered for DAG: example_complex
[2023-02-19T20:12:16.078+0000] {logging_mixin.py:137} INFO - [2023-02-19T20:12:16.078+0000] {taskmixin.py:205} WARNING - Dependency <Task(BashOperator): create_entry_gcs>, delete_entry already registered for DAG: example_complex
[2023-02-19T20:12:16.081+0000] {logging_mixin.py:137} INFO - [2023-02-19T20:12:16.080+0000] {taskmixin.py:205} WARNING - Dependency <Task(BashOperator): delete_entry>, create_entry_gcs already registered for DAG: example_complex
[2023-02-19T20:12:16.082+0000] {logging_mixin.py:137} INFO - [2023-02-19T20:12:16.082+0000] {taskmixin.py:205} WARNING - Dependency <Task(BashOperator): create_tag>, delete_tag already registered for DAG: example_complex
[2023-02-19T20:12:16.084+0000] {logging_mixin.py:137} INFO - [2023-02-19T20:12:16.083+0000] {taskmixin.py:205} WARNING - Dependency <Task(BashOperator): delete_tag>, create_tag already registered for DAG: example_complex
[2023-02-19T20:12:16.094+0000] {processor.py:753} INFO - DAG(s) dict_keys(['example_complex']) retrieved from /home/airflow/.local/lib/python3.7/site-packages/airflow/example_dags/example_complex.py
[2023-02-19T20:12:16.133+0000] {logging_mixin.py:137} INFO - [2023-02-19T20:12:16.133+0000] {dag.py:2690} INFO - Sync 1 DAGs
[2023-02-19T20:12:16.166+0000] {logging_mixin.py:137} INFO - [2023-02-19T20:12:16.166+0000] {dag.py:3441} INFO - Setting next_dagrun for example_complex to None, run_after=None
[2023-02-19T20:12:16.191+0000] {processor.py:175} INFO - Processing /home/airflow/.local/lib/python3.7/site-packages/airflow/example_dags/example_complex.py took 0.144 seconds
[2023-02-19T20:12:46.447+0000] {processor.py:153} INFO - Started process (PID=352) to work on /home/airflow/.local/lib/python3.7/site-packages/airflow/example_dags/example_complex.py
[2023-02-19T20:12:46.449+0000] {processor.py:743} INFO - Processing file /home/airflow/.local/lib/python3.7/site-packages/airflow/example_dags/example_complex.py for tasks to queue
[2023-02-19T20:12:46.451+0000] {logging_mixin.py:137} INFO - [2023-02-19T20:12:46.451+0000] {dagbag.py:538} INFO - Filling up the DagBag from /home/airflow/.local/lib/python3.7/site-packages/airflow/example_dags/example_complex.py
[2023-02-19T20:12:46.469+0000] {logging_mixin.py:137} INFO - [2023-02-19T20:12:46.469+0000] {taskmixin.py:205} WARNING - Dependency <Task(BashOperator): create_entry_group>, delete_entry_group already registered for DAG: example_complex
[2023-02-19T20:12:46.471+0000] {logging_mixin.py:137} INFO - [2023-02-19T20:12:46.470+0000] {taskmixin.py:205} WARNING - Dependency <Task(BashOperator): delete_entry_group>, create_entry_group already registered for DAG: example_complex
[2023-02-19T20:12:46.472+0000] {logging_mixin.py:137} INFO - [2023-02-19T20:12:46.472+0000] {taskmixin.py:205} WARNING - Dependency <Task(BashOperator): create_entry_gcs>, delete_entry already registered for DAG: example_complex
[2023-02-19T20:12:46.474+0000] {logging_mixin.py:137} INFO - [2023-02-19T20:12:46.474+0000] {taskmixin.py:205} WARNING - Dependency <Task(BashOperator): delete_entry>, create_entry_gcs already registered for DAG: example_complex
[2023-02-19T20:12:46.476+0000] {logging_mixin.py:137} INFO - [2023-02-19T20:12:46.475+0000] {taskmixin.py:205} WARNING - Dependency <Task(BashOperator): create_tag>, delete_tag already registered for DAG: example_complex
[2023-02-19T20:12:46.477+0000] {logging_mixin.py:137} INFO - [2023-02-19T20:12:46.477+0000] {taskmixin.py:205} WARNING - Dependency <Task(BashOperator): delete_tag>, create_tag already registered for DAG: example_complex
[2023-02-19T20:12:46.487+0000] {processor.py:753} INFO - DAG(s) dict_keys(['example_complex']) retrieved from /home/airflow/.local/lib/python3.7/site-packages/airflow/example_dags/example_complex.py
[2023-02-19T20:12:46.534+0000] {logging_mixin.py:137} INFO - [2023-02-19T20:12:46.534+0000] {dag.py:2690} INFO - Sync 1 DAGs
[2023-02-19T20:12:46.569+0000] {logging_mixin.py:137} INFO - [2023-02-19T20:12:46.569+0000] {dag.py:3441} INFO - Setting next_dagrun for example_complex to None, run_after=None
[2023-02-19T20:12:46.600+0000] {processor.py:175} INFO - Processing /home/airflow/.local/lib/python3.7/site-packages/airflow/example_dags/example_complex.py took 0.158 seconds
[2023-02-19T20:13:17.009+0000] {processor.py:153} INFO - Started process (PID=415) to work on /home/airflow/.local/lib/python3.7/site-packages/airflow/example_dags/example_complex.py
[2023-02-19T20:13:17.011+0000] {processor.py:743} INFO - Processing file /home/airflow/.local/lib/python3.7/site-packages/airflow/example_dags/example_complex.py for tasks to queue
[2023-02-19T20:13:17.013+0000] {logging_mixin.py:137} INFO - [2023-02-19T20:13:17.013+0000] {dagbag.py:538} INFO - Filling up the DagBag from /home/airflow/.local/lib/python3.7/site-packages/airflow/example_dags/example_complex.py
[2023-02-19T20:13:17.030+0000] {logging_mixin.py:137} INFO - [2023-02-19T20:13:17.030+0000] {taskmixin.py:205} WARNING - Dependency <Task(BashOperator): create_entry_group>, delete_entry_group already registered for DAG: example_complex
[2023-02-19T20:13:17.032+0000] {logging_mixin.py:137} INFO - [2023-02-19T20:13:17.032+0000] {taskmixin.py:205} WARNING - Dependency <Task(BashOperator): delete_entry_group>, create_entry_group already registered for DAG: example_complex
[2023-02-19T20:13:17.034+0000] {logging_mixin.py:137} INFO - [2023-02-19T20:13:17.034+0000] {taskmixin.py:205} WARNING - Dependency <Task(BashOperator): create_entry_gcs>, delete_entry already registered for DAG: example_complex
[2023-02-19T20:13:17.035+0000] {logging_mixin.py:137} INFO - [2023-02-19T20:13:17.035+0000] {taskmixin.py:205} WARNING - Dependency <Task(BashOperator): delete_entry>, create_entry_gcs already registered for DAG: example_complex
[2023-02-19T20:13:17.037+0000] {logging_mixin.py:137} INFO - [2023-02-19T20:13:17.036+0000] {taskmixin.py:205} WARNING - Dependency <Task(BashOperator): create_tag>, delete_tag already registered for DAG: example_complex
[2023-02-19T20:13:17.038+0000] {logging_mixin.py:137} INFO - [2023-02-19T20:13:17.037+0000] {taskmixin.py:205} WARNING - Dependency <Task(BashOperator): delete_tag>, create_tag already registered for DAG: example_complex
[2023-02-19T20:13:17.047+0000] {processor.py:753} INFO - DAG(s) dict_keys(['example_complex']) retrieved from /home/airflow/.local/lib/python3.7/site-packages/airflow/example_dags/example_complex.py
[2023-02-19T20:13:17.091+0000] {logging_mixin.py:137} INFO - [2023-02-19T20:13:17.091+0000] {dag.py:2690} INFO - Sync 1 DAGs
[2023-02-19T20:13:17.121+0000] {logging_mixin.py:137} INFO - [2023-02-19T20:13:17.121+0000] {dag.py:3441} INFO - Setting next_dagrun for example_complex to None, run_after=None
[2023-02-19T20:13:17.145+0000] {processor.py:175} INFO - Processing /home/airflow/.local/lib/python3.7/site-packages/airflow/example_dags/example_complex.py took 0.140 seconds
[2023-02-19T20:13:47.773+0000] {processor.py:153} INFO - Started process (PID=478) to work on /home/airflow/.local/lib/python3.7/site-packages/airflow/example_dags/example_complex.py
[2023-02-19T20:13:47.777+0000] {processor.py:743} INFO - Processing file /home/airflow/.local/lib/python3.7/site-packages/airflow/example_dags/example_complex.py for tasks to queue
[2023-02-19T20:13:47.780+0000] {logging_mixin.py:137} INFO - [2023-02-19T20:13:47.780+0000] {dagbag.py:538} INFO - Filling up the DagBag from /home/airflow/.local/lib/python3.7/site-packages/airflow/example_dags/example_complex.py
[2023-02-19T20:13:47.821+0000] {logging_mixin.py:137} INFO - [2023-02-19T20:13:47.821+0000] {taskmixin.py:205} WARNING - Dependency <Task(BashOperator): create_entry_group>, delete_entry_group already registered for DAG: example_complex
[2023-02-19T20:13:47.825+0000] {logging_mixin.py:137} INFO - [2023-02-19T20:13:47.823+0000] {taskmixin.py:205} WARNING - Dependency <Task(BashOperator): delete_entry_group>, create_entry_group already registered for DAG: example_complex
[2023-02-19T20:13:47.828+0000] {logging_mixin.py:137} INFO - [2023-02-19T20:13:47.827+0000] {taskmixin.py:205} WARNING - Dependency <Task(BashOperator): create_entry_gcs>, delete_entry already registered for DAG: example_complex
[2023-02-19T20:13:47.832+0000] {logging_mixin.py:137} INFO - [2023-02-19T20:13:47.830+0000] {taskmixin.py:205} WARNING - Dependency <Task(BashOperator): delete_entry>, create_entry_gcs already registered for DAG: example_complex
[2023-02-19T20:13:47.845+0000] {logging_mixin.py:137} INFO - [2023-02-19T20:13:47.844+0000] {taskmixin.py:205} WARNING - Dependency <Task(BashOperator): create_tag>, delete_tag already registered for DAG: example_complex
[2023-02-19T20:13:47.860+0000] {logging_mixin.py:137} INFO - [2023-02-19T20:13:47.860+0000] {taskmixin.py:205} WARNING - Dependency <Task(BashOperator): delete_tag>, create_tag already registered for DAG: example_complex
[2023-02-19T20:13:47.914+0000] {processor.py:753} INFO - DAG(s) dict_keys(['example_complex']) retrieved from /home/airflow/.local/lib/python3.7/site-packages/airflow/example_dags/example_complex.py
[2023-02-19T20:13:48.010+0000] {logging_mixin.py:137} INFO - [2023-02-19T20:13:48.008+0000] {dag.py:2690} INFO - Sync 1 DAGs
[2023-02-19T20:13:48.112+0000] {logging_mixin.py:137} INFO - [2023-02-19T20:13:48.111+0000] {dag.py:3441} INFO - Setting next_dagrun for example_complex to None, run_after=None
[2023-02-19T20:13:48.224+0000] {processor.py:175} INFO - Processing /home/airflow/.local/lib/python3.7/site-packages/airflow/example_dags/example_complex.py took 0.456 seconds
[2023-02-19T20:14:18.885+0000] {processor.py:153} INFO - Started process (PID=553) to work on /home/airflow/.local/lib/python3.7/site-packages/airflow/example_dags/example_complex.py
[2023-02-19T20:14:18.889+0000] {processor.py:743} INFO - Processing file /home/airflow/.local/lib/python3.7/site-packages/airflow/example_dags/example_complex.py for tasks to queue
[2023-02-19T20:14:18.893+0000] {logging_mixin.py:137} INFO - [2023-02-19T20:14:18.892+0000] {dagbag.py:538} INFO - Filling up the DagBag from /home/airflow/.local/lib/python3.7/site-packages/airflow/example_dags/example_complex.py
[2023-02-19T20:14:18.909+0000] {logging_mixin.py:137} INFO - [2023-02-19T20:14:18.909+0000] {taskmixin.py:205} WARNING - Dependency <Task(BashOperator): create_entry_group>, delete_entry_group already registered for DAG: example_complex
[2023-02-19T20:14:18.911+0000] {logging_mixin.py:137} INFO - [2023-02-19T20:14:18.910+0000] {taskmixin.py:205} WARNING - Dependency <Task(BashOperator): delete_entry_group>, create_entry_group already registered for DAG: example_complex
[2023-02-19T20:14:18.912+0000] {logging_mixin.py:137} INFO - [2023-02-19T20:14:18.912+0000] {taskmixin.py:205} WARNING - Dependency <Task(BashOperator): create_entry_gcs>, delete_entry already registered for DAG: example_complex
[2023-02-19T20:14:18.914+0000] {logging_mixin.py:137} INFO - [2023-02-19T20:14:18.914+0000] {taskmixin.py:205} WARNING - Dependency <Task(BashOperator): delete_entry>, create_entry_gcs already registered for DAG: example_complex
[2023-02-19T20:14:18.916+0000] {logging_mixin.py:137} INFO - [2023-02-19T20:14:18.916+0000] {taskmixin.py:205} WARNING - Dependency <Task(BashOperator): create_tag>, delete_tag already registered for DAG: example_complex
[2023-02-19T20:14:18.918+0000] {logging_mixin.py:137} INFO - [2023-02-19T20:14:18.917+0000] {taskmixin.py:205} WARNING - Dependency <Task(BashOperator): delete_tag>, create_tag already registered for DAG: example_complex
[2023-02-19T20:14:18.928+0000] {processor.py:753} INFO - DAG(s) dict_keys(['example_complex']) retrieved from /home/airflow/.local/lib/python3.7/site-packages/airflow/example_dags/example_complex.py
[2023-02-19T20:14:18.970+0000] {logging_mixin.py:137} INFO - [2023-02-19T20:14:18.970+0000] {dag.py:2690} INFO - Sync 1 DAGs
[2023-02-19T20:14:19.003+0000] {logging_mixin.py:137} INFO - [2023-02-19T20:14:19.003+0000] {dag.py:3441} INFO - Setting next_dagrun for example_complex to None, run_after=None
[2023-02-19T20:14:19.030+0000] {processor.py:175} INFO - Processing /home/airflow/.local/lib/python3.7/site-packages/airflow/example_dags/example_complex.py took 0.150 seconds
[2023-02-19T20:14:49.364+0000] {processor.py:153} INFO - Started process (PID=616) to work on /home/airflow/.local/lib/python3.7/site-packages/airflow/example_dags/example_complex.py
[2023-02-19T20:14:49.367+0000] {processor.py:743} INFO - Processing file /home/airflow/.local/lib/python3.7/site-packages/airflow/example_dags/example_complex.py for tasks to queue
[2023-02-19T20:14:49.370+0000] {logging_mixin.py:137} INFO - [2023-02-19T20:14:49.370+0000] {dagbag.py:538} INFO - Filling up the DagBag from /home/airflow/.local/lib/python3.7/site-packages/airflow/example_dags/example_complex.py
[2023-02-19T20:14:49.389+0000] {logging_mixin.py:137} INFO - [2023-02-19T20:14:49.389+0000] {taskmixin.py:205} WARNING - Dependency <Task(BashOperator): create_entry_group>, delete_entry_group already registered for DAG: example_complex
[2023-02-19T20:14:49.392+0000] {logging_mixin.py:137} INFO - [2023-02-19T20:14:49.391+0000] {taskmixin.py:205} WARNING - Dependency <Task(BashOperator): delete_entry_group>, create_entry_group already registered for DAG: example_complex
[2023-02-19T20:14:49.394+0000] {logging_mixin.py:137} INFO - [2023-02-19T20:14:49.393+0000] {taskmixin.py:205} WARNING - Dependency <Task(BashOperator): create_entry_gcs>, delete_entry already registered for DAG: example_complex
[2023-02-19T20:14:49.395+0000] {logging_mixin.py:137} INFO - [2023-02-19T20:14:49.395+0000] {taskmixin.py:205} WARNING - Dependency <Task(BashOperator): delete_entry>, create_entry_gcs already registered for DAG: example_complex
[2023-02-19T20:14:49.398+0000] {logging_mixin.py:137} INFO - [2023-02-19T20:14:49.397+0000] {taskmixin.py:205} WARNING - Dependency <Task(BashOperator): create_tag>, delete_tag already registered for DAG: example_complex
[2023-02-19T20:14:49.400+0000] {logging_mixin.py:137} INFO - [2023-02-19T20:14:49.399+0000] {taskmixin.py:205} WARNING - Dependency <Task(BashOperator): delete_tag>, create_tag already registered for DAG: example_complex
[2023-02-19T20:14:49.414+0000] {processor.py:753} INFO - DAG(s) dict_keys(['example_complex']) retrieved from /home/airflow/.local/lib/python3.7/site-packages/airflow/example_dags/example_complex.py
[2023-02-19T20:14:49.459+0000] {logging_mixin.py:137} INFO - [2023-02-19T20:14:49.459+0000] {dag.py:2690} INFO - Sync 1 DAGs
[2023-02-19T20:14:49.502+0000] {logging_mixin.py:137} INFO - [2023-02-19T20:14:49.502+0000] {dag.py:3441} INFO - Setting next_dagrun for example_complex to None, run_after=None
[2023-02-19T20:14:49.535+0000] {processor.py:175} INFO - Processing /home/airflow/.local/lib/python3.7/site-packages/airflow/example_dags/example_complex.py took 0.176 seconds
[2023-02-19T20:15:20.238+0000] {processor.py:153} INFO - Started process (PID=692) to work on /home/airflow/.local/lib/python3.7/site-packages/airflow/example_dags/example_complex.py
[2023-02-19T20:15:20.240+0000] {processor.py:743} INFO - Processing file /home/airflow/.local/lib/python3.7/site-packages/airflow/example_dags/example_complex.py for tasks to queue
[2023-02-19T20:15:20.242+0000] {logging_mixin.py:137} INFO - [2023-02-19T20:15:20.242+0000] {dagbag.py:538} INFO - Filling up the DagBag from /home/airflow/.local/lib/python3.7/site-packages/airflow/example_dags/example_complex.py
[2023-02-19T20:15:20.257+0000] {logging_mixin.py:137} INFO - [2023-02-19T20:15:20.257+0000] {taskmixin.py:205} WARNING - Dependency <Task(BashOperator): create_entry_group>, delete_entry_group already registered for DAG: example_complex
[2023-02-19T20:15:20.260+0000] {logging_mixin.py:137} INFO - [2023-02-19T20:15:20.260+0000] {taskmixin.py:205} WARNING - Dependency <Task(BashOperator): delete_entry_group>, create_entry_group already registered for DAG: example_complex
[2023-02-19T20:15:20.262+0000] {logging_mixin.py:137} INFO - [2023-02-19T20:15:20.261+0000] {taskmixin.py:205} WARNING - Dependency <Task(BashOperator): create_entry_gcs>, delete_entry already registered for DAG: example_complex
[2023-02-19T20:15:20.263+0000] {logging_mixin.py:137} INFO - [2023-02-19T20:15:20.263+0000] {taskmixin.py:205} WARNING - Dependency <Task(BashOperator): delete_entry>, create_entry_gcs already registered for DAG: example_complex
[2023-02-19T20:15:20.264+0000] {logging_mixin.py:137} INFO - [2023-02-19T20:15:20.264+0000] {taskmixin.py:205} WARNING - Dependency <Task(BashOperator): create_tag>, delete_tag already registered for DAG: example_complex
[2023-02-19T20:15:20.265+0000] {logging_mixin.py:137} INFO - [2023-02-19T20:15:20.265+0000] {taskmixin.py:205} WARNING - Dependency <Task(BashOperator): delete_tag>, create_tag already registered for DAG: example_complex
[2023-02-19T20:15:20.275+0000] {processor.py:753} INFO - DAG(s) dict_keys(['example_complex']) retrieved from /home/airflow/.local/lib/python3.7/site-packages/airflow/example_dags/example_complex.py
[2023-02-19T20:15:20.315+0000] {logging_mixin.py:137} INFO - [2023-02-19T20:15:20.315+0000] {dag.py:2690} INFO - Sync 1 DAGs
[2023-02-19T20:15:20.348+0000] {logging_mixin.py:137} INFO - [2023-02-19T20:15:20.348+0000] {dag.py:3441} INFO - Setting next_dagrun for example_complex to None, run_after=None
[2023-02-19T20:15:20.375+0000] {processor.py:175} INFO - Processing /home/airflow/.local/lib/python3.7/site-packages/airflow/example_dags/example_complex.py took 0.142 seconds
[2023-02-19T20:15:50.839+0000] {processor.py:153} INFO - Started process (PID=755) to work on /home/airflow/.local/lib/python3.7/site-packages/airflow/example_dags/example_complex.py
[2023-02-19T20:15:50.841+0000] {processor.py:743} INFO - Processing file /home/airflow/.local/lib/python3.7/site-packages/airflow/example_dags/example_complex.py for tasks to queue
[2023-02-19T20:15:50.843+0000] {logging_mixin.py:137} INFO - [2023-02-19T20:15:50.843+0000] {dagbag.py:538} INFO - Filling up the DagBag from /home/airflow/.local/lib/python3.7/site-packages/airflow/example_dags/example_complex.py
[2023-02-19T20:15:50.858+0000] {logging_mixin.py:137} INFO - [2023-02-19T20:15:50.858+0000] {taskmixin.py:205} WARNING - Dependency <Task(BashOperator): create_entry_group>, delete_entry_group already registered for DAG: example_complex
[2023-02-19T20:15:50.860+0000] {logging_mixin.py:137} INFO - [2023-02-19T20:15:50.859+0000] {taskmixin.py:205} WARNING - Dependency <Task(BashOperator): delete_entry_group>, create_entry_group already registered for DAG: example_complex
[2023-02-19T20:15:50.861+0000] {logging_mixin.py:137} INFO - [2023-02-19T20:15:50.861+0000] {taskmixin.py:205} WARNING - Dependency <Task(BashOperator): create_entry_gcs>, delete_entry already registered for DAG: example_complex
[2023-02-19T20:15:50.862+0000] {logging_mixin.py:137} INFO - [2023-02-19T20:15:50.862+0000] {taskmixin.py:205} WARNING - Dependency <Task(BashOperator): delete_entry>, create_entry_gcs already registered for DAG: example_complex
[2023-02-19T20:15:50.864+0000] {logging_mixin.py:137} INFO - [2023-02-19T20:15:50.863+0000] {taskmixin.py:205} WARNING - Dependency <Task(BashOperator): create_tag>, delete_tag already registered for DAG: example_complex
[2023-02-19T20:15:50.866+0000] {logging_mixin.py:137} INFO - [2023-02-19T20:15:50.865+0000] {taskmixin.py:205} WARNING - Dependency <Task(BashOperator): delete_tag>, create_tag already registered for DAG: example_complex
[2023-02-19T20:15:50.875+0000] {processor.py:753} INFO - DAG(s) dict_keys(['example_complex']) retrieved from /home/airflow/.local/lib/python3.7/site-packages/airflow/example_dags/example_complex.py
[2023-02-19T20:15:50.916+0000] {logging_mixin.py:137} INFO - [2023-02-19T20:15:50.916+0000] {dag.py:2690} INFO - Sync 1 DAGs
[2023-02-19T20:15:50.951+0000] {logging_mixin.py:137} INFO - [2023-02-19T20:15:50.951+0000] {dag.py:3441} INFO - Setting next_dagrun for example_complex to None, run_after=None
[2023-02-19T20:15:50.991+0000] {processor.py:175} INFO - Processing /home/airflow/.local/lib/python3.7/site-packages/airflow/example_dags/example_complex.py took 0.157 seconds
[2023-02-19T20:16:21.483+0000] {processor.py:153} INFO - Started process (PID=831) to work on /home/airflow/.local/lib/python3.7/site-packages/airflow/example_dags/example_complex.py
[2023-02-19T20:16:21.485+0000] {processor.py:743} INFO - Processing file /home/airflow/.local/lib/python3.7/site-packages/airflow/example_dags/example_complex.py for tasks to queue
[2023-02-19T20:16:21.488+0000] {logging_mixin.py:137} INFO - [2023-02-19T20:16:21.488+0000] {dagbag.py:538} INFO - Filling up the DagBag from /home/airflow/.local/lib/python3.7/site-packages/airflow/example_dags/example_complex.py
[2023-02-19T20:16:21.504+0000] {logging_mixin.py:137} INFO - [2023-02-19T20:16:21.504+0000] {taskmixin.py:205} WARNING - Dependency <Task(BashOperator): create_entry_group>, delete_entry_group already registered for DAG: example_complex
[2023-02-19T20:16:21.506+0000] {logging_mixin.py:137} INFO - [2023-02-19T20:16:21.506+0000] {taskmixin.py:205} WARNING - Dependency <Task(BashOperator): delete_entry_group>, create_entry_group already registered for DAG: example_complex
[2023-02-19T20:16:21.507+0000] {logging_mixin.py:137} INFO - [2023-02-19T20:16:21.507+0000] {taskmixin.py:205} WARNING - Dependency <Task(BashOperator): create_entry_gcs>, delete_entry already registered for DAG: example_complex
[2023-02-19T20:16:21.509+0000] {logging_mixin.py:137} INFO - [2023-02-19T20:16:21.509+0000] {taskmixin.py:205} WARNING - Dependency <Task(BashOperator): delete_entry>, create_entry_gcs already registered for DAG: example_complex
[2023-02-19T20:16:21.511+0000] {logging_mixin.py:137} INFO - [2023-02-19T20:16:21.510+0000] {taskmixin.py:205} WARNING - Dependency <Task(BashOperator): create_tag>, delete_tag already registered for DAG: example_complex
[2023-02-19T20:16:21.512+0000] {logging_mixin.py:137} INFO - [2023-02-19T20:16:21.512+0000] {taskmixin.py:205} WARNING - Dependency <Task(BashOperator): delete_tag>, create_tag already registered for DAG: example_complex
[2023-02-19T20:16:21.522+0000] {processor.py:753} INFO - DAG(s) dict_keys(['example_complex']) retrieved from /home/airflow/.local/lib/python3.7/site-packages/airflow/example_dags/example_complex.py
[2023-02-19T20:16:21.569+0000] {logging_mixin.py:137} INFO - [2023-02-19T20:16:21.568+0000] {dag.py:2690} INFO - Sync 1 DAGs
[2023-02-19T20:16:21.616+0000] {logging_mixin.py:137} INFO - [2023-02-19T20:16:21.616+0000] {dag.py:3441} INFO - Setting next_dagrun for example_complex to None, run_after=None
[2023-02-19T20:16:21.648+0000] {processor.py:175} INFO - Processing /home/airflow/.local/lib/python3.7/site-packages/airflow/example_dags/example_complex.py took 0.170 seconds
[2023-02-19T20:16:52.473+0000] {processor.py:153} INFO - Started process (PID=894) to work on /home/airflow/.local/lib/python3.7/site-packages/airflow/example_dags/example_complex.py
[2023-02-19T20:16:52.476+0000] {processor.py:743} INFO - Processing file /home/airflow/.local/lib/python3.7/site-packages/airflow/example_dags/example_complex.py for tasks to queue
[2023-02-19T20:16:52.478+0000] {logging_mixin.py:137} INFO - [2023-02-19T20:16:52.478+0000] {dagbag.py:538} INFO - Filling up the DagBag from /home/airflow/.local/lib/python3.7/site-packages/airflow/example_dags/example_complex.py
[2023-02-19T20:16:52.493+0000] {logging_mixin.py:137} INFO - [2023-02-19T20:16:52.493+0000] {taskmixin.py:205} WARNING - Dependency <Task(BashOperator): create_entry_group>, delete_entry_group already registered for DAG: example_complex
[2023-02-19T20:16:52.495+0000] {logging_mixin.py:137} INFO - [2023-02-19T20:16:52.495+0000] {taskmixin.py:205} WARNING - Dependency <Task(BashOperator): delete_entry_group>, create_entry_group already registered for DAG: example_complex
[2023-02-19T20:16:52.497+0000] {logging_mixin.py:137} INFO - [2023-02-19T20:16:52.497+0000] {taskmixin.py:205} WARNING - Dependency <Task(BashOperator): create_entry_gcs>, delete_entry already registered for DAG: example_complex
[2023-02-19T20:16:52.499+0000] {logging_mixin.py:137} INFO - [2023-02-19T20:16:52.499+0000] {taskmixin.py:205} WARNING - Dependency <Task(BashOperator): delete_entry>, create_entry_gcs already registered for DAG: example_complex
[2023-02-19T20:16:52.500+0000] {logging_mixin.py:137} INFO - [2023-02-19T20:16:52.500+0000] {taskmixin.py:205} WARNING - Dependency <Task(BashOperator): create_tag>, delete_tag already registered for DAG: example_complex
[2023-02-19T20:16:52.502+0000] {logging_mixin.py:137} INFO - [2023-02-19T20:16:52.502+0000] {taskmixin.py:205} WARNING - Dependency <Task(BashOperator): delete_tag>, create_tag already registered for DAG: example_complex
[2023-02-19T20:16:52.512+0000] {processor.py:753} INFO - DAG(s) dict_keys(['example_complex']) retrieved from /home/airflow/.local/lib/python3.7/site-packages/airflow/example_dags/example_complex.py
[2023-02-19T20:16:52.553+0000] {logging_mixin.py:137} INFO - [2023-02-19T20:16:52.553+0000] {dag.py:2690} INFO - Sync 1 DAGs
[2023-02-19T20:16:52.587+0000] {logging_mixin.py:137} INFO - [2023-02-19T20:16:52.587+0000] {dag.py:3441} INFO - Setting next_dagrun for example_complex to None, run_after=None
[2023-02-19T20:16:52.615+0000] {processor.py:175} INFO - Processing /home/airflow/.local/lib/python3.7/site-packages/airflow/example_dags/example_complex.py took 0.147 seconds
[2023-02-19T20:17:22.917+0000] {processor.py:153} INFO - Started process (PID=966) to work on /home/airflow/.local/lib/python3.7/site-packages/airflow/example_dags/example_complex.py
[2023-02-19T20:17:22.919+0000] {processor.py:743} INFO - Processing file /home/airflow/.local/lib/python3.7/site-packages/airflow/example_dags/example_complex.py for tasks to queue
[2023-02-19T20:17:22.921+0000] {logging_mixin.py:137} INFO - [2023-02-19T20:17:22.921+0000] {dagbag.py:538} INFO - Filling up the DagBag from /home/airflow/.local/lib/python3.7/site-packages/airflow/example_dags/example_complex.py
[2023-02-19T20:17:22.937+0000] {logging_mixin.py:137} INFO - [2023-02-19T20:17:22.937+0000] {taskmixin.py:205} WARNING - Dependency <Task(BashOperator): create_entry_group>, delete_entry_group already registered for DAG: example_complex
[2023-02-19T20:17:22.938+0000] {logging_mixin.py:137} INFO - [2023-02-19T20:17:22.938+0000] {taskmixin.py:205} WARNING - Dependency <Task(BashOperator): delete_entry_group>, create_entry_group already registered for DAG: example_complex
[2023-02-19T20:17:22.940+0000] {logging_mixin.py:137} INFO - [2023-02-19T20:17:22.940+0000] {taskmixin.py:205} WARNING - Dependency <Task(BashOperator): create_entry_gcs>, delete_entry already registered for DAG: example_complex
[2023-02-19T20:17:22.942+0000] {logging_mixin.py:137} INFO - [2023-02-19T20:17:22.942+0000] {taskmixin.py:205} WARNING - Dependency <Task(BashOperator): delete_entry>, create_entry_gcs already registered for DAG: example_complex
[2023-02-19T20:17:22.944+0000] {logging_mixin.py:137} INFO - [2023-02-19T20:17:22.944+0000] {taskmixin.py:205} WARNING - Dependency <Task(BashOperator): create_tag>, delete_tag already registered for DAG: example_complex
[2023-02-19T20:17:22.946+0000] {logging_mixin.py:137} INFO - [2023-02-19T20:17:22.945+0000] {taskmixin.py:205} WARNING - Dependency <Task(BashOperator): delete_tag>, create_tag already registered for DAG: example_complex
[2023-02-19T20:17:22.956+0000] {processor.py:753} INFO - DAG(s) dict_keys(['example_complex']) retrieved from /home/airflow/.local/lib/python3.7/site-packages/airflow/example_dags/example_complex.py
[2023-02-19T20:17:22.998+0000] {logging_mixin.py:137} INFO - [2023-02-19T20:17:22.998+0000] {dag.py:2690} INFO - Sync 1 DAGs
[2023-02-19T20:17:23.031+0000] {logging_mixin.py:137} INFO - [2023-02-19T20:17:23.031+0000] {dag.py:3441} INFO - Setting next_dagrun for example_complex to None, run_after=None
[2023-02-19T20:17:23.060+0000] {processor.py:175} INFO - Processing /home/airflow/.local/lib/python3.7/site-packages/airflow/example_dags/example_complex.py took 0.148 seconds
[2023-02-19T20:17:53.614+0000] {processor.py:153} INFO - Started process (PID=1032) to work on /home/airflow/.local/lib/python3.7/site-packages/airflow/example_dags/example_complex.py
[2023-02-19T20:17:53.616+0000] {processor.py:743} INFO - Processing file /home/airflow/.local/lib/python3.7/site-packages/airflow/example_dags/example_complex.py for tasks to queue
[2023-02-19T20:17:53.619+0000] {logging_mixin.py:137} INFO - [2023-02-19T20:17:53.619+0000] {dagbag.py:538} INFO - Filling up the DagBag from /home/airflow/.local/lib/python3.7/site-packages/airflow/example_dags/example_complex.py
[2023-02-19T20:17:53.636+0000] {logging_mixin.py:137} INFO - [2023-02-19T20:17:53.636+0000] {taskmixin.py:205} WARNING - Dependency <Task(BashOperator): create_entry_group>, delete_entry_group already registered for DAG: example_complex
[2023-02-19T20:17:53.638+0000] {logging_mixin.py:137} INFO - [2023-02-19T20:17:53.638+0000] {taskmixin.py:205} WARNING - Dependency <Task(BashOperator): delete_entry_group>, create_entry_group already registered for DAG: example_complex
[2023-02-19T20:17:53.640+0000] {logging_mixin.py:137} INFO - [2023-02-19T20:17:53.640+0000] {taskmixin.py:205} WARNING - Dependency <Task(BashOperator): create_entry_gcs>, delete_entry already registered for DAG: example_complex
[2023-02-19T20:17:53.641+0000] {logging_mixin.py:137} INFO - [2023-02-19T20:17:53.641+0000] {taskmixin.py:205} WARNING - Dependency <Task(BashOperator): delete_entry>, create_entry_gcs already registered for DAG: example_complex
[2023-02-19T20:17:53.643+0000] {logging_mixin.py:137} INFO - [2023-02-19T20:17:53.643+0000] {taskmixin.py:205} WARNING - Dependency <Task(BashOperator): create_tag>, delete_tag already registered for DAG: example_complex
[2023-02-19T20:17:53.645+0000] {logging_mixin.py:137} INFO - [2023-02-19T20:17:53.644+0000] {taskmixin.py:205} WARNING - Dependency <Task(BashOperator): delete_tag>, create_tag already registered for DAG: example_complex
[2023-02-19T20:17:53.655+0000] {processor.py:753} INFO - DAG(s) dict_keys(['example_complex']) retrieved from /home/airflow/.local/lib/python3.7/site-packages/airflow/example_dags/example_complex.py
[2023-02-19T20:17:53.696+0000] {logging_mixin.py:137} INFO - [2023-02-19T20:17:53.696+0000] {dag.py:2690} INFO - Sync 1 DAGs
[2023-02-19T20:17:53.729+0000] {logging_mixin.py:137} INFO - [2023-02-19T20:17:53.729+0000] {dag.py:3441} INFO - Setting next_dagrun for example_complex to None, run_after=None
[2023-02-19T20:17:53.758+0000] {processor.py:175} INFO - Processing /home/airflow/.local/lib/python3.7/site-packages/airflow/example_dags/example_complex.py took 0.150 seconds
[2023-02-19T20:18:24.249+0000] {processor.py:153} INFO - Started process (PID=1096) to work on /home/airflow/.local/lib/python3.7/site-packages/airflow/example_dags/example_complex.py
[2023-02-19T20:18:24.252+0000] {processor.py:743} INFO - Processing file /home/airflow/.local/lib/python3.7/site-packages/airflow/example_dags/example_complex.py for tasks to queue
[2023-02-19T20:18:24.254+0000] {logging_mixin.py:137} INFO - [2023-02-19T20:18:24.254+0000] {dagbag.py:538} INFO - Filling up the DagBag from /home/airflow/.local/lib/python3.7/site-packages/airflow/example_dags/example_complex.py
[2023-02-19T20:18:24.269+0000] {logging_mixin.py:137} INFO - [2023-02-19T20:18:24.269+0000] {taskmixin.py:205} WARNING - Dependency <Task(BashOperator): create_entry_group>, delete_entry_group already registered for DAG: example_complex
[2023-02-19T20:18:24.271+0000] {logging_mixin.py:137} INFO - [2023-02-19T20:18:24.271+0000] {taskmixin.py:205} WARNING - Dependency <Task(BashOperator): delete_entry_group>, create_entry_group already registered for DAG: example_complex
[2023-02-19T20:18:24.272+0000] {logging_mixin.py:137} INFO - [2023-02-19T20:18:24.272+0000] {taskmixin.py:205} WARNING - Dependency <Task(BashOperator): create_entry_gcs>, delete_entry already registered for DAG: example_complex
[2023-02-19T20:18:24.275+0000] {logging_mixin.py:137} INFO - [2023-02-19T20:18:24.275+0000] {taskmixin.py:205} WARNING - Dependency <Task(BashOperator): delete_entry>, create_entry_gcs already registered for DAG: example_complex
[2023-02-19T20:18:24.277+0000] {logging_mixin.py:137} INFO - [2023-02-19T20:18:24.276+0000] {taskmixin.py:205} WARNING - Dependency <Task(BashOperator): create_tag>, delete_tag already registered for DAG: example_complex
[2023-02-19T20:18:24.278+0000] {logging_mixin.py:137} INFO - [2023-02-19T20:18:24.278+0000] {taskmixin.py:205} WARNING - Dependency <Task(BashOperator): delete_tag>, create_tag already registered for DAG: example_complex
[2023-02-19T20:18:24.288+0000] {processor.py:753} INFO - DAG(s) dict_keys(['example_complex']) retrieved from /home/airflow/.local/lib/python3.7/site-packages/airflow/example_dags/example_complex.py
[2023-02-19T20:18:24.328+0000] {logging_mixin.py:137} INFO - [2023-02-19T20:18:24.328+0000] {dag.py:2690} INFO - Sync 1 DAGs
[2023-02-19T20:18:24.361+0000] {logging_mixin.py:137} INFO - [2023-02-19T20:18:24.361+0000] {dag.py:3441} INFO - Setting next_dagrun for example_complex to None, run_after=None
[2023-02-19T20:18:24.388+0000] {processor.py:175} INFO - Processing /home/airflow/.local/lib/python3.7/site-packages/airflow/example_dags/example_complex.py took 0.144 seconds
[2023-02-19T20:18:54.967+0000] {processor.py:153} INFO - Started process (PID=1170) to work on /home/airflow/.local/lib/python3.7/site-packages/airflow/example_dags/example_complex.py
[2023-02-19T20:18:54.970+0000] {processor.py:743} INFO - Processing file /home/airflow/.local/lib/python3.7/site-packages/airflow/example_dags/example_complex.py for tasks to queue
[2023-02-19T20:18:54.972+0000] {logging_mixin.py:137} INFO - [2023-02-19T20:18:54.972+0000] {dagbag.py:538} INFO - Filling up the DagBag from /home/airflow/.local/lib/python3.7/site-packages/airflow/example_dags/example_complex.py
[2023-02-19T20:18:54.989+0000] {logging_mixin.py:137} INFO - [2023-02-19T20:18:54.988+0000] {taskmixin.py:205} WARNING - Dependency <Task(BashOperator): create_entry_group>, delete_entry_group already registered for DAG: example_complex
[2023-02-19T20:18:54.990+0000] {logging_mixin.py:137} INFO - [2023-02-19T20:18:54.990+0000] {taskmixin.py:205} WARNING - Dependency <Task(BashOperator): delete_entry_group>, create_entry_group already registered for DAG: example_complex
[2023-02-19T20:18:54.992+0000] {logging_mixin.py:137} INFO - [2023-02-19T20:18:54.992+0000] {taskmixin.py:205} WARNING - Dependency <Task(BashOperator): create_entry_gcs>, delete_entry already registered for DAG: example_complex
[2023-02-19T20:18:54.994+0000] {logging_mixin.py:137} INFO - [2023-02-19T20:18:54.993+0000] {taskmixin.py:205} WARNING - Dependency <Task(BashOperator): delete_entry>, create_entry_gcs already registered for DAG: example_complex
[2023-02-19T20:18:54.996+0000] {logging_mixin.py:137} INFO - [2023-02-19T20:18:54.996+0000] {taskmixin.py:205} WARNING - Dependency <Task(BashOperator): create_tag>, delete_tag already registered for DAG: example_complex
[2023-02-19T20:18:54.998+0000] {logging_mixin.py:137} INFO - [2023-02-19T20:18:54.997+0000] {taskmixin.py:205} WARNING - Dependency <Task(BashOperator): delete_tag>, create_tag already registered for DAG: example_complex
[2023-02-19T20:18:55.008+0000] {processor.py:753} INFO - DAG(s) dict_keys(['example_complex']) retrieved from /home/airflow/.local/lib/python3.7/site-packages/airflow/example_dags/example_complex.py
[2023-02-19T20:18:55.049+0000] {logging_mixin.py:137} INFO - [2023-02-19T20:18:55.049+0000] {dag.py:2690} INFO - Sync 1 DAGs
[2023-02-19T20:18:55.084+0000] {logging_mixin.py:137} INFO - [2023-02-19T20:18:55.084+0000] {dag.py:3441} INFO - Setting next_dagrun for example_complex to None, run_after=None
[2023-02-19T20:18:55.112+0000] {processor.py:175} INFO - Processing /home/airflow/.local/lib/python3.7/site-packages/airflow/example_dags/example_complex.py took 0.150 seconds
[2023-02-19T20:19:25.623+0000] {processor.py:153} INFO - Started process (PID=1233) to work on /home/airflow/.local/lib/python3.7/site-packages/airflow/example_dags/example_complex.py
[2023-02-19T20:19:25.627+0000] {processor.py:743} INFO - Processing file /home/airflow/.local/lib/python3.7/site-packages/airflow/example_dags/example_complex.py for tasks to queue
[2023-02-19T20:19:25.630+0000] {logging_mixin.py:137} INFO - [2023-02-19T20:19:25.630+0000] {dagbag.py:538} INFO - Filling up the DagBag from /home/airflow/.local/lib/python3.7/site-packages/airflow/example_dags/example_complex.py
[2023-02-19T20:19:25.652+0000] {logging_mixin.py:137} INFO - [2023-02-19T20:19:25.651+0000] {taskmixin.py:205} WARNING - Dependency <Task(BashOperator): create_entry_group>, delete_entry_group already registered for DAG: example_complex
[2023-02-19T20:19:25.654+0000] {logging_mixin.py:137} INFO - [2023-02-19T20:19:25.653+0000] {taskmixin.py:205} WARNING - Dependency <Task(BashOperator): delete_entry_group>, create_entry_group already registered for DAG: example_complex
[2023-02-19T20:19:25.656+0000] {logging_mixin.py:137} INFO - [2023-02-19T20:19:25.655+0000] {taskmixin.py:205} WARNING - Dependency <Task(BashOperator): create_entry_gcs>, delete_entry already registered for DAG: example_complex
[2023-02-19T20:19:25.657+0000] {logging_mixin.py:137} INFO - [2023-02-19T20:19:25.657+0000] {taskmixin.py:205} WARNING - Dependency <Task(BashOperator): delete_entry>, create_entry_gcs already registered for DAG: example_complex
[2023-02-19T20:19:25.659+0000] {logging_mixin.py:137} INFO - [2023-02-19T20:19:25.659+0000] {taskmixin.py:205} WARNING - Dependency <Task(BashOperator): create_tag>, delete_tag already registered for DAG: example_complex
[2023-02-19T20:19:25.660+0000] {logging_mixin.py:137} INFO - [2023-02-19T20:19:25.660+0000] {taskmixin.py:205} WARNING - Dependency <Task(BashOperator): delete_tag>, create_tag already registered for DAG: example_complex
[2023-02-19T20:19:25.671+0000] {processor.py:753} INFO - DAG(s) dict_keys(['example_complex']) retrieved from /home/airflow/.local/lib/python3.7/site-packages/airflow/example_dags/example_complex.py
[2023-02-19T20:19:25.712+0000] {logging_mixin.py:137} INFO - [2023-02-19T20:19:25.712+0000] {dag.py:2690} INFO - Sync 1 DAGs
[2023-02-19T20:19:25.743+0000] {logging_mixin.py:137} INFO - [2023-02-19T20:19:25.743+0000] {dag.py:3441} INFO - Setting next_dagrun for example_complex to None, run_after=None
[2023-02-19T20:19:25.770+0000] {processor.py:175} INFO - Processing /home/airflow/.local/lib/python3.7/site-packages/airflow/example_dags/example_complex.py took 0.152 seconds
[2023-02-19T20:19:56.359+0000] {processor.py:153} INFO - Started process (PID=1308) to work on /home/airflow/.local/lib/python3.7/site-packages/airflow/example_dags/example_complex.py
[2023-02-19T20:19:56.361+0000] {processor.py:743} INFO - Processing file /home/airflow/.local/lib/python3.7/site-packages/airflow/example_dags/example_complex.py for tasks to queue
[2023-02-19T20:19:56.363+0000] {logging_mixin.py:137} INFO - [2023-02-19T20:19:56.363+0000] {dagbag.py:538} INFO - Filling up the DagBag from /home/airflow/.local/lib/python3.7/site-packages/airflow/example_dags/example_complex.py
[2023-02-19T20:19:56.379+0000] {logging_mixin.py:137} INFO - [2023-02-19T20:19:56.379+0000] {taskmixin.py:205} WARNING - Dependency <Task(BashOperator): create_entry_group>, delete_entry_group already registered for DAG: example_complex
[2023-02-19T20:19:56.380+0000] {logging_mixin.py:137} INFO - [2023-02-19T20:19:56.380+0000] {taskmixin.py:205} WARNING - Dependency <Task(BashOperator): delete_entry_group>, create_entry_group already registered for DAG: example_complex
[2023-02-19T20:19:56.382+0000] {logging_mixin.py:137} INFO - [2023-02-19T20:19:56.382+0000] {taskmixin.py:205} WARNING - Dependency <Task(BashOperator): create_entry_gcs>, delete_entry already registered for DAG: example_complex
[2023-02-19T20:19:56.383+0000] {logging_mixin.py:137} INFO - [2023-02-19T20:19:56.383+0000] {taskmixin.py:205} WARNING - Dependency <Task(BashOperator): delete_entry>, create_entry_gcs already registered for DAG: example_complex
[2023-02-19T20:19:56.386+0000] {logging_mixin.py:137} INFO - [2023-02-19T20:19:56.386+0000] {taskmixin.py:205} WARNING - Dependency <Task(BashOperator): create_tag>, delete_tag already registered for DAG: example_complex
[2023-02-19T20:19:56.388+0000] {logging_mixin.py:137} INFO - [2023-02-19T20:19:56.387+0000] {taskmixin.py:205} WARNING - Dependency <Task(BashOperator): delete_tag>, create_tag already registered for DAG: example_complex
[2023-02-19T20:19:56.397+0000] {processor.py:753} INFO - DAG(s) dict_keys(['example_complex']) retrieved from /home/airflow/.local/lib/python3.7/site-packages/airflow/example_dags/example_complex.py
[2023-02-19T20:19:56.438+0000] {logging_mixin.py:137} INFO - [2023-02-19T20:19:56.437+0000] {dag.py:2690} INFO - Sync 1 DAGs
[2023-02-19T20:19:56.470+0000] {logging_mixin.py:137} INFO - [2023-02-19T20:19:56.470+0000] {dag.py:3441} INFO - Setting next_dagrun for example_complex to None, run_after=None
[2023-02-19T20:19:56.498+0000] {processor.py:175} INFO - Processing /home/airflow/.local/lib/python3.7/site-packages/airflow/example_dags/example_complex.py took 0.144 seconds
[2023-02-19T20:20:26.843+0000] {processor.py:153} INFO - Started process (PID=1372) to work on /home/airflow/.local/lib/python3.7/site-packages/airflow/example_dags/example_complex.py
[2023-02-19T20:20:26.846+0000] {processor.py:743} INFO - Processing file /home/airflow/.local/lib/python3.7/site-packages/airflow/example_dags/example_complex.py for tasks to queue
[2023-02-19T20:20:26.848+0000] {logging_mixin.py:137} INFO - [2023-02-19T20:20:26.848+0000] {dagbag.py:538} INFO - Filling up the DagBag from /home/airflow/.local/lib/python3.7/site-packages/airflow/example_dags/example_complex.py
[2023-02-19T20:20:26.864+0000] {logging_mixin.py:137} INFO - [2023-02-19T20:20:26.864+0000] {taskmixin.py:205} WARNING - Dependency <Task(BashOperator): create_entry_group>, delete_entry_group already registered for DAG: example_complex
[2023-02-19T20:20:26.866+0000] {logging_mixin.py:137} INFO - [2023-02-19T20:20:26.865+0000] {taskmixin.py:205} WARNING - Dependency <Task(BashOperator): delete_entry_group>, create_entry_group already registered for DAG: example_complex
[2023-02-19T20:20:26.867+0000] {logging_mixin.py:137} INFO - [2023-02-19T20:20:26.867+0000] {taskmixin.py:205} WARNING - Dependency <Task(BashOperator): create_entry_gcs>, delete_entry already registered for DAG: example_complex
[2023-02-19T20:20:26.869+0000] {logging_mixin.py:137} INFO - [2023-02-19T20:20:26.869+0000] {taskmixin.py:205} WARNING - Dependency <Task(BashOperator): delete_entry>, create_entry_gcs already registered for DAG: example_complex
[2023-02-19T20:20:26.871+0000] {logging_mixin.py:137} INFO - [2023-02-19T20:20:26.871+0000] {taskmixin.py:205} WARNING - Dependency <Task(BashOperator): create_tag>, delete_tag already registered for DAG: example_complex
[2023-02-19T20:20:26.873+0000] {logging_mixin.py:137} INFO - [2023-02-19T20:20:26.873+0000] {taskmixin.py:205} WARNING - Dependency <Task(BashOperator): delete_tag>, create_tag already registered for DAG: example_complex
[2023-02-19T20:20:26.883+0000] {processor.py:753} INFO - DAG(s) dict_keys(['example_complex']) retrieved from /home/airflow/.local/lib/python3.7/site-packages/airflow/example_dags/example_complex.py
[2023-02-19T20:20:26.926+0000] {logging_mixin.py:137} INFO - [2023-02-19T20:20:26.926+0000] {dag.py:2690} INFO - Sync 1 DAGs
[2023-02-19T20:20:26.961+0000] {logging_mixin.py:137} INFO - [2023-02-19T20:20:26.961+0000] {dag.py:3441} INFO - Setting next_dagrun for example_complex to None, run_after=None
[2023-02-19T20:20:26.995+0000] {processor.py:175} INFO - Processing /home/airflow/.local/lib/python3.7/site-packages/airflow/example_dags/example_complex.py took 0.157 seconds
[2023-02-19T20:20:57.321+0000] {processor.py:153} INFO - Started process (PID=1448) to work on /home/airflow/.local/lib/python3.7/site-packages/airflow/example_dags/example_complex.py
[2023-02-19T20:20:57.323+0000] {processor.py:743} INFO - Processing file /home/airflow/.local/lib/python3.7/site-packages/airflow/example_dags/example_complex.py for tasks to queue
[2023-02-19T20:20:57.326+0000] {logging_mixin.py:137} INFO - [2023-02-19T20:20:57.326+0000] {dagbag.py:538} INFO - Filling up the DagBag from /home/airflow/.local/lib/python3.7/site-packages/airflow/example_dags/example_complex.py
[2023-02-19T20:20:57.342+0000] {logging_mixin.py:137} INFO - [2023-02-19T20:20:57.342+0000] {taskmixin.py:205} WARNING - Dependency <Task(BashOperator): create_entry_group>, delete_entry_group already registered for DAG: example_complex
[2023-02-19T20:20:57.344+0000] {logging_mixin.py:137} INFO - [2023-02-19T20:20:57.344+0000] {taskmixin.py:205} WARNING - Dependency <Task(BashOperator): delete_entry_group>, create_entry_group already registered for DAG: example_complex
[2023-02-19T20:20:57.346+0000] {logging_mixin.py:137} INFO - [2023-02-19T20:20:57.345+0000] {taskmixin.py:205} WARNING - Dependency <Task(BashOperator): create_entry_gcs>, delete_entry already registered for DAG: example_complex
[2023-02-19T20:20:57.347+0000] {logging_mixin.py:137} INFO - [2023-02-19T20:20:57.347+0000] {taskmixin.py:205} WARNING - Dependency <Task(BashOperator): delete_entry>, create_entry_gcs already registered for DAG: example_complex
[2023-02-19T20:20:57.349+0000] {logging_mixin.py:137} INFO - [2023-02-19T20:20:57.348+0000] {taskmixin.py:205} WARNING - Dependency <Task(BashOperator): create_tag>, delete_tag already registered for DAG: example_complex
[2023-02-19T20:20:57.350+0000] {logging_mixin.py:137} INFO - [2023-02-19T20:20:57.350+0000] {taskmixin.py:205} WARNING - Dependency <Task(BashOperator): delete_tag>, create_tag already registered for DAG: example_complex
[2023-02-19T20:20:57.360+0000] {processor.py:753} INFO - DAG(s) dict_keys(['example_complex']) retrieved from /home/airflow/.local/lib/python3.7/site-packages/airflow/example_dags/example_complex.py
[2023-02-19T20:20:57.406+0000] {logging_mixin.py:137} INFO - [2023-02-19T20:20:57.405+0000] {dag.py:2690} INFO - Sync 1 DAGs
[2023-02-19T20:20:57.443+0000] {logging_mixin.py:137} INFO - [2023-02-19T20:20:57.443+0000] {dag.py:3441} INFO - Setting next_dagrun for example_complex to None, run_after=None
[2023-02-19T20:20:57.477+0000] {processor.py:175} INFO - Processing /home/airflow/.local/lib/python3.7/site-packages/airflow/example_dags/example_complex.py took 0.161 seconds
[2023-02-19T20:21:28.329+0000] {processor.py:153} INFO - Started process (PID=1510) to work on /home/airflow/.local/lib/python3.7/site-packages/airflow/example_dags/example_complex.py
[2023-02-19T20:21:28.331+0000] {processor.py:743} INFO - Processing file /home/airflow/.local/lib/python3.7/site-packages/airflow/example_dags/example_complex.py for tasks to queue
[2023-02-19T20:21:28.334+0000] {logging_mixin.py:137} INFO - [2023-02-19T20:21:28.333+0000] {dagbag.py:538} INFO - Filling up the DagBag from /home/airflow/.local/lib/python3.7/site-packages/airflow/example_dags/example_complex.py
[2023-02-19T20:21:28.349+0000] {logging_mixin.py:137} INFO - [2023-02-19T20:21:28.349+0000] {taskmixin.py:205} WARNING - Dependency <Task(BashOperator): create_entry_group>, delete_entry_group already registered for DAG: example_complex
[2023-02-19T20:21:28.351+0000] {logging_mixin.py:137} INFO - [2023-02-19T20:21:28.350+0000] {taskmixin.py:205} WARNING - Dependency <Task(BashOperator): delete_entry_group>, create_entry_group already registered for DAG: example_complex
[2023-02-19T20:21:28.352+0000] {logging_mixin.py:137} INFO - [2023-02-19T20:21:28.352+0000] {taskmixin.py:205} WARNING - Dependency <Task(BashOperator): create_entry_gcs>, delete_entry already registered for DAG: example_complex
[2023-02-19T20:21:28.354+0000] {logging_mixin.py:137} INFO - [2023-02-19T20:21:28.353+0000] {taskmixin.py:205} WARNING - Dependency <Task(BashOperator): delete_entry>, create_entry_gcs already registered for DAG: example_complex
[2023-02-19T20:21:28.355+0000] {logging_mixin.py:137} INFO - [2023-02-19T20:21:28.355+0000] {taskmixin.py:205} WARNING - Dependency <Task(BashOperator): create_tag>, delete_tag already registered for DAG: example_complex
[2023-02-19T20:21:28.357+0000] {logging_mixin.py:137} INFO - [2023-02-19T20:21:28.356+0000] {taskmixin.py:205} WARNING - Dependency <Task(BashOperator): delete_tag>, create_tag already registered for DAG: example_complex
[2023-02-19T20:21:28.367+0000] {processor.py:753} INFO - DAG(s) dict_keys(['example_complex']) retrieved from /home/airflow/.local/lib/python3.7/site-packages/airflow/example_dags/example_complex.py
[2023-02-19T20:21:28.408+0000] {logging_mixin.py:137} INFO - [2023-02-19T20:21:28.407+0000] {dag.py:2690} INFO - Sync 1 DAGs
[2023-02-19T20:21:28.441+0000] {logging_mixin.py:137} INFO - [2023-02-19T20:21:28.440+0000] {dag.py:3441} INFO - Setting next_dagrun for example_complex to None, run_after=None
[2023-02-19T20:21:28.469+0000] {processor.py:175} INFO - Processing /home/airflow/.local/lib/python3.7/site-packages/airflow/example_dags/example_complex.py took 0.145 seconds
[2023-02-19T20:51:47.909+0000] {processor.py:153} INFO - Started process (PID=1571) to work on /home/airflow/.local/lib/python3.7/site-packages/airflow/example_dags/example_complex.py
[2023-02-19T20:51:47.911+0000] {processor.py:743} INFO - Processing file /home/airflow/.local/lib/python3.7/site-packages/airflow/example_dags/example_complex.py for tasks to queue
[2023-02-19T20:51:47.913+0000] {logging_mixin.py:137} INFO - [2023-02-19T20:51:47.913+0000] {dagbag.py:538} INFO - Filling up the DagBag from /home/airflow/.local/lib/python3.7/site-packages/airflow/example_dags/example_complex.py
[2023-02-19T20:51:47.929+0000] {logging_mixin.py:137} INFO - [2023-02-19T20:51:47.929+0000] {taskmixin.py:205} WARNING - Dependency <Task(BashOperator): create_entry_group>, delete_entry_group already registered for DAG: example_complex
[2023-02-19T20:51:47.931+0000] {logging_mixin.py:137} INFO - [2023-02-19T20:51:47.930+0000] {taskmixin.py:205} WARNING - Dependency <Task(BashOperator): delete_entry_group>, create_entry_group already registered for DAG: example_complex
[2023-02-19T20:51:47.932+0000] {logging_mixin.py:137} INFO - [2023-02-19T20:51:47.932+0000] {taskmixin.py:205} WARNING - Dependency <Task(BashOperator): create_entry_gcs>, delete_entry already registered for DAG: example_complex
[2023-02-19T20:51:47.933+0000] {logging_mixin.py:137} INFO - [2023-02-19T20:51:47.933+0000] {taskmixin.py:205} WARNING - Dependency <Task(BashOperator): delete_entry>, create_entry_gcs already registered for DAG: example_complex
[2023-02-19T20:51:47.935+0000] {logging_mixin.py:137} INFO - [2023-02-19T20:51:47.935+0000] {taskmixin.py:205} WARNING - Dependency <Task(BashOperator): create_tag>, delete_tag already registered for DAG: example_complex
[2023-02-19T20:51:47.936+0000] {logging_mixin.py:137} INFO - [2023-02-19T20:51:47.936+0000] {taskmixin.py:205} WARNING - Dependency <Task(BashOperator): delete_tag>, create_tag already registered for DAG: example_complex
[2023-02-19T20:51:47.946+0000] {processor.py:753} INFO - DAG(s) dict_keys(['example_complex']) retrieved from /home/airflow/.local/lib/python3.7/site-packages/airflow/example_dags/example_complex.py
[2023-02-19T20:51:47.986+0000] {logging_mixin.py:137} INFO - [2023-02-19T20:51:47.986+0000] {dag.py:2690} INFO - Sync 1 DAGs
[2023-02-19T20:51:48.018+0000] {logging_mixin.py:137} INFO - [2023-02-19T20:51:48.017+0000] {dag.py:3441} INFO - Setting next_dagrun for example_complex to None, run_after=None
[2023-02-19T20:51:48.042+0000] {processor.py:175} INFO - Processing /home/airflow/.local/lib/python3.7/site-packages/airflow/example_dags/example_complex.py took 0.138 seconds
[2023-02-19T21:09:25.886+0000] {processor.py:153} INFO - Started process (PID=1647) to work on /home/airflow/.local/lib/python3.7/site-packages/airflow/example_dags/example_complex.py
[2023-02-19T21:09:25.889+0000] {processor.py:743} INFO - Processing file /home/airflow/.local/lib/python3.7/site-packages/airflow/example_dags/example_complex.py for tasks to queue
[2023-02-19T21:09:25.892+0000] {logging_mixin.py:137} INFO - [2023-02-19T21:09:25.891+0000] {dagbag.py:538} INFO - Filling up the DagBag from /home/airflow/.local/lib/python3.7/site-packages/airflow/example_dags/example_complex.py
[2023-02-19T21:09:25.914+0000] {logging_mixin.py:137} INFO - [2023-02-19T21:09:25.914+0000] {taskmixin.py:205} WARNING - Dependency <Task(BashOperator): create_entry_group>, delete_entry_group already registered for DAG: example_complex
[2023-02-19T21:09:25.915+0000] {logging_mixin.py:137} INFO - [2023-02-19T21:09:25.915+0000] {taskmixin.py:205} WARNING - Dependency <Task(BashOperator): delete_entry_group>, create_entry_group already registered for DAG: example_complex
[2023-02-19T21:09:25.917+0000] {logging_mixin.py:137} INFO - [2023-02-19T21:09:25.917+0000] {taskmixin.py:205} WARNING - Dependency <Task(BashOperator): create_entry_gcs>, delete_entry already registered for DAG: example_complex
[2023-02-19T21:09:25.919+0000] {logging_mixin.py:137} INFO - [2023-02-19T21:09:25.919+0000] {taskmixin.py:205} WARNING - Dependency <Task(BashOperator): delete_entry>, create_entry_gcs already registered for DAG: example_complex
[2023-02-19T21:09:25.921+0000] {logging_mixin.py:137} INFO - [2023-02-19T21:09:25.920+0000] {taskmixin.py:205} WARNING - Dependency <Task(BashOperator): create_tag>, delete_tag already registered for DAG: example_complex
[2023-02-19T21:09:25.922+0000] {logging_mixin.py:137} INFO - [2023-02-19T21:09:25.922+0000] {taskmixin.py:205} WARNING - Dependency <Task(BashOperator): delete_tag>, create_tag already registered for DAG: example_complex
[2023-02-19T21:09:25.934+0000] {processor.py:753} INFO - DAG(s) dict_keys(['example_complex']) retrieved from /home/airflow/.local/lib/python3.7/site-packages/airflow/example_dags/example_complex.py
[2023-02-19T21:09:25.979+0000] {logging_mixin.py:137} INFO - [2023-02-19T21:09:25.979+0000] {dag.py:2690} INFO - Sync 1 DAGs
[2023-02-19T21:09:26.010+0000] {logging_mixin.py:137} INFO - [2023-02-19T21:09:26.010+0000] {dag.py:3441} INFO - Setting next_dagrun for example_complex to None, run_after=None
[2023-02-19T21:09:26.036+0000] {processor.py:175} INFO - Processing /home/airflow/.local/lib/python3.7/site-packages/airflow/example_dags/example_complex.py took 0.156 seconds
[2023-02-19T22:01:48.711+0000] {processor.py:153} INFO - Started process (PID=1721) to work on /home/airflow/.local/lib/python3.7/site-packages/airflow/example_dags/example_complex.py
[2023-02-19T22:01:48.714+0000] {processor.py:743} INFO - Processing file /home/airflow/.local/lib/python3.7/site-packages/airflow/example_dags/example_complex.py for tasks to queue
[2023-02-19T22:01:48.716+0000] {logging_mixin.py:137} INFO - [2023-02-19T22:01:48.716+0000] {dagbag.py:538} INFO - Filling up the DagBag from /home/airflow/.local/lib/python3.7/site-packages/airflow/example_dags/example_complex.py
[2023-02-19T22:01:48.734+0000] {logging_mixin.py:137} INFO - [2023-02-19T22:01:48.734+0000] {taskmixin.py:205} WARNING - Dependency <Task(BashOperator): create_entry_group>, delete_entry_group already registered for DAG: example_complex
[2023-02-19T22:01:48.736+0000] {logging_mixin.py:137} INFO - [2023-02-19T22:01:48.735+0000] {taskmixin.py:205} WARNING - Dependency <Task(BashOperator): delete_entry_group>, create_entry_group already registered for DAG: example_complex
[2023-02-19T22:01:48.737+0000] {logging_mixin.py:137} INFO - [2023-02-19T22:01:48.737+0000] {taskmixin.py:205} WARNING - Dependency <Task(BashOperator): create_entry_gcs>, delete_entry already registered for DAG: example_complex
[2023-02-19T22:01:48.743+0000] {logging_mixin.py:137} INFO - [2023-02-19T22:01:48.743+0000] {taskmixin.py:205} WARNING - Dependency <Task(BashOperator): delete_entry>, create_entry_gcs already registered for DAG: example_complex
[2023-02-19T22:01:48.744+0000] {logging_mixin.py:137} INFO - [2023-02-19T22:01:48.744+0000] {taskmixin.py:205} WARNING - Dependency <Task(BashOperator): create_tag>, delete_tag already registered for DAG: example_complex
[2023-02-19T22:01:48.746+0000] {logging_mixin.py:137} INFO - [2023-02-19T22:01:48.746+0000] {taskmixin.py:205} WARNING - Dependency <Task(BashOperator): delete_tag>, create_tag already registered for DAG: example_complex
[2023-02-19T22:01:48.759+0000] {processor.py:753} INFO - DAG(s) dict_keys(['example_complex']) retrieved from /home/airflow/.local/lib/python3.7/site-packages/airflow/example_dags/example_complex.py
[2023-02-19T22:01:48.810+0000] {logging_mixin.py:137} INFO - [2023-02-19T22:01:48.810+0000] {dag.py:2690} INFO - Sync 1 DAGs
[2023-02-19T22:01:48.849+0000] {logging_mixin.py:137} INFO - [2023-02-19T22:01:48.849+0000] {dag.py:3441} INFO - Setting next_dagrun for example_complex to None, run_after=None
[2023-02-19T22:01:48.899+0000] {processor.py:175} INFO - Processing /home/airflow/.local/lib/python3.7/site-packages/airflow/example_dags/example_complex.py took 0.195 seconds
[2023-02-19T22:02:19.554+0000] {processor.py:153} INFO - Started process (PID=1783) to work on /home/airflow/.local/lib/python3.7/site-packages/airflow/example_dags/example_complex.py
[2023-02-19T22:02:19.557+0000] {processor.py:743} INFO - Processing file /home/airflow/.local/lib/python3.7/site-packages/airflow/example_dags/example_complex.py for tasks to queue
[2023-02-19T22:02:19.559+0000] {logging_mixin.py:137} INFO - [2023-02-19T22:02:19.559+0000] {dagbag.py:538} INFO - Filling up the DagBag from /home/airflow/.local/lib/python3.7/site-packages/airflow/example_dags/example_complex.py
[2023-02-19T22:02:19.579+0000] {logging_mixin.py:137} INFO - [2023-02-19T22:02:19.579+0000] {taskmixin.py:205} WARNING - Dependency <Task(BashOperator): create_entry_group>, delete_entry_group already registered for DAG: example_complex
[2023-02-19T22:02:19.580+0000] {logging_mixin.py:137} INFO - [2023-02-19T22:02:19.580+0000] {taskmixin.py:205} WARNING - Dependency <Task(BashOperator): delete_entry_group>, create_entry_group already registered for DAG: example_complex
[2023-02-19T22:02:19.582+0000] {logging_mixin.py:137} INFO - [2023-02-19T22:02:19.581+0000] {taskmixin.py:205} WARNING - Dependency <Task(BashOperator): create_entry_gcs>, delete_entry already registered for DAG: example_complex
[2023-02-19T22:02:19.582+0000] {logging_mixin.py:137} INFO - [2023-02-19T22:02:19.582+0000] {taskmixin.py:205} WARNING - Dependency <Task(BashOperator): delete_entry>, create_entry_gcs already registered for DAG: example_complex
[2023-02-19T22:02:19.585+0000] {logging_mixin.py:137} INFO - [2023-02-19T22:02:19.584+0000] {taskmixin.py:205} WARNING - Dependency <Task(BashOperator): create_tag>, delete_tag already registered for DAG: example_complex
[2023-02-19T22:02:19.586+0000] {logging_mixin.py:137} INFO - [2023-02-19T22:02:19.586+0000] {taskmixin.py:205} WARNING - Dependency <Task(BashOperator): delete_tag>, create_tag already registered for DAG: example_complex
[2023-02-19T22:02:19.596+0000] {processor.py:753} INFO - DAG(s) dict_keys(['example_complex']) retrieved from /home/airflow/.local/lib/python3.7/site-packages/airflow/example_dags/example_complex.py
[2023-02-19T22:02:19.636+0000] {logging_mixin.py:137} INFO - [2023-02-19T22:02:19.636+0000] {dag.py:2690} INFO - Sync 1 DAGs
[2023-02-19T22:02:19.665+0000] {logging_mixin.py:137} INFO - [2023-02-19T22:02:19.665+0000] {dag.py:3441} INFO - Setting next_dagrun for example_complex to None, run_after=None
[2023-02-19T22:02:19.689+0000] {processor.py:175} INFO - Processing /home/airflow/.local/lib/python3.7/site-packages/airflow/example_dags/example_complex.py took 0.142 seconds
