[2023-02-19T20:10:37.888+0000] {processor.py:153} INFO - Started process (PID=55) to work on /home/airflow/.local/lib/python3.7/site-packages/airflow/example_dags/example_short_circuit_decorator.py
[2023-02-19T20:10:37.892+0000] {processor.py:743} INFO - Processing file /home/airflow/.local/lib/python3.7/site-packages/airflow/example_dags/example_short_circuit_decorator.py for tasks to queue
[2023-02-19T20:10:37.896+0000] {logging_mixin.py:137} INFO - [2023-02-19T20:10:37.895+0000] {dagbag.py:538} INFO - Filling up the DagBag from /home/airflow/.local/lib/python3.7/site-packages/airflow/example_dags/example_short_circuit_decorator.py
[2023-02-19T20:10:37.952+0000] {processor.py:753} INFO - DAG(s) dict_keys(['example_short_circuit_decorator']) retrieved from /home/airflow/.local/lib/python3.7/site-packages/airflow/example_dags/example_short_circuit_decorator.py
[2023-02-19T20:10:38.004+0000] {logging_mixin.py:137} INFO - [2023-02-19T20:10:38.004+0000] {dag.py:2690} INFO - Sync 1 DAGs
[2023-02-19T20:10:38.053+0000] {logging_mixin.py:137} INFO - [2023-02-19T20:10:38.053+0000] {dag.py:3441} INFO - Setting next_dagrun for example_short_circuit_decorator to 2023-02-18T20:10:38.052553+00:00, run_after=2023-02-19T20:10:38.052553+00:00
[2023-02-19T20:10:38.098+0000] {processor.py:175} INFO - Processing /home/airflow/.local/lib/python3.7/site-packages/airflow/example_dags/example_short_circuit_decorator.py took 0.216 seconds
[2023-02-19T20:11:08.939+0000] {processor.py:153} INFO - Started process (PID=118) to work on /home/airflow/.local/lib/python3.7/site-packages/airflow/example_dags/example_short_circuit_decorator.py
[2023-02-19T20:11:08.943+0000] {processor.py:743} INFO - Processing file /home/airflow/.local/lib/python3.7/site-packages/airflow/example_dags/example_short_circuit_decorator.py for tasks to queue
[2023-02-19T20:11:08.947+0000] {logging_mixin.py:137} INFO - [2023-02-19T20:11:08.946+0000] {dagbag.py:538} INFO - Filling up the DagBag from /home/airflow/.local/lib/python3.7/site-packages/airflow/example_dags/example_short_circuit_decorator.py
[2023-02-19T20:11:08.989+0000] {processor.py:753} INFO - DAG(s) dict_keys(['example_short_circuit_decorator']) retrieved from /home/airflow/.local/lib/python3.7/site-packages/airflow/example_dags/example_short_circuit_decorator.py
[2023-02-19T20:11:09.010+0000] {logging_mixin.py:137} INFO - [2023-02-19T20:11:09.010+0000] {dag.py:2690} INFO - Sync 1 DAGs
[2023-02-19T20:11:09.044+0000] {logging_mixin.py:137} INFO - [2023-02-19T20:11:09.044+0000] {dag.py:3441} INFO - Setting next_dagrun for example_short_circuit_decorator to 2023-02-18T20:11:09.043906+00:00, run_after=2023-02-19T20:11:09.043906+00:00
[2023-02-19T20:11:09.074+0000] {processor.py:175} INFO - Processing /home/airflow/.local/lib/python3.7/site-packages/airflow/example_dags/example_short_circuit_decorator.py took 0.140 seconds
[2023-02-19T20:11:39.309+0000] {processor.py:153} INFO - Started process (PID=181) to work on /home/airflow/.local/lib/python3.7/site-packages/airflow/example_dags/example_short_circuit_decorator.py
[2023-02-19T20:11:39.311+0000] {processor.py:743} INFO - Processing file /home/airflow/.local/lib/python3.7/site-packages/airflow/example_dags/example_short_circuit_decorator.py for tasks to queue
[2023-02-19T20:11:39.313+0000] {logging_mixin.py:137} INFO - [2023-02-19T20:11:39.313+0000] {dagbag.py:538} INFO - Filling up the DagBag from /home/airflow/.local/lib/python3.7/site-packages/airflow/example_dags/example_short_circuit_decorator.py
[2023-02-19T20:11:39.347+0000] {processor.py:753} INFO - DAG(s) dict_keys(['example_short_circuit_decorator']) retrieved from /home/airflow/.local/lib/python3.7/site-packages/airflow/example_dags/example_short_circuit_decorator.py
[2023-02-19T20:11:39.381+0000] {logging_mixin.py:137} INFO - [2023-02-19T20:11:39.381+0000] {dag.py:2690} INFO - Sync 1 DAGs
[2023-02-19T20:11:39.418+0000] {logging_mixin.py:137} INFO - [2023-02-19T20:11:39.418+0000] {dag.py:3441} INFO - Setting next_dagrun for example_short_circuit_decorator to 2023-02-18T20:11:39.418269+00:00, run_after=2023-02-19T20:11:39.418269+00:00
[2023-02-19T20:11:39.448+0000] {processor.py:175} INFO - Processing /home/airflow/.local/lib/python3.7/site-packages/airflow/example_dags/example_short_circuit_decorator.py took 0.146 seconds
[2023-02-19T20:12:10.130+0000] {processor.py:153} INFO - Started process (PID=257) to work on /home/airflow/.local/lib/python3.7/site-packages/airflow/example_dags/example_short_circuit_decorator.py
[2023-02-19T20:12:10.133+0000] {processor.py:743} INFO - Processing file /home/airflow/.local/lib/python3.7/site-packages/airflow/example_dags/example_short_circuit_decorator.py for tasks to queue
[2023-02-19T20:12:10.135+0000] {logging_mixin.py:137} INFO - [2023-02-19T20:12:10.135+0000] {dagbag.py:538} INFO - Filling up the DagBag from /home/airflow/.local/lib/python3.7/site-packages/airflow/example_dags/example_short_circuit_decorator.py
[2023-02-19T20:12:10.170+0000] {processor.py:753} INFO - DAG(s) dict_keys(['example_short_circuit_decorator']) retrieved from /home/airflow/.local/lib/python3.7/site-packages/airflow/example_dags/example_short_circuit_decorator.py
[2023-02-19T20:12:10.203+0000] {logging_mixin.py:137} INFO - [2023-02-19T20:12:10.203+0000] {dag.py:2690} INFO - Sync 1 DAGs
[2023-02-19T20:12:10.235+0000] {logging_mixin.py:137} INFO - [2023-02-19T20:12:10.235+0000] {dag.py:3441} INFO - Setting next_dagrun for example_short_circuit_decorator to 2023-02-18T20:12:10.234795+00:00, run_after=2023-02-19T20:12:10.234795+00:00
[2023-02-19T20:12:10.260+0000] {processor.py:175} INFO - Processing /home/airflow/.local/lib/python3.7/site-packages/airflow/example_dags/example_short_circuit_decorator.py took 0.135 seconds
[2023-02-19T20:12:40.455+0000] {processor.py:153} INFO - Started process (PID=321) to work on /home/airflow/.local/lib/python3.7/site-packages/airflow/example_dags/example_short_circuit_decorator.py
[2023-02-19T20:12:40.459+0000] {processor.py:743} INFO - Processing file /home/airflow/.local/lib/python3.7/site-packages/airflow/example_dags/example_short_circuit_decorator.py for tasks to queue
[2023-02-19T20:12:40.461+0000] {logging_mixin.py:137} INFO - [2023-02-19T20:12:40.461+0000] {dagbag.py:538} INFO - Filling up the DagBag from /home/airflow/.local/lib/python3.7/site-packages/airflow/example_dags/example_short_circuit_decorator.py
[2023-02-19T20:12:40.494+0000] {processor.py:753} INFO - DAG(s) dict_keys(['example_short_circuit_decorator']) retrieved from /home/airflow/.local/lib/python3.7/site-packages/airflow/example_dags/example_short_circuit_decorator.py
[2023-02-19T20:12:40.530+0000] {logging_mixin.py:137} INFO - [2023-02-19T20:12:40.530+0000] {dag.py:2690} INFO - Sync 1 DAGs
[2023-02-19T20:12:40.561+0000] {logging_mixin.py:137} INFO - [2023-02-19T20:12:40.561+0000] {dag.py:3441} INFO - Setting next_dagrun for example_short_circuit_decorator to 2023-02-18T20:12:40.561236+00:00, run_after=2023-02-19T20:12:40.561236+00:00
[2023-02-19T20:12:40.587+0000] {processor.py:175} INFO - Processing /home/airflow/.local/lib/python3.7/site-packages/airflow/example_dags/example_short_circuit_decorator.py took 0.137 seconds
[2023-02-19T20:13:11.147+0000] {processor.py:153} INFO - Started process (PID=396) to work on /home/airflow/.local/lib/python3.7/site-packages/airflow/example_dags/example_short_circuit_decorator.py
[2023-02-19T20:13:11.150+0000] {processor.py:743} INFO - Processing file /home/airflow/.local/lib/python3.7/site-packages/airflow/example_dags/example_short_circuit_decorator.py for tasks to queue
[2023-02-19T20:13:11.152+0000] {logging_mixin.py:137} INFO - [2023-02-19T20:13:11.152+0000] {dagbag.py:538} INFO - Filling up the DagBag from /home/airflow/.local/lib/python3.7/site-packages/airflow/example_dags/example_short_circuit_decorator.py
[2023-02-19T20:13:11.187+0000] {processor.py:753} INFO - DAG(s) dict_keys(['example_short_circuit_decorator']) retrieved from /home/airflow/.local/lib/python3.7/site-packages/airflow/example_dags/example_short_circuit_decorator.py
[2023-02-19T20:13:11.226+0000] {logging_mixin.py:137} INFO - [2023-02-19T20:13:11.226+0000] {dag.py:2690} INFO - Sync 1 DAGs
[2023-02-19T20:13:11.262+0000] {logging_mixin.py:137} INFO - [2023-02-19T20:13:11.262+0000] {dag.py:3441} INFO - Setting next_dagrun for example_short_circuit_decorator to 2023-02-18T20:13:11.262418+00:00, run_after=2023-02-19T20:13:11.262418+00:00
[2023-02-19T20:13:11.290+0000] {processor.py:175} INFO - Processing /home/airflow/.local/lib/python3.7/site-packages/airflow/example_dags/example_short_circuit_decorator.py took 0.149 seconds
[2023-02-19T20:13:42.129+0000] {processor.py:153} INFO - Started process (PID=458) to work on /home/airflow/.local/lib/python3.7/site-packages/airflow/example_dags/example_short_circuit_decorator.py
[2023-02-19T20:13:42.132+0000] {processor.py:743} INFO - Processing file /home/airflow/.local/lib/python3.7/site-packages/airflow/example_dags/example_short_circuit_decorator.py for tasks to queue
[2023-02-19T20:13:42.134+0000] {logging_mixin.py:137} INFO - [2023-02-19T20:13:42.133+0000] {dagbag.py:538} INFO - Filling up the DagBag from /home/airflow/.local/lib/python3.7/site-packages/airflow/example_dags/example_short_circuit_decorator.py
[2023-02-19T20:13:42.176+0000] {processor.py:753} INFO - DAG(s) dict_keys(['example_short_circuit_decorator']) retrieved from /home/airflow/.local/lib/python3.7/site-packages/airflow/example_dags/example_short_circuit_decorator.py
[2023-02-19T20:13:42.226+0000] {logging_mixin.py:137} INFO - [2023-02-19T20:13:42.226+0000] {dag.py:2690} INFO - Sync 1 DAGs
[2023-02-19T20:13:42.265+0000] {logging_mixin.py:137} INFO - [2023-02-19T20:13:42.265+0000] {dag.py:3441} INFO - Setting next_dagrun for example_short_circuit_decorator to 2023-02-18T20:13:42.265273+00:00, run_after=2023-02-19T20:13:42.265273+00:00
[2023-02-19T20:13:42.292+0000] {processor.py:175} INFO - Processing /home/airflow/.local/lib/python3.7/site-packages/airflow/example_dags/example_short_circuit_decorator.py took 0.169 seconds
[2023-02-19T20:14:12.763+0000] {processor.py:153} INFO - Started process (PID=521) to work on /home/airflow/.local/lib/python3.7/site-packages/airflow/example_dags/example_short_circuit_decorator.py
[2023-02-19T20:14:12.766+0000] {processor.py:743} INFO - Processing file /home/airflow/.local/lib/python3.7/site-packages/airflow/example_dags/example_short_circuit_decorator.py for tasks to queue
[2023-02-19T20:14:12.768+0000] {logging_mixin.py:137} INFO - [2023-02-19T20:14:12.768+0000] {dagbag.py:538} INFO - Filling up the DagBag from /home/airflow/.local/lib/python3.7/site-packages/airflow/example_dags/example_short_circuit_decorator.py
[2023-02-19T20:14:12.820+0000] {processor.py:753} INFO - DAG(s) dict_keys(['example_short_circuit_decorator']) retrieved from /home/airflow/.local/lib/python3.7/site-packages/airflow/example_dags/example_short_circuit_decorator.py
[2023-02-19T20:14:12.884+0000] {logging_mixin.py:137} INFO - [2023-02-19T20:14:12.884+0000] {dag.py:2690} INFO - Sync 1 DAGs
[2023-02-19T20:14:12.947+0000] {logging_mixin.py:137} INFO - [2023-02-19T20:14:12.947+0000] {dag.py:3441} INFO - Setting next_dagrun for example_short_circuit_decorator to 2023-02-18T20:14:12.946423+00:00, run_after=2023-02-19T20:14:12.946423+00:00
[2023-02-19T20:14:12.992+0000] {processor.py:175} INFO - Processing /home/airflow/.local/lib/python3.7/site-packages/airflow/example_dags/example_short_circuit_decorator.py took 0.232 seconds
[2023-02-19T20:14:43.720+0000] {processor.py:153} INFO - Started process (PID=596) to work on /home/airflow/.local/lib/python3.7/site-packages/airflow/example_dags/example_short_circuit_decorator.py
[2023-02-19T20:14:43.722+0000] {processor.py:743} INFO - Processing file /home/airflow/.local/lib/python3.7/site-packages/airflow/example_dags/example_short_circuit_decorator.py for tasks to queue
[2023-02-19T20:14:43.724+0000] {logging_mixin.py:137} INFO - [2023-02-19T20:14:43.724+0000] {dagbag.py:538} INFO - Filling up the DagBag from /home/airflow/.local/lib/python3.7/site-packages/airflow/example_dags/example_short_circuit_decorator.py
[2023-02-19T20:14:43.757+0000] {processor.py:753} INFO - DAG(s) dict_keys(['example_short_circuit_decorator']) retrieved from /home/airflow/.local/lib/python3.7/site-packages/airflow/example_dags/example_short_circuit_decorator.py
[2023-02-19T20:14:43.790+0000] {logging_mixin.py:137} INFO - [2023-02-19T20:14:43.790+0000] {dag.py:2690} INFO - Sync 1 DAGs
[2023-02-19T20:14:43.821+0000] {logging_mixin.py:137} INFO - [2023-02-19T20:14:43.821+0000] {dag.py:3441} INFO - Setting next_dagrun for example_short_circuit_decorator to 2023-02-18T20:14:43.820900+00:00, run_after=2023-02-19T20:14:43.820900+00:00
[2023-02-19T20:14:43.847+0000] {processor.py:175} INFO - Processing /home/airflow/.local/lib/python3.7/site-packages/airflow/example_dags/example_short_circuit_decorator.py took 0.130 seconds
[2023-02-19T20:15:14.371+0000] {processor.py:153} INFO - Started process (PID=659) to work on /home/airflow/.local/lib/python3.7/site-packages/airflow/example_dags/example_short_circuit_decorator.py
[2023-02-19T20:15:14.374+0000] {processor.py:743} INFO - Processing file /home/airflow/.local/lib/python3.7/site-packages/airflow/example_dags/example_short_circuit_decorator.py for tasks to queue
[2023-02-19T20:15:14.376+0000] {logging_mixin.py:137} INFO - [2023-02-19T20:15:14.376+0000] {dagbag.py:538} INFO - Filling up the DagBag from /home/airflow/.local/lib/python3.7/site-packages/airflow/example_dags/example_short_circuit_decorator.py
[2023-02-19T20:15:14.408+0000] {processor.py:753} INFO - DAG(s) dict_keys(['example_short_circuit_decorator']) retrieved from /home/airflow/.local/lib/python3.7/site-packages/airflow/example_dags/example_short_circuit_decorator.py
[2023-02-19T20:15:14.441+0000] {logging_mixin.py:137} INFO - [2023-02-19T20:15:14.441+0000] {dag.py:2690} INFO - Sync 1 DAGs
[2023-02-19T20:15:14.472+0000] {logging_mixin.py:137} INFO - [2023-02-19T20:15:14.472+0000] {dag.py:3441} INFO - Setting next_dagrun for example_short_circuit_decorator to 2023-02-18T20:15:14.472404+00:00, run_after=2023-02-19T20:15:14.472404+00:00
[2023-02-19T20:15:14.498+0000] {processor.py:175} INFO - Processing /home/airflow/.local/lib/python3.7/site-packages/airflow/example_dags/example_short_circuit_decorator.py took 0.133 seconds
[2023-02-19T20:15:45.171+0000] {processor.py:153} INFO - Started process (PID=735) to work on /home/airflow/.local/lib/python3.7/site-packages/airflow/example_dags/example_short_circuit_decorator.py
[2023-02-19T20:15:45.173+0000] {processor.py:743} INFO - Processing file /home/airflow/.local/lib/python3.7/site-packages/airflow/example_dags/example_short_circuit_decorator.py for tasks to queue
[2023-02-19T20:15:45.175+0000] {logging_mixin.py:137} INFO - [2023-02-19T20:15:45.175+0000] {dagbag.py:538} INFO - Filling up the DagBag from /home/airflow/.local/lib/python3.7/site-packages/airflow/example_dags/example_short_circuit_decorator.py
[2023-02-19T20:15:45.208+0000] {processor.py:753} INFO - DAG(s) dict_keys(['example_short_circuit_decorator']) retrieved from /home/airflow/.local/lib/python3.7/site-packages/airflow/example_dags/example_short_circuit_decorator.py
[2023-02-19T20:15:45.240+0000] {logging_mixin.py:137} INFO - [2023-02-19T20:15:45.240+0000] {dag.py:2690} INFO - Sync 1 DAGs
[2023-02-19T20:15:45.272+0000] {logging_mixin.py:137} INFO - [2023-02-19T20:15:45.271+0000] {dag.py:3441} INFO - Setting next_dagrun for example_short_circuit_decorator to 2023-02-18T20:15:45.271573+00:00, run_after=2023-02-19T20:15:45.271573+00:00
[2023-02-19T20:15:45.294+0000] {processor.py:175} INFO - Processing /home/airflow/.local/lib/python3.7/site-packages/airflow/example_dags/example_short_circuit_decorator.py took 0.128 seconds
[2023-02-19T20:16:15.793+0000] {processor.py:153} INFO - Started process (PID=799) to work on /home/airflow/.local/lib/python3.7/site-packages/airflow/example_dags/example_short_circuit_decorator.py
[2023-02-19T20:16:15.795+0000] {processor.py:743} INFO - Processing file /home/airflow/.local/lib/python3.7/site-packages/airflow/example_dags/example_short_circuit_decorator.py for tasks to queue
[2023-02-19T20:16:15.797+0000] {logging_mixin.py:137} INFO - [2023-02-19T20:16:15.797+0000] {dagbag.py:538} INFO - Filling up the DagBag from /home/airflow/.local/lib/python3.7/site-packages/airflow/example_dags/example_short_circuit_decorator.py
[2023-02-19T20:16:15.831+0000] {processor.py:753} INFO - DAG(s) dict_keys(['example_short_circuit_decorator']) retrieved from /home/airflow/.local/lib/python3.7/site-packages/airflow/example_dags/example_short_circuit_decorator.py
[2023-02-19T20:16:15.866+0000] {logging_mixin.py:137} INFO - [2023-02-19T20:16:15.866+0000] {dag.py:2690} INFO - Sync 1 DAGs
[2023-02-19T20:16:15.897+0000] {logging_mixin.py:137} INFO - [2023-02-19T20:16:15.897+0000] {dag.py:3441} INFO - Setting next_dagrun for example_short_circuit_decorator to 2023-02-18T20:16:15.897322+00:00, run_after=2023-02-19T20:16:15.897322+00:00
[2023-02-19T20:16:15.921+0000] {processor.py:175} INFO - Processing /home/airflow/.local/lib/python3.7/site-packages/airflow/example_dags/example_short_circuit_decorator.py took 0.134 seconds
[2023-02-19T20:16:46.236+0000] {processor.py:153} INFO - Started process (PID=874) to work on /home/airflow/.local/lib/python3.7/site-packages/airflow/example_dags/example_short_circuit_decorator.py
[2023-02-19T20:16:46.238+0000] {processor.py:743} INFO - Processing file /home/airflow/.local/lib/python3.7/site-packages/airflow/example_dags/example_short_circuit_decorator.py for tasks to queue
[2023-02-19T20:16:46.240+0000] {logging_mixin.py:137} INFO - [2023-02-19T20:16:46.240+0000] {dagbag.py:538} INFO - Filling up the DagBag from /home/airflow/.local/lib/python3.7/site-packages/airflow/example_dags/example_short_circuit_decorator.py
[2023-02-19T20:16:46.272+0000] {processor.py:753} INFO - DAG(s) dict_keys(['example_short_circuit_decorator']) retrieved from /home/airflow/.local/lib/python3.7/site-packages/airflow/example_dags/example_short_circuit_decorator.py
[2023-02-19T20:16:46.306+0000] {logging_mixin.py:137} INFO - [2023-02-19T20:16:46.306+0000] {dag.py:2690} INFO - Sync 1 DAGs
[2023-02-19T20:16:46.342+0000] {logging_mixin.py:137} INFO - [2023-02-19T20:16:46.342+0000] {dag.py:3441} INFO - Setting next_dagrun for example_short_circuit_decorator to 2023-02-18T20:16:46.341627+00:00, run_after=2023-02-19T20:16:46.341627+00:00
[2023-02-19T20:16:46.370+0000] {processor.py:175} INFO - Processing /home/airflow/.local/lib/python3.7/site-packages/airflow/example_dags/example_short_circuit_decorator.py took 0.138 seconds
[2023-02-19T20:17:17.221+0000] {processor.py:153} INFO - Started process (PID=937) to work on /home/airflow/.local/lib/python3.7/site-packages/airflow/example_dags/example_short_circuit_decorator.py
[2023-02-19T20:17:17.226+0000] {processor.py:743} INFO - Processing file /home/airflow/.local/lib/python3.7/site-packages/airflow/example_dags/example_short_circuit_decorator.py for tasks to queue
[2023-02-19T20:17:17.229+0000] {logging_mixin.py:137} INFO - [2023-02-19T20:17:17.228+0000] {dagbag.py:538} INFO - Filling up the DagBag from /home/airflow/.local/lib/python3.7/site-packages/airflow/example_dags/example_short_circuit_decorator.py
[2023-02-19T20:17:17.273+0000] {processor.py:753} INFO - DAG(s) dict_keys(['example_short_circuit_decorator']) retrieved from /home/airflow/.local/lib/python3.7/site-packages/airflow/example_dags/example_short_circuit_decorator.py
[2023-02-19T20:17:17.306+0000] {logging_mixin.py:137} INFO - [2023-02-19T20:17:17.305+0000] {dag.py:2690} INFO - Sync 1 DAGs
[2023-02-19T20:17:17.337+0000] {logging_mixin.py:137} INFO - [2023-02-19T20:17:17.337+0000] {dag.py:3441} INFO - Setting next_dagrun for example_short_circuit_decorator to 2023-02-18T20:17:17.337294+00:00, run_after=2023-02-19T20:17:17.337294+00:00
[2023-02-19T20:17:17.363+0000] {processor.py:175} INFO - Processing /home/airflow/.local/lib/python3.7/site-packages/airflow/example_dags/example_short_circuit_decorator.py took 0.146 seconds
[2023-02-19T20:17:47.872+0000] {processor.py:153} INFO - Started process (PID=1009) to work on /home/airflow/.local/lib/python3.7/site-packages/airflow/example_dags/example_short_circuit_decorator.py
[2023-02-19T20:17:47.875+0000] {processor.py:743} INFO - Processing file /home/airflow/.local/lib/python3.7/site-packages/airflow/example_dags/example_short_circuit_decorator.py for tasks to queue
[2023-02-19T20:17:47.878+0000] {logging_mixin.py:137} INFO - [2023-02-19T20:17:47.878+0000] {dagbag.py:538} INFO - Filling up the DagBag from /home/airflow/.local/lib/python3.7/site-packages/airflow/example_dags/example_short_circuit_decorator.py
[2023-02-19T20:17:47.914+0000] {processor.py:753} INFO - DAG(s) dict_keys(['example_short_circuit_decorator']) retrieved from /home/airflow/.local/lib/python3.7/site-packages/airflow/example_dags/example_short_circuit_decorator.py
[2023-02-19T20:17:47.952+0000] {logging_mixin.py:137} INFO - [2023-02-19T20:17:47.952+0000] {dag.py:2690} INFO - Sync 1 DAGs
[2023-02-19T20:17:47.987+0000] {logging_mixin.py:137} INFO - [2023-02-19T20:17:47.987+0000] {dag.py:3441} INFO - Setting next_dagrun for example_short_circuit_decorator to 2023-02-18T20:17:47.987334+00:00, run_after=2023-02-19T20:17:47.987334+00:00
[2023-02-19T20:17:48.020+0000] {processor.py:175} INFO - Processing /home/airflow/.local/lib/python3.7/site-packages/airflow/example_dags/example_short_circuit_decorator.py took 0.156 seconds
[2023-02-19T20:18:18.498+0000] {processor.py:153} INFO - Started process (PID=1076) to work on /home/airflow/.local/lib/python3.7/site-packages/airflow/example_dags/example_short_circuit_decorator.py
[2023-02-19T20:18:18.500+0000] {processor.py:743} INFO - Processing file /home/airflow/.local/lib/python3.7/site-packages/airflow/example_dags/example_short_circuit_decorator.py for tasks to queue
[2023-02-19T20:18:18.502+0000] {logging_mixin.py:137} INFO - [2023-02-19T20:18:18.502+0000] {dagbag.py:538} INFO - Filling up the DagBag from /home/airflow/.local/lib/python3.7/site-packages/airflow/example_dags/example_short_circuit_decorator.py
[2023-02-19T20:18:18.534+0000] {processor.py:753} INFO - DAG(s) dict_keys(['example_short_circuit_decorator']) retrieved from /home/airflow/.local/lib/python3.7/site-packages/airflow/example_dags/example_short_circuit_decorator.py
[2023-02-19T20:18:18.567+0000] {logging_mixin.py:137} INFO - [2023-02-19T20:18:18.567+0000] {dag.py:2690} INFO - Sync 1 DAGs
[2023-02-19T20:18:18.601+0000] {logging_mixin.py:137} INFO - [2023-02-19T20:18:18.600+0000] {dag.py:3441} INFO - Setting next_dagrun for example_short_circuit_decorator to 2023-02-18T20:18:18.600491+00:00, run_after=2023-02-19T20:18:18.600491+00:00
[2023-02-19T20:18:18.624+0000] {processor.py:175} INFO - Processing /home/airflow/.local/lib/python3.7/site-packages/airflow/example_dags/example_short_circuit_decorator.py took 0.130 seconds
[2023-02-19T20:18:49.130+0000] {processor.py:153} INFO - Started process (PID=1139) to work on /home/airflow/.local/lib/python3.7/site-packages/airflow/example_dags/example_short_circuit_decorator.py
[2023-02-19T20:18:49.132+0000] {processor.py:743} INFO - Processing file /home/airflow/.local/lib/python3.7/site-packages/airflow/example_dags/example_short_circuit_decorator.py for tasks to queue
[2023-02-19T20:18:49.134+0000] {logging_mixin.py:137} INFO - [2023-02-19T20:18:49.134+0000] {dagbag.py:538} INFO - Filling up the DagBag from /home/airflow/.local/lib/python3.7/site-packages/airflow/example_dags/example_short_circuit_decorator.py
[2023-02-19T20:18:49.171+0000] {processor.py:753} INFO - DAG(s) dict_keys(['example_short_circuit_decorator']) retrieved from /home/airflow/.local/lib/python3.7/site-packages/airflow/example_dags/example_short_circuit_decorator.py
[2023-02-19T20:18:49.207+0000] {logging_mixin.py:137} INFO - [2023-02-19T20:18:49.207+0000] {dag.py:2690} INFO - Sync 1 DAGs
[2023-02-19T20:18:49.241+0000] {logging_mixin.py:137} INFO - [2023-02-19T20:18:49.241+0000] {dag.py:3441} INFO - Setting next_dagrun for example_short_circuit_decorator to 2023-02-18T20:18:49.240495+00:00, run_after=2023-02-19T20:18:49.240495+00:00
[2023-02-19T20:18:49.269+0000] {processor.py:175} INFO - Processing /home/airflow/.local/lib/python3.7/site-packages/airflow/example_dags/example_short_circuit_decorator.py took 0.144 seconds
[2023-02-19T20:19:19.916+0000] {processor.py:153} INFO - Started process (PID=1213) to work on /home/airflow/.local/lib/python3.7/site-packages/airflow/example_dags/example_short_circuit_decorator.py
[2023-02-19T20:19:19.920+0000] {processor.py:743} INFO - Processing file /home/airflow/.local/lib/python3.7/site-packages/airflow/example_dags/example_short_circuit_decorator.py for tasks to queue
[2023-02-19T20:19:19.922+0000] {logging_mixin.py:137} INFO - [2023-02-19T20:19:19.922+0000] {dagbag.py:538} INFO - Filling up the DagBag from /home/airflow/.local/lib/python3.7/site-packages/airflow/example_dags/example_short_circuit_decorator.py
[2023-02-19T20:19:19.953+0000] {processor.py:753} INFO - DAG(s) dict_keys(['example_short_circuit_decorator']) retrieved from /home/airflow/.local/lib/python3.7/site-packages/airflow/example_dags/example_short_circuit_decorator.py
[2023-02-19T20:19:19.987+0000] {logging_mixin.py:137} INFO - [2023-02-19T20:19:19.987+0000] {dag.py:2690} INFO - Sync 1 DAGs
[2023-02-19T20:19:20.019+0000] {logging_mixin.py:137} INFO - [2023-02-19T20:19:20.019+0000] {dag.py:3441} INFO - Setting next_dagrun for example_short_circuit_decorator to 2023-02-18T20:19:20.019062+00:00, run_after=2023-02-19T20:19:20.019062+00:00
[2023-02-19T20:19:20.043+0000] {processor.py:175} INFO - Processing /home/airflow/.local/lib/python3.7/site-packages/airflow/example_dags/example_short_circuit_decorator.py took 0.132 seconds
[2023-02-19T20:19:50.377+0000] {processor.py:153} INFO - Started process (PID=1276) to work on /home/airflow/.local/lib/python3.7/site-packages/airflow/example_dags/example_short_circuit_decorator.py
[2023-02-19T20:19:50.381+0000] {processor.py:743} INFO - Processing file /home/airflow/.local/lib/python3.7/site-packages/airflow/example_dags/example_short_circuit_decorator.py for tasks to queue
[2023-02-19T20:19:50.382+0000] {logging_mixin.py:137} INFO - [2023-02-19T20:19:50.382+0000] {dagbag.py:538} INFO - Filling up the DagBag from /home/airflow/.local/lib/python3.7/site-packages/airflow/example_dags/example_short_circuit_decorator.py
[2023-02-19T20:19:50.430+0000] {processor.py:753} INFO - DAG(s) dict_keys(['example_short_circuit_decorator']) retrieved from /home/airflow/.local/lib/python3.7/site-packages/airflow/example_dags/example_short_circuit_decorator.py
[2023-02-19T20:19:50.481+0000] {logging_mixin.py:137} INFO - [2023-02-19T20:19:50.481+0000] {dag.py:2690} INFO - Sync 1 DAGs
[2023-02-19T20:19:50.534+0000] {logging_mixin.py:137} INFO - [2023-02-19T20:19:50.534+0000] {dag.py:3441} INFO - Setting next_dagrun for example_short_circuit_decorator to 2023-02-18T20:19:50.534251+00:00, run_after=2023-02-19T20:19:50.534251+00:00
[2023-02-19T20:19:50.571+0000] {processor.py:175} INFO - Processing /home/airflow/.local/lib/python3.7/site-packages/airflow/example_dags/example_short_circuit_decorator.py took 0.199 seconds
[2023-02-19T20:20:21.207+0000] {processor.py:153} INFO - Started process (PID=1352) to work on /home/airflow/.local/lib/python3.7/site-packages/airflow/example_dags/example_short_circuit_decorator.py
[2023-02-19T20:20:21.209+0000] {processor.py:743} INFO - Processing file /home/airflow/.local/lib/python3.7/site-packages/airflow/example_dags/example_short_circuit_decorator.py for tasks to queue
[2023-02-19T20:20:21.211+0000] {logging_mixin.py:137} INFO - [2023-02-19T20:20:21.211+0000] {dagbag.py:538} INFO - Filling up the DagBag from /home/airflow/.local/lib/python3.7/site-packages/airflow/example_dags/example_short_circuit_decorator.py
[2023-02-19T20:20:21.243+0000] {processor.py:753} INFO - DAG(s) dict_keys(['example_short_circuit_decorator']) retrieved from /home/airflow/.local/lib/python3.7/site-packages/airflow/example_dags/example_short_circuit_decorator.py
[2023-02-19T20:20:21.276+0000] {logging_mixin.py:137} INFO - [2023-02-19T20:20:21.276+0000] {dag.py:2690} INFO - Sync 1 DAGs
[2023-02-19T20:20:21.307+0000] {logging_mixin.py:137} INFO - [2023-02-19T20:20:21.307+0000] {dag.py:3441} INFO - Setting next_dagrun for example_short_circuit_decorator to 2023-02-18T20:20:21.306742+00:00, run_after=2023-02-19T20:20:21.306742+00:00
[2023-02-19T20:20:21.330+0000] {processor.py:175} INFO - Processing /home/airflow/.local/lib/python3.7/site-packages/airflow/example_dags/example_short_circuit_decorator.py took 0.127 seconds
[2023-02-19T20:20:51.691+0000] {processor.py:153} INFO - Started process (PID=1416) to work on /home/airflow/.local/lib/python3.7/site-packages/airflow/example_dags/example_short_circuit_decorator.py
[2023-02-19T20:20:51.694+0000] {processor.py:743} INFO - Processing file /home/airflow/.local/lib/python3.7/site-packages/airflow/example_dags/example_short_circuit_decorator.py for tasks to queue
[2023-02-19T20:20:51.696+0000] {logging_mixin.py:137} INFO - [2023-02-19T20:20:51.695+0000] {dagbag.py:538} INFO - Filling up the DagBag from /home/airflow/.local/lib/python3.7/site-packages/airflow/example_dags/example_short_circuit_decorator.py
[2023-02-19T20:20:51.728+0000] {processor.py:753} INFO - DAG(s) dict_keys(['example_short_circuit_decorator']) retrieved from /home/airflow/.local/lib/python3.7/site-packages/airflow/example_dags/example_short_circuit_decorator.py
[2023-02-19T20:20:51.761+0000] {logging_mixin.py:137} INFO - [2023-02-19T20:20:51.761+0000] {dag.py:2690} INFO - Sync 1 DAGs
[2023-02-19T20:20:51.792+0000] {logging_mixin.py:137} INFO - [2023-02-19T20:20:51.791+0000] {dag.py:3441} INFO - Setting next_dagrun for example_short_circuit_decorator to 2023-02-18T20:20:51.791559+00:00, run_after=2023-02-19T20:20:51.791559+00:00
[2023-02-19T20:20:51.819+0000] {processor.py:175} INFO - Processing /home/airflow/.local/lib/python3.7/site-packages/airflow/example_dags/example_short_circuit_decorator.py took 0.133 seconds
[2023-02-19T20:21:22.065+0000] {processor.py:153} INFO - Started process (PID=1490) to work on /home/airflow/.local/lib/python3.7/site-packages/airflow/example_dags/example_short_circuit_decorator.py
[2023-02-19T20:21:22.068+0000] {processor.py:743} INFO - Processing file /home/airflow/.local/lib/python3.7/site-packages/airflow/example_dags/example_short_circuit_decorator.py for tasks to queue
[2023-02-19T20:21:22.070+0000] {logging_mixin.py:137} INFO - [2023-02-19T20:21:22.070+0000] {dagbag.py:538} INFO - Filling up the DagBag from /home/airflow/.local/lib/python3.7/site-packages/airflow/example_dags/example_short_circuit_decorator.py
[2023-02-19T20:21:22.103+0000] {processor.py:753} INFO - DAG(s) dict_keys(['example_short_circuit_decorator']) retrieved from /home/airflow/.local/lib/python3.7/site-packages/airflow/example_dags/example_short_circuit_decorator.py
[2023-02-19T20:21:22.138+0000] {logging_mixin.py:137} INFO - [2023-02-19T20:21:22.137+0000] {dag.py:2690} INFO - Sync 1 DAGs
[2023-02-19T20:21:22.172+0000] {logging_mixin.py:137} INFO - [2023-02-19T20:21:22.172+0000] {dag.py:3441} INFO - Setting next_dagrun for example_short_circuit_decorator to 2023-02-18T20:21:22.172238+00:00, run_after=2023-02-19T20:21:22.172238+00:00
[2023-02-19T20:21:22.201+0000] {processor.py:175} INFO - Processing /home/airflow/.local/lib/python3.7/site-packages/airflow/example_dags/example_short_circuit_decorator.py took 0.141 seconds
[2023-02-19T20:51:45.820+0000] {processor.py:153} INFO - Started process (PID=1551) to work on /home/airflow/.local/lib/python3.7/site-packages/airflow/example_dags/example_short_circuit_decorator.py
[2023-02-19T20:51:45.822+0000] {processor.py:743} INFO - Processing file /home/airflow/.local/lib/python3.7/site-packages/airflow/example_dags/example_short_circuit_decorator.py for tasks to queue
[2023-02-19T20:51:45.824+0000] {logging_mixin.py:137} INFO - [2023-02-19T20:51:45.824+0000] {dagbag.py:538} INFO - Filling up the DagBag from /home/airflow/.local/lib/python3.7/site-packages/airflow/example_dags/example_short_circuit_decorator.py
[2023-02-19T20:51:45.864+0000] {processor.py:753} INFO - DAG(s) dict_keys(['example_short_circuit_decorator']) retrieved from /home/airflow/.local/lib/python3.7/site-packages/airflow/example_dags/example_short_circuit_decorator.py
[2023-02-19T20:51:45.907+0000] {logging_mixin.py:137} INFO - [2023-02-19T20:51:45.906+0000] {dag.py:2690} INFO - Sync 1 DAGs
[2023-02-19T20:51:45.951+0000] {logging_mixin.py:137} INFO - [2023-02-19T20:51:45.950+0000] {dag.py:3441} INFO - Setting next_dagrun for example_short_circuit_decorator to 2023-02-18T20:51:45.950316+00:00, run_after=2023-02-19T20:51:45.950316+00:00
[2023-02-19T20:51:45.980+0000] {processor.py:175} INFO - Processing /home/airflow/.local/lib/python3.7/site-packages/airflow/example_dags/example_short_circuit_decorator.py took 0.165 seconds
[2023-02-19T21:09:23.386+0000] {processor.py:153} INFO - Started process (PID=1627) to work on /home/airflow/.local/lib/python3.7/site-packages/airflow/example_dags/example_short_circuit_decorator.py
[2023-02-19T21:09:23.390+0000] {processor.py:743} INFO - Processing file /home/airflow/.local/lib/python3.7/site-packages/airflow/example_dags/example_short_circuit_decorator.py for tasks to queue
[2023-02-19T21:09:23.393+0000] {logging_mixin.py:137} INFO - [2023-02-19T21:09:23.392+0000] {dagbag.py:538} INFO - Filling up the DagBag from /home/airflow/.local/lib/python3.7/site-packages/airflow/example_dags/example_short_circuit_decorator.py
[2023-02-19T21:09:23.460+0000] {processor.py:753} INFO - DAG(s) dict_keys(['example_short_circuit_decorator']) retrieved from /home/airflow/.local/lib/python3.7/site-packages/airflow/example_dags/example_short_circuit_decorator.py
[2023-02-19T21:09:23.498+0000] {logging_mixin.py:137} INFO - [2023-02-19T21:09:23.498+0000] {dag.py:2690} INFO - Sync 1 DAGs
[2023-02-19T21:09:23.558+0000] {logging_mixin.py:137} INFO - [2023-02-19T21:09:23.557+0000] {dag.py:3441} INFO - Setting next_dagrun for example_short_circuit_decorator to 2023-02-18T21:09:23.557622+00:00, run_after=2023-02-19T21:09:23.557622+00:00
[2023-02-19T21:09:23.590+0000] {processor.py:175} INFO - Processing /home/airflow/.local/lib/python3.7/site-packages/airflow/example_dags/example_short_circuit_decorator.py took 0.211 seconds
[2023-02-19T22:01:44.936+0000] {processor.py:153} INFO - Started process (PID=1698) to work on /home/airflow/.local/lib/python3.7/site-packages/airflow/example_dags/example_short_circuit_decorator.py
[2023-02-19T22:01:44.942+0000] {processor.py:743} INFO - Processing file /home/airflow/.local/lib/python3.7/site-packages/airflow/example_dags/example_short_circuit_decorator.py for tasks to queue
[2023-02-19T22:01:44.948+0000] {logging_mixin.py:137} INFO - [2023-02-19T22:01:44.947+0000] {dagbag.py:538} INFO - Filling up the DagBag from /home/airflow/.local/lib/python3.7/site-packages/airflow/example_dags/example_short_circuit_decorator.py
[2023-02-19T22:01:45.038+0000] {processor.py:753} INFO - DAG(s) dict_keys(['example_short_circuit_decorator']) retrieved from /home/airflow/.local/lib/python3.7/site-packages/airflow/example_dags/example_short_circuit_decorator.py
[2023-02-19T22:01:45.163+0000] {logging_mixin.py:137} INFO - [2023-02-19T22:01:45.163+0000] {dag.py:2690} INFO - Sync 1 DAGs
[2023-02-19T22:01:45.372+0000] {logging_mixin.py:137} INFO - [2023-02-19T22:01:45.372+0000] {dag.py:3441} INFO - Setting next_dagrun for example_short_circuit_decorator to 2023-02-18T22:01:45.371598+00:00, run_after=2023-02-19T22:01:45.371598+00:00
[2023-02-19T22:01:45.453+0000] {processor.py:175} INFO - Processing /home/airflow/.local/lib/python3.7/site-packages/airflow/example_dags/example_short_circuit_decorator.py took 0.530 seconds
[2023-02-19T22:02:15.623+0000] {processor.py:153} INFO - Started process (PID=1763) to work on /home/airflow/.local/lib/python3.7/site-packages/airflow/example_dags/example_short_circuit_decorator.py
[2023-02-19T22:02:15.625+0000] {processor.py:743} INFO - Processing file /home/airflow/.local/lib/python3.7/site-packages/airflow/example_dags/example_short_circuit_decorator.py for tasks to queue
[2023-02-19T22:02:15.627+0000] {logging_mixin.py:137} INFO - [2023-02-19T22:02:15.627+0000] {dagbag.py:538} INFO - Filling up the DagBag from /home/airflow/.local/lib/python3.7/site-packages/airflow/example_dags/example_short_circuit_decorator.py
[2023-02-19T22:02:15.660+0000] {processor.py:753} INFO - DAG(s) dict_keys(['example_short_circuit_decorator']) retrieved from /home/airflow/.local/lib/python3.7/site-packages/airflow/example_dags/example_short_circuit_decorator.py
[2023-02-19T22:02:15.697+0000] {logging_mixin.py:137} INFO - [2023-02-19T22:02:15.696+0000] {dag.py:2690} INFO - Sync 1 DAGs
[2023-02-19T22:02:15.727+0000] {logging_mixin.py:137} INFO - [2023-02-19T22:02:15.727+0000] {dag.py:3441} INFO - Setting next_dagrun for example_short_circuit_decorator to 2023-02-18T22:02:15.726885+00:00, run_after=2023-02-19T22:02:15.726885+00:00
[2023-02-19T22:02:15.753+0000] {processor.py:175} INFO - Processing /home/airflow/.local/lib/python3.7/site-packages/airflow/example_dags/example_short_circuit_decorator.py took 0.135 seconds
