[2023-02-19T20:10:38.821+0000] {processor.py:153} INFO - Started process (PID=61) to work on /home/airflow/.local/lib/python3.7/site-packages/airflow/example_dags/example_datasets.py
[2023-02-19T20:10:38.825+0000] {processor.py:743} INFO - Processing file /home/airflow/.local/lib/python3.7/site-packages/airflow/example_dags/example_datasets.py for tasks to queue
[2023-02-19T20:10:38.831+0000] {logging_mixin.py:137} INFO - [2023-02-19T20:10:38.830+0000] {dagbag.py:538} INFO - Filling up the DagBag from /home/airflow/.local/lib/python3.7/site-packages/airflow/example_dags/example_datasets.py
[2023-02-19T20:10:38.879+0000] {processor.py:753} INFO - DAG(s) dict_keys(['dataset_produces_2', 'dataset_produces_1', 'dataset_consumes_1_and_2', 'dataset_consumes_1', 'dataset_consumes_unknown_never_scheduled', 'dataset_consumes_1_never_scheduled']) retrieved from /home/airflow/.local/lib/python3.7/site-packages/airflow/example_dags/example_datasets.py
[2023-02-19T20:10:39.510+0000] {logging_mixin.py:137} INFO - [2023-02-19T20:10:39.510+0000] {dag.py:2690} INFO - Sync 6 DAGs
[2023-02-19T20:10:39.563+0000] {logging_mixin.py:137} INFO - [2023-02-19T20:10:39.563+0000] {dag.py:3441} INFO - Setting next_dagrun for dataset_consumes_1 to None, run_after=None
[2023-02-19T20:10:39.573+0000] {logging_mixin.py:137} INFO - [2023-02-19T20:10:39.572+0000] {dag.py:3441} INFO - Setting next_dagrun for dataset_consumes_1_and_2 to None, run_after=None
[2023-02-19T20:10:39.578+0000] {logging_mixin.py:137} INFO - [2023-02-19T20:10:39.578+0000] {dag.py:3441} INFO - Setting next_dagrun for dataset_consumes_1_never_scheduled to None, run_after=None
[2023-02-19T20:10:39.582+0000] {logging_mixin.py:137} INFO - [2023-02-19T20:10:39.582+0000] {dag.py:3441} INFO - Setting next_dagrun for dataset_consumes_unknown_never_scheduled to None, run_after=None
[2023-02-19T20:10:39.590+0000] {logging_mixin.py:137} INFO - [2023-02-19T20:10:39.590+0000] {dag.py:3441} INFO - Setting next_dagrun for dataset_produces_1 to 2023-02-18T00:00:00+00:00, run_after=2023-02-19T00:00:00+00:00
[2023-02-19T20:10:39.594+0000] {logging_mixin.py:137} INFO - [2023-02-19T20:10:39.594+0000] {dag.py:3441} INFO - Setting next_dagrun for dataset_produces_2 to None, run_after=None
[2023-02-19T20:10:39.672+0000] {processor.py:175} INFO - Processing /home/airflow/.local/lib/python3.7/site-packages/airflow/example_dags/example_datasets.py took 0.860 seconds
[2023-02-19T20:11:09.737+0000] {processor.py:153} INFO - Started process (PID=125) to work on /home/airflow/.local/lib/python3.7/site-packages/airflow/example_dags/example_datasets.py
[2023-02-19T20:11:09.740+0000] {processor.py:743} INFO - Processing file /home/airflow/.local/lib/python3.7/site-packages/airflow/example_dags/example_datasets.py for tasks to queue
[2023-02-19T20:11:09.742+0000] {logging_mixin.py:137} INFO - [2023-02-19T20:11:09.741+0000] {dagbag.py:538} INFO - Filling up the DagBag from /home/airflow/.local/lib/python3.7/site-packages/airflow/example_dags/example_datasets.py
[2023-02-19T20:11:09.765+0000] {processor.py:753} INFO - DAG(s) dict_keys(['dataset_consumes_1_and_2', 'dataset_consumes_unknown_never_scheduled', 'dataset_consumes_1_never_scheduled', 'dataset_consumes_1', 'dataset_produces_2', 'dataset_produces_1']) retrieved from /home/airflow/.local/lib/python3.7/site-packages/airflow/example_dags/example_datasets.py
[2023-02-19T20:11:09.789+0000] {logging_mixin.py:137} INFO - [2023-02-19T20:11:09.788+0000] {dag.py:2690} INFO - Sync 6 DAGs
[2023-02-19T20:11:09.824+0000] {logging_mixin.py:137} INFO - [2023-02-19T20:11:09.824+0000] {dag.py:3441} INFO - Setting next_dagrun for dataset_consumes_1 to None, run_after=None
[2023-02-19T20:11:09.829+0000] {logging_mixin.py:137} INFO - [2023-02-19T20:11:09.829+0000] {dag.py:3441} INFO - Setting next_dagrun for dataset_consumes_1_and_2 to None, run_after=None
[2023-02-19T20:11:09.832+0000] {logging_mixin.py:137} INFO - [2023-02-19T20:11:09.832+0000] {dag.py:3441} INFO - Setting next_dagrun for dataset_consumes_1_never_scheduled to None, run_after=None
[2023-02-19T20:11:09.836+0000] {logging_mixin.py:137} INFO - [2023-02-19T20:11:09.835+0000] {dag.py:3441} INFO - Setting next_dagrun for dataset_consumes_unknown_never_scheduled to None, run_after=None
[2023-02-19T20:11:09.841+0000] {logging_mixin.py:137} INFO - [2023-02-19T20:11:09.841+0000] {dag.py:3441} INFO - Setting next_dagrun for dataset_produces_1 to 2023-02-18T00:00:00+00:00, run_after=2023-02-19T00:00:00+00:00
[2023-02-19T20:11:09.844+0000] {logging_mixin.py:137} INFO - [2023-02-19T20:11:09.844+0000] {dag.py:3441} INFO - Setting next_dagrun for dataset_produces_2 to None, run_after=None
[2023-02-19T20:11:09.900+0000] {processor.py:175} INFO - Processing /home/airflow/.local/lib/python3.7/site-packages/airflow/example_dags/example_datasets.py took 0.167 seconds
[2023-02-19T20:11:39.981+0000] {processor.py:153} INFO - Started process (PID=188) to work on /home/airflow/.local/lib/python3.7/site-packages/airflow/example_dags/example_datasets.py
[2023-02-19T20:11:39.983+0000] {processor.py:743} INFO - Processing file /home/airflow/.local/lib/python3.7/site-packages/airflow/example_dags/example_datasets.py for tasks to queue
[2023-02-19T20:11:39.985+0000] {logging_mixin.py:137} INFO - [2023-02-19T20:11:39.985+0000] {dagbag.py:538} INFO - Filling up the DagBag from /home/airflow/.local/lib/python3.7/site-packages/airflow/example_dags/example_datasets.py
[2023-02-19T20:11:40.008+0000] {processor.py:753} INFO - DAG(s) dict_keys(['dataset_consumes_1', 'dataset_consumes_1_and_2', 'dataset_consumes_1_never_scheduled', 'dataset_produces_2', 'dataset_consumes_unknown_never_scheduled', 'dataset_produces_1']) retrieved from /home/airflow/.local/lib/python3.7/site-packages/airflow/example_dags/example_datasets.py
[2023-02-19T20:11:40.160+0000] {logging_mixin.py:137} INFO - [2023-02-19T20:11:40.159+0000] {dag.py:2690} INFO - Sync 6 DAGs
[2023-02-19T20:11:40.190+0000] {logging_mixin.py:137} INFO - [2023-02-19T20:11:40.190+0000] {dag.py:3441} INFO - Setting next_dagrun for dataset_consumes_1 to None, run_after=None
[2023-02-19T20:11:40.195+0000] {logging_mixin.py:137} INFO - [2023-02-19T20:11:40.195+0000] {dag.py:3441} INFO - Setting next_dagrun for dataset_consumes_1_and_2 to None, run_after=None
[2023-02-19T20:11:40.198+0000] {logging_mixin.py:137} INFO - [2023-02-19T20:11:40.198+0000] {dag.py:3441} INFO - Setting next_dagrun for dataset_consumes_1_never_scheduled to None, run_after=None
[2023-02-19T20:11:40.201+0000] {logging_mixin.py:137} INFO - [2023-02-19T20:11:40.201+0000] {dag.py:3441} INFO - Setting next_dagrun for dataset_consumes_unknown_never_scheduled to None, run_after=None
[2023-02-19T20:11:40.206+0000] {logging_mixin.py:137} INFO - [2023-02-19T20:11:40.206+0000] {dag.py:3441} INFO - Setting next_dagrun for dataset_produces_1 to 2023-02-18T00:00:00+00:00, run_after=2023-02-19T00:00:00+00:00
[2023-02-19T20:11:40.208+0000] {logging_mixin.py:137} INFO - [2023-02-19T20:11:40.208+0000] {dag.py:3441} INFO - Setting next_dagrun for dataset_produces_2 to None, run_after=None
[2023-02-19T20:11:40.255+0000] {processor.py:175} INFO - Processing /home/airflow/.local/lib/python3.7/site-packages/airflow/example_dags/example_datasets.py took 0.279 seconds
[2023-02-19T20:12:10.790+0000] {processor.py:153} INFO - Started process (PID=264) to work on /home/airflow/.local/lib/python3.7/site-packages/airflow/example_dags/example_datasets.py
[2023-02-19T20:12:10.794+0000] {processor.py:743} INFO - Processing file /home/airflow/.local/lib/python3.7/site-packages/airflow/example_dags/example_datasets.py for tasks to queue
[2023-02-19T20:12:10.796+0000] {logging_mixin.py:137} INFO - [2023-02-19T20:12:10.796+0000] {dagbag.py:538} INFO - Filling up the DagBag from /home/airflow/.local/lib/python3.7/site-packages/airflow/example_dags/example_datasets.py
[2023-02-19T20:12:10.819+0000] {processor.py:753} INFO - DAG(s) dict_keys(['dataset_consumes_unknown_never_scheduled', 'dataset_produces_2', 'dataset_consumes_1', 'dataset_consumes_1_and_2', 'dataset_consumes_1_never_scheduled', 'dataset_produces_1']) retrieved from /home/airflow/.local/lib/python3.7/site-packages/airflow/example_dags/example_datasets.py
[2023-02-19T20:12:10.869+0000] {logging_mixin.py:137} INFO - [2023-02-19T20:12:10.869+0000] {dag.py:2690} INFO - Sync 6 DAGs
[2023-02-19T20:12:10.902+0000] {logging_mixin.py:137} INFO - [2023-02-19T20:12:10.902+0000] {dag.py:3441} INFO - Setting next_dagrun for dataset_consumes_1 to None, run_after=None
[2023-02-19T20:12:10.907+0000] {logging_mixin.py:137} INFO - [2023-02-19T20:12:10.907+0000] {dag.py:3441} INFO - Setting next_dagrun for dataset_consumes_1_and_2 to None, run_after=None
[2023-02-19T20:12:10.910+0000] {logging_mixin.py:137} INFO - [2023-02-19T20:12:10.910+0000] {dag.py:3441} INFO - Setting next_dagrun for dataset_consumes_1_never_scheduled to None, run_after=None
[2023-02-19T20:12:10.912+0000] {logging_mixin.py:137} INFO - [2023-02-19T20:12:10.912+0000] {dag.py:3441} INFO - Setting next_dagrun for dataset_consumes_unknown_never_scheduled to None, run_after=None
[2023-02-19T20:12:10.916+0000] {logging_mixin.py:137} INFO - [2023-02-19T20:12:10.916+0000] {dag.py:3441} INFO - Setting next_dagrun for dataset_produces_1 to 2023-02-18T00:00:00+00:00, run_after=2023-02-19T00:00:00+00:00
[2023-02-19T20:12:10.919+0000] {logging_mixin.py:137} INFO - [2023-02-19T20:12:10.919+0000] {dag.py:3441} INFO - Setting next_dagrun for dataset_produces_2 to None, run_after=None
[2023-02-19T20:12:10.960+0000] {processor.py:175} INFO - Processing /home/airflow/.local/lib/python3.7/site-packages/airflow/example_dags/example_datasets.py took 0.175 seconds
[2023-02-19T20:12:41.003+0000] {processor.py:153} INFO - Started process (PID=326) to work on /home/airflow/.local/lib/python3.7/site-packages/airflow/example_dags/example_datasets.py
[2023-02-19T20:12:41.006+0000] {processor.py:743} INFO - Processing file /home/airflow/.local/lib/python3.7/site-packages/airflow/example_dags/example_datasets.py for tasks to queue
[2023-02-19T20:12:41.008+0000] {logging_mixin.py:137} INFO - [2023-02-19T20:12:41.008+0000] {dagbag.py:538} INFO - Filling up the DagBag from /home/airflow/.local/lib/python3.7/site-packages/airflow/example_dags/example_datasets.py
[2023-02-19T20:12:41.033+0000] {processor.py:753} INFO - DAG(s) dict_keys(['dataset_consumes_1', 'dataset_produces_2', 'dataset_consumes_1_never_scheduled', 'dataset_consumes_1_and_2', 'dataset_consumes_unknown_never_scheduled', 'dataset_produces_1']) retrieved from /home/airflow/.local/lib/python3.7/site-packages/airflow/example_dags/example_datasets.py
[2023-02-19T20:12:41.092+0000] {logging_mixin.py:137} INFO - [2023-02-19T20:12:41.091+0000] {dag.py:2690} INFO - Sync 6 DAGs
[2023-02-19T20:12:41.125+0000] {logging_mixin.py:137} INFO - [2023-02-19T20:12:41.125+0000] {dag.py:3441} INFO - Setting next_dagrun for dataset_consumes_1 to None, run_after=None
[2023-02-19T20:12:41.132+0000] {logging_mixin.py:137} INFO - [2023-02-19T20:12:41.132+0000] {dag.py:3441} INFO - Setting next_dagrun for dataset_consumes_1_and_2 to None, run_after=None
[2023-02-19T20:12:41.136+0000] {logging_mixin.py:137} INFO - [2023-02-19T20:12:41.136+0000] {dag.py:3441} INFO - Setting next_dagrun for dataset_consumes_1_never_scheduled to None, run_after=None
[2023-02-19T20:12:41.139+0000] {logging_mixin.py:137} INFO - [2023-02-19T20:12:41.139+0000] {dag.py:3441} INFO - Setting next_dagrun for dataset_consumes_unknown_never_scheduled to None, run_after=None
[2023-02-19T20:12:41.144+0000] {logging_mixin.py:137} INFO - [2023-02-19T20:12:41.144+0000] {dag.py:3441} INFO - Setting next_dagrun for dataset_produces_1 to 2023-02-18T00:00:00+00:00, run_after=2023-02-19T00:00:00+00:00
[2023-02-19T20:12:41.147+0000] {logging_mixin.py:137} INFO - [2023-02-19T20:12:41.147+0000] {dag.py:3441} INFO - Setting next_dagrun for dataset_produces_2 to None, run_after=None
[2023-02-19T20:12:41.206+0000] {processor.py:175} INFO - Processing /home/airflow/.local/lib/python3.7/site-packages/airflow/example_dags/example_datasets.py took 0.210 seconds
[2023-02-19T20:13:11.550+0000] {processor.py:153} INFO - Started process (PID=401) to work on /home/airflow/.local/lib/python3.7/site-packages/airflow/example_dags/example_datasets.py
[2023-02-19T20:13:11.553+0000] {processor.py:743} INFO - Processing file /home/airflow/.local/lib/python3.7/site-packages/airflow/example_dags/example_datasets.py for tasks to queue
[2023-02-19T20:13:11.556+0000] {logging_mixin.py:137} INFO - [2023-02-19T20:13:11.556+0000] {dagbag.py:538} INFO - Filling up the DagBag from /home/airflow/.local/lib/python3.7/site-packages/airflow/example_dags/example_datasets.py
[2023-02-19T20:13:11.579+0000] {processor.py:753} INFO - DAG(s) dict_keys(['dataset_consumes_1_never_scheduled', 'dataset_consumes_1', 'dataset_consumes_1_and_2', 'dataset_produces_1', 'dataset_consumes_unknown_never_scheduled', 'dataset_produces_2']) retrieved from /home/airflow/.local/lib/python3.7/site-packages/airflow/example_dags/example_datasets.py
[2023-02-19T20:13:11.635+0000] {logging_mixin.py:137} INFO - [2023-02-19T20:13:11.635+0000] {dag.py:2690} INFO - Sync 6 DAGs
[2023-02-19T20:13:11.676+0000] {logging_mixin.py:137} INFO - [2023-02-19T20:13:11.675+0000] {dag.py:3441} INFO - Setting next_dagrun for dataset_consumes_1 to None, run_after=None
[2023-02-19T20:13:11.685+0000] {logging_mixin.py:137} INFO - [2023-02-19T20:13:11.684+0000] {dag.py:3441} INFO - Setting next_dagrun for dataset_consumes_1_and_2 to None, run_after=None
[2023-02-19T20:13:11.693+0000] {logging_mixin.py:137} INFO - [2023-02-19T20:13:11.692+0000] {dag.py:3441} INFO - Setting next_dagrun for dataset_consumes_1_never_scheduled to None, run_after=None
[2023-02-19T20:13:11.697+0000] {logging_mixin.py:137} INFO - [2023-02-19T20:13:11.697+0000] {dag.py:3441} INFO - Setting next_dagrun for dataset_consumes_unknown_never_scheduled to None, run_after=None
[2023-02-19T20:13:11.703+0000] {logging_mixin.py:137} INFO - [2023-02-19T20:13:11.702+0000] {dag.py:3441} INFO - Setting next_dagrun for dataset_produces_1 to 2023-02-18T00:00:00+00:00, run_after=2023-02-19T00:00:00+00:00
[2023-02-19T20:13:11.706+0000] {logging_mixin.py:137} INFO - [2023-02-19T20:13:11.706+0000] {dag.py:3441} INFO - Setting next_dagrun for dataset_produces_2 to None, run_after=None
[2023-02-19T20:13:11.760+0000] {processor.py:175} INFO - Processing /home/airflow/.local/lib/python3.7/site-packages/airflow/example_dags/example_datasets.py took 0.216 seconds
[2023-02-19T20:13:42.720+0000] {processor.py:153} INFO - Started process (PID=464) to work on /home/airflow/.local/lib/python3.7/site-packages/airflow/example_dags/example_datasets.py
[2023-02-19T20:13:42.723+0000] {processor.py:743} INFO - Processing file /home/airflow/.local/lib/python3.7/site-packages/airflow/example_dags/example_datasets.py for tasks to queue
[2023-02-19T20:13:42.725+0000] {logging_mixin.py:137} INFO - [2023-02-19T20:13:42.725+0000] {dagbag.py:538} INFO - Filling up the DagBag from /home/airflow/.local/lib/python3.7/site-packages/airflow/example_dags/example_datasets.py
[2023-02-19T20:13:42.751+0000] {processor.py:753} INFO - DAG(s) dict_keys(['dataset_produces_1', 'dataset_consumes_1_and_2', 'dataset_produces_2', 'dataset_consumes_unknown_never_scheduled', 'dataset_consumes_1', 'dataset_consumes_1_never_scheduled']) retrieved from /home/airflow/.local/lib/python3.7/site-packages/airflow/example_dags/example_datasets.py
[2023-02-19T20:13:42.813+0000] {logging_mixin.py:137} INFO - [2023-02-19T20:13:42.813+0000] {dag.py:2690} INFO - Sync 6 DAGs
[2023-02-19T20:13:42.861+0000] {logging_mixin.py:137} INFO - [2023-02-19T20:13:42.861+0000] {dag.py:3441} INFO - Setting next_dagrun for dataset_consumes_1 to None, run_after=None
[2023-02-19T20:13:42.867+0000] {logging_mixin.py:137} INFO - [2023-02-19T20:13:42.867+0000] {dag.py:3441} INFO - Setting next_dagrun for dataset_consumes_1_and_2 to None, run_after=None
[2023-02-19T20:13:42.870+0000] {logging_mixin.py:137} INFO - [2023-02-19T20:13:42.870+0000] {dag.py:3441} INFO - Setting next_dagrun for dataset_consumes_1_never_scheduled to None, run_after=None
[2023-02-19T20:13:42.872+0000] {logging_mixin.py:137} INFO - [2023-02-19T20:13:42.872+0000] {dag.py:3441} INFO - Setting next_dagrun for dataset_consumes_unknown_never_scheduled to None, run_after=None
[2023-02-19T20:13:42.879+0000] {logging_mixin.py:137} INFO - [2023-02-19T20:13:42.878+0000] {dag.py:3441} INFO - Setting next_dagrun for dataset_produces_1 to 2023-02-18T00:00:00+00:00, run_after=2023-02-19T00:00:00+00:00
[2023-02-19T20:13:42.882+0000] {logging_mixin.py:137} INFO - [2023-02-19T20:13:42.882+0000] {dag.py:3441} INFO - Setting next_dagrun for dataset_produces_2 to None, run_after=None
[2023-02-19T20:13:42.934+0000] {processor.py:175} INFO - Processing /home/airflow/.local/lib/python3.7/site-packages/airflow/example_dags/example_datasets.py took 0.218 seconds
[2023-02-19T20:14:13.563+0000] {processor.py:153} INFO - Started process (PID=527) to work on /home/airflow/.local/lib/python3.7/site-packages/airflow/example_dags/example_datasets.py
[2023-02-19T20:14:13.565+0000] {processor.py:743} INFO - Processing file /home/airflow/.local/lib/python3.7/site-packages/airflow/example_dags/example_datasets.py for tasks to queue
[2023-02-19T20:14:13.568+0000] {logging_mixin.py:137} INFO - [2023-02-19T20:14:13.568+0000] {dagbag.py:538} INFO - Filling up the DagBag from /home/airflow/.local/lib/python3.7/site-packages/airflow/example_dags/example_datasets.py
[2023-02-19T20:14:13.591+0000] {processor.py:753} INFO - DAG(s) dict_keys(['dataset_produces_2', 'dataset_consumes_1_never_scheduled', 'dataset_consumes_unknown_never_scheduled', 'dataset_consumes_1', 'dataset_produces_1', 'dataset_consumes_1_and_2']) retrieved from /home/airflow/.local/lib/python3.7/site-packages/airflow/example_dags/example_datasets.py
[2023-02-19T20:14:13.645+0000] {logging_mixin.py:137} INFO - [2023-02-19T20:14:13.645+0000] {dag.py:2690} INFO - Sync 6 DAGs
[2023-02-19T20:14:13.680+0000] {logging_mixin.py:137} INFO - [2023-02-19T20:14:13.680+0000] {dag.py:3441} INFO - Setting next_dagrun for dataset_consumes_1 to None, run_after=None
[2023-02-19T20:14:13.686+0000] {logging_mixin.py:137} INFO - [2023-02-19T20:14:13.686+0000] {dag.py:3441} INFO - Setting next_dagrun for dataset_consumes_1_and_2 to None, run_after=None
[2023-02-19T20:14:13.689+0000] {logging_mixin.py:137} INFO - [2023-02-19T20:14:13.689+0000] {dag.py:3441} INFO - Setting next_dagrun for dataset_consumes_1_never_scheduled to None, run_after=None
[2023-02-19T20:14:13.692+0000] {logging_mixin.py:137} INFO - [2023-02-19T20:14:13.692+0000] {dag.py:3441} INFO - Setting next_dagrun for dataset_consumes_unknown_never_scheduled to None, run_after=None
[2023-02-19T20:14:13.697+0000] {logging_mixin.py:137} INFO - [2023-02-19T20:14:13.697+0000] {dag.py:3441} INFO - Setting next_dagrun for dataset_produces_1 to 2023-02-18T00:00:00+00:00, run_after=2023-02-19T00:00:00+00:00
[2023-02-19T20:14:13.699+0000] {logging_mixin.py:137} INFO - [2023-02-19T20:14:13.699+0000] {dag.py:3441} INFO - Setting next_dagrun for dataset_produces_2 to None, run_after=None
[2023-02-19T20:14:13.746+0000] {processor.py:175} INFO - Processing /home/airflow/.local/lib/python3.7/site-packages/airflow/example_dags/example_datasets.py took 0.188 seconds
[2023-02-19T20:14:44.230+0000] {processor.py:153} INFO - Started process (PID=602) to work on /home/airflow/.local/lib/python3.7/site-packages/airflow/example_dags/example_datasets.py
[2023-02-19T20:14:44.232+0000] {processor.py:743} INFO - Processing file /home/airflow/.local/lib/python3.7/site-packages/airflow/example_dags/example_datasets.py for tasks to queue
[2023-02-19T20:14:44.234+0000] {logging_mixin.py:137} INFO - [2023-02-19T20:14:44.233+0000] {dagbag.py:538} INFO - Filling up the DagBag from /home/airflow/.local/lib/python3.7/site-packages/airflow/example_dags/example_datasets.py
[2023-02-19T20:14:44.254+0000] {processor.py:753} INFO - DAG(s) dict_keys(['dataset_produces_2', 'dataset_consumes_unknown_never_scheduled', 'dataset_produces_1', 'dataset_consumes_1_never_scheduled', 'dataset_consumes_1_and_2', 'dataset_consumes_1']) retrieved from /home/airflow/.local/lib/python3.7/site-packages/airflow/example_dags/example_datasets.py
[2023-02-19T20:14:44.306+0000] {logging_mixin.py:137} INFO - [2023-02-19T20:14:44.306+0000] {dag.py:2690} INFO - Sync 6 DAGs
[2023-02-19T20:14:44.339+0000] {logging_mixin.py:137} INFO - [2023-02-19T20:14:44.339+0000] {dag.py:3441} INFO - Setting next_dagrun for dataset_consumes_1 to None, run_after=None
[2023-02-19T20:14:44.346+0000] {logging_mixin.py:137} INFO - [2023-02-19T20:14:44.345+0000] {dag.py:3441} INFO - Setting next_dagrun for dataset_consumes_1_and_2 to None, run_after=None
[2023-02-19T20:14:44.348+0000] {logging_mixin.py:137} INFO - [2023-02-19T20:14:44.348+0000] {dag.py:3441} INFO - Setting next_dagrun for dataset_consumes_1_never_scheduled to None, run_after=None
[2023-02-19T20:14:44.352+0000] {logging_mixin.py:137} INFO - [2023-02-19T20:14:44.351+0000] {dag.py:3441} INFO - Setting next_dagrun for dataset_consumes_unknown_never_scheduled to None, run_after=None
[2023-02-19T20:14:44.356+0000] {logging_mixin.py:137} INFO - [2023-02-19T20:14:44.356+0000] {dag.py:3441} INFO - Setting next_dagrun for dataset_produces_1 to 2023-02-18T00:00:00+00:00, run_after=2023-02-19T00:00:00+00:00
[2023-02-19T20:14:44.359+0000] {logging_mixin.py:137} INFO - [2023-02-19T20:14:44.359+0000] {dag.py:3441} INFO - Setting next_dagrun for dataset_produces_2 to None, run_after=None
[2023-02-19T20:14:44.401+0000] {processor.py:175} INFO - Processing /home/airflow/.local/lib/python3.7/site-packages/airflow/example_dags/example_datasets.py took 0.175 seconds
[2023-02-19T20:15:15.013+0000] {processor.py:153} INFO - Started process (PID=665) to work on /home/airflow/.local/lib/python3.7/site-packages/airflow/example_dags/example_datasets.py
[2023-02-19T20:15:15.015+0000] {processor.py:743} INFO - Processing file /home/airflow/.local/lib/python3.7/site-packages/airflow/example_dags/example_datasets.py for tasks to queue
[2023-02-19T20:15:15.018+0000] {logging_mixin.py:137} INFO - [2023-02-19T20:15:15.018+0000] {dagbag.py:538} INFO - Filling up the DagBag from /home/airflow/.local/lib/python3.7/site-packages/airflow/example_dags/example_datasets.py
[2023-02-19T20:15:15.040+0000] {processor.py:753} INFO - DAG(s) dict_keys(['dataset_consumes_1_never_scheduled', 'dataset_consumes_1_and_2', 'dataset_produces_2', 'dataset_consumes_unknown_never_scheduled', 'dataset_consumes_1', 'dataset_produces_1']) retrieved from /home/airflow/.local/lib/python3.7/site-packages/airflow/example_dags/example_datasets.py
[2023-02-19T20:15:15.097+0000] {logging_mixin.py:137} INFO - [2023-02-19T20:15:15.097+0000] {dag.py:2690} INFO - Sync 6 DAGs
[2023-02-19T20:15:15.133+0000] {logging_mixin.py:137} INFO - [2023-02-19T20:15:15.133+0000] {dag.py:3441} INFO - Setting next_dagrun for dataset_consumes_1 to None, run_after=None
[2023-02-19T20:15:15.139+0000] {logging_mixin.py:137} INFO - [2023-02-19T20:15:15.139+0000] {dag.py:3441} INFO - Setting next_dagrun for dataset_consumes_1_and_2 to None, run_after=None
[2023-02-19T20:15:15.144+0000] {logging_mixin.py:137} INFO - [2023-02-19T20:15:15.144+0000] {dag.py:3441} INFO - Setting next_dagrun for dataset_consumes_1_never_scheduled to None, run_after=None
[2023-02-19T20:15:15.147+0000] {logging_mixin.py:137} INFO - [2023-02-19T20:15:15.147+0000] {dag.py:3441} INFO - Setting next_dagrun for dataset_consumes_unknown_never_scheduled to None, run_after=None
[2023-02-19T20:15:15.153+0000] {logging_mixin.py:137} INFO - [2023-02-19T20:15:15.152+0000] {dag.py:3441} INFO - Setting next_dagrun for dataset_produces_1 to 2023-02-18T00:00:00+00:00, run_after=2023-02-19T00:00:00+00:00
[2023-02-19T20:15:15.156+0000] {logging_mixin.py:137} INFO - [2023-02-19T20:15:15.156+0000] {dag.py:3441} INFO - Setting next_dagrun for dataset_produces_2 to None, run_after=None
[2023-02-19T20:15:15.201+0000] {processor.py:175} INFO - Processing /home/airflow/.local/lib/python3.7/site-packages/airflow/example_dags/example_datasets.py took 0.193 seconds
[2023-02-19T20:15:45.672+0000] {processor.py:153} INFO - Started process (PID=741) to work on /home/airflow/.local/lib/python3.7/site-packages/airflow/example_dags/example_datasets.py
[2023-02-19T20:15:45.674+0000] {processor.py:743} INFO - Processing file /home/airflow/.local/lib/python3.7/site-packages/airflow/example_dags/example_datasets.py for tasks to queue
[2023-02-19T20:15:45.677+0000] {logging_mixin.py:137} INFO - [2023-02-19T20:15:45.677+0000] {dagbag.py:538} INFO - Filling up the DagBag from /home/airflow/.local/lib/python3.7/site-packages/airflow/example_dags/example_datasets.py
[2023-02-19T20:15:45.697+0000] {processor.py:753} INFO - DAG(s) dict_keys(['dataset_produces_2', 'dataset_consumes_1', 'dataset_consumes_1_and_2', 'dataset_consumes_unknown_never_scheduled', 'dataset_consumes_1_never_scheduled', 'dataset_produces_1']) retrieved from /home/airflow/.local/lib/python3.7/site-packages/airflow/example_dags/example_datasets.py
[2023-02-19T20:15:45.750+0000] {logging_mixin.py:137} INFO - [2023-02-19T20:15:45.750+0000] {dag.py:2690} INFO - Sync 6 DAGs
[2023-02-19T20:15:45.784+0000] {logging_mixin.py:137} INFO - [2023-02-19T20:15:45.784+0000] {dag.py:3441} INFO - Setting next_dagrun for dataset_consumes_1 to None, run_after=None
[2023-02-19T20:15:45.790+0000] {logging_mixin.py:137} INFO - [2023-02-19T20:15:45.790+0000] {dag.py:3441} INFO - Setting next_dagrun for dataset_consumes_1_and_2 to None, run_after=None
[2023-02-19T20:15:45.793+0000] {logging_mixin.py:137} INFO - [2023-02-19T20:15:45.793+0000] {dag.py:3441} INFO - Setting next_dagrun for dataset_consumes_1_never_scheduled to None, run_after=None
[2023-02-19T20:15:45.796+0000] {logging_mixin.py:137} INFO - [2023-02-19T20:15:45.796+0000] {dag.py:3441} INFO - Setting next_dagrun for dataset_consumes_unknown_never_scheduled to None, run_after=None
[2023-02-19T20:15:45.800+0000] {logging_mixin.py:137} INFO - [2023-02-19T20:15:45.800+0000] {dag.py:3441} INFO - Setting next_dagrun for dataset_produces_1 to 2023-02-18T00:00:00+00:00, run_after=2023-02-19T00:00:00+00:00
[2023-02-19T20:15:45.803+0000] {logging_mixin.py:137} INFO - [2023-02-19T20:15:45.802+0000] {dag.py:3441} INFO - Setting next_dagrun for dataset_produces_2 to None, run_after=None
[2023-02-19T20:15:45.844+0000] {processor.py:175} INFO - Processing /home/airflow/.local/lib/python3.7/site-packages/airflow/example_dags/example_datasets.py took 0.176 seconds
[2023-02-19T20:16:16.304+0000] {processor.py:153} INFO - Started process (PID=805) to work on /home/airflow/.local/lib/python3.7/site-packages/airflow/example_dags/example_datasets.py
[2023-02-19T20:16:16.307+0000] {processor.py:743} INFO - Processing file /home/airflow/.local/lib/python3.7/site-packages/airflow/example_dags/example_datasets.py for tasks to queue
[2023-02-19T20:16:16.309+0000] {logging_mixin.py:137} INFO - [2023-02-19T20:16:16.309+0000] {dagbag.py:538} INFO - Filling up the DagBag from /home/airflow/.local/lib/python3.7/site-packages/airflow/example_dags/example_datasets.py
[2023-02-19T20:16:16.333+0000] {processor.py:753} INFO - DAG(s) dict_keys(['dataset_produces_1', 'dataset_consumes_unknown_never_scheduled', 'dataset_consumes_1_never_scheduled', 'dataset_consumes_1_and_2', 'dataset_produces_2', 'dataset_consumes_1']) retrieved from /home/airflow/.local/lib/python3.7/site-packages/airflow/example_dags/example_datasets.py
[2023-02-19T20:16:16.394+0000] {logging_mixin.py:137} INFO - [2023-02-19T20:16:16.394+0000] {dag.py:2690} INFO - Sync 6 DAGs
[2023-02-19T20:16:16.429+0000] {logging_mixin.py:137} INFO - [2023-02-19T20:16:16.429+0000] {dag.py:3441} INFO - Setting next_dagrun for dataset_consumes_1 to None, run_after=None
[2023-02-19T20:16:16.435+0000] {logging_mixin.py:137} INFO - [2023-02-19T20:16:16.435+0000] {dag.py:3441} INFO - Setting next_dagrun for dataset_consumes_1_and_2 to None, run_after=None
[2023-02-19T20:16:16.438+0000] {logging_mixin.py:137} INFO - [2023-02-19T20:16:16.438+0000] {dag.py:3441} INFO - Setting next_dagrun for dataset_consumes_1_never_scheduled to None, run_after=None
[2023-02-19T20:16:16.441+0000] {logging_mixin.py:137} INFO - [2023-02-19T20:16:16.441+0000] {dag.py:3441} INFO - Setting next_dagrun for dataset_consumes_unknown_never_scheduled to None, run_after=None
[2023-02-19T20:16:16.445+0000] {logging_mixin.py:137} INFO - [2023-02-19T20:16:16.445+0000] {dag.py:3441} INFO - Setting next_dagrun for dataset_produces_1 to 2023-02-18T00:00:00+00:00, run_after=2023-02-19T00:00:00+00:00
[2023-02-19T20:16:16.449+0000] {logging_mixin.py:137} INFO - [2023-02-19T20:16:16.449+0000] {dag.py:3441} INFO - Setting next_dagrun for dataset_produces_2 to None, run_after=None
[2023-02-19T20:16:16.491+0000] {processor.py:175} INFO - Processing /home/airflow/.local/lib/python3.7/site-packages/airflow/example_dags/example_datasets.py took 0.191 seconds
[2023-02-19T20:16:46.804+0000] {processor.py:153} INFO - Started process (PID=880) to work on /home/airflow/.local/lib/python3.7/site-packages/airflow/example_dags/example_datasets.py
[2023-02-19T20:16:46.808+0000] {processor.py:743} INFO - Processing file /home/airflow/.local/lib/python3.7/site-packages/airflow/example_dags/example_datasets.py for tasks to queue
[2023-02-19T20:16:46.813+0000] {logging_mixin.py:137} INFO - [2023-02-19T20:16:46.813+0000] {dagbag.py:538} INFO - Filling up the DagBag from /home/airflow/.local/lib/python3.7/site-packages/airflow/example_dags/example_datasets.py
[2023-02-19T20:16:46.845+0000] {processor.py:753} INFO - DAG(s) dict_keys(['dataset_consumes_unknown_never_scheduled', 'dataset_produces_2', 'dataset_consumes_1_and_2', 'dataset_consumes_1', 'dataset_consumes_1_never_scheduled', 'dataset_produces_1']) retrieved from /home/airflow/.local/lib/python3.7/site-packages/airflow/example_dags/example_datasets.py
[2023-02-19T20:16:46.924+0000] {logging_mixin.py:137} INFO - [2023-02-19T20:16:46.924+0000] {dag.py:2690} INFO - Sync 6 DAGs
[2023-02-19T20:16:46.961+0000] {logging_mixin.py:137} INFO - [2023-02-19T20:16:46.961+0000] {dag.py:3441} INFO - Setting next_dagrun for dataset_consumes_1 to None, run_after=None
[2023-02-19T20:16:46.967+0000] {logging_mixin.py:137} INFO - [2023-02-19T20:16:46.967+0000] {dag.py:3441} INFO - Setting next_dagrun for dataset_consumes_1_and_2 to None, run_after=None
[2023-02-19T20:16:46.970+0000] {logging_mixin.py:137} INFO - [2023-02-19T20:16:46.970+0000] {dag.py:3441} INFO - Setting next_dagrun for dataset_consumes_1_never_scheduled to None, run_after=None
[2023-02-19T20:16:46.973+0000] {logging_mixin.py:137} INFO - [2023-02-19T20:16:46.973+0000] {dag.py:3441} INFO - Setting next_dagrun for dataset_consumes_unknown_never_scheduled to None, run_after=None
[2023-02-19T20:16:46.978+0000] {logging_mixin.py:137} INFO - [2023-02-19T20:16:46.978+0000] {dag.py:3441} INFO - Setting next_dagrun for dataset_produces_1 to 2023-02-18T00:00:00+00:00, run_after=2023-02-19T00:00:00+00:00
[2023-02-19T20:16:46.981+0000] {logging_mixin.py:137} INFO - [2023-02-19T20:16:46.981+0000] {dag.py:3441} INFO - Setting next_dagrun for dataset_produces_2 to None, run_after=None
[2023-02-19T20:16:47.034+0000] {processor.py:175} INFO - Processing /home/airflow/.local/lib/python3.7/site-packages/airflow/example_dags/example_datasets.py took 0.235 seconds
[2023-02-19T20:17:17.745+0000] {processor.py:153} INFO - Started process (PID=943) to work on /home/airflow/.local/lib/python3.7/site-packages/airflow/example_dags/example_datasets.py
[2023-02-19T20:17:17.747+0000] {processor.py:743} INFO - Processing file /home/airflow/.local/lib/python3.7/site-packages/airflow/example_dags/example_datasets.py for tasks to queue
[2023-02-19T20:17:17.749+0000] {logging_mixin.py:137} INFO - [2023-02-19T20:17:17.748+0000] {dagbag.py:538} INFO - Filling up the DagBag from /home/airflow/.local/lib/python3.7/site-packages/airflow/example_dags/example_datasets.py
[2023-02-19T20:17:17.770+0000] {processor.py:753} INFO - DAG(s) dict_keys(['dataset_consumes_1_never_scheduled', 'dataset_consumes_1', 'dataset_produces_1', 'dataset_produces_2', 'dataset_consumes_1_and_2', 'dataset_consumes_unknown_never_scheduled']) retrieved from /home/airflow/.local/lib/python3.7/site-packages/airflow/example_dags/example_datasets.py
[2023-02-19T20:17:17.820+0000] {logging_mixin.py:137} INFO - [2023-02-19T20:17:17.820+0000] {dag.py:2690} INFO - Sync 6 DAGs
[2023-02-19T20:17:17.853+0000] {logging_mixin.py:137} INFO - [2023-02-19T20:17:17.853+0000] {dag.py:3441} INFO - Setting next_dagrun for dataset_consumes_1 to None, run_after=None
[2023-02-19T20:17:17.858+0000] {logging_mixin.py:137} INFO - [2023-02-19T20:17:17.858+0000] {dag.py:3441} INFO - Setting next_dagrun for dataset_consumes_1_and_2 to None, run_after=None
[2023-02-19T20:17:17.862+0000] {logging_mixin.py:137} INFO - [2023-02-19T20:17:17.862+0000] {dag.py:3441} INFO - Setting next_dagrun for dataset_consumes_1_never_scheduled to None, run_after=None
[2023-02-19T20:17:17.865+0000] {logging_mixin.py:137} INFO - [2023-02-19T20:17:17.864+0000] {dag.py:3441} INFO - Setting next_dagrun for dataset_consumes_unknown_never_scheduled to None, run_after=None
[2023-02-19T20:17:17.869+0000] {logging_mixin.py:137} INFO - [2023-02-19T20:17:17.869+0000] {dag.py:3441} INFO - Setting next_dagrun for dataset_produces_1 to 2023-02-18T00:00:00+00:00, run_after=2023-02-19T00:00:00+00:00
[2023-02-19T20:17:17.871+0000] {logging_mixin.py:137} INFO - [2023-02-19T20:17:17.871+0000] {dag.py:3441} INFO - Setting next_dagrun for dataset_produces_2 to None, run_after=None
[2023-02-19T20:17:17.914+0000] {processor.py:175} INFO - Processing /home/airflow/.local/lib/python3.7/site-packages/airflow/example_dags/example_datasets.py took 0.174 seconds
[2023-02-19T20:17:48.434+0000] {processor.py:153} INFO - Started process (PID=1018) to work on /home/airflow/.local/lib/python3.7/site-packages/airflow/example_dags/example_datasets.py
[2023-02-19T20:17:48.436+0000] {processor.py:743} INFO - Processing file /home/airflow/.local/lib/python3.7/site-packages/airflow/example_dags/example_datasets.py for tasks to queue
[2023-02-19T20:17:48.438+0000] {logging_mixin.py:137} INFO - [2023-02-19T20:17:48.438+0000] {dagbag.py:538} INFO - Filling up the DagBag from /home/airflow/.local/lib/python3.7/site-packages/airflow/example_dags/example_datasets.py
[2023-02-19T20:17:48.461+0000] {processor.py:753} INFO - DAG(s) dict_keys(['dataset_produces_2', 'dataset_consumes_1_and_2', 'dataset_produces_1', 'dataset_consumes_1_never_scheduled', 'dataset_consumes_unknown_never_scheduled', 'dataset_consumes_1']) retrieved from /home/airflow/.local/lib/python3.7/site-packages/airflow/example_dags/example_datasets.py
[2023-02-19T20:17:48.518+0000] {logging_mixin.py:137} INFO - [2023-02-19T20:17:48.518+0000] {dag.py:2690} INFO - Sync 6 DAGs
[2023-02-19T20:17:48.553+0000] {logging_mixin.py:137} INFO - [2023-02-19T20:17:48.553+0000] {dag.py:3441} INFO - Setting next_dagrun for dataset_consumes_1 to None, run_after=None
[2023-02-19T20:17:48.559+0000] {logging_mixin.py:137} INFO - [2023-02-19T20:17:48.558+0000] {dag.py:3441} INFO - Setting next_dagrun for dataset_consumes_1_and_2 to None, run_after=None
[2023-02-19T20:17:48.561+0000] {logging_mixin.py:137} INFO - [2023-02-19T20:17:48.561+0000] {dag.py:3441} INFO - Setting next_dagrun for dataset_consumes_1_never_scheduled to None, run_after=None
[2023-02-19T20:17:48.564+0000] {logging_mixin.py:137} INFO - [2023-02-19T20:17:48.564+0000] {dag.py:3441} INFO - Setting next_dagrun for dataset_consumes_unknown_never_scheduled to None, run_after=None
[2023-02-19T20:17:48.569+0000] {logging_mixin.py:137} INFO - [2023-02-19T20:17:48.569+0000] {dag.py:3441} INFO - Setting next_dagrun for dataset_produces_1 to 2023-02-18T00:00:00+00:00, run_after=2023-02-19T00:00:00+00:00
[2023-02-19T20:17:48.573+0000] {logging_mixin.py:137} INFO - [2023-02-19T20:17:48.573+0000] {dag.py:3441} INFO - Setting next_dagrun for dataset_produces_2 to None, run_after=None
[2023-02-19T20:17:48.621+0000] {processor.py:175} INFO - Processing /home/airflow/.local/lib/python3.7/site-packages/airflow/example_dags/example_datasets.py took 0.193 seconds
[2023-02-19T20:18:19.025+0000] {processor.py:153} INFO - Started process (PID=1082) to work on /home/airflow/.local/lib/python3.7/site-packages/airflow/example_dags/example_datasets.py
[2023-02-19T20:18:19.028+0000] {processor.py:743} INFO - Processing file /home/airflow/.local/lib/python3.7/site-packages/airflow/example_dags/example_datasets.py for tasks to queue
[2023-02-19T20:18:19.030+0000] {logging_mixin.py:137} INFO - [2023-02-19T20:18:19.029+0000] {dagbag.py:538} INFO - Filling up the DagBag from /home/airflow/.local/lib/python3.7/site-packages/airflow/example_dags/example_datasets.py
[2023-02-19T20:18:19.053+0000] {processor.py:753} INFO - DAG(s) dict_keys(['dataset_consumes_1_and_2', 'dataset_produces_1', 'dataset_produces_2', 'dataset_consumes_unknown_never_scheduled', 'dataset_consumes_1', 'dataset_consumes_1_never_scheduled']) retrieved from /home/airflow/.local/lib/python3.7/site-packages/airflow/example_dags/example_datasets.py
[2023-02-19T20:18:19.129+0000] {logging_mixin.py:137} INFO - [2023-02-19T20:18:19.129+0000] {dag.py:2690} INFO - Sync 6 DAGs
[2023-02-19T20:18:19.167+0000] {logging_mixin.py:137} INFO - [2023-02-19T20:18:19.167+0000] {dag.py:3441} INFO - Setting next_dagrun for dataset_consumes_1 to None, run_after=None
[2023-02-19T20:18:19.179+0000] {logging_mixin.py:137} INFO - [2023-02-19T20:18:19.179+0000] {dag.py:3441} INFO - Setting next_dagrun for dataset_consumes_1_and_2 to None, run_after=None
[2023-02-19T20:18:19.183+0000] {logging_mixin.py:137} INFO - [2023-02-19T20:18:19.182+0000] {dag.py:3441} INFO - Setting next_dagrun for dataset_consumes_1_never_scheduled to None, run_after=None
[2023-02-19T20:18:19.185+0000] {logging_mixin.py:137} INFO - [2023-02-19T20:18:19.185+0000] {dag.py:3441} INFO - Setting next_dagrun for dataset_consumes_unknown_never_scheduled to None, run_after=None
[2023-02-19T20:18:19.190+0000] {logging_mixin.py:137} INFO - [2023-02-19T20:18:19.190+0000] {dag.py:3441} INFO - Setting next_dagrun for dataset_produces_1 to 2023-02-18T00:00:00+00:00, run_after=2023-02-19T00:00:00+00:00
[2023-02-19T20:18:19.193+0000] {logging_mixin.py:137} INFO - [2023-02-19T20:18:19.193+0000] {dag.py:3441} INFO - Setting next_dagrun for dataset_produces_2 to None, run_after=None
[2023-02-19T20:18:19.234+0000] {processor.py:175} INFO - Processing /home/airflow/.local/lib/python3.7/site-packages/airflow/example_dags/example_datasets.py took 0.214 seconds
[2023-02-19T20:18:49.685+0000] {processor.py:153} INFO - Started process (PID=1151) to work on /home/airflow/.local/lib/python3.7/site-packages/airflow/example_dags/example_datasets.py
[2023-02-19T20:18:49.688+0000] {processor.py:743} INFO - Processing file /home/airflow/.local/lib/python3.7/site-packages/airflow/example_dags/example_datasets.py for tasks to queue
[2023-02-19T20:18:49.691+0000] {logging_mixin.py:137} INFO - [2023-02-19T20:18:49.690+0000] {dagbag.py:538} INFO - Filling up the DagBag from /home/airflow/.local/lib/python3.7/site-packages/airflow/example_dags/example_datasets.py
[2023-02-19T20:18:49.713+0000] {processor.py:753} INFO - DAG(s) dict_keys(['dataset_consumes_1', 'dataset_produces_1', 'dataset_consumes_unknown_never_scheduled', 'dataset_consumes_1_and_2', 'dataset_consumes_1_never_scheduled', 'dataset_produces_2']) retrieved from /home/airflow/.local/lib/python3.7/site-packages/airflow/example_dags/example_datasets.py
[2023-02-19T20:18:49.775+0000] {logging_mixin.py:137} INFO - [2023-02-19T20:18:49.775+0000] {dag.py:2690} INFO - Sync 6 DAGs
[2023-02-19T20:18:49.819+0000] {logging_mixin.py:137} INFO - [2023-02-19T20:18:49.819+0000] {dag.py:3441} INFO - Setting next_dagrun for dataset_consumes_1 to None, run_after=None
[2023-02-19T20:18:49.825+0000] {logging_mixin.py:137} INFO - [2023-02-19T20:18:49.825+0000] {dag.py:3441} INFO - Setting next_dagrun for dataset_consumes_1_and_2 to None, run_after=None
[2023-02-19T20:18:49.829+0000] {logging_mixin.py:137} INFO - [2023-02-19T20:18:49.828+0000] {dag.py:3441} INFO - Setting next_dagrun for dataset_consumes_1_never_scheduled to None, run_after=None
[2023-02-19T20:18:49.831+0000] {logging_mixin.py:137} INFO - [2023-02-19T20:18:49.831+0000] {dag.py:3441} INFO - Setting next_dagrun for dataset_consumes_unknown_never_scheduled to None, run_after=None
[2023-02-19T20:18:49.836+0000] {logging_mixin.py:137} INFO - [2023-02-19T20:18:49.836+0000] {dag.py:3441} INFO - Setting next_dagrun for dataset_produces_1 to 2023-02-18T00:00:00+00:00, run_after=2023-02-19T00:00:00+00:00
[2023-02-19T20:18:49.839+0000] {logging_mixin.py:137} INFO - [2023-02-19T20:18:49.839+0000] {dag.py:3441} INFO - Setting next_dagrun for dataset_produces_2 to None, run_after=None
[2023-02-19T20:18:49.889+0000] {processor.py:175} INFO - Processing /home/airflow/.local/lib/python3.7/site-packages/airflow/example_dags/example_datasets.py took 0.208 seconds
[2023-02-19T20:19:20.542+0000] {processor.py:153} INFO - Started process (PID=1219) to work on /home/airflow/.local/lib/python3.7/site-packages/airflow/example_dags/example_datasets.py
[2023-02-19T20:19:20.544+0000] {processor.py:743} INFO - Processing file /home/airflow/.local/lib/python3.7/site-packages/airflow/example_dags/example_datasets.py for tasks to queue
[2023-02-19T20:19:20.546+0000] {logging_mixin.py:137} INFO - [2023-02-19T20:19:20.546+0000] {dagbag.py:538} INFO - Filling up the DagBag from /home/airflow/.local/lib/python3.7/site-packages/airflow/example_dags/example_datasets.py
[2023-02-19T20:19:20.567+0000] {processor.py:753} INFO - DAG(s) dict_keys(['dataset_produces_1', 'dataset_produces_2', 'dataset_consumes_1_never_scheduled', 'dataset_consumes_unknown_never_scheduled', 'dataset_consumes_1_and_2', 'dataset_consumes_1']) retrieved from /home/airflow/.local/lib/python3.7/site-packages/airflow/example_dags/example_datasets.py
[2023-02-19T20:19:20.619+0000] {logging_mixin.py:137} INFO - [2023-02-19T20:19:20.619+0000] {dag.py:2690} INFO - Sync 6 DAGs
[2023-02-19T20:19:20.652+0000] {logging_mixin.py:137} INFO - [2023-02-19T20:19:20.651+0000] {dag.py:3441} INFO - Setting next_dagrun for dataset_consumes_1 to None, run_after=None
[2023-02-19T20:19:20.658+0000] {logging_mixin.py:137} INFO - [2023-02-19T20:19:20.658+0000] {dag.py:3441} INFO - Setting next_dagrun for dataset_consumes_1_and_2 to None, run_after=None
[2023-02-19T20:19:20.661+0000] {logging_mixin.py:137} INFO - [2023-02-19T20:19:20.660+0000] {dag.py:3441} INFO - Setting next_dagrun for dataset_consumes_1_never_scheduled to None, run_after=None
[2023-02-19T20:19:20.663+0000] {logging_mixin.py:137} INFO - [2023-02-19T20:19:20.663+0000] {dag.py:3441} INFO - Setting next_dagrun for dataset_consumes_unknown_never_scheduled to None, run_after=None
[2023-02-19T20:19:20.667+0000] {logging_mixin.py:137} INFO - [2023-02-19T20:19:20.667+0000] {dag.py:3441} INFO - Setting next_dagrun for dataset_produces_1 to 2023-02-18T00:00:00+00:00, run_after=2023-02-19T00:00:00+00:00
[2023-02-19T20:19:20.670+0000] {logging_mixin.py:137} INFO - [2023-02-19T20:19:20.670+0000] {dag.py:3441} INFO - Setting next_dagrun for dataset_produces_2 to None, run_after=None
[2023-02-19T20:19:20.716+0000] {processor.py:175} INFO - Processing /home/airflow/.local/lib/python3.7/site-packages/airflow/example_dags/example_datasets.py took 0.178 seconds
[2023-02-19T20:19:50.984+0000] {processor.py:153} INFO - Started process (PID=1282) to work on /home/airflow/.local/lib/python3.7/site-packages/airflow/example_dags/example_datasets.py
[2023-02-19T20:19:50.987+0000] {processor.py:743} INFO - Processing file /home/airflow/.local/lib/python3.7/site-packages/airflow/example_dags/example_datasets.py for tasks to queue
[2023-02-19T20:19:50.989+0000] {logging_mixin.py:137} INFO - [2023-02-19T20:19:50.988+0000] {dagbag.py:538} INFO - Filling up the DagBag from /home/airflow/.local/lib/python3.7/site-packages/airflow/example_dags/example_datasets.py
[2023-02-19T20:19:51.010+0000] {processor.py:753} INFO - DAG(s) dict_keys(['dataset_consumes_1', 'dataset_consumes_1_and_2', 'dataset_produces_2', 'dataset_produces_1', 'dataset_consumes_unknown_never_scheduled', 'dataset_consumes_1_never_scheduled']) retrieved from /home/airflow/.local/lib/python3.7/site-packages/airflow/example_dags/example_datasets.py
[2023-02-19T20:19:51.070+0000] {logging_mixin.py:137} INFO - [2023-02-19T20:19:51.070+0000] {dag.py:2690} INFO - Sync 6 DAGs
[2023-02-19T20:19:51.106+0000] {logging_mixin.py:137} INFO - [2023-02-19T20:19:51.106+0000] {dag.py:3441} INFO - Setting next_dagrun for dataset_consumes_1 to None, run_after=None
[2023-02-19T20:19:51.113+0000] {logging_mixin.py:137} INFO - [2023-02-19T20:19:51.113+0000] {dag.py:3441} INFO - Setting next_dagrun for dataset_consumes_1_and_2 to None, run_after=None
[2023-02-19T20:19:51.117+0000] {logging_mixin.py:137} INFO - [2023-02-19T20:19:51.117+0000] {dag.py:3441} INFO - Setting next_dagrun for dataset_consumes_1_never_scheduled to None, run_after=None
[2023-02-19T20:19:51.120+0000] {logging_mixin.py:137} INFO - [2023-02-19T20:19:51.120+0000] {dag.py:3441} INFO - Setting next_dagrun for dataset_consumes_unknown_never_scheduled to None, run_after=None
[2023-02-19T20:19:51.124+0000] {logging_mixin.py:137} INFO - [2023-02-19T20:19:51.124+0000] {dag.py:3441} INFO - Setting next_dagrun for dataset_produces_1 to 2023-02-18T00:00:00+00:00, run_after=2023-02-19T00:00:00+00:00
[2023-02-19T20:19:51.127+0000] {logging_mixin.py:137} INFO - [2023-02-19T20:19:51.127+0000] {dag.py:3441} INFO - Setting next_dagrun for dataset_produces_2 to None, run_after=None
[2023-02-19T20:19:51.169+0000] {processor.py:175} INFO - Processing /home/airflow/.local/lib/python3.7/site-packages/airflow/example_dags/example_datasets.py took 0.189 seconds
[2023-02-19T20:20:21.694+0000] {processor.py:153} INFO - Started process (PID=1358) to work on /home/airflow/.local/lib/python3.7/site-packages/airflow/example_dags/example_datasets.py
[2023-02-19T20:20:21.696+0000] {processor.py:743} INFO - Processing file /home/airflow/.local/lib/python3.7/site-packages/airflow/example_dags/example_datasets.py for tasks to queue
[2023-02-19T20:20:21.699+0000] {logging_mixin.py:137} INFO - [2023-02-19T20:20:21.699+0000] {dagbag.py:538} INFO - Filling up the DagBag from /home/airflow/.local/lib/python3.7/site-packages/airflow/example_dags/example_datasets.py
[2023-02-19T20:20:21.722+0000] {processor.py:753} INFO - DAG(s) dict_keys(['dataset_consumes_1_and_2', 'dataset_consumes_1', 'dataset_produces_2', 'dataset_produces_1', 'dataset_consumes_unknown_never_scheduled', 'dataset_consumes_1_never_scheduled']) retrieved from /home/airflow/.local/lib/python3.7/site-packages/airflow/example_dags/example_datasets.py
[2023-02-19T20:20:21.773+0000] {logging_mixin.py:137} INFO - [2023-02-19T20:20:21.773+0000] {dag.py:2690} INFO - Sync 6 DAGs
[2023-02-19T20:20:21.805+0000] {logging_mixin.py:137} INFO - [2023-02-19T20:20:21.805+0000] {dag.py:3441} INFO - Setting next_dagrun for dataset_consumes_1 to None, run_after=None
[2023-02-19T20:20:21.810+0000] {logging_mixin.py:137} INFO - [2023-02-19T20:20:21.810+0000] {dag.py:3441} INFO - Setting next_dagrun for dataset_consumes_1_and_2 to None, run_after=None
[2023-02-19T20:20:21.814+0000] {logging_mixin.py:137} INFO - [2023-02-19T20:20:21.814+0000] {dag.py:3441} INFO - Setting next_dagrun for dataset_consumes_1_never_scheduled to None, run_after=None
[2023-02-19T20:20:21.817+0000] {logging_mixin.py:137} INFO - [2023-02-19T20:20:21.817+0000] {dag.py:3441} INFO - Setting next_dagrun for dataset_consumes_unknown_never_scheduled to None, run_after=None
[2023-02-19T20:20:21.821+0000] {logging_mixin.py:137} INFO - [2023-02-19T20:20:21.821+0000] {dag.py:3441} INFO - Setting next_dagrun for dataset_produces_1 to 2023-02-18T00:00:00+00:00, run_after=2023-02-19T00:00:00+00:00
[2023-02-19T20:20:21.825+0000] {logging_mixin.py:137} INFO - [2023-02-19T20:20:21.825+0000] {dag.py:3441} INFO - Setting next_dagrun for dataset_produces_2 to None, run_after=None
[2023-02-19T20:20:21.888+0000] {processor.py:175} INFO - Processing /home/airflow/.local/lib/python3.7/site-packages/airflow/example_dags/example_datasets.py took 0.198 seconds
[2023-02-19T20:20:52.277+0000] {processor.py:153} INFO - Started process (PID=1422) to work on /home/airflow/.local/lib/python3.7/site-packages/airflow/example_dags/example_datasets.py
[2023-02-19T20:20:52.280+0000] {processor.py:743} INFO - Processing file /home/airflow/.local/lib/python3.7/site-packages/airflow/example_dags/example_datasets.py for tasks to queue
[2023-02-19T20:20:52.282+0000] {logging_mixin.py:137} INFO - [2023-02-19T20:20:52.282+0000] {dagbag.py:538} INFO - Filling up the DagBag from /home/airflow/.local/lib/python3.7/site-packages/airflow/example_dags/example_datasets.py
[2023-02-19T20:20:52.303+0000] {processor.py:753} INFO - DAG(s) dict_keys(['dataset_produces_2', 'dataset_consumes_1_never_scheduled', 'dataset_produces_1', 'dataset_consumes_unknown_never_scheduled', 'dataset_consumes_1', 'dataset_consumes_1_and_2']) retrieved from /home/airflow/.local/lib/python3.7/site-packages/airflow/example_dags/example_datasets.py
[2023-02-19T20:20:52.357+0000] {logging_mixin.py:137} INFO - [2023-02-19T20:20:52.357+0000] {dag.py:2690} INFO - Sync 6 DAGs
[2023-02-19T20:20:52.395+0000] {logging_mixin.py:137} INFO - [2023-02-19T20:20:52.395+0000] {dag.py:3441} INFO - Setting next_dagrun for dataset_consumes_1 to None, run_after=None
[2023-02-19T20:20:52.400+0000] {logging_mixin.py:137} INFO - [2023-02-19T20:20:52.400+0000] {dag.py:3441} INFO - Setting next_dagrun for dataset_consumes_1_and_2 to None, run_after=None
[2023-02-19T20:20:52.403+0000] {logging_mixin.py:137} INFO - [2023-02-19T20:20:52.403+0000] {dag.py:3441} INFO - Setting next_dagrun for dataset_consumes_1_never_scheduled to None, run_after=None
[2023-02-19T20:20:52.406+0000] {logging_mixin.py:137} INFO - [2023-02-19T20:20:52.406+0000] {dag.py:3441} INFO - Setting next_dagrun for dataset_consumes_unknown_never_scheduled to None, run_after=None
[2023-02-19T20:20:52.411+0000] {logging_mixin.py:137} INFO - [2023-02-19T20:20:52.411+0000] {dag.py:3441} INFO - Setting next_dagrun for dataset_produces_1 to 2023-02-18T00:00:00+00:00, run_after=2023-02-19T00:00:00+00:00
[2023-02-19T20:20:52.413+0000] {logging_mixin.py:137} INFO - [2023-02-19T20:20:52.413+0000] {dag.py:3441} INFO - Setting next_dagrun for dataset_produces_2 to None, run_after=None
[2023-02-19T20:20:52.457+0000] {processor.py:175} INFO - Processing /home/airflow/.local/lib/python3.7/site-packages/airflow/example_dags/example_datasets.py took 0.185 seconds
[2023-02-19T20:21:22.671+0000] {processor.py:153} INFO - Started process (PID=1496) to work on /home/airflow/.local/lib/python3.7/site-packages/airflow/example_dags/example_datasets.py
[2023-02-19T20:21:22.673+0000] {processor.py:743} INFO - Processing file /home/airflow/.local/lib/python3.7/site-packages/airflow/example_dags/example_datasets.py for tasks to queue
[2023-02-19T20:21:22.676+0000] {logging_mixin.py:137} INFO - [2023-02-19T20:21:22.675+0000] {dagbag.py:538} INFO - Filling up the DagBag from /home/airflow/.local/lib/python3.7/site-packages/airflow/example_dags/example_datasets.py
[2023-02-19T20:21:22.699+0000] {processor.py:753} INFO - DAG(s) dict_keys(['dataset_consumes_unknown_never_scheduled', 'dataset_consumes_1', 'dataset_consumes_1_never_scheduled', 'dataset_produces_1', 'dataset_produces_2', 'dataset_consumes_1_and_2']) retrieved from /home/airflow/.local/lib/python3.7/site-packages/airflow/example_dags/example_datasets.py
[2023-02-19T20:21:22.762+0000] {logging_mixin.py:137} INFO - [2023-02-19T20:21:22.762+0000] {dag.py:2690} INFO - Sync 6 DAGs
[2023-02-19T20:21:22.798+0000] {logging_mixin.py:137} INFO - [2023-02-19T20:21:22.798+0000] {dag.py:3441} INFO - Setting next_dagrun for dataset_consumes_1 to None, run_after=None
[2023-02-19T20:21:22.805+0000] {logging_mixin.py:137} INFO - [2023-02-19T20:21:22.805+0000] {dag.py:3441} INFO - Setting next_dagrun for dataset_consumes_1_and_2 to None, run_after=None
[2023-02-19T20:21:22.808+0000] {logging_mixin.py:137} INFO - [2023-02-19T20:21:22.808+0000] {dag.py:3441} INFO - Setting next_dagrun for dataset_consumes_1_never_scheduled to None, run_after=None
[2023-02-19T20:21:22.812+0000] {logging_mixin.py:137} INFO - [2023-02-19T20:21:22.811+0000] {dag.py:3441} INFO - Setting next_dagrun for dataset_consumes_unknown_never_scheduled to None, run_after=None
[2023-02-19T20:21:22.818+0000] {logging_mixin.py:137} INFO - [2023-02-19T20:21:22.818+0000] {dag.py:3441} INFO - Setting next_dagrun for dataset_produces_1 to 2023-02-18T00:00:00+00:00, run_after=2023-02-19T00:00:00+00:00
[2023-02-19T20:21:22.821+0000] {logging_mixin.py:137} INFO - [2023-02-19T20:21:22.821+0000] {dag.py:3441} INFO - Setting next_dagrun for dataset_produces_2 to None, run_after=None
[2023-02-19T20:21:22.863+0000] {processor.py:175} INFO - Processing /home/airflow/.local/lib/python3.7/site-packages/airflow/example_dags/example_datasets.py took 0.196 seconds
[2023-02-19T20:51:46.508+0000] {processor.py:153} INFO - Started process (PID=1557) to work on /home/airflow/.local/lib/python3.7/site-packages/airflow/example_dags/example_datasets.py
[2023-02-19T20:51:46.513+0000] {processor.py:743} INFO - Processing file /home/airflow/.local/lib/python3.7/site-packages/airflow/example_dags/example_datasets.py for tasks to queue
[2023-02-19T20:51:46.516+0000] {logging_mixin.py:137} INFO - [2023-02-19T20:51:46.516+0000] {dagbag.py:538} INFO - Filling up the DagBag from /home/airflow/.local/lib/python3.7/site-packages/airflow/example_dags/example_datasets.py
[2023-02-19T20:51:46.548+0000] {processor.py:753} INFO - DAG(s) dict_keys(['dataset_consumes_1_and_2', 'dataset_consumes_unknown_never_scheduled', 'dataset_produces_2', 'dataset_consumes_1', 'dataset_consumes_1_never_scheduled', 'dataset_produces_1']) retrieved from /home/airflow/.local/lib/python3.7/site-packages/airflow/example_dags/example_datasets.py
[2023-02-19T20:51:46.618+0000] {logging_mixin.py:137} INFO - [2023-02-19T20:51:46.617+0000] {dag.py:2690} INFO - Sync 6 DAGs
[2023-02-19T20:51:46.677+0000] {logging_mixin.py:137} INFO - [2023-02-19T20:51:46.677+0000] {dag.py:3441} INFO - Setting next_dagrun for dataset_consumes_1 to None, run_after=None
[2023-02-19T20:51:46.684+0000] {logging_mixin.py:137} INFO - [2023-02-19T20:51:46.684+0000] {dag.py:3441} INFO - Setting next_dagrun for dataset_consumes_1_and_2 to None, run_after=None
[2023-02-19T20:51:46.687+0000] {logging_mixin.py:137} INFO - [2023-02-19T20:51:46.687+0000] {dag.py:3441} INFO - Setting next_dagrun for dataset_consumes_1_never_scheduled to None, run_after=None
[2023-02-19T20:51:46.690+0000] {logging_mixin.py:137} INFO - [2023-02-19T20:51:46.690+0000] {dag.py:3441} INFO - Setting next_dagrun for dataset_consumes_unknown_never_scheduled to None, run_after=None
[2023-02-19T20:51:46.695+0000] {logging_mixin.py:137} INFO - [2023-02-19T20:51:46.695+0000] {dag.py:3441} INFO - Setting next_dagrun for dataset_produces_1 to 2023-02-18T00:00:00+00:00, run_after=2023-02-19T00:00:00+00:00
[2023-02-19T20:51:46.698+0000] {logging_mixin.py:137} INFO - [2023-02-19T20:51:46.698+0000] {dag.py:3441} INFO - Setting next_dagrun for dataset_produces_2 to None, run_after=None
[2023-02-19T20:51:46.748+0000] {processor.py:175} INFO - Processing /home/airflow/.local/lib/python3.7/site-packages/airflow/example_dags/example_datasets.py took 0.246 seconds
[2023-02-19T21:09:24.225+0000] {processor.py:153} INFO - Started process (PID=1633) to work on /home/airflow/.local/lib/python3.7/site-packages/airflow/example_dags/example_datasets.py
[2023-02-19T21:09:24.228+0000] {processor.py:743} INFO - Processing file /home/airflow/.local/lib/python3.7/site-packages/airflow/example_dags/example_datasets.py for tasks to queue
[2023-02-19T21:09:24.232+0000] {logging_mixin.py:137} INFO - [2023-02-19T21:09:24.232+0000] {dagbag.py:538} INFO - Filling up the DagBag from /home/airflow/.local/lib/python3.7/site-packages/airflow/example_dags/example_datasets.py
[2023-02-19T21:09:24.275+0000] {processor.py:753} INFO - DAG(s) dict_keys(['dataset_consumes_1_never_scheduled', 'dataset_consumes_unknown_never_scheduled', 'dataset_consumes_1_and_2', 'dataset_produces_1', 'dataset_produces_2', 'dataset_consumes_1']) retrieved from /home/airflow/.local/lib/python3.7/site-packages/airflow/example_dags/example_datasets.py
[2023-02-19T21:09:24.342+0000] {logging_mixin.py:137} INFO - [2023-02-19T21:09:24.342+0000] {dag.py:2690} INFO - Sync 6 DAGs
[2023-02-19T21:09:24.376+0000] {logging_mixin.py:137} INFO - [2023-02-19T21:09:24.376+0000] {dag.py:3441} INFO - Setting next_dagrun for dataset_consumes_1 to None, run_after=None
[2023-02-19T21:09:24.410+0000] {logging_mixin.py:137} INFO - [2023-02-19T21:09:24.410+0000] {dag.py:3441} INFO - Setting next_dagrun for dataset_consumes_1_and_2 to None, run_after=None
[2023-02-19T21:09:24.423+0000] {logging_mixin.py:137} INFO - [2023-02-19T21:09:24.422+0000] {dag.py:3441} INFO - Setting next_dagrun for dataset_consumes_1_never_scheduled to None, run_after=None
[2023-02-19T21:09:24.427+0000] {logging_mixin.py:137} INFO - [2023-02-19T21:09:24.427+0000] {dag.py:3441} INFO - Setting next_dagrun for dataset_consumes_unknown_never_scheduled to None, run_after=None
[2023-02-19T21:09:24.432+0000] {logging_mixin.py:137} INFO - [2023-02-19T21:09:24.432+0000] {dag.py:3441} INFO - Setting next_dagrun for dataset_produces_1 to 2023-02-18T00:00:00+00:00, run_after=2023-02-19T00:00:00+00:00
[2023-02-19T21:09:24.435+0000] {logging_mixin.py:137} INFO - [2023-02-19T21:09:24.435+0000] {dag.py:3441} INFO - Setting next_dagrun for dataset_produces_2 to None, run_after=None
[2023-02-19T21:09:24.505+0000] {processor.py:175} INFO - Processing /home/airflow/.local/lib/python3.7/site-packages/airflow/example_dags/example_datasets.py took 0.286 seconds
[2023-02-19T22:01:46.283+0000] {processor.py:153} INFO - Started process (PID=1707) to work on /home/airflow/.local/lib/python3.7/site-packages/airflow/example_dags/example_datasets.py
[2023-02-19T22:01:46.290+0000] {processor.py:743} INFO - Processing file /home/airflow/.local/lib/python3.7/site-packages/airflow/example_dags/example_datasets.py for tasks to queue
[2023-02-19T22:01:46.292+0000] {logging_mixin.py:137} INFO - [2023-02-19T22:01:46.292+0000] {dagbag.py:538} INFO - Filling up the DagBag from /home/airflow/.local/lib/python3.7/site-packages/airflow/example_dags/example_datasets.py
[2023-02-19T22:01:46.346+0000] {processor.py:753} INFO - DAG(s) dict_keys(['dataset_consumes_1_and_2', 'dataset_consumes_1', 'dataset_consumes_1_never_scheduled', 'dataset_produces_1', 'dataset_consumes_unknown_never_scheduled', 'dataset_produces_2']) retrieved from /home/airflow/.local/lib/python3.7/site-packages/airflow/example_dags/example_datasets.py
[2023-02-19T22:01:46.453+0000] {logging_mixin.py:137} INFO - [2023-02-19T22:01:46.452+0000] {dag.py:2690} INFO - Sync 6 DAGs
[2023-02-19T22:01:46.557+0000] {logging_mixin.py:137} INFO - [2023-02-19T22:01:46.557+0000] {dag.py:3441} INFO - Setting next_dagrun for dataset_consumes_1 to None, run_after=None
[2023-02-19T22:01:46.573+0000] {logging_mixin.py:137} INFO - [2023-02-19T22:01:46.572+0000] {dag.py:3441} INFO - Setting next_dagrun for dataset_consumes_1_and_2 to None, run_after=None
[2023-02-19T22:01:46.592+0000] {logging_mixin.py:137} INFO - [2023-02-19T22:01:46.592+0000] {dag.py:3441} INFO - Setting next_dagrun for dataset_consumes_1_never_scheduled to None, run_after=None
[2023-02-19T22:01:46.598+0000] {logging_mixin.py:137} INFO - [2023-02-19T22:01:46.598+0000] {dag.py:3441} INFO - Setting next_dagrun for dataset_consumes_unknown_never_scheduled to None, run_after=None
[2023-02-19T22:01:46.612+0000] {logging_mixin.py:137} INFO - [2023-02-19T22:01:46.611+0000] {dag.py:3441} INFO - Setting next_dagrun for dataset_produces_1 to 2023-02-18T00:00:00+00:00, run_after=2023-02-19T00:00:00+00:00
[2023-02-19T22:01:46.629+0000] {logging_mixin.py:137} INFO - [2023-02-19T22:01:46.629+0000] {dag.py:3441} INFO - Setting next_dagrun for dataset_produces_2 to None, run_after=None
[2023-02-19T22:01:46.744+0000] {processor.py:175} INFO - Processing /home/airflow/.local/lib/python3.7/site-packages/airflow/example_dags/example_datasets.py took 0.469 seconds
[2023-02-19T22:02:17.129+0000] {processor.py:153} INFO - Started process (PID=1769) to work on /home/airflow/.local/lib/python3.7/site-packages/airflow/example_dags/example_datasets.py
[2023-02-19T22:02:17.132+0000] {processor.py:743} INFO - Processing file /home/airflow/.local/lib/python3.7/site-packages/airflow/example_dags/example_datasets.py for tasks to queue
[2023-02-19T22:02:17.134+0000] {logging_mixin.py:137} INFO - [2023-02-19T22:02:17.133+0000] {dagbag.py:538} INFO - Filling up the DagBag from /home/airflow/.local/lib/python3.7/site-packages/airflow/example_dags/example_datasets.py
[2023-02-19T22:02:17.155+0000] {processor.py:753} INFO - DAG(s) dict_keys(['dataset_consumes_unknown_never_scheduled', 'dataset_consumes_1_never_scheduled', 'dataset_consumes_1', 'dataset_produces_2', 'dataset_consumes_1_and_2', 'dataset_produces_1']) retrieved from /home/airflow/.local/lib/python3.7/site-packages/airflow/example_dags/example_datasets.py
[2023-02-19T22:02:17.213+0000] {logging_mixin.py:137} INFO - [2023-02-19T22:02:17.213+0000] {dag.py:2690} INFO - Sync 6 DAGs
[2023-02-19T22:02:17.245+0000] {logging_mixin.py:137} INFO - [2023-02-19T22:02:17.244+0000] {dag.py:3441} INFO - Setting next_dagrun for dataset_consumes_1 to None, run_after=None
[2023-02-19T22:02:17.250+0000] {logging_mixin.py:137} INFO - [2023-02-19T22:02:17.250+0000] {dag.py:3441} INFO - Setting next_dagrun for dataset_consumes_1_and_2 to None, run_after=None
[2023-02-19T22:02:17.253+0000] {logging_mixin.py:137} INFO - [2023-02-19T22:02:17.253+0000] {dag.py:3441} INFO - Setting next_dagrun for dataset_consumes_1_never_scheduled to None, run_after=None
[2023-02-19T22:02:17.256+0000] {logging_mixin.py:137} INFO - [2023-02-19T22:02:17.256+0000] {dag.py:3441} INFO - Setting next_dagrun for dataset_consumes_unknown_never_scheduled to None, run_after=None
[2023-02-19T22:02:17.261+0000] {logging_mixin.py:137} INFO - [2023-02-19T22:02:17.261+0000] {dag.py:3441} INFO - Setting next_dagrun for dataset_produces_1 to 2023-02-18T00:00:00+00:00, run_after=2023-02-19T00:00:00+00:00
[2023-02-19T22:02:17.264+0000] {logging_mixin.py:137} INFO - [2023-02-19T22:02:17.263+0000] {dag.py:3441} INFO - Setting next_dagrun for dataset_produces_2 to None, run_after=None
[2023-02-19T22:02:17.304+0000] {processor.py:175} INFO - Processing /home/airflow/.local/lib/python3.7/site-packages/airflow/example_dags/example_datasets.py took 0.180 seconds
