[2023-02-19T20:10:39.830+0000] {processor.py:153} INFO - Started process (PID=64) to work on /home/airflow/.local/lib/python3.7/site-packages/airflow/example_dags/example_nested_branch_dag.py
[2023-02-19T20:10:39.850+0000] {processor.py:743} INFO - Processing file /home/airflow/.local/lib/python3.7/site-packages/airflow/example_dags/example_nested_branch_dag.py for tasks to queue
[2023-02-19T20:10:39.853+0000] {logging_mixin.py:137} INFO - [2023-02-19T20:10:39.853+0000] {dagbag.py:538} INFO - Filling up the DagBag from /home/airflow/.local/lib/python3.7/site-packages/airflow/example_dags/example_nested_branch_dag.py
[2023-02-19T20:10:39.939+0000] {processor.py:753} INFO - DAG(s) dict_keys(['example_nested_branch_dag']) retrieved from /home/airflow/.local/lib/python3.7/site-packages/airflow/example_dags/example_nested_branch_dag.py
[2023-02-19T20:10:40.036+0000] {logging_mixin.py:137} INFO - [2023-02-19T20:10:40.036+0000] {dag.py:2690} INFO - Sync 1 DAGs
[2023-02-19T20:10:40.118+0000] {logging_mixin.py:137} INFO - [2023-02-19T20:10:40.117+0000] {dag.py:3441} INFO - Setting next_dagrun for example_nested_branch_dag to 2023-02-18T00:00:00+00:00, run_after=2023-02-19T00:00:00+00:00
[2023-02-19T20:10:40.167+0000] {processor.py:175} INFO - Processing /home/airflow/.local/lib/python3.7/site-packages/airflow/example_dags/example_nested_branch_dag.py took 0.424 seconds
[2023-02-19T20:11:10.757+0000] {processor.py:153} INFO - Started process (PID=127) to work on /home/airflow/.local/lib/python3.7/site-packages/airflow/example_dags/example_nested_branch_dag.py
[2023-02-19T20:11:10.759+0000] {processor.py:743} INFO - Processing file /home/airflow/.local/lib/python3.7/site-packages/airflow/example_dags/example_nested_branch_dag.py for tasks to queue
[2023-02-19T20:11:10.762+0000] {logging_mixin.py:137} INFO - [2023-02-19T20:11:10.762+0000] {dagbag.py:538} INFO - Filling up the DagBag from /home/airflow/.local/lib/python3.7/site-packages/airflow/example_dags/example_nested_branch_dag.py
[2023-02-19T20:11:10.804+0000] {processor.py:753} INFO - DAG(s) dict_keys(['example_nested_branch_dag']) retrieved from /home/airflow/.local/lib/python3.7/site-packages/airflow/example_dags/example_nested_branch_dag.py
[2023-02-19T20:11:10.840+0000] {logging_mixin.py:137} INFO - [2023-02-19T20:11:10.840+0000] {dag.py:2690} INFO - Sync 1 DAGs
[2023-02-19T20:11:10.880+0000] {logging_mixin.py:137} INFO - [2023-02-19T20:11:10.880+0000] {dag.py:3441} INFO - Setting next_dagrun for example_nested_branch_dag to 2023-02-18T00:00:00+00:00, run_after=2023-02-19T00:00:00+00:00
[2023-02-19T20:11:10.914+0000] {processor.py:175} INFO - Processing /home/airflow/.local/lib/python3.7/site-packages/airflow/example_dags/example_nested_branch_dag.py took 0.163 seconds
[2023-02-19T20:11:41.109+0000] {processor.py:153} INFO - Started process (PID=190) to work on /home/airflow/.local/lib/python3.7/site-packages/airflow/example_dags/example_nested_branch_dag.py
[2023-02-19T20:11:41.111+0000] {processor.py:743} INFO - Processing file /home/airflow/.local/lib/python3.7/site-packages/airflow/example_dags/example_nested_branch_dag.py for tasks to queue
[2023-02-19T20:11:41.113+0000] {logging_mixin.py:137} INFO - [2023-02-19T20:11:41.113+0000] {dagbag.py:538} INFO - Filling up the DagBag from /home/airflow/.local/lib/python3.7/site-packages/airflow/example_dags/example_nested_branch_dag.py
[2023-02-19T20:11:41.144+0000] {processor.py:753} INFO - DAG(s) dict_keys(['example_nested_branch_dag']) retrieved from /home/airflow/.local/lib/python3.7/site-packages/airflow/example_dags/example_nested_branch_dag.py
[2023-02-19T20:11:41.179+0000] {logging_mixin.py:137} INFO - [2023-02-19T20:11:41.179+0000] {dag.py:2690} INFO - Sync 1 DAGs
[2023-02-19T20:11:41.222+0000] {logging_mixin.py:137} INFO - [2023-02-19T20:11:41.222+0000] {dag.py:3441} INFO - Setting next_dagrun for example_nested_branch_dag to 2023-02-18T00:00:00+00:00, run_after=2023-02-19T00:00:00+00:00
[2023-02-19T20:11:41.254+0000] {processor.py:175} INFO - Processing /home/airflow/.local/lib/python3.7/site-packages/airflow/example_dags/example_nested_branch_dag.py took 0.149 seconds
[2023-02-19T20:12:11.860+0000] {processor.py:153} INFO - Started process (PID=266) to work on /home/airflow/.local/lib/python3.7/site-packages/airflow/example_dags/example_nested_branch_dag.py
[2023-02-19T20:12:11.865+0000] {processor.py:743} INFO - Processing file /home/airflow/.local/lib/python3.7/site-packages/airflow/example_dags/example_nested_branch_dag.py for tasks to queue
[2023-02-19T20:12:11.869+0000] {logging_mixin.py:137} INFO - [2023-02-19T20:12:11.868+0000] {dagbag.py:538} INFO - Filling up the DagBag from /home/airflow/.local/lib/python3.7/site-packages/airflow/example_dags/example_nested_branch_dag.py
[2023-02-19T20:12:11.905+0000] {processor.py:753} INFO - DAG(s) dict_keys(['example_nested_branch_dag']) retrieved from /home/airflow/.local/lib/python3.7/site-packages/airflow/example_dags/example_nested_branch_dag.py
[2023-02-19T20:12:11.943+0000] {logging_mixin.py:137} INFO - [2023-02-19T20:12:11.943+0000] {dag.py:2690} INFO - Sync 1 DAGs
[2023-02-19T20:12:11.977+0000] {logging_mixin.py:137} INFO - [2023-02-19T20:12:11.977+0000] {dag.py:3441} INFO - Setting next_dagrun for example_nested_branch_dag to 2023-02-18T00:00:00+00:00, run_after=2023-02-19T00:00:00+00:00
[2023-02-19T20:12:12.043+0000] {processor.py:175} INFO - Processing /home/airflow/.local/lib/python3.7/site-packages/airflow/example_dags/example_nested_branch_dag.py took 0.190 seconds
[2023-02-19T20:12:42.224+0000] {processor.py:153} INFO - Started process (PID=329) to work on /home/airflow/.local/lib/python3.7/site-packages/airflow/example_dags/example_nested_branch_dag.py
[2023-02-19T20:12:42.227+0000] {processor.py:743} INFO - Processing file /home/airflow/.local/lib/python3.7/site-packages/airflow/example_dags/example_nested_branch_dag.py for tasks to queue
[2023-02-19T20:12:42.229+0000] {logging_mixin.py:137} INFO - [2023-02-19T20:12:42.229+0000] {dagbag.py:538} INFO - Filling up the DagBag from /home/airflow/.local/lib/python3.7/site-packages/airflow/example_dags/example_nested_branch_dag.py
[2023-02-19T20:12:42.300+0000] {processor.py:753} INFO - DAG(s) dict_keys(['example_nested_branch_dag']) retrieved from /home/airflow/.local/lib/python3.7/site-packages/airflow/example_dags/example_nested_branch_dag.py
[2023-02-19T20:12:42.373+0000] {logging_mixin.py:137} INFO - [2023-02-19T20:12:42.373+0000] {dag.py:2690} INFO - Sync 1 DAGs
[2023-02-19T20:12:42.421+0000] {logging_mixin.py:137} INFO - [2023-02-19T20:12:42.421+0000] {dag.py:3441} INFO - Setting next_dagrun for example_nested_branch_dag to 2023-02-18T00:00:00+00:00, run_after=2023-02-19T00:00:00+00:00
[2023-02-19T20:12:42.462+0000] {processor.py:175} INFO - Processing /home/airflow/.local/lib/python3.7/site-packages/airflow/example_dags/example_nested_branch_dag.py took 0.252 seconds
[2023-02-19T20:13:12.830+0000] {processor.py:153} INFO - Started process (PID=404) to work on /home/airflow/.local/lib/python3.7/site-packages/airflow/example_dags/example_nested_branch_dag.py
[2023-02-19T20:13:12.832+0000] {processor.py:743} INFO - Processing file /home/airflow/.local/lib/python3.7/site-packages/airflow/example_dags/example_nested_branch_dag.py for tasks to queue
[2023-02-19T20:13:12.834+0000] {logging_mixin.py:137} INFO - [2023-02-19T20:13:12.834+0000] {dagbag.py:538} INFO - Filling up the DagBag from /home/airflow/.local/lib/python3.7/site-packages/airflow/example_dags/example_nested_branch_dag.py
[2023-02-19T20:13:12.867+0000] {processor.py:753} INFO - DAG(s) dict_keys(['example_nested_branch_dag']) retrieved from /home/airflow/.local/lib/python3.7/site-packages/airflow/example_dags/example_nested_branch_dag.py
[2023-02-19T20:13:12.901+0000] {logging_mixin.py:137} INFO - [2023-02-19T20:13:12.901+0000] {dag.py:2690} INFO - Sync 1 DAGs
[2023-02-19T20:13:12.936+0000] {logging_mixin.py:137} INFO - [2023-02-19T20:13:12.936+0000] {dag.py:3441} INFO - Setting next_dagrun for example_nested_branch_dag to 2023-02-18T00:00:00+00:00, run_after=2023-02-19T00:00:00+00:00
[2023-02-19T20:13:12.963+0000] {processor.py:175} INFO - Processing /home/airflow/.local/lib/python3.7/site-packages/airflow/example_dags/example_nested_branch_dag.py took 0.138 seconds
[2023-02-19T20:13:43.048+0000] {processor.py:153} INFO - Started process (PID=467) to work on /home/airflow/.local/lib/python3.7/site-packages/airflow/example_dags/example_nested_branch_dag.py
[2023-02-19T20:13:43.050+0000] {processor.py:743} INFO - Processing file /home/airflow/.local/lib/python3.7/site-packages/airflow/example_dags/example_nested_branch_dag.py for tasks to queue
[2023-02-19T20:13:43.052+0000] {logging_mixin.py:137} INFO - [2023-02-19T20:13:43.052+0000] {dagbag.py:538} INFO - Filling up the DagBag from /home/airflow/.local/lib/python3.7/site-packages/airflow/example_dags/example_nested_branch_dag.py
[2023-02-19T20:13:43.088+0000] {processor.py:753} INFO - DAG(s) dict_keys(['example_nested_branch_dag']) retrieved from /home/airflow/.local/lib/python3.7/site-packages/airflow/example_dags/example_nested_branch_dag.py
[2023-02-19T20:13:43.146+0000] {logging_mixin.py:137} INFO - [2023-02-19T20:13:43.146+0000] {dag.py:2690} INFO - Sync 1 DAGs
[2023-02-19T20:13:43.184+0000] {logging_mixin.py:137} INFO - [2023-02-19T20:13:43.184+0000] {dag.py:3441} INFO - Setting next_dagrun for example_nested_branch_dag to 2023-02-18T00:00:00+00:00, run_after=2023-02-19T00:00:00+00:00
[2023-02-19T20:13:43.218+0000] {processor.py:175} INFO - Processing /home/airflow/.local/lib/python3.7/site-packages/airflow/example_dags/example_nested_branch_dag.py took 0.176 seconds
[2023-02-19T20:14:13.783+0000] {processor.py:153} INFO - Started process (PID=530) to work on /home/airflow/.local/lib/python3.7/site-packages/airflow/example_dags/example_nested_branch_dag.py
[2023-02-19T20:14:13.786+0000] {processor.py:743} INFO - Processing file /home/airflow/.local/lib/python3.7/site-packages/airflow/example_dags/example_nested_branch_dag.py for tasks to queue
[2023-02-19T20:14:13.788+0000] {logging_mixin.py:137} INFO - [2023-02-19T20:14:13.787+0000] {dagbag.py:538} INFO - Filling up the DagBag from /home/airflow/.local/lib/python3.7/site-packages/airflow/example_dags/example_nested_branch_dag.py
[2023-02-19T20:14:13.819+0000] {processor.py:753} INFO - DAG(s) dict_keys(['example_nested_branch_dag']) retrieved from /home/airflow/.local/lib/python3.7/site-packages/airflow/example_dags/example_nested_branch_dag.py
[2023-02-19T20:14:13.858+0000] {logging_mixin.py:137} INFO - [2023-02-19T20:14:13.858+0000] {dag.py:2690} INFO - Sync 1 DAGs
[2023-02-19T20:14:13.895+0000] {logging_mixin.py:137} INFO - [2023-02-19T20:14:13.894+0000] {dag.py:3441} INFO - Setting next_dagrun for example_nested_branch_dag to 2023-02-18T00:00:00+00:00, run_after=2023-02-19T00:00:00+00:00
[2023-02-19T20:14:13.925+0000] {processor.py:175} INFO - Processing /home/airflow/.local/lib/python3.7/site-packages/airflow/example_dags/example_nested_branch_dag.py took 0.146 seconds
[2023-02-19T20:14:44.507+0000] {processor.py:153} INFO - Started process (PID=605) to work on /home/airflow/.local/lib/python3.7/site-packages/airflow/example_dags/example_nested_branch_dag.py
[2023-02-19T20:14:44.509+0000] {processor.py:743} INFO - Processing file /home/airflow/.local/lib/python3.7/site-packages/airflow/example_dags/example_nested_branch_dag.py for tasks to queue
[2023-02-19T20:14:44.511+0000] {logging_mixin.py:137} INFO - [2023-02-19T20:14:44.511+0000] {dagbag.py:538} INFO - Filling up the DagBag from /home/airflow/.local/lib/python3.7/site-packages/airflow/example_dags/example_nested_branch_dag.py
[2023-02-19T20:14:44.543+0000] {processor.py:753} INFO - DAG(s) dict_keys(['example_nested_branch_dag']) retrieved from /home/airflow/.local/lib/python3.7/site-packages/airflow/example_dags/example_nested_branch_dag.py
[2023-02-19T20:14:44.578+0000] {logging_mixin.py:137} INFO - [2023-02-19T20:14:44.578+0000] {dag.py:2690} INFO - Sync 1 DAGs
[2023-02-19T20:14:44.614+0000] {logging_mixin.py:137} INFO - [2023-02-19T20:14:44.614+0000] {dag.py:3441} INFO - Setting next_dagrun for example_nested_branch_dag to 2023-02-18T00:00:00+00:00, run_after=2023-02-19T00:00:00+00:00
[2023-02-19T20:14:44.637+0000] {processor.py:175} INFO - Processing /home/airflow/.local/lib/python3.7/site-packages/airflow/example_dags/example_nested_branch_dag.py took 0.135 seconds
[2023-02-19T20:15:15.322+0000] {processor.py:153} INFO - Started process (PID=668) to work on /home/airflow/.local/lib/python3.7/site-packages/airflow/example_dags/example_nested_branch_dag.py
[2023-02-19T20:15:15.324+0000] {processor.py:743} INFO - Processing file /home/airflow/.local/lib/python3.7/site-packages/airflow/example_dags/example_nested_branch_dag.py for tasks to queue
[2023-02-19T20:15:15.326+0000] {logging_mixin.py:137} INFO - [2023-02-19T20:15:15.326+0000] {dagbag.py:538} INFO - Filling up the DagBag from /home/airflow/.local/lib/python3.7/site-packages/airflow/example_dags/example_nested_branch_dag.py
[2023-02-19T20:15:15.359+0000] {processor.py:753} INFO - DAG(s) dict_keys(['example_nested_branch_dag']) retrieved from /home/airflow/.local/lib/python3.7/site-packages/airflow/example_dags/example_nested_branch_dag.py
[2023-02-19T20:15:15.394+0000] {logging_mixin.py:137} INFO - [2023-02-19T20:15:15.394+0000] {dag.py:2690} INFO - Sync 1 DAGs
[2023-02-19T20:15:15.428+0000] {logging_mixin.py:137} INFO - [2023-02-19T20:15:15.428+0000] {dag.py:3441} INFO - Setting next_dagrun for example_nested_branch_dag to 2023-02-18T00:00:00+00:00, run_after=2023-02-19T00:00:00+00:00
[2023-02-19T20:15:15.453+0000] {processor.py:175} INFO - Processing /home/airflow/.local/lib/python3.7/site-packages/airflow/example_dags/example_nested_branch_dag.py took 0.136 seconds
[2023-02-19T20:15:45.951+0000] {processor.py:153} INFO - Started process (PID=744) to work on /home/airflow/.local/lib/python3.7/site-packages/airflow/example_dags/example_nested_branch_dag.py
[2023-02-19T20:15:45.954+0000] {processor.py:743} INFO - Processing file /home/airflow/.local/lib/python3.7/site-packages/airflow/example_dags/example_nested_branch_dag.py for tasks to queue
[2023-02-19T20:15:45.956+0000] {logging_mixin.py:137} INFO - [2023-02-19T20:15:45.955+0000] {dagbag.py:538} INFO - Filling up the DagBag from /home/airflow/.local/lib/python3.7/site-packages/airflow/example_dags/example_nested_branch_dag.py
[2023-02-19T20:15:45.992+0000] {processor.py:753} INFO - DAG(s) dict_keys(['example_nested_branch_dag']) retrieved from /home/airflow/.local/lib/python3.7/site-packages/airflow/example_dags/example_nested_branch_dag.py
[2023-02-19T20:15:46.026+0000] {logging_mixin.py:137} INFO - [2023-02-19T20:15:46.026+0000] {dag.py:2690} INFO - Sync 1 DAGs
[2023-02-19T20:15:46.063+0000] {logging_mixin.py:137} INFO - [2023-02-19T20:15:46.063+0000] {dag.py:3441} INFO - Setting next_dagrun for example_nested_branch_dag to 2023-02-18T00:00:00+00:00, run_after=2023-02-19T00:00:00+00:00
[2023-02-19T20:15:46.090+0000] {processor.py:175} INFO - Processing /home/airflow/.local/lib/python3.7/site-packages/airflow/example_dags/example_nested_branch_dag.py took 0.144 seconds
[2023-02-19T20:16:16.601+0000] {processor.py:153} INFO - Started process (PID=808) to work on /home/airflow/.local/lib/python3.7/site-packages/airflow/example_dags/example_nested_branch_dag.py
[2023-02-19T20:16:16.603+0000] {processor.py:743} INFO - Processing file /home/airflow/.local/lib/python3.7/site-packages/airflow/example_dags/example_nested_branch_dag.py for tasks to queue
[2023-02-19T20:16:16.605+0000] {logging_mixin.py:137} INFO - [2023-02-19T20:16:16.605+0000] {dagbag.py:538} INFO - Filling up the DagBag from /home/airflow/.local/lib/python3.7/site-packages/airflow/example_dags/example_nested_branch_dag.py
[2023-02-19T20:16:16.637+0000] {processor.py:753} INFO - DAG(s) dict_keys(['example_nested_branch_dag']) retrieved from /home/airflow/.local/lib/python3.7/site-packages/airflow/example_dags/example_nested_branch_dag.py
[2023-02-19T20:16:16.678+0000] {logging_mixin.py:137} INFO - [2023-02-19T20:16:16.678+0000] {dag.py:2690} INFO - Sync 1 DAGs
[2023-02-19T20:16:16.727+0000] {logging_mixin.py:137} INFO - [2023-02-19T20:16:16.727+0000] {dag.py:3441} INFO - Setting next_dagrun for example_nested_branch_dag to 2023-02-18T00:00:00+00:00, run_after=2023-02-19T00:00:00+00:00
[2023-02-19T20:16:16.753+0000] {processor.py:175} INFO - Processing /home/airflow/.local/lib/python3.7/site-packages/airflow/example_dags/example_nested_branch_dag.py took 0.157 seconds
[2023-02-19T20:16:47.243+0000] {processor.py:153} INFO - Started process (PID=883) to work on /home/airflow/.local/lib/python3.7/site-packages/airflow/example_dags/example_nested_branch_dag.py
[2023-02-19T20:16:47.245+0000] {processor.py:743} INFO - Processing file /home/airflow/.local/lib/python3.7/site-packages/airflow/example_dags/example_nested_branch_dag.py for tasks to queue
[2023-02-19T20:16:47.247+0000] {logging_mixin.py:137} INFO - [2023-02-19T20:16:47.247+0000] {dagbag.py:538} INFO - Filling up the DagBag from /home/airflow/.local/lib/python3.7/site-packages/airflow/example_dags/example_nested_branch_dag.py
[2023-02-19T20:16:47.279+0000] {processor.py:753} INFO - DAG(s) dict_keys(['example_nested_branch_dag']) retrieved from /home/airflow/.local/lib/python3.7/site-packages/airflow/example_dags/example_nested_branch_dag.py
[2023-02-19T20:16:47.313+0000] {logging_mixin.py:137} INFO - [2023-02-19T20:16:47.313+0000] {dag.py:2690} INFO - Sync 1 DAGs
[2023-02-19T20:16:47.345+0000] {logging_mixin.py:137} INFO - [2023-02-19T20:16:47.345+0000] {dag.py:3441} INFO - Setting next_dagrun for example_nested_branch_dag to 2023-02-18T00:00:00+00:00, run_after=2023-02-19T00:00:00+00:00
[2023-02-19T20:16:47.369+0000] {processor.py:175} INFO - Processing /home/airflow/.local/lib/python3.7/site-packages/airflow/example_dags/example_nested_branch_dag.py took 0.131 seconds
[2023-02-19T20:17:18.100+0000] {processor.py:153} INFO - Started process (PID=946) to work on /home/airflow/.local/lib/python3.7/site-packages/airflow/example_dags/example_nested_branch_dag.py
[2023-02-19T20:17:18.103+0000] {processor.py:743} INFO - Processing file /home/airflow/.local/lib/python3.7/site-packages/airflow/example_dags/example_nested_branch_dag.py for tasks to queue
[2023-02-19T20:17:18.105+0000] {logging_mixin.py:137} INFO - [2023-02-19T20:17:18.105+0000] {dagbag.py:538} INFO - Filling up the DagBag from /home/airflow/.local/lib/python3.7/site-packages/airflow/example_dags/example_nested_branch_dag.py
[2023-02-19T20:17:18.142+0000] {processor.py:753} INFO - DAG(s) dict_keys(['example_nested_branch_dag']) retrieved from /home/airflow/.local/lib/python3.7/site-packages/airflow/example_dags/example_nested_branch_dag.py
[2023-02-19T20:17:18.174+0000] {logging_mixin.py:137} INFO - [2023-02-19T20:17:18.174+0000] {dag.py:2690} INFO - Sync 1 DAGs
[2023-02-19T20:17:18.207+0000] {logging_mixin.py:137} INFO - [2023-02-19T20:17:18.207+0000] {dag.py:3441} INFO - Setting next_dagrun for example_nested_branch_dag to 2023-02-18T00:00:00+00:00, run_after=2023-02-19T00:00:00+00:00
[2023-02-19T20:17:18.230+0000] {processor.py:175} INFO - Processing /home/airflow/.local/lib/python3.7/site-packages/airflow/example_dags/example_nested_branch_dag.py took 0.135 seconds
[2023-02-19T20:17:48.829+0000] {processor.py:153} INFO - Started process (PID=1021) to work on /home/airflow/.local/lib/python3.7/site-packages/airflow/example_dags/example_nested_branch_dag.py
[2023-02-19T20:17:48.837+0000] {processor.py:743} INFO - Processing file /home/airflow/.local/lib/python3.7/site-packages/airflow/example_dags/example_nested_branch_dag.py for tasks to queue
[2023-02-19T20:17:48.839+0000] {logging_mixin.py:137} INFO - [2023-02-19T20:17:48.839+0000] {dagbag.py:538} INFO - Filling up the DagBag from /home/airflow/.local/lib/python3.7/site-packages/airflow/example_dags/example_nested_branch_dag.py
[2023-02-19T20:17:48.872+0000] {processor.py:753} INFO - DAG(s) dict_keys(['example_nested_branch_dag']) retrieved from /home/airflow/.local/lib/python3.7/site-packages/airflow/example_dags/example_nested_branch_dag.py
[2023-02-19T20:17:48.907+0000] {logging_mixin.py:137} INFO - [2023-02-19T20:17:48.907+0000] {dag.py:2690} INFO - Sync 1 DAGs
[2023-02-19T20:17:48.941+0000] {logging_mixin.py:137} INFO - [2023-02-19T20:17:48.941+0000] {dag.py:3441} INFO - Setting next_dagrun for example_nested_branch_dag to 2023-02-18T00:00:00+00:00, run_after=2023-02-19T00:00:00+00:00
[2023-02-19T20:17:48.967+0000] {processor.py:175} INFO - Processing /home/airflow/.local/lib/python3.7/site-packages/airflow/example_dags/example_nested_branch_dag.py took 0.144 seconds
[2023-02-19T20:18:19.341+0000] {processor.py:153} INFO - Started process (PID=1085) to work on /home/airflow/.local/lib/python3.7/site-packages/airflow/example_dags/example_nested_branch_dag.py
[2023-02-19T20:18:19.343+0000] {processor.py:743} INFO - Processing file /home/airflow/.local/lib/python3.7/site-packages/airflow/example_dags/example_nested_branch_dag.py for tasks to queue
[2023-02-19T20:18:19.345+0000] {logging_mixin.py:137} INFO - [2023-02-19T20:18:19.345+0000] {dagbag.py:538} INFO - Filling up the DagBag from /home/airflow/.local/lib/python3.7/site-packages/airflow/example_dags/example_nested_branch_dag.py
[2023-02-19T20:18:19.377+0000] {processor.py:753} INFO - DAG(s) dict_keys(['example_nested_branch_dag']) retrieved from /home/airflow/.local/lib/python3.7/site-packages/airflow/example_dags/example_nested_branch_dag.py
[2023-02-19T20:18:19.414+0000] {logging_mixin.py:137} INFO - [2023-02-19T20:18:19.414+0000] {dag.py:2690} INFO - Sync 1 DAGs
[2023-02-19T20:18:19.448+0000] {logging_mixin.py:137} INFO - [2023-02-19T20:18:19.448+0000] {dag.py:3441} INFO - Setting next_dagrun for example_nested_branch_dag to 2023-02-18T00:00:00+00:00, run_after=2023-02-19T00:00:00+00:00
[2023-02-19T20:18:19.472+0000] {processor.py:175} INFO - Processing /home/airflow/.local/lib/python3.7/site-packages/airflow/example_dags/example_nested_branch_dag.py took 0.136 seconds
[2023-02-19T20:18:49.982+0000] {processor.py:153} INFO - Started process (PID=1156) to work on /home/airflow/.local/lib/python3.7/site-packages/airflow/example_dags/example_nested_branch_dag.py
[2023-02-19T20:18:49.984+0000] {processor.py:743} INFO - Processing file /home/airflow/.local/lib/python3.7/site-packages/airflow/example_dags/example_nested_branch_dag.py for tasks to queue
[2023-02-19T20:18:49.987+0000] {logging_mixin.py:137} INFO - [2023-02-19T20:18:49.987+0000] {dagbag.py:538} INFO - Filling up the DagBag from /home/airflow/.local/lib/python3.7/site-packages/airflow/example_dags/example_nested_branch_dag.py
[2023-02-19T20:18:50.023+0000] {processor.py:753} INFO - DAG(s) dict_keys(['example_nested_branch_dag']) retrieved from /home/airflow/.local/lib/python3.7/site-packages/airflow/example_dags/example_nested_branch_dag.py
[2023-02-19T20:18:50.061+0000] {logging_mixin.py:137} INFO - [2023-02-19T20:18:50.060+0000] {dag.py:2690} INFO - Sync 1 DAGs
[2023-02-19T20:18:50.097+0000] {logging_mixin.py:137} INFO - [2023-02-19T20:18:50.097+0000] {dag.py:3441} INFO - Setting next_dagrun for example_nested_branch_dag to 2023-02-18T00:00:00+00:00, run_after=2023-02-19T00:00:00+00:00
[2023-02-19T20:18:50.125+0000] {processor.py:175} INFO - Processing /home/airflow/.local/lib/python3.7/site-packages/airflow/example_dags/example_nested_branch_dag.py took 0.149 seconds
[2023-02-19T20:19:20.753+0000] {processor.py:153} INFO - Started process (PID=1222) to work on /home/airflow/.local/lib/python3.7/site-packages/airflow/example_dags/example_nested_branch_dag.py
[2023-02-19T20:19:20.756+0000] {processor.py:743} INFO - Processing file /home/airflow/.local/lib/python3.7/site-packages/airflow/example_dags/example_nested_branch_dag.py for tasks to queue
[2023-02-19T20:19:20.758+0000] {logging_mixin.py:137} INFO - [2023-02-19T20:19:20.757+0000] {dagbag.py:538} INFO - Filling up the DagBag from /home/airflow/.local/lib/python3.7/site-packages/airflow/example_dags/example_nested_branch_dag.py
[2023-02-19T20:19:20.791+0000] {processor.py:753} INFO - DAG(s) dict_keys(['example_nested_branch_dag']) retrieved from /home/airflow/.local/lib/python3.7/site-packages/airflow/example_dags/example_nested_branch_dag.py
[2023-02-19T20:19:20.826+0000] {logging_mixin.py:137} INFO - [2023-02-19T20:19:20.826+0000] {dag.py:2690} INFO - Sync 1 DAGs
[2023-02-19T20:19:20.867+0000] {logging_mixin.py:137} INFO - [2023-02-19T20:19:20.867+0000] {dag.py:3441} INFO - Setting next_dagrun for example_nested_branch_dag to 2023-02-18T00:00:00+00:00, run_after=2023-02-19T00:00:00+00:00
[2023-02-19T20:19:20.895+0000] {processor.py:175} INFO - Processing /home/airflow/.local/lib/python3.7/site-packages/airflow/example_dags/example_nested_branch_dag.py took 0.147 seconds
[2023-02-19T20:19:51.235+0000] {processor.py:153} INFO - Started process (PID=1285) to work on /home/airflow/.local/lib/python3.7/site-packages/airflow/example_dags/example_nested_branch_dag.py
[2023-02-19T20:19:51.237+0000] {processor.py:743} INFO - Processing file /home/airflow/.local/lib/python3.7/site-packages/airflow/example_dags/example_nested_branch_dag.py for tasks to queue
[2023-02-19T20:19:51.239+0000] {logging_mixin.py:137} INFO - [2023-02-19T20:19:51.238+0000] {dagbag.py:538} INFO - Filling up the DagBag from /home/airflow/.local/lib/python3.7/site-packages/airflow/example_dags/example_nested_branch_dag.py
[2023-02-19T20:19:51.272+0000] {processor.py:753} INFO - DAG(s) dict_keys(['example_nested_branch_dag']) retrieved from /home/airflow/.local/lib/python3.7/site-packages/airflow/example_dags/example_nested_branch_dag.py
[2023-02-19T20:19:51.306+0000] {logging_mixin.py:137} INFO - [2023-02-19T20:19:51.306+0000] {dag.py:2690} INFO - Sync 1 DAGs
[2023-02-19T20:19:51.348+0000] {logging_mixin.py:137} INFO - [2023-02-19T20:19:51.348+0000] {dag.py:3441} INFO - Setting next_dagrun for example_nested_branch_dag to 2023-02-18T00:00:00+00:00, run_after=2023-02-19T00:00:00+00:00
[2023-02-19T20:19:51.376+0000] {processor.py:175} INFO - Processing /home/airflow/.local/lib/python3.7/site-packages/airflow/example_dags/example_nested_branch_dag.py took 0.146 seconds
[2023-02-19T20:20:21.939+0000] {processor.py:153} INFO - Started process (PID=1361) to work on /home/airflow/.local/lib/python3.7/site-packages/airflow/example_dags/example_nested_branch_dag.py
[2023-02-19T20:20:21.941+0000] {processor.py:743} INFO - Processing file /home/airflow/.local/lib/python3.7/site-packages/airflow/example_dags/example_nested_branch_dag.py for tasks to queue
[2023-02-19T20:20:21.943+0000] {logging_mixin.py:137} INFO - [2023-02-19T20:20:21.943+0000] {dagbag.py:538} INFO - Filling up the DagBag from /home/airflow/.local/lib/python3.7/site-packages/airflow/example_dags/example_nested_branch_dag.py
[2023-02-19T20:20:21.976+0000] {processor.py:753} INFO - DAG(s) dict_keys(['example_nested_branch_dag']) retrieved from /home/airflow/.local/lib/python3.7/site-packages/airflow/example_dags/example_nested_branch_dag.py
[2023-02-19T20:20:22.010+0000] {logging_mixin.py:137} INFO - [2023-02-19T20:20:22.010+0000] {dag.py:2690} INFO - Sync 1 DAGs
[2023-02-19T20:20:22.044+0000] {logging_mixin.py:137} INFO - [2023-02-19T20:20:22.044+0000] {dag.py:3441} INFO - Setting next_dagrun for example_nested_branch_dag to 2023-02-18T00:00:00+00:00, run_after=2023-02-19T00:00:00+00:00
[2023-02-19T20:20:22.079+0000] {processor.py:175} INFO - Processing /home/airflow/.local/lib/python3.7/site-packages/airflow/example_dags/example_nested_branch_dag.py took 0.146 seconds
[2023-02-19T20:20:52.547+0000] {processor.py:153} INFO - Started process (PID=1425) to work on /home/airflow/.local/lib/python3.7/site-packages/airflow/example_dags/example_nested_branch_dag.py
[2023-02-19T20:20:52.549+0000] {processor.py:743} INFO - Processing file /home/airflow/.local/lib/python3.7/site-packages/airflow/example_dags/example_nested_branch_dag.py for tasks to queue
[2023-02-19T20:20:52.552+0000] {logging_mixin.py:137} INFO - [2023-02-19T20:20:52.552+0000] {dagbag.py:538} INFO - Filling up the DagBag from /home/airflow/.local/lib/python3.7/site-packages/airflow/example_dags/example_nested_branch_dag.py
[2023-02-19T20:20:52.586+0000] {processor.py:753} INFO - DAG(s) dict_keys(['example_nested_branch_dag']) retrieved from /home/airflow/.local/lib/python3.7/site-packages/airflow/example_dags/example_nested_branch_dag.py
[2023-02-19T20:20:52.620+0000] {logging_mixin.py:137} INFO - [2023-02-19T20:20:52.620+0000] {dag.py:2690} INFO - Sync 1 DAGs
[2023-02-19T20:20:52.658+0000] {logging_mixin.py:137} INFO - [2023-02-19T20:20:52.658+0000] {dag.py:3441} INFO - Setting next_dagrun for example_nested_branch_dag to 2023-02-18T00:00:00+00:00, run_after=2023-02-19T00:00:00+00:00
[2023-02-19T20:20:52.691+0000] {processor.py:175} INFO - Processing /home/airflow/.local/lib/python3.7/site-packages/airflow/example_dags/example_nested_branch_dag.py took 0.149 seconds
[2023-02-19T20:21:22.963+0000] {processor.py:153} INFO - Started process (PID=1499) to work on /home/airflow/.local/lib/python3.7/site-packages/airflow/example_dags/example_nested_branch_dag.py
[2023-02-19T20:21:22.965+0000] {processor.py:743} INFO - Processing file /home/airflow/.local/lib/python3.7/site-packages/airflow/example_dags/example_nested_branch_dag.py for tasks to queue
[2023-02-19T20:21:22.967+0000] {logging_mixin.py:137} INFO - [2023-02-19T20:21:22.967+0000] {dagbag.py:538} INFO - Filling up the DagBag from /home/airflow/.local/lib/python3.7/site-packages/airflow/example_dags/example_nested_branch_dag.py
[2023-02-19T20:21:22.998+0000] {processor.py:753} INFO - DAG(s) dict_keys(['example_nested_branch_dag']) retrieved from /home/airflow/.local/lib/python3.7/site-packages/airflow/example_dags/example_nested_branch_dag.py
[2023-02-19T20:21:23.031+0000] {logging_mixin.py:137} INFO - [2023-02-19T20:21:23.031+0000] {dag.py:2690} INFO - Sync 1 DAGs
[2023-02-19T20:21:23.066+0000] {logging_mixin.py:137} INFO - [2023-02-19T20:21:23.066+0000] {dag.py:3441} INFO - Setting next_dagrun for example_nested_branch_dag to 2023-02-18T00:00:00+00:00, run_after=2023-02-19T00:00:00+00:00
[2023-02-19T20:21:23.093+0000] {processor.py:175} INFO - Processing /home/airflow/.local/lib/python3.7/site-packages/airflow/example_dags/example_nested_branch_dag.py took 0.135 seconds
[2023-02-19T20:51:46.826+0000] {processor.py:153} INFO - Started process (PID=1560) to work on /home/airflow/.local/lib/python3.7/site-packages/airflow/example_dags/example_nested_branch_dag.py
[2023-02-19T20:51:46.832+0000] {processor.py:743} INFO - Processing file /home/airflow/.local/lib/python3.7/site-packages/airflow/example_dags/example_nested_branch_dag.py for tasks to queue
[2023-02-19T20:51:46.834+0000] {logging_mixin.py:137} INFO - [2023-02-19T20:51:46.834+0000] {dagbag.py:538} INFO - Filling up the DagBag from /home/airflow/.local/lib/python3.7/site-packages/airflow/example_dags/example_nested_branch_dag.py
[2023-02-19T20:51:46.869+0000] {processor.py:753} INFO - DAG(s) dict_keys(['example_nested_branch_dag']) retrieved from /home/airflow/.local/lib/python3.7/site-packages/airflow/example_dags/example_nested_branch_dag.py
[2023-02-19T20:51:46.908+0000] {logging_mixin.py:137} INFO - [2023-02-19T20:51:46.908+0000] {dag.py:2690} INFO - Sync 1 DAGs
[2023-02-19T20:51:46.945+0000] {logging_mixin.py:137} INFO - [2023-02-19T20:51:46.945+0000] {dag.py:3441} INFO - Setting next_dagrun for example_nested_branch_dag to 2023-02-18T00:00:00+00:00, run_after=2023-02-19T00:00:00+00:00
[2023-02-19T20:51:46.973+0000] {processor.py:175} INFO - Processing /home/airflow/.local/lib/python3.7/site-packages/airflow/example_dags/example_nested_branch_dag.py took 0.152 seconds
[2023-02-19T21:09:24.562+0000] {processor.py:153} INFO - Started process (PID=1636) to work on /home/airflow/.local/lib/python3.7/site-packages/airflow/example_dags/example_nested_branch_dag.py
[2023-02-19T21:09:24.565+0000] {processor.py:743} INFO - Processing file /home/airflow/.local/lib/python3.7/site-packages/airflow/example_dags/example_nested_branch_dag.py for tasks to queue
[2023-02-19T21:09:24.569+0000] {logging_mixin.py:137} INFO - [2023-02-19T21:09:24.568+0000] {dagbag.py:538} INFO - Filling up the DagBag from /home/airflow/.local/lib/python3.7/site-packages/airflow/example_dags/example_nested_branch_dag.py
[2023-02-19T21:09:24.615+0000] {processor.py:753} INFO - DAG(s) dict_keys(['example_nested_branch_dag']) retrieved from /home/airflow/.local/lib/python3.7/site-packages/airflow/example_dags/example_nested_branch_dag.py
[2023-02-19T21:09:24.661+0000] {logging_mixin.py:137} INFO - [2023-02-19T21:09:24.661+0000] {dag.py:2690} INFO - Sync 1 DAGs
[2023-02-19T21:09:24.700+0000] {logging_mixin.py:137} INFO - [2023-02-19T21:09:24.699+0000] {dag.py:3441} INFO - Setting next_dagrun for example_nested_branch_dag to 2023-02-18T00:00:00+00:00, run_after=2023-02-19T00:00:00+00:00
[2023-02-19T21:09:24.740+0000] {processor.py:175} INFO - Processing /home/airflow/.local/lib/python3.7/site-packages/airflow/example_dags/example_nested_branch_dag.py took 0.185 seconds
[2023-02-19T22:01:47.098+0000] {processor.py:153} INFO - Started process (PID=1710) to work on /home/airflow/.local/lib/python3.7/site-packages/airflow/example_dags/example_nested_branch_dag.py
[2023-02-19T22:01:47.105+0000] {processor.py:743} INFO - Processing file /home/airflow/.local/lib/python3.7/site-packages/airflow/example_dags/example_nested_branch_dag.py for tasks to queue
[2023-02-19T22:01:47.120+0000] {logging_mixin.py:137} INFO - [2023-02-19T22:01:47.119+0000] {dagbag.py:538} INFO - Filling up the DagBag from /home/airflow/.local/lib/python3.7/site-packages/airflow/example_dags/example_nested_branch_dag.py
[2023-02-19T22:01:47.333+0000] {processor.py:753} INFO - DAG(s) dict_keys(['example_nested_branch_dag']) retrieved from /home/airflow/.local/lib/python3.7/site-packages/airflow/example_dags/example_nested_branch_dag.py
[2023-02-19T22:01:47.497+0000] {logging_mixin.py:137} INFO - [2023-02-19T22:01:47.496+0000] {dag.py:2690} INFO - Sync 1 DAGs
[2023-02-19T22:01:47.592+0000] {logging_mixin.py:137} INFO - [2023-02-19T22:01:47.591+0000] {dag.py:3441} INFO - Setting next_dagrun for example_nested_branch_dag to 2023-02-18T00:00:00+00:00, run_after=2023-02-19T00:00:00+00:00
[2023-02-19T22:01:47.638+0000] {processor.py:175} INFO - Processing /home/airflow/.local/lib/python3.7/site-packages/airflow/example_dags/example_nested_branch_dag.py took 0.554 seconds
[2023-02-19T22:02:18.362+0000] {processor.py:153} INFO - Started process (PID=1772) to work on /home/airflow/.local/lib/python3.7/site-packages/airflow/example_dags/example_nested_branch_dag.py
[2023-02-19T22:02:18.365+0000] {processor.py:743} INFO - Processing file /home/airflow/.local/lib/python3.7/site-packages/airflow/example_dags/example_nested_branch_dag.py for tasks to queue
[2023-02-19T22:02:18.367+0000] {logging_mixin.py:137} INFO - [2023-02-19T22:02:18.366+0000] {dagbag.py:538} INFO - Filling up the DagBag from /home/airflow/.local/lib/python3.7/site-packages/airflow/example_dags/example_nested_branch_dag.py
[2023-02-19T22:02:18.401+0000] {processor.py:753} INFO - DAG(s) dict_keys(['example_nested_branch_dag']) retrieved from /home/airflow/.local/lib/python3.7/site-packages/airflow/example_dags/example_nested_branch_dag.py
[2023-02-19T22:02:18.444+0000] {logging_mixin.py:137} INFO - [2023-02-19T22:02:18.443+0000] {dag.py:2690} INFO - Sync 1 DAGs
[2023-02-19T22:02:18.491+0000] {logging_mixin.py:137} INFO - [2023-02-19T22:02:18.491+0000] {dag.py:3441} INFO - Setting next_dagrun for example_nested_branch_dag to 2023-02-18T00:00:00+00:00, run_after=2023-02-19T00:00:00+00:00
[2023-02-19T22:02:18.532+0000] {processor.py:175} INFO - Processing /home/airflow/.local/lib/python3.7/site-packages/airflow/example_dags/example_nested_branch_dag.py took 0.175 seconds
