[2023-02-19T20:10:37.936+0000] {processor.py:153} INFO - Started process (PID=56) to work on /home/airflow/.local/lib/python3.7/site-packages/airflow/example_dags/example_latest_only_with_trigger.py
[2023-02-19T20:10:37.939+0000] {processor.py:743} INFO - Processing file /home/airflow/.local/lib/python3.7/site-packages/airflow/example_dags/example_latest_only_with_trigger.py for tasks to queue
[2023-02-19T20:10:37.941+0000] {logging_mixin.py:137} INFO - [2023-02-19T20:10:37.941+0000] {dagbag.py:538} INFO - Filling up the DagBag from /home/airflow/.local/lib/python3.7/site-packages/airflow/example_dags/example_latest_only_with_trigger.py
[2023-02-19T20:10:37.968+0000] {processor.py:753} INFO - DAG(s) dict_keys(['latest_only_with_trigger']) retrieved from /home/airflow/.local/lib/python3.7/site-packages/airflow/example_dags/example_latest_only_with_trigger.py
[2023-02-19T20:10:38.019+0000] {logging_mixin.py:137} INFO - [2023-02-19T20:10:38.019+0000] {dag.py:2690} INFO - Sync 1 DAGs
[2023-02-19T20:10:38.068+0000] {logging_mixin.py:137} INFO - [2023-02-19T20:10:38.068+0000] {dag.py:3441} INFO - Setting next_dagrun for latest_only_with_trigger to 2023-02-19T16:10:38.067057+00:00, run_after=2023-02-19T20:10:38.067057+00:00
[2023-02-19T20:10:38.114+0000] {processor.py:175} INFO - Processing /home/airflow/.local/lib/python3.7/site-packages/airflow/example_dags/example_latest_only_with_trigger.py took 0.184 seconds
[2023-02-19T20:11:08.973+0000] {processor.py:153} INFO - Started process (PID=119) to work on /home/airflow/.local/lib/python3.7/site-packages/airflow/example_dags/example_latest_only_with_trigger.py
[2023-02-19T20:11:08.976+0000] {processor.py:743} INFO - Processing file /home/airflow/.local/lib/python3.7/site-packages/airflow/example_dags/example_latest_only_with_trigger.py for tasks to queue
[2023-02-19T20:11:08.978+0000] {logging_mixin.py:137} INFO - [2023-02-19T20:11:08.977+0000] {dagbag.py:538} INFO - Filling up the DagBag from /home/airflow/.local/lib/python3.7/site-packages/airflow/example_dags/example_latest_only_with_trigger.py
[2023-02-19T20:11:09.002+0000] {processor.py:753} INFO - DAG(s) dict_keys(['latest_only_with_trigger']) retrieved from /home/airflow/.local/lib/python3.7/site-packages/airflow/example_dags/example_latest_only_with_trigger.py
[2023-02-19T20:11:09.021+0000] {logging_mixin.py:137} INFO - [2023-02-19T20:11:09.021+0000] {dag.py:2690} INFO - Sync 1 DAGs
[2023-02-19T20:11:09.054+0000] {logging_mixin.py:137} INFO - [2023-02-19T20:11:09.054+0000] {dag.py:3441} INFO - Setting next_dagrun for latest_only_with_trigger to 2023-02-19T16:11:09.054169+00:00, run_after=2023-02-19T20:11:09.054169+00:00
[2023-02-19T20:11:09.081+0000] {processor.py:175} INFO - Processing /home/airflow/.local/lib/python3.7/site-packages/airflow/example_dags/example_latest_only_with_trigger.py took 0.113 seconds
[2023-02-19T20:11:39.313+0000] {processor.py:153} INFO - Started process (PID=182) to work on /home/airflow/.local/lib/python3.7/site-packages/airflow/example_dags/example_latest_only_with_trigger.py
[2023-02-19T20:11:39.315+0000] {processor.py:743} INFO - Processing file /home/airflow/.local/lib/python3.7/site-packages/airflow/example_dags/example_latest_only_with_trigger.py for tasks to queue
[2023-02-19T20:11:39.317+0000] {logging_mixin.py:137} INFO - [2023-02-19T20:11:39.317+0000] {dagbag.py:538} INFO - Filling up the DagBag from /home/airflow/.local/lib/python3.7/site-packages/airflow/example_dags/example_latest_only_with_trigger.py
[2023-02-19T20:11:39.336+0000] {processor.py:753} INFO - DAG(s) dict_keys(['latest_only_with_trigger']) retrieved from /home/airflow/.local/lib/python3.7/site-packages/airflow/example_dags/example_latest_only_with_trigger.py
[2023-02-19T20:11:39.371+0000] {logging_mixin.py:137} INFO - [2023-02-19T20:11:39.371+0000] {dag.py:2690} INFO - Sync 1 DAGs
[2023-02-19T20:11:39.405+0000] {logging_mixin.py:137} INFO - [2023-02-19T20:11:39.405+0000] {dag.py:3441} INFO - Setting next_dagrun for latest_only_with_trigger to 2023-02-19T16:11:39.405096+00:00, run_after=2023-02-19T20:11:39.405096+00:00
[2023-02-19T20:11:39.435+0000] {processor.py:175} INFO - Processing /home/airflow/.local/lib/python3.7/site-packages/airflow/example_dags/example_latest_only_with_trigger.py took 0.127 seconds
[2023-02-19T20:12:10.141+0000] {processor.py:153} INFO - Started process (PID=258) to work on /home/airflow/.local/lib/python3.7/site-packages/airflow/example_dags/example_latest_only_with_trigger.py
[2023-02-19T20:12:10.144+0000] {processor.py:743} INFO - Processing file /home/airflow/.local/lib/python3.7/site-packages/airflow/example_dags/example_latest_only_with_trigger.py for tasks to queue
[2023-02-19T20:12:10.146+0000] {logging_mixin.py:137} INFO - [2023-02-19T20:12:10.146+0000] {dagbag.py:538} INFO - Filling up the DagBag from /home/airflow/.local/lib/python3.7/site-packages/airflow/example_dags/example_latest_only_with_trigger.py
[2023-02-19T20:12:10.165+0000] {processor.py:753} INFO - DAG(s) dict_keys(['latest_only_with_trigger']) retrieved from /home/airflow/.local/lib/python3.7/site-packages/airflow/example_dags/example_latest_only_with_trigger.py
[2023-02-19T20:12:10.199+0000] {logging_mixin.py:137} INFO - [2023-02-19T20:12:10.199+0000] {dag.py:2690} INFO - Sync 1 DAGs
[2023-02-19T20:12:10.232+0000] {logging_mixin.py:137} INFO - [2023-02-19T20:12:10.232+0000] {dag.py:3441} INFO - Setting next_dagrun for latest_only_with_trigger to 2023-02-19T16:12:10.231708+00:00, run_after=2023-02-19T20:12:10.231708+00:00
[2023-02-19T20:12:10.257+0000] {processor.py:175} INFO - Processing /home/airflow/.local/lib/python3.7/site-packages/airflow/example_dags/example_latest_only_with_trigger.py took 0.122 seconds
[2023-02-19T20:12:40.297+0000] {processor.py:153} INFO - Started process (PID=320) to work on /home/airflow/.local/lib/python3.7/site-packages/airflow/example_dags/example_latest_only_with_trigger.py
[2023-02-19T20:12:40.300+0000] {processor.py:743} INFO - Processing file /home/airflow/.local/lib/python3.7/site-packages/airflow/example_dags/example_latest_only_with_trigger.py for tasks to queue
[2023-02-19T20:12:40.303+0000] {logging_mixin.py:137} INFO - [2023-02-19T20:12:40.303+0000] {dagbag.py:538} INFO - Filling up the DagBag from /home/airflow/.local/lib/python3.7/site-packages/airflow/example_dags/example_latest_only_with_trigger.py
[2023-02-19T20:12:40.323+0000] {processor.py:753} INFO - DAG(s) dict_keys(['latest_only_with_trigger']) retrieved from /home/airflow/.local/lib/python3.7/site-packages/airflow/example_dags/example_latest_only_with_trigger.py
[2023-02-19T20:12:40.360+0000] {logging_mixin.py:137} INFO - [2023-02-19T20:12:40.360+0000] {dag.py:2690} INFO - Sync 1 DAGs
[2023-02-19T20:12:40.395+0000] {logging_mixin.py:137} INFO - [2023-02-19T20:12:40.394+0000] {dag.py:3441} INFO - Setting next_dagrun for latest_only_with_trigger to 2023-02-19T16:12:40.394564+00:00, run_after=2023-02-19T20:12:40.394564+00:00
[2023-02-19T20:12:40.421+0000] {processor.py:175} INFO - Processing /home/airflow/.local/lib/python3.7/site-packages/airflow/example_dags/example_latest_only_with_trigger.py took 0.129 seconds
[2023-02-19T20:13:11.000+0000] {processor.py:153} INFO - Started process (PID=395) to work on /home/airflow/.local/lib/python3.7/site-packages/airflow/example_dags/example_latest_only_with_trigger.py
[2023-02-19T20:13:11.002+0000] {processor.py:743} INFO - Processing file /home/airflow/.local/lib/python3.7/site-packages/airflow/example_dags/example_latest_only_with_trigger.py for tasks to queue
[2023-02-19T20:13:11.004+0000] {logging_mixin.py:137} INFO - [2023-02-19T20:13:11.004+0000] {dagbag.py:538} INFO - Filling up the DagBag from /home/airflow/.local/lib/python3.7/site-packages/airflow/example_dags/example_latest_only_with_trigger.py
[2023-02-19T20:13:11.024+0000] {processor.py:753} INFO - DAG(s) dict_keys(['latest_only_with_trigger']) retrieved from /home/airflow/.local/lib/python3.7/site-packages/airflow/example_dags/example_latest_only_with_trigger.py
[2023-02-19T20:13:11.057+0000] {logging_mixin.py:137} INFO - [2023-02-19T20:13:11.057+0000] {dag.py:2690} INFO - Sync 1 DAGs
[2023-02-19T20:13:11.098+0000] {logging_mixin.py:137} INFO - [2023-02-19T20:13:11.098+0000] {dag.py:3441} INFO - Setting next_dagrun for latest_only_with_trigger to 2023-02-19T16:13:11.098354+00:00, run_after=2023-02-19T20:13:11.098354+00:00
[2023-02-19T20:13:11.126+0000] {processor.py:175} INFO - Processing /home/airflow/.local/lib/python3.7/site-packages/airflow/example_dags/example_latest_only_with_trigger.py took 0.131 seconds
[2023-02-19T20:13:42.155+0000] {processor.py:153} INFO - Started process (PID=459) to work on /home/airflow/.local/lib/python3.7/site-packages/airflow/example_dags/example_latest_only_with_trigger.py
[2023-02-19T20:13:42.157+0000] {processor.py:743} INFO - Processing file /home/airflow/.local/lib/python3.7/site-packages/airflow/example_dags/example_latest_only_with_trigger.py for tasks to queue
[2023-02-19T20:13:42.159+0000] {logging_mixin.py:137} INFO - [2023-02-19T20:13:42.159+0000] {dagbag.py:538} INFO - Filling up the DagBag from /home/airflow/.local/lib/python3.7/site-packages/airflow/example_dags/example_latest_only_with_trigger.py
[2023-02-19T20:13:42.181+0000] {processor.py:753} INFO - DAG(s) dict_keys(['latest_only_with_trigger']) retrieved from /home/airflow/.local/lib/python3.7/site-packages/airflow/example_dags/example_latest_only_with_trigger.py
[2023-02-19T20:13:42.224+0000] {logging_mixin.py:137} INFO - [2023-02-19T20:13:42.224+0000] {dag.py:2690} INFO - Sync 1 DAGs
[2023-02-19T20:13:42.259+0000] {logging_mixin.py:137} INFO - [2023-02-19T20:13:42.259+0000] {dag.py:3441} INFO - Setting next_dagrun for latest_only_with_trigger to 2023-02-19T16:13:42.258858+00:00, run_after=2023-02-19T20:13:42.258858+00:00
[2023-02-19T20:13:42.291+0000] {processor.py:175} INFO - Processing /home/airflow/.local/lib/python3.7/site-packages/airflow/example_dags/example_latest_only_with_trigger.py took 0.144 seconds
[2023-02-19T20:14:12.782+0000] {processor.py:153} INFO - Started process (PID=522) to work on /home/airflow/.local/lib/python3.7/site-packages/airflow/example_dags/example_latest_only_with_trigger.py
[2023-02-19T20:14:12.784+0000] {processor.py:743} INFO - Processing file /home/airflow/.local/lib/python3.7/site-packages/airflow/example_dags/example_latest_only_with_trigger.py for tasks to queue
[2023-02-19T20:14:12.786+0000] {logging_mixin.py:137} INFO - [2023-02-19T20:14:12.786+0000] {dagbag.py:538} INFO - Filling up the DagBag from /home/airflow/.local/lib/python3.7/site-packages/airflow/example_dags/example_latest_only_with_trigger.py
[2023-02-19T20:14:12.822+0000] {processor.py:753} INFO - DAG(s) dict_keys(['latest_only_with_trigger']) retrieved from /home/airflow/.local/lib/python3.7/site-packages/airflow/example_dags/example_latest_only_with_trigger.py
[2023-02-19T20:14:12.888+0000] {logging_mixin.py:137} INFO - [2023-02-19T20:14:12.888+0000] {dag.py:2690} INFO - Sync 1 DAGs
[2023-02-19T20:14:12.947+0000] {logging_mixin.py:137} INFO - [2023-02-19T20:14:12.947+0000] {dag.py:3441} INFO - Setting next_dagrun for latest_only_with_trigger to 2023-02-19T16:14:12.946486+00:00, run_after=2023-02-19T20:14:12.946486+00:00
[2023-02-19T20:14:13.001+0000] {processor.py:175} INFO - Processing /home/airflow/.local/lib/python3.7/site-packages/airflow/example_dags/example_latest_only_with_trigger.py took 0.224 seconds
[2023-02-19T20:14:43.736+0000] {processor.py:153} INFO - Started process (PID=597) to work on /home/airflow/.local/lib/python3.7/site-packages/airflow/example_dags/example_latest_only_with_trigger.py
[2023-02-19T20:14:43.738+0000] {processor.py:743} INFO - Processing file /home/airflow/.local/lib/python3.7/site-packages/airflow/example_dags/example_latest_only_with_trigger.py for tasks to queue
[2023-02-19T20:14:43.740+0000] {logging_mixin.py:137} INFO - [2023-02-19T20:14:43.740+0000] {dagbag.py:538} INFO - Filling up the DagBag from /home/airflow/.local/lib/python3.7/site-packages/airflow/example_dags/example_latest_only_with_trigger.py
[2023-02-19T20:14:43.758+0000] {processor.py:753} INFO - DAG(s) dict_keys(['latest_only_with_trigger']) retrieved from /home/airflow/.local/lib/python3.7/site-packages/airflow/example_dags/example_latest_only_with_trigger.py
[2023-02-19T20:14:43.791+0000] {logging_mixin.py:137} INFO - [2023-02-19T20:14:43.791+0000] {dag.py:2690} INFO - Sync 1 DAGs
[2023-02-19T20:14:43.821+0000] {logging_mixin.py:137} INFO - [2023-02-19T20:14:43.821+0000] {dag.py:3441} INFO - Setting next_dagrun for latest_only_with_trigger to 2023-02-19T16:14:43.820960+00:00, run_after=2023-02-19T20:14:43.820960+00:00
[2023-02-19T20:14:43.847+0000] {processor.py:175} INFO - Processing /home/airflow/.local/lib/python3.7/site-packages/airflow/example_dags/example_latest_only_with_trigger.py took 0.115 seconds
[2023-02-19T20:15:14.532+0000] {processor.py:153} INFO - Started process (PID=660) to work on /home/airflow/.local/lib/python3.7/site-packages/airflow/example_dags/example_latest_only_with_trigger.py
[2023-02-19T20:15:14.535+0000] {processor.py:743} INFO - Processing file /home/airflow/.local/lib/python3.7/site-packages/airflow/example_dags/example_latest_only_with_trigger.py for tasks to queue
[2023-02-19T20:15:14.547+0000] {logging_mixin.py:137} INFO - [2023-02-19T20:15:14.547+0000] {dagbag.py:538} INFO - Filling up the DagBag from /home/airflow/.local/lib/python3.7/site-packages/airflow/example_dags/example_latest_only_with_trigger.py
[2023-02-19T20:15:14.606+0000] {processor.py:753} INFO - DAG(s) dict_keys(['latest_only_with_trigger']) retrieved from /home/airflow/.local/lib/python3.7/site-packages/airflow/example_dags/example_latest_only_with_trigger.py
[2023-02-19T20:15:14.678+0000] {logging_mixin.py:137} INFO - [2023-02-19T20:15:14.678+0000] {dag.py:2690} INFO - Sync 1 DAGs
[2023-02-19T20:15:14.735+0000] {logging_mixin.py:137} INFO - [2023-02-19T20:15:14.735+0000] {dag.py:3441} INFO - Setting next_dagrun for latest_only_with_trigger to 2023-02-19T16:15:14.734472+00:00, run_after=2023-02-19T20:15:14.734472+00:00
[2023-02-19T20:15:14.776+0000] {processor.py:175} INFO - Processing /home/airflow/.local/lib/python3.7/site-packages/airflow/example_dags/example_latest_only_with_trigger.py took 0.250 seconds
[2023-02-19T20:15:45.189+0000] {processor.py:153} INFO - Started process (PID=736) to work on /home/airflow/.local/lib/python3.7/site-packages/airflow/example_dags/example_latest_only_with_trigger.py
[2023-02-19T20:15:45.191+0000] {processor.py:743} INFO - Processing file /home/airflow/.local/lib/python3.7/site-packages/airflow/example_dags/example_latest_only_with_trigger.py for tasks to queue
[2023-02-19T20:15:45.193+0000] {logging_mixin.py:137} INFO - [2023-02-19T20:15:45.193+0000] {dagbag.py:538} INFO - Filling up the DagBag from /home/airflow/.local/lib/python3.7/site-packages/airflow/example_dags/example_latest_only_with_trigger.py
[2023-02-19T20:15:45.211+0000] {processor.py:753} INFO - DAG(s) dict_keys(['latest_only_with_trigger']) retrieved from /home/airflow/.local/lib/python3.7/site-packages/airflow/example_dags/example_latest_only_with_trigger.py
[2023-02-19T20:15:45.241+0000] {logging_mixin.py:137} INFO - [2023-02-19T20:15:45.241+0000] {dag.py:2690} INFO - Sync 1 DAGs
[2023-02-19T20:15:45.272+0000] {logging_mixin.py:137} INFO - [2023-02-19T20:15:45.272+0000] {dag.py:3441} INFO - Setting next_dagrun for latest_only_with_trigger to 2023-02-19T16:15:45.272246+00:00, run_after=2023-02-19T20:15:45.272246+00:00
[2023-02-19T20:15:45.295+0000] {processor.py:175} INFO - Processing /home/airflow/.local/lib/python3.7/site-packages/airflow/example_dags/example_latest_only_with_trigger.py took 0.112 seconds
[2023-02-19T20:16:15.812+0000] {processor.py:153} INFO - Started process (PID=800) to work on /home/airflow/.local/lib/python3.7/site-packages/airflow/example_dags/example_latest_only_with_trigger.py
[2023-02-19T20:16:15.815+0000] {processor.py:743} INFO - Processing file /home/airflow/.local/lib/python3.7/site-packages/airflow/example_dags/example_latest_only_with_trigger.py for tasks to queue
[2023-02-19T20:16:15.817+0000] {logging_mixin.py:137} INFO - [2023-02-19T20:16:15.817+0000] {dagbag.py:538} INFO - Filling up the DagBag from /home/airflow/.local/lib/python3.7/site-packages/airflow/example_dags/example_latest_only_with_trigger.py
[2023-02-19T20:16:15.836+0000] {processor.py:753} INFO - DAG(s) dict_keys(['latest_only_with_trigger']) retrieved from /home/airflow/.local/lib/python3.7/site-packages/airflow/example_dags/example_latest_only_with_trigger.py
[2023-02-19T20:16:15.869+0000] {logging_mixin.py:137} INFO - [2023-02-19T20:16:15.869+0000] {dag.py:2690} INFO - Sync 1 DAGs
[2023-02-19T20:16:15.900+0000] {logging_mixin.py:137} INFO - [2023-02-19T20:16:15.900+0000] {dag.py:3441} INFO - Setting next_dagrun for latest_only_with_trigger to 2023-02-19T16:16:15.900384+00:00, run_after=2023-02-19T20:16:15.900384+00:00
[2023-02-19T20:16:15.924+0000] {processor.py:175} INFO - Processing /home/airflow/.local/lib/python3.7/site-packages/airflow/example_dags/example_latest_only_with_trigger.py took 0.116 seconds
[2023-02-19T20:16:46.366+0000] {processor.py:153} INFO - Started process (PID=875) to work on /home/airflow/.local/lib/python3.7/site-packages/airflow/example_dags/example_latest_only_with_trigger.py
[2023-02-19T20:16:46.369+0000] {processor.py:743} INFO - Processing file /home/airflow/.local/lib/python3.7/site-packages/airflow/example_dags/example_latest_only_with_trigger.py for tasks to queue
[2023-02-19T20:16:46.371+0000] {logging_mixin.py:137} INFO - [2023-02-19T20:16:46.371+0000] {dagbag.py:538} INFO - Filling up the DagBag from /home/airflow/.local/lib/python3.7/site-packages/airflow/example_dags/example_latest_only_with_trigger.py
[2023-02-19T20:16:46.392+0000] {processor.py:753} INFO - DAG(s) dict_keys(['latest_only_with_trigger']) retrieved from /home/airflow/.local/lib/python3.7/site-packages/airflow/example_dags/example_latest_only_with_trigger.py
[2023-02-19T20:16:46.427+0000] {logging_mixin.py:137} INFO - [2023-02-19T20:16:46.427+0000] {dag.py:2690} INFO - Sync 1 DAGs
[2023-02-19T20:16:46.459+0000] {logging_mixin.py:137} INFO - [2023-02-19T20:16:46.459+0000] {dag.py:3441} INFO - Setting next_dagrun for latest_only_with_trigger to 2023-02-19T16:16:46.459069+00:00, run_after=2023-02-19T20:16:46.459069+00:00
[2023-02-19T20:16:46.486+0000] {processor.py:175} INFO - Processing /home/airflow/.local/lib/python3.7/site-packages/airflow/example_dags/example_latest_only_with_trigger.py took 0.124 seconds
[2023-02-19T20:17:17.261+0000] {processor.py:153} INFO - Started process (PID=938) to work on /home/airflow/.local/lib/python3.7/site-packages/airflow/example_dags/example_latest_only_with_trigger.py
[2023-02-19T20:17:17.264+0000] {processor.py:743} INFO - Processing file /home/airflow/.local/lib/python3.7/site-packages/airflow/example_dags/example_latest_only_with_trigger.py for tasks to queue
[2023-02-19T20:17:17.266+0000] {logging_mixin.py:137} INFO - [2023-02-19T20:17:17.266+0000] {dagbag.py:538} INFO - Filling up the DagBag from /home/airflow/.local/lib/python3.7/site-packages/airflow/example_dags/example_latest_only_with_trigger.py
[2023-02-19T20:17:17.286+0000] {processor.py:753} INFO - DAG(s) dict_keys(['latest_only_with_trigger']) retrieved from /home/airflow/.local/lib/python3.7/site-packages/airflow/example_dags/example_latest_only_with_trigger.py
[2023-02-19T20:17:17.318+0000] {logging_mixin.py:137} INFO - [2023-02-19T20:17:17.317+0000] {dag.py:2690} INFO - Sync 1 DAGs
[2023-02-19T20:17:17.349+0000] {logging_mixin.py:137} INFO - [2023-02-19T20:17:17.349+0000] {dag.py:3441} INFO - Setting next_dagrun for latest_only_with_trigger to 2023-02-19T16:17:17.348770+00:00, run_after=2023-02-19T20:17:17.348770+00:00
[2023-02-19T20:17:17.375+0000] {processor.py:175} INFO - Processing /home/airflow/.local/lib/python3.7/site-packages/airflow/example_dags/example_latest_only_with_trigger.py took 0.122 seconds
[2023-02-19T20:17:47.879+0000] {processor.py:153} INFO - Started process (PID=1010) to work on /home/airflow/.local/lib/python3.7/site-packages/airflow/example_dags/example_latest_only_with_trigger.py
[2023-02-19T20:17:47.881+0000] {processor.py:743} INFO - Processing file /home/airflow/.local/lib/python3.7/site-packages/airflow/example_dags/example_latest_only_with_trigger.py for tasks to queue
[2023-02-19T20:17:47.883+0000] {logging_mixin.py:137} INFO - [2023-02-19T20:17:47.883+0000] {dagbag.py:538} INFO - Filling up the DagBag from /home/airflow/.local/lib/python3.7/site-packages/airflow/example_dags/example_latest_only_with_trigger.py
[2023-02-19T20:17:47.903+0000] {processor.py:753} INFO - DAG(s) dict_keys(['latest_only_with_trigger']) retrieved from /home/airflow/.local/lib/python3.7/site-packages/airflow/example_dags/example_latest_only_with_trigger.py
[2023-02-19T20:17:47.941+0000] {logging_mixin.py:137} INFO - [2023-02-19T20:17:47.941+0000] {dag.py:2690} INFO - Sync 1 DAGs
[2023-02-19T20:17:47.977+0000] {logging_mixin.py:137} INFO - [2023-02-19T20:17:47.976+0000] {dag.py:3441} INFO - Setting next_dagrun for latest_only_with_trigger to 2023-02-19T16:17:47.976631+00:00, run_after=2023-02-19T20:17:47.976631+00:00
[2023-02-19T20:17:48.004+0000] {processor.py:175} INFO - Processing /home/airflow/.local/lib/python3.7/site-packages/airflow/example_dags/example_latest_only_with_trigger.py took 0.132 seconds
[2023-02-19T20:18:18.516+0000] {processor.py:153} INFO - Started process (PID=1077) to work on /home/airflow/.local/lib/python3.7/site-packages/airflow/example_dags/example_latest_only_with_trigger.py
[2023-02-19T20:18:18.518+0000] {processor.py:743} INFO - Processing file /home/airflow/.local/lib/python3.7/site-packages/airflow/example_dags/example_latest_only_with_trigger.py for tasks to queue
[2023-02-19T20:18:18.520+0000] {logging_mixin.py:137} INFO - [2023-02-19T20:18:18.520+0000] {dagbag.py:538} INFO - Filling up the DagBag from /home/airflow/.local/lib/python3.7/site-packages/airflow/example_dags/example_latest_only_with_trigger.py
[2023-02-19T20:18:18.539+0000] {processor.py:753} INFO - DAG(s) dict_keys(['latest_only_with_trigger']) retrieved from /home/airflow/.local/lib/python3.7/site-packages/airflow/example_dags/example_latest_only_with_trigger.py
[2023-02-19T20:18:18.573+0000] {logging_mixin.py:137} INFO - [2023-02-19T20:18:18.572+0000] {dag.py:2690} INFO - Sync 1 DAGs
[2023-02-19T20:18:18.606+0000] {logging_mixin.py:137} INFO - [2023-02-19T20:18:18.606+0000] {dag.py:3441} INFO - Setting next_dagrun for latest_only_with_trigger to 2023-02-19T16:18:18.605708+00:00, run_after=2023-02-19T20:18:18.605708+00:00
[2023-02-19T20:18:18.630+0000] {processor.py:175} INFO - Processing /home/airflow/.local/lib/python3.7/site-packages/airflow/example_dags/example_latest_only_with_trigger.py took 0.118 seconds
[2023-02-19T20:18:49.275+0000] {processor.py:153} INFO - Started process (PID=1140) to work on /home/airflow/.local/lib/python3.7/site-packages/airflow/example_dags/example_latest_only_with_trigger.py
[2023-02-19T20:18:49.278+0000] {processor.py:743} INFO - Processing file /home/airflow/.local/lib/python3.7/site-packages/airflow/example_dags/example_latest_only_with_trigger.py for tasks to queue
[2023-02-19T20:18:49.280+0000] {logging_mixin.py:137} INFO - [2023-02-19T20:18:49.279+0000] {dagbag.py:538} INFO - Filling up the DagBag from /home/airflow/.local/lib/python3.7/site-packages/airflow/example_dags/example_latest_only_with_trigger.py
[2023-02-19T20:18:49.301+0000] {processor.py:753} INFO - DAG(s) dict_keys(['latest_only_with_trigger']) retrieved from /home/airflow/.local/lib/python3.7/site-packages/airflow/example_dags/example_latest_only_with_trigger.py
[2023-02-19T20:18:49.333+0000] {logging_mixin.py:137} INFO - [2023-02-19T20:18:49.333+0000] {dag.py:2690} INFO - Sync 1 DAGs
[2023-02-19T20:18:49.366+0000] {logging_mixin.py:137} INFO - [2023-02-19T20:18:49.366+0000] {dag.py:3441} INFO - Setting next_dagrun for latest_only_with_trigger to 2023-02-19T16:18:49.365909+00:00, run_after=2023-02-19T20:18:49.365909+00:00
[2023-02-19T20:18:49.395+0000] {processor.py:175} INFO - Processing /home/airflow/.local/lib/python3.7/site-packages/airflow/example_dags/example_latest_only_with_trigger.py took 0.125 seconds
[2023-02-19T20:19:20.067+0000] {processor.py:153} INFO - Started process (PID=1214) to work on /home/airflow/.local/lib/python3.7/site-packages/airflow/example_dags/example_latest_only_with_trigger.py
[2023-02-19T20:19:20.070+0000] {processor.py:743} INFO - Processing file /home/airflow/.local/lib/python3.7/site-packages/airflow/example_dags/example_latest_only_with_trigger.py for tasks to queue
[2023-02-19T20:19:20.073+0000] {logging_mixin.py:137} INFO - [2023-02-19T20:19:20.072+0000] {dagbag.py:538} INFO - Filling up the DagBag from /home/airflow/.local/lib/python3.7/site-packages/airflow/example_dags/example_latest_only_with_trigger.py
[2023-02-19T20:19:20.091+0000] {processor.py:753} INFO - DAG(s) dict_keys(['latest_only_with_trigger']) retrieved from /home/airflow/.local/lib/python3.7/site-packages/airflow/example_dags/example_latest_only_with_trigger.py
[2023-02-19T20:19:20.129+0000] {logging_mixin.py:137} INFO - [2023-02-19T20:19:20.129+0000] {dag.py:2690} INFO - Sync 1 DAGs
[2023-02-19T20:19:20.160+0000] {logging_mixin.py:137} INFO - [2023-02-19T20:19:20.160+0000] {dag.py:3441} INFO - Setting next_dagrun for latest_only_with_trigger to 2023-02-19T16:19:20.160288+00:00, run_after=2023-02-19T20:19:20.160288+00:00
[2023-02-19T20:19:20.185+0000] {processor.py:175} INFO - Processing /home/airflow/.local/lib/python3.7/site-packages/airflow/example_dags/example_latest_only_with_trigger.py took 0.122 seconds
[2023-02-19T20:19:50.563+0000] {processor.py:153} INFO - Started process (PID=1277) to work on /home/airflow/.local/lib/python3.7/site-packages/airflow/example_dags/example_latest_only_with_trigger.py
[2023-02-19T20:19:50.565+0000] {processor.py:743} INFO - Processing file /home/airflow/.local/lib/python3.7/site-packages/airflow/example_dags/example_latest_only_with_trigger.py for tasks to queue
[2023-02-19T20:19:50.567+0000] {logging_mixin.py:137} INFO - [2023-02-19T20:19:50.567+0000] {dagbag.py:538} INFO - Filling up the DagBag from /home/airflow/.local/lib/python3.7/site-packages/airflow/example_dags/example_latest_only_with_trigger.py
[2023-02-19T20:19:50.588+0000] {processor.py:753} INFO - DAG(s) dict_keys(['latest_only_with_trigger']) retrieved from /home/airflow/.local/lib/python3.7/site-packages/airflow/example_dags/example_latest_only_with_trigger.py
[2023-02-19T20:19:50.621+0000] {logging_mixin.py:137} INFO - [2023-02-19T20:19:50.621+0000] {dag.py:2690} INFO - Sync 1 DAGs
[2023-02-19T20:19:50.659+0000] {logging_mixin.py:137} INFO - [2023-02-19T20:19:50.659+0000] {dag.py:3441} INFO - Setting next_dagrun for latest_only_with_trigger to 2023-02-19T16:19:50.659189+00:00, run_after=2023-02-19T20:19:50.659189+00:00
[2023-02-19T20:19:50.685+0000] {processor.py:175} INFO - Processing /home/airflow/.local/lib/python3.7/site-packages/airflow/example_dags/example_latest_only_with_trigger.py took 0.128 seconds
[2023-02-19T20:20:21.223+0000] {processor.py:153} INFO - Started process (PID=1353) to work on /home/airflow/.local/lib/python3.7/site-packages/airflow/example_dags/example_latest_only_with_trigger.py
[2023-02-19T20:20:21.226+0000] {processor.py:743} INFO - Processing file /home/airflow/.local/lib/python3.7/site-packages/airflow/example_dags/example_latest_only_with_trigger.py for tasks to queue
[2023-02-19T20:20:21.228+0000] {logging_mixin.py:137} INFO - [2023-02-19T20:20:21.228+0000] {dagbag.py:538} INFO - Filling up the DagBag from /home/airflow/.local/lib/python3.7/site-packages/airflow/example_dags/example_latest_only_with_trigger.py
[2023-02-19T20:20:21.246+0000] {processor.py:753} INFO - DAG(s) dict_keys(['latest_only_with_trigger']) retrieved from /home/airflow/.local/lib/python3.7/site-packages/airflow/example_dags/example_latest_only_with_trigger.py
[2023-02-19T20:20:21.280+0000] {logging_mixin.py:137} INFO - [2023-02-19T20:20:21.279+0000] {dag.py:2690} INFO - Sync 1 DAGs
[2023-02-19T20:20:21.311+0000] {logging_mixin.py:137} INFO - [2023-02-19T20:20:21.311+0000] {dag.py:3441} INFO - Setting next_dagrun for latest_only_with_trigger to 2023-02-19T16:20:21.311075+00:00, run_after=2023-02-19T20:20:21.311075+00:00
[2023-02-19T20:20:21.335+0000] {processor.py:175} INFO - Processing /home/airflow/.local/lib/python3.7/site-packages/airflow/example_dags/example_latest_only_with_trigger.py took 0.116 seconds
[2023-02-19T20:20:51.713+0000] {processor.py:153} INFO - Started process (PID=1417) to work on /home/airflow/.local/lib/python3.7/site-packages/airflow/example_dags/example_latest_only_with_trigger.py
[2023-02-19T20:20:51.716+0000] {processor.py:743} INFO - Processing file /home/airflow/.local/lib/python3.7/site-packages/airflow/example_dags/example_latest_only_with_trigger.py for tasks to queue
[2023-02-19T20:20:51.718+0000] {logging_mixin.py:137} INFO - [2023-02-19T20:20:51.717+0000] {dagbag.py:538} INFO - Filling up the DagBag from /home/airflow/.local/lib/python3.7/site-packages/airflow/example_dags/example_latest_only_with_trigger.py
[2023-02-19T20:20:51.736+0000] {processor.py:753} INFO - DAG(s) dict_keys(['latest_only_with_trigger']) retrieved from /home/airflow/.local/lib/python3.7/site-packages/airflow/example_dags/example_latest_only_with_trigger.py
[2023-02-19T20:20:51.770+0000] {logging_mixin.py:137} INFO - [2023-02-19T20:20:51.769+0000] {dag.py:2690} INFO - Sync 1 DAGs
[2023-02-19T20:20:51.801+0000] {logging_mixin.py:137} INFO - [2023-02-19T20:20:51.801+0000] {dag.py:3441} INFO - Setting next_dagrun for latest_only_with_trigger to 2023-02-19T16:20:51.801202+00:00, run_after=2023-02-19T20:20:51.801202+00:00
[2023-02-19T20:20:51.828+0000] {processor.py:175} INFO - Processing /home/airflow/.local/lib/python3.7/site-packages/airflow/example_dags/example_latest_only_with_trigger.py took 0.120 seconds
[2023-02-19T20:21:22.217+0000] {processor.py:153} INFO - Started process (PID=1491) to work on /home/airflow/.local/lib/python3.7/site-packages/airflow/example_dags/example_latest_only_with_trigger.py
[2023-02-19T20:21:22.220+0000] {processor.py:743} INFO - Processing file /home/airflow/.local/lib/python3.7/site-packages/airflow/example_dags/example_latest_only_with_trigger.py for tasks to queue
[2023-02-19T20:21:22.222+0000] {logging_mixin.py:137} INFO - [2023-02-19T20:21:22.222+0000] {dagbag.py:538} INFO - Filling up the DagBag from /home/airflow/.local/lib/python3.7/site-packages/airflow/example_dags/example_latest_only_with_trigger.py
[2023-02-19T20:21:22.243+0000] {processor.py:753} INFO - DAG(s) dict_keys(['latest_only_with_trigger']) retrieved from /home/airflow/.local/lib/python3.7/site-packages/airflow/example_dags/example_latest_only_with_trigger.py
[2023-02-19T20:21:22.276+0000] {logging_mixin.py:137} INFO - [2023-02-19T20:21:22.276+0000] {dag.py:2690} INFO - Sync 1 DAGs
[2023-02-19T20:21:22.310+0000] {logging_mixin.py:137} INFO - [2023-02-19T20:21:22.310+0000] {dag.py:3441} INFO - Setting next_dagrun for latest_only_with_trigger to 2023-02-19T16:21:22.310150+00:00, run_after=2023-02-19T20:21:22.310150+00:00
[2023-02-19T20:21:22.336+0000] {processor.py:175} INFO - Processing /home/airflow/.local/lib/python3.7/site-packages/airflow/example_dags/example_latest_only_with_trigger.py took 0.126 seconds
[2023-02-19T20:51:45.958+0000] {processor.py:153} INFO - Started process (PID=1552) to work on /home/airflow/.local/lib/python3.7/site-packages/airflow/example_dags/example_latest_only_with_trigger.py
[2023-02-19T20:51:45.962+0000] {processor.py:743} INFO - Processing file /home/airflow/.local/lib/python3.7/site-packages/airflow/example_dags/example_latest_only_with_trigger.py for tasks to queue
[2023-02-19T20:51:45.964+0000] {logging_mixin.py:137} INFO - [2023-02-19T20:51:45.964+0000] {dagbag.py:538} INFO - Filling up the DagBag from /home/airflow/.local/lib/python3.7/site-packages/airflow/example_dags/example_latest_only_with_trigger.py
[2023-02-19T20:51:45.986+0000] {processor.py:753} INFO - DAG(s) dict_keys(['latest_only_with_trigger']) retrieved from /home/airflow/.local/lib/python3.7/site-packages/airflow/example_dags/example_latest_only_with_trigger.py
[2023-02-19T20:51:46.027+0000] {logging_mixin.py:137} INFO - [2023-02-19T20:51:46.026+0000] {dag.py:2690} INFO - Sync 1 DAGs
[2023-02-19T20:51:46.064+0000] {logging_mixin.py:137} INFO - [2023-02-19T20:51:46.064+0000] {dag.py:3441} INFO - Setting next_dagrun for latest_only_with_trigger to 2023-02-19T16:51:46.064057+00:00, run_after=2023-02-19T20:51:46.064057+00:00
[2023-02-19T20:51:46.095+0000] {processor.py:175} INFO - Processing /home/airflow/.local/lib/python3.7/site-packages/airflow/example_dags/example_latest_only_with_trigger.py took 0.142 seconds
[2023-02-19T21:09:23.562+0000] {processor.py:153} INFO - Started process (PID=1628) to work on /home/airflow/.local/lib/python3.7/site-packages/airflow/example_dags/example_latest_only_with_trigger.py
[2023-02-19T21:09:23.566+0000] {processor.py:743} INFO - Processing file /home/airflow/.local/lib/python3.7/site-packages/airflow/example_dags/example_latest_only_with_trigger.py for tasks to queue
[2023-02-19T21:09:23.568+0000] {logging_mixin.py:137} INFO - [2023-02-19T21:09:23.568+0000] {dagbag.py:538} INFO - Filling up the DagBag from /home/airflow/.local/lib/python3.7/site-packages/airflow/example_dags/example_latest_only_with_trigger.py
[2023-02-19T21:09:23.613+0000] {processor.py:753} INFO - DAG(s) dict_keys(['latest_only_with_trigger']) retrieved from /home/airflow/.local/lib/python3.7/site-packages/airflow/example_dags/example_latest_only_with_trigger.py
[2023-02-19T21:09:23.680+0000] {logging_mixin.py:137} INFO - [2023-02-19T21:09:23.680+0000] {dag.py:2690} INFO - Sync 1 DAGs
[2023-02-19T21:09:23.735+0000] {logging_mixin.py:137} INFO - [2023-02-19T21:09:23.734+0000] {dag.py:3441} INFO - Setting next_dagrun for latest_only_with_trigger to 2023-02-19T17:09:23.734452+00:00, run_after=2023-02-19T21:09:23.734452+00:00
[2023-02-19T21:09:23.773+0000] {processor.py:175} INFO - Processing /home/airflow/.local/lib/python3.7/site-packages/airflow/example_dags/example_latest_only_with_trigger.py took 0.221 seconds
[2023-02-19T22:01:45.188+0000] {processor.py:153} INFO - Started process (PID=1699) to work on /home/airflow/.local/lib/python3.7/site-packages/airflow/example_dags/example_latest_only_with_trigger.py
[2023-02-19T22:01:45.202+0000] {processor.py:743} INFO - Processing file /home/airflow/.local/lib/python3.7/site-packages/airflow/example_dags/example_latest_only_with_trigger.py for tasks to queue
[2023-02-19T22:01:45.211+0000] {logging_mixin.py:137} INFO - [2023-02-19T22:01:45.210+0000] {dagbag.py:538} INFO - Filling up the DagBag from /home/airflow/.local/lib/python3.7/site-packages/airflow/example_dags/example_latest_only_with_trigger.py
[2023-02-19T22:01:45.323+0000] {processor.py:753} INFO - DAG(s) dict_keys(['latest_only_with_trigger']) retrieved from /home/airflow/.local/lib/python3.7/site-packages/airflow/example_dags/example_latest_only_with_trigger.py
[2023-02-19T22:01:45.408+0000] {logging_mixin.py:137} INFO - [2023-02-19T22:01:45.408+0000] {dag.py:2690} INFO - Sync 1 DAGs
[2023-02-19T22:01:45.524+0000] {logging_mixin.py:137} INFO - [2023-02-19T22:01:45.524+0000] {dag.py:3441} INFO - Setting next_dagrun for latest_only_with_trigger to 2023-02-19T18:01:45.523262+00:00, run_after=2023-02-19T22:01:45.523262+00:00
[2023-02-19T22:01:45.587+0000] {processor.py:175} INFO - Processing /home/airflow/.local/lib/python3.7/site-packages/airflow/example_dags/example_latest_only_with_trigger.py took 0.412 seconds
[2023-02-19T22:02:15.758+0000] {processor.py:153} INFO - Started process (PID=1764) to work on /home/airflow/.local/lib/python3.7/site-packages/airflow/example_dags/example_latest_only_with_trigger.py
[2023-02-19T22:02:15.761+0000] {processor.py:743} INFO - Processing file /home/airflow/.local/lib/python3.7/site-packages/airflow/example_dags/example_latest_only_with_trigger.py for tasks to queue
[2023-02-19T22:02:15.763+0000] {logging_mixin.py:137} INFO - [2023-02-19T22:02:15.763+0000] {dagbag.py:538} INFO - Filling up the DagBag from /home/airflow/.local/lib/python3.7/site-packages/airflow/example_dags/example_latest_only_with_trigger.py
[2023-02-19T22:02:15.782+0000] {processor.py:753} INFO - DAG(s) dict_keys(['latest_only_with_trigger']) retrieved from /home/airflow/.local/lib/python3.7/site-packages/airflow/example_dags/example_latest_only_with_trigger.py
[2023-02-19T22:02:15.814+0000] {logging_mixin.py:137} INFO - [2023-02-19T22:02:15.814+0000] {dag.py:2690} INFO - Sync 1 DAGs
[2023-02-19T22:02:15.842+0000] {logging_mixin.py:137} INFO - [2023-02-19T22:02:15.842+0000] {dag.py:3441} INFO - Setting next_dagrun for latest_only_with_trigger to 2023-02-19T18:02:15.842090+00:00, run_after=2023-02-19T22:02:15.842090+00:00
[2023-02-19T22:02:15.867+0000] {processor.py:175} INFO - Processing /home/airflow/.local/lib/python3.7/site-packages/airflow/example_dags/example_latest_only_with_trigger.py took 0.114 seconds
