[2023-02-19T20:10:45.212+0000] {processor.py:153} INFO - Started process (PID=88) to work on /home/airflow/.local/lib/python3.7/site-packages/airflow/example_dags/example_branch_python_dop_operator_3.py
[2023-02-19T20:10:45.218+0000] {processor.py:743} INFO - Processing file /home/airflow/.local/lib/python3.7/site-packages/airflow/example_dags/example_branch_python_dop_operator_3.py for tasks to queue
[2023-02-19T20:10:45.231+0000] {logging_mixin.py:137} INFO - [2023-02-19T20:10:45.221+0000] {dagbag.py:538} INFO - Filling up the DagBag from /home/airflow/.local/lib/python3.7/site-packages/airflow/example_dags/example_branch_python_dop_operator_3.py
[2023-02-19T20:10:45.355+0000] {processor.py:753} INFO - DAG(s) dict_keys(['example_branch_dop_operator_v3']) retrieved from /home/airflow/.local/lib/python3.7/site-packages/airflow/example_dags/example_branch_python_dop_operator_3.py
[2023-02-19T20:10:45.769+0000] {logging_mixin.py:137} INFO - [2023-02-19T20:10:45.769+0000] {dag.py:2690} INFO - Sync 1 DAGs
[2023-02-19T20:10:46.199+0000] {logging_mixin.py:137} INFO - [2023-02-19T20:10:46.198+0000] {dag.py:3441} INFO - Setting next_dagrun for example_branch_dop_operator_v3 to 2023-02-19T20:09:00+00:00, run_after=2023-02-19T20:10:00+00:00
[2023-02-19T20:10:46.328+0000] {processor.py:175} INFO - Processing /home/airflow/.local/lib/python3.7/site-packages/airflow/example_dags/example_branch_python_dop_operator_3.py took 1.129 seconds
[2023-02-19T20:11:16.819+0000] {processor.py:153} INFO - Started process (PID=152) to work on /home/airflow/.local/lib/python3.7/site-packages/airflow/example_dags/example_branch_python_dop_operator_3.py
[2023-02-19T20:11:16.822+0000] {processor.py:743} INFO - Processing file /home/airflow/.local/lib/python3.7/site-packages/airflow/example_dags/example_branch_python_dop_operator_3.py for tasks to queue
[2023-02-19T20:11:16.824+0000] {logging_mixin.py:137} INFO - [2023-02-19T20:11:16.823+0000] {dagbag.py:538} INFO - Filling up the DagBag from /home/airflow/.local/lib/python3.7/site-packages/airflow/example_dags/example_branch_python_dop_operator_3.py
[2023-02-19T20:11:16.869+0000] {processor.py:753} INFO - DAG(s) dict_keys(['example_branch_dop_operator_v3']) retrieved from /home/airflow/.local/lib/python3.7/site-packages/airflow/example_dags/example_branch_python_dop_operator_3.py
[2023-02-19T20:11:16.893+0000] {logging_mixin.py:137} INFO - [2023-02-19T20:11:16.893+0000] {dag.py:2690} INFO - Sync 1 DAGs
[2023-02-19T20:11:16.953+0000] {logging_mixin.py:137} INFO - [2023-02-19T20:11:16.952+0000] {dag.py:3441} INFO - Setting next_dagrun for example_branch_dop_operator_v3 to 2023-02-19T20:10:00+00:00, run_after=2023-02-19T20:11:00+00:00
[2023-02-19T20:11:16.997+0000] {processor.py:175} INFO - Processing /home/airflow/.local/lib/python3.7/site-packages/airflow/example_dags/example_branch_python_dop_operator_3.py took 0.183 seconds
[2023-02-19T20:11:47.642+0000] {processor.py:153} INFO - Started process (PID=218) to work on /home/airflow/.local/lib/python3.7/site-packages/airflow/example_dags/example_branch_python_dop_operator_3.py
[2023-02-19T20:11:47.645+0000] {processor.py:743} INFO - Processing file /home/airflow/.local/lib/python3.7/site-packages/airflow/example_dags/example_branch_python_dop_operator_3.py for tasks to queue
[2023-02-19T20:11:47.647+0000] {logging_mixin.py:137} INFO - [2023-02-19T20:11:47.647+0000] {dagbag.py:538} INFO - Filling up the DagBag from /home/airflow/.local/lib/python3.7/site-packages/airflow/example_dags/example_branch_python_dop_operator_3.py
[2023-02-19T20:11:47.679+0000] {processor.py:753} INFO - DAG(s) dict_keys(['example_branch_dop_operator_v3']) retrieved from /home/airflow/.local/lib/python3.7/site-packages/airflow/example_dags/example_branch_python_dop_operator_3.py
[2023-02-19T20:11:47.712+0000] {logging_mixin.py:137} INFO - [2023-02-19T20:11:47.712+0000] {dag.py:2690} INFO - Sync 1 DAGs
[2023-02-19T20:11:47.754+0000] {logging_mixin.py:137} INFO - [2023-02-19T20:11:47.754+0000] {dag.py:3441} INFO - Setting next_dagrun for example_branch_dop_operator_v3 to 2023-02-19T20:10:00+00:00, run_after=2023-02-19T20:11:00+00:00
[2023-02-19T20:11:47.781+0000] {processor.py:175} INFO - Processing /home/airflow/.local/lib/python3.7/site-packages/airflow/example_dags/example_branch_python_dop_operator_3.py took 0.146 seconds
[2023-02-19T20:12:18.457+0000] {processor.py:153} INFO - Started process (PID=282) to work on /home/airflow/.local/lib/python3.7/site-packages/airflow/example_dags/example_branch_python_dop_operator_3.py
[2023-02-19T20:12:18.460+0000] {processor.py:743} INFO - Processing file /home/airflow/.local/lib/python3.7/site-packages/airflow/example_dags/example_branch_python_dop_operator_3.py for tasks to queue
[2023-02-19T20:12:18.462+0000] {logging_mixin.py:137} INFO - [2023-02-19T20:12:18.462+0000] {dagbag.py:538} INFO - Filling up the DagBag from /home/airflow/.local/lib/python3.7/site-packages/airflow/example_dags/example_branch_python_dop_operator_3.py
[2023-02-19T20:12:18.511+0000] {processor.py:753} INFO - DAG(s) dict_keys(['example_branch_dop_operator_v3']) retrieved from /home/airflow/.local/lib/python3.7/site-packages/airflow/example_dags/example_branch_python_dop_operator_3.py
[2023-02-19T20:12:18.567+0000] {logging_mixin.py:137} INFO - [2023-02-19T20:12:18.566+0000] {dag.py:2690} INFO - Sync 1 DAGs
[2023-02-19T20:12:18.616+0000] {logging_mixin.py:137} INFO - [2023-02-19T20:12:18.616+0000] {dag.py:3441} INFO - Setting next_dagrun for example_branch_dop_operator_v3 to 2023-02-19T20:11:00+00:00, run_after=2023-02-19T20:12:00+00:00
[2023-02-19T20:12:18.640+0000] {processor.py:175} INFO - Processing /home/airflow/.local/lib/python3.7/site-packages/airflow/example_dags/example_branch_python_dop_operator_3.py took 0.189 seconds
[2023-02-19T20:12:48.829+0000] {processor.py:153} INFO - Started process (PID=357) to work on /home/airflow/.local/lib/python3.7/site-packages/airflow/example_dags/example_branch_python_dop_operator_3.py
[2023-02-19T20:12:48.831+0000] {processor.py:743} INFO - Processing file /home/airflow/.local/lib/python3.7/site-packages/airflow/example_dags/example_branch_python_dop_operator_3.py for tasks to queue
[2023-02-19T20:12:48.834+0000] {logging_mixin.py:137} INFO - [2023-02-19T20:12:48.833+0000] {dagbag.py:538} INFO - Filling up the DagBag from /home/airflow/.local/lib/python3.7/site-packages/airflow/example_dags/example_branch_python_dop_operator_3.py
[2023-02-19T20:12:48.865+0000] {processor.py:753} INFO - DAG(s) dict_keys(['example_branch_dop_operator_v3']) retrieved from /home/airflow/.local/lib/python3.7/site-packages/airflow/example_dags/example_branch_python_dop_operator_3.py
[2023-02-19T20:12:48.900+0000] {logging_mixin.py:137} INFO - [2023-02-19T20:12:48.900+0000] {dag.py:2690} INFO - Sync 1 DAGs
[2023-02-19T20:12:48.938+0000] {logging_mixin.py:137} INFO - [2023-02-19T20:12:48.938+0000] {dag.py:3441} INFO - Setting next_dagrun for example_branch_dop_operator_v3 to 2023-02-19T20:11:00+00:00, run_after=2023-02-19T20:12:00+00:00
[2023-02-19T20:12:48.965+0000] {processor.py:175} INFO - Processing /home/airflow/.local/lib/python3.7/site-packages/airflow/example_dags/example_branch_python_dop_operator_3.py took 0.144 seconds
[2023-02-19T20:13:19.358+0000] {processor.py:153} INFO - Started process (PID=420) to work on /home/airflow/.local/lib/python3.7/site-packages/airflow/example_dags/example_branch_python_dop_operator_3.py
[2023-02-19T20:13:19.362+0000] {processor.py:743} INFO - Processing file /home/airflow/.local/lib/python3.7/site-packages/airflow/example_dags/example_branch_python_dop_operator_3.py for tasks to queue
[2023-02-19T20:13:19.364+0000] {logging_mixin.py:137} INFO - [2023-02-19T20:13:19.364+0000] {dagbag.py:538} INFO - Filling up the DagBag from /home/airflow/.local/lib/python3.7/site-packages/airflow/example_dags/example_branch_python_dop_operator_3.py
[2023-02-19T20:13:19.399+0000] {processor.py:753} INFO - DAG(s) dict_keys(['example_branch_dop_operator_v3']) retrieved from /home/airflow/.local/lib/python3.7/site-packages/airflow/example_dags/example_branch_python_dop_operator_3.py
[2023-02-19T20:13:19.437+0000] {logging_mixin.py:137} INFO - [2023-02-19T20:13:19.437+0000] {dag.py:2690} INFO - Sync 1 DAGs
[2023-02-19T20:13:19.493+0000] {logging_mixin.py:137} INFO - [2023-02-19T20:13:19.493+0000] {dag.py:3441} INFO - Setting next_dagrun for example_branch_dop_operator_v3 to 2023-02-19T20:12:00+00:00, run_after=2023-02-19T20:13:00+00:00
[2023-02-19T20:13:19.528+0000] {processor.py:175} INFO - Processing /home/airflow/.local/lib/python3.7/site-packages/airflow/example_dags/example_branch_python_dop_operator_3.py took 0.175 seconds
[2023-02-19T20:13:50.157+0000] {processor.py:153} INFO - Started process (PID=495) to work on /home/airflow/.local/lib/python3.7/site-packages/airflow/example_dags/example_branch_python_dop_operator_3.py
[2023-02-19T20:13:50.160+0000] {processor.py:743} INFO - Processing file /home/airflow/.local/lib/python3.7/site-packages/airflow/example_dags/example_branch_python_dop_operator_3.py for tasks to queue
[2023-02-19T20:13:50.163+0000] {logging_mixin.py:137} INFO - [2023-02-19T20:13:50.163+0000] {dagbag.py:538} INFO - Filling up the DagBag from /home/airflow/.local/lib/python3.7/site-packages/airflow/example_dags/example_branch_python_dop_operator_3.py
[2023-02-19T20:13:50.224+0000] {processor.py:753} INFO - DAG(s) dict_keys(['example_branch_dop_operator_v3']) retrieved from /home/airflow/.local/lib/python3.7/site-packages/airflow/example_dags/example_branch_python_dop_operator_3.py
[2023-02-19T20:13:50.273+0000] {logging_mixin.py:137} INFO - [2023-02-19T20:13:50.273+0000] {dag.py:2690} INFO - Sync 1 DAGs
[2023-02-19T20:13:50.336+0000] {logging_mixin.py:137} INFO - [2023-02-19T20:13:50.336+0000] {dag.py:3441} INFO - Setting next_dagrun for example_branch_dop_operator_v3 to 2023-02-19T20:12:00+00:00, run_after=2023-02-19T20:13:00+00:00
[2023-02-19T20:13:50.396+0000] {processor.py:175} INFO - Processing /home/airflow/.local/lib/python3.7/site-packages/airflow/example_dags/example_branch_python_dop_operator_3.py took 0.254 seconds
[2023-02-19T20:14:21.372+0000] {processor.py:153} INFO - Started process (PID=558) to work on /home/airflow/.local/lib/python3.7/site-packages/airflow/example_dags/example_branch_python_dop_operator_3.py
[2023-02-19T20:14:21.375+0000] {processor.py:743} INFO - Processing file /home/airflow/.local/lib/python3.7/site-packages/airflow/example_dags/example_branch_python_dop_operator_3.py for tasks to queue
[2023-02-19T20:14:21.377+0000] {logging_mixin.py:137} INFO - [2023-02-19T20:14:21.377+0000] {dagbag.py:538} INFO - Filling up the DagBag from /home/airflow/.local/lib/python3.7/site-packages/airflow/example_dags/example_branch_python_dop_operator_3.py
[2023-02-19T20:14:21.414+0000] {processor.py:753} INFO - DAG(s) dict_keys(['example_branch_dop_operator_v3']) retrieved from /home/airflow/.local/lib/python3.7/site-packages/airflow/example_dags/example_branch_python_dop_operator_3.py
[2023-02-19T20:14:21.448+0000] {logging_mixin.py:137} INFO - [2023-02-19T20:14:21.448+0000] {dag.py:2690} INFO - Sync 1 DAGs
[2023-02-19T20:14:21.486+0000] {logging_mixin.py:137} INFO - [2023-02-19T20:14:21.486+0000] {dag.py:3441} INFO - Setting next_dagrun for example_branch_dop_operator_v3 to 2023-02-19T20:13:00+00:00, run_after=2023-02-19T20:14:00+00:00
[2023-02-19T20:14:21.514+0000] {processor.py:175} INFO - Processing /home/airflow/.local/lib/python3.7/site-packages/airflow/example_dags/example_branch_python_dop_operator_3.py took 0.148 seconds
[2023-02-19T20:14:51.950+0000] {processor.py:153} INFO - Started process (PID=621) to work on /home/airflow/.local/lib/python3.7/site-packages/airflow/example_dags/example_branch_python_dop_operator_3.py
[2023-02-19T20:14:51.954+0000] {processor.py:743} INFO - Processing file /home/airflow/.local/lib/python3.7/site-packages/airflow/example_dags/example_branch_python_dop_operator_3.py for tasks to queue
[2023-02-19T20:14:51.956+0000] {logging_mixin.py:137} INFO - [2023-02-19T20:14:51.956+0000] {dagbag.py:538} INFO - Filling up the DagBag from /home/airflow/.local/lib/python3.7/site-packages/airflow/example_dags/example_branch_python_dop_operator_3.py
[2023-02-19T20:14:51.999+0000] {processor.py:753} INFO - DAG(s) dict_keys(['example_branch_dop_operator_v3']) retrieved from /home/airflow/.local/lib/python3.7/site-packages/airflow/example_dags/example_branch_python_dop_operator_3.py
[2023-02-19T20:14:52.052+0000] {logging_mixin.py:137} INFO - [2023-02-19T20:14:52.052+0000] {dag.py:2690} INFO - Sync 1 DAGs
[2023-02-19T20:14:52.104+0000] {logging_mixin.py:137} INFO - [2023-02-19T20:14:52.104+0000] {dag.py:3441} INFO - Setting next_dagrun for example_branch_dop_operator_v3 to 2023-02-19T20:13:00+00:00, run_after=2023-02-19T20:14:00+00:00
[2023-02-19T20:14:52.137+0000] {processor.py:175} INFO - Processing /home/airflow/.local/lib/python3.7/site-packages/airflow/example_dags/example_branch_python_dop_operator_3.py took 0.195 seconds
[2023-02-19T20:15:22.714+0000] {processor.py:153} INFO - Started process (PID=697) to work on /home/airflow/.local/lib/python3.7/site-packages/airflow/example_dags/example_branch_python_dop_operator_3.py
[2023-02-19T20:15:22.716+0000] {processor.py:743} INFO - Processing file /home/airflow/.local/lib/python3.7/site-packages/airflow/example_dags/example_branch_python_dop_operator_3.py for tasks to queue
[2023-02-19T20:15:22.722+0000] {logging_mixin.py:137} INFO - [2023-02-19T20:15:22.722+0000] {dagbag.py:538} INFO - Filling up the DagBag from /home/airflow/.local/lib/python3.7/site-packages/airflow/example_dags/example_branch_python_dop_operator_3.py
[2023-02-19T20:15:22.761+0000] {processor.py:753} INFO - DAG(s) dict_keys(['example_branch_dop_operator_v3']) retrieved from /home/airflow/.local/lib/python3.7/site-packages/airflow/example_dags/example_branch_python_dop_operator_3.py
[2023-02-19T20:15:22.801+0000] {logging_mixin.py:137} INFO - [2023-02-19T20:15:22.800+0000] {dag.py:2690} INFO - Sync 1 DAGs
[2023-02-19T20:15:22.845+0000] {logging_mixin.py:137} INFO - [2023-02-19T20:15:22.844+0000] {dag.py:3441} INFO - Setting next_dagrun for example_branch_dop_operator_v3 to 2023-02-19T20:14:00+00:00, run_after=2023-02-19T20:15:00+00:00
[2023-02-19T20:15:22.896+0000] {processor.py:175} INFO - Processing /home/airflow/.local/lib/python3.7/site-packages/airflow/example_dags/example_branch_python_dop_operator_3.py took 0.187 seconds
[2023-02-19T20:15:53.326+0000] {processor.py:153} INFO - Started process (PID=760) to work on /home/airflow/.local/lib/python3.7/site-packages/airflow/example_dags/example_branch_python_dop_operator_3.py
[2023-02-19T20:15:53.328+0000] {processor.py:743} INFO - Processing file /home/airflow/.local/lib/python3.7/site-packages/airflow/example_dags/example_branch_python_dop_operator_3.py for tasks to queue
[2023-02-19T20:15:53.330+0000] {logging_mixin.py:137} INFO - [2023-02-19T20:15:53.330+0000] {dagbag.py:538} INFO - Filling up the DagBag from /home/airflow/.local/lib/python3.7/site-packages/airflow/example_dags/example_branch_python_dop_operator_3.py
[2023-02-19T20:15:53.362+0000] {processor.py:753} INFO - DAG(s) dict_keys(['example_branch_dop_operator_v3']) retrieved from /home/airflow/.local/lib/python3.7/site-packages/airflow/example_dags/example_branch_python_dop_operator_3.py
[2023-02-19T20:15:53.397+0000] {logging_mixin.py:137} INFO - [2023-02-19T20:15:53.397+0000] {dag.py:2690} INFO - Sync 1 DAGs
[2023-02-19T20:15:53.436+0000] {logging_mixin.py:137} INFO - [2023-02-19T20:15:53.436+0000] {dag.py:3441} INFO - Setting next_dagrun for example_branch_dop_operator_v3 to 2023-02-19T20:14:00+00:00, run_after=2023-02-19T20:15:00+00:00
[2023-02-19T20:15:53.472+0000] {processor.py:175} INFO - Processing /home/airflow/.local/lib/python3.7/site-packages/airflow/example_dags/example_branch_python_dop_operator_3.py took 0.151 seconds
[2023-02-19T20:16:24.002+0000] {processor.py:153} INFO - Started process (PID=836) to work on /home/airflow/.local/lib/python3.7/site-packages/airflow/example_dags/example_branch_python_dop_operator_3.py
[2023-02-19T20:16:24.005+0000] {processor.py:743} INFO - Processing file /home/airflow/.local/lib/python3.7/site-packages/airflow/example_dags/example_branch_python_dop_operator_3.py for tasks to queue
[2023-02-19T20:16:24.007+0000] {logging_mixin.py:137} INFO - [2023-02-19T20:16:24.006+0000] {dagbag.py:538} INFO - Filling up the DagBag from /home/airflow/.local/lib/python3.7/site-packages/airflow/example_dags/example_branch_python_dop_operator_3.py
[2023-02-19T20:16:24.041+0000] {processor.py:753} INFO - DAG(s) dict_keys(['example_branch_dop_operator_v3']) retrieved from /home/airflow/.local/lib/python3.7/site-packages/airflow/example_dags/example_branch_python_dop_operator_3.py
[2023-02-19T20:16:24.077+0000] {logging_mixin.py:137} INFO - [2023-02-19T20:16:24.077+0000] {dag.py:2690} INFO - Sync 1 DAGs
[2023-02-19T20:16:24.125+0000] {logging_mixin.py:137} INFO - [2023-02-19T20:16:24.125+0000] {dag.py:3441} INFO - Setting next_dagrun for example_branch_dop_operator_v3 to 2023-02-19T20:15:00+00:00, run_after=2023-02-19T20:16:00+00:00
[2023-02-19T20:16:24.157+0000] {processor.py:175} INFO - Processing /home/airflow/.local/lib/python3.7/site-packages/airflow/example_dags/example_branch_python_dop_operator_3.py took 0.160 seconds
[2023-02-19T20:16:54.938+0000] {processor.py:153} INFO - Started process (PID=899) to work on /home/airflow/.local/lib/python3.7/site-packages/airflow/example_dags/example_branch_python_dop_operator_3.py
[2023-02-19T20:16:54.940+0000] {processor.py:743} INFO - Processing file /home/airflow/.local/lib/python3.7/site-packages/airflow/example_dags/example_branch_python_dop_operator_3.py for tasks to queue
[2023-02-19T20:16:54.943+0000] {logging_mixin.py:137} INFO - [2023-02-19T20:16:54.942+0000] {dagbag.py:538} INFO - Filling up the DagBag from /home/airflow/.local/lib/python3.7/site-packages/airflow/example_dags/example_branch_python_dop_operator_3.py
[2023-02-19T20:16:54.975+0000] {processor.py:753} INFO - DAG(s) dict_keys(['example_branch_dop_operator_v3']) retrieved from /home/airflow/.local/lib/python3.7/site-packages/airflow/example_dags/example_branch_python_dop_operator_3.py
[2023-02-19T20:16:55.011+0000] {logging_mixin.py:137} INFO - [2023-02-19T20:16:55.011+0000] {dag.py:2690} INFO - Sync 1 DAGs
[2023-02-19T20:16:55.054+0000] {logging_mixin.py:137} INFO - [2023-02-19T20:16:55.054+0000] {dag.py:3441} INFO - Setting next_dagrun for example_branch_dop_operator_v3 to 2023-02-19T20:15:00+00:00, run_after=2023-02-19T20:16:00+00:00
[2023-02-19T20:16:55.079+0000] {processor.py:175} INFO - Processing /home/airflow/.local/lib/python3.7/site-packages/airflow/example_dags/example_branch_python_dop_operator_3.py took 0.148 seconds
[2023-02-19T20:17:25.429+0000] {processor.py:153} INFO - Started process (PID=974) to work on /home/airflow/.local/lib/python3.7/site-packages/airflow/example_dags/example_branch_python_dop_operator_3.py
[2023-02-19T20:17:25.431+0000] {processor.py:743} INFO - Processing file /home/airflow/.local/lib/python3.7/site-packages/airflow/example_dags/example_branch_python_dop_operator_3.py for tasks to queue
[2023-02-19T20:17:25.433+0000] {logging_mixin.py:137} INFO - [2023-02-19T20:17:25.433+0000] {dagbag.py:538} INFO - Filling up the DagBag from /home/airflow/.local/lib/python3.7/site-packages/airflow/example_dags/example_branch_python_dop_operator_3.py
[2023-02-19T20:17:25.465+0000] {processor.py:753} INFO - DAG(s) dict_keys(['example_branch_dop_operator_v3']) retrieved from /home/airflow/.local/lib/python3.7/site-packages/airflow/example_dags/example_branch_python_dop_operator_3.py
[2023-02-19T20:17:25.506+0000] {logging_mixin.py:137} INFO - [2023-02-19T20:17:25.506+0000] {dag.py:2690} INFO - Sync 1 DAGs
[2023-02-19T20:17:25.561+0000] {logging_mixin.py:137} INFO - [2023-02-19T20:17:25.560+0000] {dag.py:3441} INFO - Setting next_dagrun for example_branch_dop_operator_v3 to 2023-02-19T20:16:00+00:00, run_after=2023-02-19T20:17:00+00:00
[2023-02-19T20:17:25.608+0000] {processor.py:175} INFO - Processing /home/airflow/.local/lib/python3.7/site-packages/airflow/example_dags/example_branch_python_dop_operator_3.py took 0.185 seconds
[2023-02-19T20:17:56.094+0000] {processor.py:153} INFO - Started process (PID=1037) to work on /home/airflow/.local/lib/python3.7/site-packages/airflow/example_dags/example_branch_python_dop_operator_3.py
[2023-02-19T20:17:56.097+0000] {processor.py:743} INFO - Processing file /home/airflow/.local/lib/python3.7/site-packages/airflow/example_dags/example_branch_python_dop_operator_3.py for tasks to queue
[2023-02-19T20:17:56.099+0000] {logging_mixin.py:137} INFO - [2023-02-19T20:17:56.099+0000] {dagbag.py:538} INFO - Filling up the DagBag from /home/airflow/.local/lib/python3.7/site-packages/airflow/example_dags/example_branch_python_dop_operator_3.py
[2023-02-19T20:17:56.130+0000] {processor.py:753} INFO - DAG(s) dict_keys(['example_branch_dop_operator_v3']) retrieved from /home/airflow/.local/lib/python3.7/site-packages/airflow/example_dags/example_branch_python_dop_operator_3.py
[2023-02-19T20:17:56.163+0000] {logging_mixin.py:137} INFO - [2023-02-19T20:17:56.163+0000] {dag.py:2690} INFO - Sync 1 DAGs
[2023-02-19T20:17:56.205+0000] {logging_mixin.py:137} INFO - [2023-02-19T20:17:56.205+0000] {dag.py:3441} INFO - Setting next_dagrun for example_branch_dop_operator_v3 to 2023-02-19T20:16:00+00:00, run_after=2023-02-19T20:17:00+00:00
[2023-02-19T20:17:56.232+0000] {processor.py:175} INFO - Processing /home/airflow/.local/lib/python3.7/site-packages/airflow/example_dags/example_branch_python_dop_operator_3.py took 0.145 seconds
[2023-02-19T20:18:26.717+0000] {processor.py:153} INFO - Started process (PID=1113) to work on /home/airflow/.local/lib/python3.7/site-packages/airflow/example_dags/example_branch_python_dop_operator_3.py
[2023-02-19T20:18:26.720+0000] {processor.py:743} INFO - Processing file /home/airflow/.local/lib/python3.7/site-packages/airflow/example_dags/example_branch_python_dop_operator_3.py for tasks to queue
[2023-02-19T20:18:26.723+0000] {logging_mixin.py:137} INFO - [2023-02-19T20:18:26.721+0000] {dagbag.py:538} INFO - Filling up the DagBag from /home/airflow/.local/lib/python3.7/site-packages/airflow/example_dags/example_branch_python_dop_operator_3.py
[2023-02-19T20:18:26.800+0000] {processor.py:753} INFO - DAG(s) dict_keys(['example_branch_dop_operator_v3']) retrieved from /home/airflow/.local/lib/python3.7/site-packages/airflow/example_dags/example_branch_python_dop_operator_3.py
[2023-02-19T20:18:26.883+0000] {logging_mixin.py:137} INFO - [2023-02-19T20:18:26.883+0000] {dag.py:2690} INFO - Sync 1 DAGs
[2023-02-19T20:18:26.942+0000] {logging_mixin.py:137} INFO - [2023-02-19T20:18:26.942+0000] {dag.py:3441} INFO - Setting next_dagrun for example_branch_dop_operator_v3 to 2023-02-19T20:17:00+00:00, run_after=2023-02-19T20:18:00+00:00
[2023-02-19T20:18:27.002+0000] {processor.py:175} INFO - Processing /home/airflow/.local/lib/python3.7/site-packages/airflow/example_dags/example_branch_python_dop_operator_3.py took 0.291 seconds
[2023-02-19T20:18:57.456+0000] {processor.py:153} INFO - Started process (PID=1175) to work on /home/airflow/.local/lib/python3.7/site-packages/airflow/example_dags/example_branch_python_dop_operator_3.py
[2023-02-19T20:18:57.459+0000] {processor.py:743} INFO - Processing file /home/airflow/.local/lib/python3.7/site-packages/airflow/example_dags/example_branch_python_dop_operator_3.py for tasks to queue
[2023-02-19T20:18:57.462+0000] {logging_mixin.py:137} INFO - [2023-02-19T20:18:57.461+0000] {dagbag.py:538} INFO - Filling up the DagBag from /home/airflow/.local/lib/python3.7/site-packages/airflow/example_dags/example_branch_python_dop_operator_3.py
[2023-02-19T20:18:57.496+0000] {processor.py:753} INFO - DAG(s) dict_keys(['example_branch_dop_operator_v3']) retrieved from /home/airflow/.local/lib/python3.7/site-packages/airflow/example_dags/example_branch_python_dop_operator_3.py
[2023-02-19T20:18:57.529+0000] {logging_mixin.py:137} INFO - [2023-02-19T20:18:57.529+0000] {dag.py:2690} INFO - Sync 1 DAGs
[2023-02-19T20:18:57.567+0000] {logging_mixin.py:137} INFO - [2023-02-19T20:18:57.567+0000] {dag.py:3441} INFO - Setting next_dagrun for example_branch_dop_operator_v3 to 2023-02-19T20:17:00+00:00, run_after=2023-02-19T20:18:00+00:00
[2023-02-19T20:18:57.598+0000] {processor.py:175} INFO - Processing /home/airflow/.local/lib/python3.7/site-packages/airflow/example_dags/example_branch_python_dop_operator_3.py took 0.148 seconds
[2023-02-19T20:19:28.109+0000] {processor.py:153} INFO - Started process (PID=1247) to work on /home/airflow/.local/lib/python3.7/site-packages/airflow/example_dags/example_branch_python_dop_operator_3.py
[2023-02-19T20:19:28.112+0000] {processor.py:743} INFO - Processing file /home/airflow/.local/lib/python3.7/site-packages/airflow/example_dags/example_branch_python_dop_operator_3.py for tasks to queue
[2023-02-19T20:19:28.115+0000] {logging_mixin.py:137} INFO - [2023-02-19T20:19:28.114+0000] {dagbag.py:538} INFO - Filling up the DagBag from /home/airflow/.local/lib/python3.7/site-packages/airflow/example_dags/example_branch_python_dop_operator_3.py
[2023-02-19T20:19:28.149+0000] {processor.py:753} INFO - DAG(s) dict_keys(['example_branch_dop_operator_v3']) retrieved from /home/airflow/.local/lib/python3.7/site-packages/airflow/example_dags/example_branch_python_dop_operator_3.py
[2023-02-19T20:19:28.186+0000] {logging_mixin.py:137} INFO - [2023-02-19T20:19:28.186+0000] {dag.py:2690} INFO - Sync 1 DAGs
[2023-02-19T20:19:28.246+0000] {logging_mixin.py:137} INFO - [2023-02-19T20:19:28.246+0000] {dag.py:3441} INFO - Setting next_dagrun for example_branch_dop_operator_v3 to 2023-02-19T20:18:00+00:00, run_after=2023-02-19T20:19:00+00:00
[2023-02-19T20:19:28.279+0000] {processor.py:175} INFO - Processing /home/airflow/.local/lib/python3.7/site-packages/airflow/example_dags/example_branch_python_dop_operator_3.py took 0.179 seconds
[2023-02-19T20:19:58.876+0000] {processor.py:153} INFO - Started process (PID=1313) to work on /home/airflow/.local/lib/python3.7/site-packages/airflow/example_dags/example_branch_python_dop_operator_3.py
[2023-02-19T20:19:58.882+0000] {processor.py:743} INFO - Processing file /home/airflow/.local/lib/python3.7/site-packages/airflow/example_dags/example_branch_python_dop_operator_3.py for tasks to queue
[2023-02-19T20:19:58.884+0000] {logging_mixin.py:137} INFO - [2023-02-19T20:19:58.884+0000] {dagbag.py:538} INFO - Filling up the DagBag from /home/airflow/.local/lib/python3.7/site-packages/airflow/example_dags/example_branch_python_dop_operator_3.py
[2023-02-19T20:19:58.915+0000] {processor.py:753} INFO - DAG(s) dict_keys(['example_branch_dop_operator_v3']) retrieved from /home/airflow/.local/lib/python3.7/site-packages/airflow/example_dags/example_branch_python_dop_operator_3.py
[2023-02-19T20:19:58.950+0000] {logging_mixin.py:137} INFO - [2023-02-19T20:19:58.950+0000] {dag.py:2690} INFO - Sync 1 DAGs
[2023-02-19T20:19:58.994+0000] {logging_mixin.py:137} INFO - [2023-02-19T20:19:58.993+0000] {dag.py:3441} INFO - Setting next_dagrun for example_branch_dop_operator_v3 to 2023-02-19T20:18:00+00:00, run_after=2023-02-19T20:19:00+00:00
[2023-02-19T20:19:59.027+0000] {processor.py:175} INFO - Processing /home/airflow/.local/lib/python3.7/site-packages/airflow/example_dags/example_branch_python_dop_operator_3.py took 0.158 seconds
[2023-02-19T20:20:29.317+0000] {processor.py:153} INFO - Started process (PID=1377) to work on /home/airflow/.local/lib/python3.7/site-packages/airflow/example_dags/example_branch_python_dop_operator_3.py
[2023-02-19T20:20:29.320+0000] {processor.py:743} INFO - Processing file /home/airflow/.local/lib/python3.7/site-packages/airflow/example_dags/example_branch_python_dop_operator_3.py for tasks to queue
[2023-02-19T20:20:29.322+0000] {logging_mixin.py:137} INFO - [2023-02-19T20:20:29.321+0000] {dagbag.py:538} INFO - Filling up the DagBag from /home/airflow/.local/lib/python3.7/site-packages/airflow/example_dags/example_branch_python_dop_operator_3.py
[2023-02-19T20:20:29.352+0000] {processor.py:753} INFO - DAG(s) dict_keys(['example_branch_dop_operator_v3']) retrieved from /home/airflow/.local/lib/python3.7/site-packages/airflow/example_dags/example_branch_python_dop_operator_3.py
[2023-02-19T20:20:29.385+0000] {logging_mixin.py:137} INFO - [2023-02-19T20:20:29.385+0000] {dag.py:2690} INFO - Sync 1 DAGs
[2023-02-19T20:20:29.423+0000] {logging_mixin.py:137} INFO - [2023-02-19T20:20:29.423+0000] {dag.py:3441} INFO - Setting next_dagrun for example_branch_dop_operator_v3 to 2023-02-19T20:19:00+00:00, run_after=2023-02-19T20:20:00+00:00
[2023-02-19T20:20:29.449+0000] {processor.py:175} INFO - Processing /home/airflow/.local/lib/python3.7/site-packages/airflow/example_dags/example_branch_python_dop_operator_3.py took 0.138 seconds
[2023-02-19T20:20:59.838+0000] {processor.py:153} INFO - Started process (PID=1453) to work on /home/airflow/.local/lib/python3.7/site-packages/airflow/example_dags/example_branch_python_dop_operator_3.py
[2023-02-19T20:20:59.840+0000] {processor.py:743} INFO - Processing file /home/airflow/.local/lib/python3.7/site-packages/airflow/example_dags/example_branch_python_dop_operator_3.py for tasks to queue
[2023-02-19T20:20:59.842+0000] {logging_mixin.py:137} INFO - [2023-02-19T20:20:59.842+0000] {dagbag.py:538} INFO - Filling up the DagBag from /home/airflow/.local/lib/python3.7/site-packages/airflow/example_dags/example_branch_python_dop_operator_3.py
[2023-02-19T20:20:59.875+0000] {processor.py:753} INFO - DAG(s) dict_keys(['example_branch_dop_operator_v3']) retrieved from /home/airflow/.local/lib/python3.7/site-packages/airflow/example_dags/example_branch_python_dop_operator_3.py
[2023-02-19T20:20:59.910+0000] {logging_mixin.py:137} INFO - [2023-02-19T20:20:59.909+0000] {dag.py:2690} INFO - Sync 1 DAGs
[2023-02-19T20:20:59.947+0000] {logging_mixin.py:137} INFO - [2023-02-19T20:20:59.947+0000] {dag.py:3441} INFO - Setting next_dagrun for example_branch_dop_operator_v3 to 2023-02-19T20:19:00+00:00, run_after=2023-02-19T20:20:00+00:00
[2023-02-19T20:20:59.976+0000] {processor.py:175} INFO - Processing /home/airflow/.local/lib/python3.7/site-packages/airflow/example_dags/example_branch_python_dop_operator_3.py took 0.144 seconds
[2023-02-19T20:21:30.811+0000] {processor.py:153} INFO - Started process (PID=1515) to work on /home/airflow/.local/lib/python3.7/site-packages/airflow/example_dags/example_branch_python_dop_operator_3.py
[2023-02-19T20:21:30.813+0000] {processor.py:743} INFO - Processing file /home/airflow/.local/lib/python3.7/site-packages/airflow/example_dags/example_branch_python_dop_operator_3.py for tasks to queue
[2023-02-19T20:21:30.817+0000] {logging_mixin.py:137} INFO - [2023-02-19T20:21:30.817+0000] {dagbag.py:538} INFO - Filling up the DagBag from /home/airflow/.local/lib/python3.7/site-packages/airflow/example_dags/example_branch_python_dop_operator_3.py
[2023-02-19T20:21:30.873+0000] {processor.py:753} INFO - DAG(s) dict_keys(['example_branch_dop_operator_v3']) retrieved from /home/airflow/.local/lib/python3.7/site-packages/airflow/example_dags/example_branch_python_dop_operator_3.py
[2023-02-19T20:21:30.964+0000] {logging_mixin.py:137} INFO - [2023-02-19T20:21:30.964+0000] {dag.py:2690} INFO - Sync 1 DAGs
[2023-02-19T20:21:31.012+0000] {logging_mixin.py:137} INFO - [2023-02-19T20:21:31.012+0000] {dag.py:3441} INFO - Setting next_dagrun for example_branch_dop_operator_v3 to 2023-02-19T20:20:00+00:00, run_after=2023-02-19T20:21:00+00:00
[2023-02-19T20:21:31.040+0000] {processor.py:175} INFO - Processing /home/airflow/.local/lib/python3.7/site-packages/airflow/example_dags/example_branch_python_dop_operator_3.py took 0.235 seconds
[2023-02-19T20:51:48.350+0000] {processor.py:153} INFO - Started process (PID=1576) to work on /home/airflow/.local/lib/python3.7/site-packages/airflow/example_dags/example_branch_python_dop_operator_3.py
[2023-02-19T20:51:48.353+0000] {processor.py:743} INFO - Processing file /home/airflow/.local/lib/python3.7/site-packages/airflow/example_dags/example_branch_python_dop_operator_3.py for tasks to queue
[2023-02-19T20:51:48.354+0000] {logging_mixin.py:137} INFO - [2023-02-19T20:51:48.354+0000] {dagbag.py:538} INFO - Filling up the DagBag from /home/airflow/.local/lib/python3.7/site-packages/airflow/example_dags/example_branch_python_dop_operator_3.py
[2023-02-19T20:51:48.387+0000] {processor.py:753} INFO - DAG(s) dict_keys(['example_branch_dop_operator_v3']) retrieved from /home/airflow/.local/lib/python3.7/site-packages/airflow/example_dags/example_branch_python_dop_operator_3.py
[2023-02-19T20:51:48.424+0000] {logging_mixin.py:137} INFO - [2023-02-19T20:51:48.424+0000] {dag.py:2690} INFO - Sync 1 DAGs
[2023-02-19T20:51:48.461+0000] {logging_mixin.py:137} INFO - [2023-02-19T20:51:48.461+0000] {dag.py:3441} INFO - Setting next_dagrun for example_branch_dop_operator_v3 to 2023-02-19T20:50:00+00:00, run_after=2023-02-19T20:51:00+00:00
[2023-02-19T20:51:48.485+0000] {processor.py:175} INFO - Processing /home/airflow/.local/lib/python3.7/site-packages/airflow/example_dags/example_branch_python_dop_operator_3.py took 0.139 seconds
[2023-02-19T21:09:26.390+0000] {processor.py:153} INFO - Started process (PID=1652) to work on /home/airflow/.local/lib/python3.7/site-packages/airflow/example_dags/example_branch_python_dop_operator_3.py
[2023-02-19T21:09:26.393+0000] {processor.py:743} INFO - Processing file /home/airflow/.local/lib/python3.7/site-packages/airflow/example_dags/example_branch_python_dop_operator_3.py for tasks to queue
[2023-02-19T21:09:26.395+0000] {logging_mixin.py:137} INFO - [2023-02-19T21:09:26.395+0000] {dagbag.py:538} INFO - Filling up the DagBag from /home/airflow/.local/lib/python3.7/site-packages/airflow/example_dags/example_branch_python_dop_operator_3.py
[2023-02-19T21:09:26.435+0000] {processor.py:753} INFO - DAG(s) dict_keys(['example_branch_dop_operator_v3']) retrieved from /home/airflow/.local/lib/python3.7/site-packages/airflow/example_dags/example_branch_python_dop_operator_3.py
[2023-02-19T21:09:26.469+0000] {logging_mixin.py:137} INFO - [2023-02-19T21:09:26.468+0000] {dag.py:2690} INFO - Sync 1 DAGs
[2023-02-19T21:09:26.503+0000] {logging_mixin.py:137} INFO - [2023-02-19T21:09:26.503+0000] {dag.py:3441} INFO - Setting next_dagrun for example_branch_dop_operator_v3 to 2023-02-19T21:08:00+00:00, run_after=2023-02-19T21:09:00+00:00
[2023-02-19T21:09:26.527+0000] {processor.py:175} INFO - Processing /home/airflow/.local/lib/python3.7/site-packages/airflow/example_dags/example_branch_python_dop_operator_3.py took 0.142 seconds
[2023-02-19T22:01:49.292+0000] {processor.py:153} INFO - Started process (PID=1726) to work on /home/airflow/.local/lib/python3.7/site-packages/airflow/example_dags/example_branch_python_dop_operator_3.py
[2023-02-19T22:01:49.295+0000] {processor.py:743} INFO - Processing file /home/airflow/.local/lib/python3.7/site-packages/airflow/example_dags/example_branch_python_dop_operator_3.py for tasks to queue
[2023-02-19T22:01:49.299+0000] {logging_mixin.py:137} INFO - [2023-02-19T22:01:49.298+0000] {dagbag.py:538} INFO - Filling up the DagBag from /home/airflow/.local/lib/python3.7/site-packages/airflow/example_dags/example_branch_python_dop_operator_3.py
[2023-02-19T22:01:49.338+0000] {processor.py:753} INFO - DAG(s) dict_keys(['example_branch_dop_operator_v3']) retrieved from /home/airflow/.local/lib/python3.7/site-packages/airflow/example_dags/example_branch_python_dop_operator_3.py
[2023-02-19T22:01:49.369+0000] {logging_mixin.py:137} INFO - [2023-02-19T22:01:49.369+0000] {dag.py:2690} INFO - Sync 1 DAGs
[2023-02-19T22:01:49.404+0000] {logging_mixin.py:137} INFO - [2023-02-19T22:01:49.404+0000] {dag.py:3441} INFO - Setting next_dagrun for example_branch_dop_operator_v3 to 2023-02-19T22:00:00+00:00, run_after=2023-02-19T22:01:00+00:00
[2023-02-19T22:01:49.429+0000] {processor.py:175} INFO - Processing /home/airflow/.local/lib/python3.7/site-packages/airflow/example_dags/example_branch_python_dop_operator_3.py took 0.143 seconds
[2023-02-19T22:02:20.219+0000] {processor.py:153} INFO - Started process (PID=1788) to work on /home/airflow/.local/lib/python3.7/site-packages/airflow/example_dags/example_branch_python_dop_operator_3.py
[2023-02-19T22:02:20.227+0000] {processor.py:743} INFO - Processing file /home/airflow/.local/lib/python3.7/site-packages/airflow/example_dags/example_branch_python_dop_operator_3.py for tasks to queue
[2023-02-19T22:02:20.229+0000] {logging_mixin.py:137} INFO - [2023-02-19T22:02:20.229+0000] {dagbag.py:538} INFO - Filling up the DagBag from /home/airflow/.local/lib/python3.7/site-packages/airflow/example_dags/example_branch_python_dop_operator_3.py
[2023-02-19T22:02:20.318+0000] {processor.py:753} INFO - DAG(s) dict_keys(['example_branch_dop_operator_v3']) retrieved from /home/airflow/.local/lib/python3.7/site-packages/airflow/example_dags/example_branch_python_dop_operator_3.py
[2023-02-19T22:02:20.391+0000] {logging_mixin.py:137} INFO - [2023-02-19T22:02:20.391+0000] {dag.py:2690} INFO - Sync 1 DAGs
[2023-02-19T22:02:20.481+0000] {logging_mixin.py:137} INFO - [2023-02-19T22:02:20.481+0000] {dag.py:3441} INFO - Setting next_dagrun for example_branch_dop_operator_v3 to 2023-02-19T22:01:00+00:00, run_after=2023-02-19T22:02:00+00:00
[2023-02-19T22:02:20.533+0000] {processor.py:175} INFO - Processing /home/airflow/.local/lib/python3.7/site-packages/airflow/example_dags/example_branch_python_dop_operator_3.py took 0.334 seconds
