[2023-02-19T20:10:43.129+0000] {processor.py:153} INFO - Started process (PID=73) to work on /home/airflow/.local/lib/python3.7/site-packages/airflow/example_dags/example_sensors.py
[2023-02-19T20:10:43.132+0000] {processor.py:743} INFO - Processing file /home/airflow/.local/lib/python3.7/site-packages/airflow/example_dags/example_sensors.py for tasks to queue
[2023-02-19T20:10:43.136+0000] {logging_mixin.py:137} INFO - [2023-02-19T20:10:43.135+0000] {dagbag.py:538} INFO - Filling up the DagBag from /home/airflow/.local/lib/python3.7/site-packages/airflow/example_dags/example_sensors.py
[2023-02-19T20:10:43.179+0000] {processor.py:753} INFO - DAG(s) dict_keys(['example_sensors']) retrieved from /home/airflow/.local/lib/python3.7/site-packages/airflow/example_dags/example_sensors.py
[2023-02-19T20:10:43.249+0000] {logging_mixin.py:137} INFO - [2023-02-19T20:10:43.249+0000] {dag.py:2690} INFO - Sync 1 DAGs
[2023-02-19T20:10:43.302+0000] {logging_mixin.py:137} INFO - [2023-02-19T20:10:43.302+0000] {dag.py:3441} INFO - Setting next_dagrun for example_sensors to None, run_after=None
[2023-02-19T20:10:43.347+0000] {processor.py:175} INFO - Processing /home/airflow/.local/lib/python3.7/site-packages/airflow/example_dags/example_sensors.py took 0.224 seconds
[2023-02-19T20:11:14.121+0000] {processor.py:153} INFO - Started process (PID=136) to work on /home/airflow/.local/lib/python3.7/site-packages/airflow/example_dags/example_sensors.py
[2023-02-19T20:11:14.126+0000] {processor.py:743} INFO - Processing file /home/airflow/.local/lib/python3.7/site-packages/airflow/example_dags/example_sensors.py for tasks to queue
[2023-02-19T20:11:14.129+0000] {logging_mixin.py:137} INFO - [2023-02-19T20:11:14.129+0000] {dagbag.py:538} INFO - Filling up the DagBag from /home/airflow/.local/lib/python3.7/site-packages/airflow/example_dags/example_sensors.py
[2023-02-19T20:11:14.174+0000] {processor.py:753} INFO - DAG(s) dict_keys(['example_sensors']) retrieved from /home/airflow/.local/lib/python3.7/site-packages/airflow/example_dags/example_sensors.py
[2023-02-19T20:11:14.209+0000] {logging_mixin.py:137} INFO - [2023-02-19T20:11:14.209+0000] {dag.py:2690} INFO - Sync 1 DAGs
[2023-02-19T20:11:14.257+0000] {logging_mixin.py:137} INFO - [2023-02-19T20:11:14.257+0000] {dag.py:3441} INFO - Setting next_dagrun for example_sensors to None, run_after=None
[2023-02-19T20:11:14.281+0000] {processor.py:175} INFO - Processing /home/airflow/.local/lib/python3.7/site-packages/airflow/example_dags/example_sensors.py took 0.167 seconds
[2023-02-19T20:11:45.093+0000] {processor.py:153} INFO - Started process (PID=211) to work on /home/airflow/.local/lib/python3.7/site-packages/airflow/example_dags/example_sensors.py
[2023-02-19T20:11:45.096+0000] {processor.py:743} INFO - Processing file /home/airflow/.local/lib/python3.7/site-packages/airflow/example_dags/example_sensors.py for tasks to queue
[2023-02-19T20:11:45.102+0000] {logging_mixin.py:137} INFO - [2023-02-19T20:11:45.101+0000] {dagbag.py:538} INFO - Filling up the DagBag from /home/airflow/.local/lib/python3.7/site-packages/airflow/example_dags/example_sensors.py
[2023-02-19T20:11:45.130+0000] {processor.py:753} INFO - DAG(s) dict_keys(['example_sensors']) retrieved from /home/airflow/.local/lib/python3.7/site-packages/airflow/example_dags/example_sensors.py
[2023-02-19T20:11:45.166+0000] {logging_mixin.py:137} INFO - [2023-02-19T20:11:45.166+0000] {dag.py:2690} INFO - Sync 1 DAGs
[2023-02-19T20:11:45.198+0000] {logging_mixin.py:137} INFO - [2023-02-19T20:11:45.198+0000] {dag.py:3441} INFO - Setting next_dagrun for example_sensors to None, run_after=None
[2023-02-19T20:11:45.223+0000] {processor.py:175} INFO - Processing /home/airflow/.local/lib/python3.7/site-packages/airflow/example_dags/example_sensors.py took 0.136 seconds
[2023-02-19T20:12:15.873+0000] {processor.py:153} INFO - Started process (PID=275) to work on /home/airflow/.local/lib/python3.7/site-packages/airflow/example_dags/example_sensors.py
[2023-02-19T20:12:15.878+0000] {processor.py:743} INFO - Processing file /home/airflow/.local/lib/python3.7/site-packages/airflow/example_dags/example_sensors.py for tasks to queue
[2023-02-19T20:12:15.881+0000] {logging_mixin.py:137} INFO - [2023-02-19T20:12:15.881+0000] {dagbag.py:538} INFO - Filling up the DagBag from /home/airflow/.local/lib/python3.7/site-packages/airflow/example_dags/example_sensors.py
[2023-02-19T20:12:15.910+0000] {processor.py:753} INFO - DAG(s) dict_keys(['example_sensors']) retrieved from /home/airflow/.local/lib/python3.7/site-packages/airflow/example_dags/example_sensors.py
[2023-02-19T20:12:15.957+0000] {logging_mixin.py:137} INFO - [2023-02-19T20:12:15.957+0000] {dag.py:2690} INFO - Sync 1 DAGs
[2023-02-19T20:12:15.990+0000] {logging_mixin.py:137} INFO - [2023-02-19T20:12:15.990+0000] {dag.py:3441} INFO - Setting next_dagrun for example_sensors to None, run_after=None
[2023-02-19T20:12:16.016+0000] {processor.py:175} INFO - Processing /home/airflow/.local/lib/python3.7/site-packages/airflow/example_dags/example_sensors.py took 0.148 seconds
[2023-02-19T20:12:46.277+0000] {processor.py:153} INFO - Started process (PID=350) to work on /home/airflow/.local/lib/python3.7/site-packages/airflow/example_dags/example_sensors.py
[2023-02-19T20:12:46.283+0000] {processor.py:743} INFO - Processing file /home/airflow/.local/lib/python3.7/site-packages/airflow/example_dags/example_sensors.py for tasks to queue
[2023-02-19T20:12:46.285+0000] {logging_mixin.py:137} INFO - [2023-02-19T20:12:46.285+0000] {dagbag.py:538} INFO - Filling up the DagBag from /home/airflow/.local/lib/python3.7/site-packages/airflow/example_dags/example_sensors.py
[2023-02-19T20:12:46.314+0000] {processor.py:753} INFO - DAG(s) dict_keys(['example_sensors']) retrieved from /home/airflow/.local/lib/python3.7/site-packages/airflow/example_dags/example_sensors.py
[2023-02-19T20:12:46.351+0000] {logging_mixin.py:137} INFO - [2023-02-19T20:12:46.350+0000] {dag.py:2690} INFO - Sync 1 DAGs
[2023-02-19T20:12:46.383+0000] {logging_mixin.py:137} INFO - [2023-02-19T20:12:46.383+0000] {dag.py:3441} INFO - Setting next_dagrun for example_sensors to None, run_after=None
[2023-02-19T20:12:46.409+0000] {processor.py:175} INFO - Processing /home/airflow/.local/lib/python3.7/site-packages/airflow/example_dags/example_sensors.py took 0.136 seconds
[2023-02-19T20:13:16.846+0000] {processor.py:153} INFO - Started process (PID=413) to work on /home/airflow/.local/lib/python3.7/site-packages/airflow/example_dags/example_sensors.py
[2023-02-19T20:13:16.848+0000] {processor.py:743} INFO - Processing file /home/airflow/.local/lib/python3.7/site-packages/airflow/example_dags/example_sensors.py for tasks to queue
[2023-02-19T20:13:16.851+0000] {logging_mixin.py:137} INFO - [2023-02-19T20:13:16.850+0000] {dagbag.py:538} INFO - Filling up the DagBag from /home/airflow/.local/lib/python3.7/site-packages/airflow/example_dags/example_sensors.py
[2023-02-19T20:13:16.879+0000] {processor.py:753} INFO - DAG(s) dict_keys(['example_sensors']) retrieved from /home/airflow/.local/lib/python3.7/site-packages/airflow/example_dags/example_sensors.py
[2023-02-19T20:13:16.914+0000] {logging_mixin.py:137} INFO - [2023-02-19T20:13:16.914+0000] {dag.py:2690} INFO - Sync 1 DAGs
[2023-02-19T20:13:16.945+0000] {logging_mixin.py:137} INFO - [2023-02-19T20:13:16.945+0000] {dag.py:3441} INFO - Setting next_dagrun for example_sensors to None, run_after=None
[2023-02-19T20:13:16.972+0000] {processor.py:175} INFO - Processing /home/airflow/.local/lib/python3.7/site-packages/airflow/example_dags/example_sensors.py took 0.131 seconds
[2023-02-19T20:13:47.536+0000] {processor.py:153} INFO - Started process (PID=476) to work on /home/airflow/.local/lib/python3.7/site-packages/airflow/example_dags/example_sensors.py
[2023-02-19T20:13:47.539+0000] {processor.py:743} INFO - Processing file /home/airflow/.local/lib/python3.7/site-packages/airflow/example_dags/example_sensors.py for tasks to queue
[2023-02-19T20:13:47.543+0000] {logging_mixin.py:137} INFO - [2023-02-19T20:13:47.543+0000] {dagbag.py:538} INFO - Filling up the DagBag from /home/airflow/.local/lib/python3.7/site-packages/airflow/example_dags/example_sensors.py
[2023-02-19T20:13:47.585+0000] {processor.py:753} INFO - DAG(s) dict_keys(['example_sensors']) retrieved from /home/airflow/.local/lib/python3.7/site-packages/airflow/example_dags/example_sensors.py
[2023-02-19T20:13:47.637+0000] {logging_mixin.py:137} INFO - [2023-02-19T20:13:47.637+0000] {dag.py:2690} INFO - Sync 1 DAGs
[2023-02-19T20:13:47.681+0000] {logging_mixin.py:137} INFO - [2023-02-19T20:13:47.681+0000] {dag.py:3441} INFO - Setting next_dagrun for example_sensors to None, run_after=None
[2023-02-19T20:13:47.715+0000] {processor.py:175} INFO - Processing /home/airflow/.local/lib/python3.7/site-packages/airflow/example_dags/example_sensors.py took 0.186 seconds
[2023-02-19T20:14:17.850+0000] {processor.py:153} INFO - Started process (PID=551) to work on /home/airflow/.local/lib/python3.7/site-packages/airflow/example_dags/example_sensors.py
[2023-02-19T20:14:17.853+0000] {processor.py:743} INFO - Processing file /home/airflow/.local/lib/python3.7/site-packages/airflow/example_dags/example_sensors.py for tasks to queue
[2023-02-19T20:14:17.854+0000] {logging_mixin.py:137} INFO - [2023-02-19T20:14:17.854+0000] {dagbag.py:538} INFO - Filling up the DagBag from /home/airflow/.local/lib/python3.7/site-packages/airflow/example_dags/example_sensors.py
[2023-02-19T20:14:17.879+0000] {processor.py:753} INFO - DAG(s) dict_keys(['example_sensors']) retrieved from /home/airflow/.local/lib/python3.7/site-packages/airflow/example_dags/example_sensors.py
[2023-02-19T20:14:17.916+0000] {logging_mixin.py:137} INFO - [2023-02-19T20:14:17.916+0000] {dag.py:2690} INFO - Sync 1 DAGs
[2023-02-19T20:14:17.948+0000] {logging_mixin.py:137} INFO - [2023-02-19T20:14:17.948+0000] {dag.py:3441} INFO - Setting next_dagrun for example_sensors to None, run_after=None
[2023-02-19T20:14:17.979+0000] {processor.py:175} INFO - Processing /home/airflow/.local/lib/python3.7/site-packages/airflow/example_dags/example_sensors.py took 0.133 seconds
[2023-02-19T20:14:48.330+0000] {processor.py:153} INFO - Started process (PID=614) to work on /home/airflow/.local/lib/python3.7/site-packages/airflow/example_dags/example_sensors.py
[2023-02-19T20:14:48.331+0000] {processor.py:743} INFO - Processing file /home/airflow/.local/lib/python3.7/site-packages/airflow/example_dags/example_sensors.py for tasks to queue
[2023-02-19T20:14:48.333+0000] {logging_mixin.py:137} INFO - [2023-02-19T20:14:48.333+0000] {dagbag.py:538} INFO - Filling up the DagBag from /home/airflow/.local/lib/python3.7/site-packages/airflow/example_dags/example_sensors.py
[2023-02-19T20:14:48.357+0000] {processor.py:753} INFO - DAG(s) dict_keys(['example_sensors']) retrieved from /home/airflow/.local/lib/python3.7/site-packages/airflow/example_dags/example_sensors.py
[2023-02-19T20:14:48.392+0000] {logging_mixin.py:137} INFO - [2023-02-19T20:14:48.392+0000] {dag.py:2690} INFO - Sync 1 DAGs
[2023-02-19T20:14:48.423+0000] {logging_mixin.py:137} INFO - [2023-02-19T20:14:48.423+0000] {dag.py:3441} INFO - Setting next_dagrun for example_sensors to None, run_after=None
[2023-02-19T20:14:48.448+0000] {processor.py:175} INFO - Processing /home/airflow/.local/lib/python3.7/site-packages/airflow/example_dags/example_sensors.py took 0.122 seconds
[2023-02-19T20:15:19.193+0000] {processor.py:153} INFO - Started process (PID=690) to work on /home/airflow/.local/lib/python3.7/site-packages/airflow/example_dags/example_sensors.py
[2023-02-19T20:15:19.195+0000] {processor.py:743} INFO - Processing file /home/airflow/.local/lib/python3.7/site-packages/airflow/example_dags/example_sensors.py for tasks to queue
[2023-02-19T20:15:19.197+0000] {logging_mixin.py:137} INFO - [2023-02-19T20:15:19.197+0000] {dagbag.py:538} INFO - Filling up the DagBag from /home/airflow/.local/lib/python3.7/site-packages/airflow/example_dags/example_sensors.py
[2023-02-19T20:15:19.222+0000] {processor.py:753} INFO - DAG(s) dict_keys(['example_sensors']) retrieved from /home/airflow/.local/lib/python3.7/site-packages/airflow/example_dags/example_sensors.py
[2023-02-19T20:15:19.257+0000] {logging_mixin.py:137} INFO - [2023-02-19T20:15:19.257+0000] {dag.py:2690} INFO - Sync 1 DAGs
[2023-02-19T20:15:19.290+0000] {logging_mixin.py:137} INFO - [2023-02-19T20:15:19.290+0000] {dag.py:3441} INFO - Setting next_dagrun for example_sensors to None, run_after=None
[2023-02-19T20:15:19.318+0000] {processor.py:175} INFO - Processing /home/airflow/.local/lib/python3.7/site-packages/airflow/example_dags/example_sensors.py took 0.131 seconds
[2023-02-19T20:15:49.784+0000] {processor.py:153} INFO - Started process (PID=753) to work on /home/airflow/.local/lib/python3.7/site-packages/airflow/example_dags/example_sensors.py
[2023-02-19T20:15:49.787+0000] {processor.py:743} INFO - Processing file /home/airflow/.local/lib/python3.7/site-packages/airflow/example_dags/example_sensors.py for tasks to queue
[2023-02-19T20:15:49.789+0000] {logging_mixin.py:137} INFO - [2023-02-19T20:15:49.789+0000] {dagbag.py:538} INFO - Filling up the DagBag from /home/airflow/.local/lib/python3.7/site-packages/airflow/example_dags/example_sensors.py
[2023-02-19T20:15:49.815+0000] {processor.py:753} INFO - DAG(s) dict_keys(['example_sensors']) retrieved from /home/airflow/.local/lib/python3.7/site-packages/airflow/example_dags/example_sensors.py
[2023-02-19T20:15:49.850+0000] {logging_mixin.py:137} INFO - [2023-02-19T20:15:49.850+0000] {dag.py:2690} INFO - Sync 1 DAGs
[2023-02-19T20:15:49.883+0000] {logging_mixin.py:137} INFO - [2023-02-19T20:15:49.883+0000] {dag.py:3441} INFO - Setting next_dagrun for example_sensors to None, run_after=None
[2023-02-19T20:15:49.915+0000] {processor.py:175} INFO - Processing /home/airflow/.local/lib/python3.7/site-packages/airflow/example_dags/example_sensors.py took 0.135 seconds
[2023-02-19T20:16:20.462+0000] {processor.py:153} INFO - Started process (PID=826) to work on /home/airflow/.local/lib/python3.7/site-packages/airflow/example_dags/example_sensors.py
[2023-02-19T20:16:20.466+0000] {processor.py:743} INFO - Processing file /home/airflow/.local/lib/python3.7/site-packages/airflow/example_dags/example_sensors.py for tasks to queue
[2023-02-19T20:16:20.470+0000] {logging_mixin.py:137} INFO - [2023-02-19T20:16:20.469+0000] {dagbag.py:538} INFO - Filling up the DagBag from /home/airflow/.local/lib/python3.7/site-packages/airflow/example_dags/example_sensors.py
[2023-02-19T20:16:20.501+0000] {processor.py:753} INFO - DAG(s) dict_keys(['example_sensors']) retrieved from /home/airflow/.local/lib/python3.7/site-packages/airflow/example_dags/example_sensors.py
[2023-02-19T20:16:20.537+0000] {logging_mixin.py:137} INFO - [2023-02-19T20:16:20.537+0000] {dag.py:2690} INFO - Sync 1 DAGs
[2023-02-19T20:16:20.567+0000] {logging_mixin.py:137} INFO - [2023-02-19T20:16:20.567+0000] {dag.py:3441} INFO - Setting next_dagrun for example_sensors to None, run_after=None
[2023-02-19T20:16:20.593+0000] {processor.py:175} INFO - Processing /home/airflow/.local/lib/python3.7/site-packages/airflow/example_dags/example_sensors.py took 0.137 seconds
[2023-02-19T20:16:51.408+0000] {processor.py:153} INFO - Started process (PID=892) to work on /home/airflow/.local/lib/python3.7/site-packages/airflow/example_dags/example_sensors.py
[2023-02-19T20:16:51.412+0000] {processor.py:743} INFO - Processing file /home/airflow/.local/lib/python3.7/site-packages/airflow/example_dags/example_sensors.py for tasks to queue
[2023-02-19T20:16:51.415+0000] {logging_mixin.py:137} INFO - [2023-02-19T20:16:51.415+0000] {dagbag.py:538} INFO - Filling up the DagBag from /home/airflow/.local/lib/python3.7/site-packages/airflow/example_dags/example_sensors.py
[2023-02-19T20:16:51.448+0000] {processor.py:753} INFO - DAG(s) dict_keys(['example_sensors']) retrieved from /home/airflow/.local/lib/python3.7/site-packages/airflow/example_dags/example_sensors.py
[2023-02-19T20:16:51.494+0000] {logging_mixin.py:137} INFO - [2023-02-19T20:16:51.494+0000] {dag.py:2690} INFO - Sync 1 DAGs
[2023-02-19T20:16:51.533+0000] {logging_mixin.py:137} INFO - [2023-02-19T20:16:51.532+0000] {dag.py:3441} INFO - Setting next_dagrun for example_sensors to None, run_after=None
[2023-02-19T20:16:51.555+0000] {processor.py:175} INFO - Processing /home/airflow/.local/lib/python3.7/site-packages/airflow/example_dags/example_sensors.py took 0.154 seconds
[2023-02-19T20:17:21.875+0000] {processor.py:153} INFO - Started process (PID=955) to work on /home/airflow/.local/lib/python3.7/site-packages/airflow/example_dags/example_sensors.py
[2023-02-19T20:17:21.877+0000] {processor.py:743} INFO - Processing file /home/airflow/.local/lib/python3.7/site-packages/airflow/example_dags/example_sensors.py for tasks to queue
[2023-02-19T20:17:21.879+0000] {logging_mixin.py:137} INFO - [2023-02-19T20:17:21.879+0000] {dagbag.py:538} INFO - Filling up the DagBag from /home/airflow/.local/lib/python3.7/site-packages/airflow/example_dags/example_sensors.py
[2023-02-19T20:17:21.904+0000] {processor.py:753} INFO - DAG(s) dict_keys(['example_sensors']) retrieved from /home/airflow/.local/lib/python3.7/site-packages/airflow/example_dags/example_sensors.py
[2023-02-19T20:17:21.938+0000] {logging_mixin.py:137} INFO - [2023-02-19T20:17:21.938+0000] {dag.py:2690} INFO - Sync 1 DAGs
[2023-02-19T20:17:21.976+0000] {logging_mixin.py:137} INFO - [2023-02-19T20:17:21.975+0000] {dag.py:3441} INFO - Setting next_dagrun for example_sensors to None, run_after=None
[2023-02-19T20:17:22.007+0000] {processor.py:175} INFO - Processing /home/airflow/.local/lib/python3.7/site-packages/airflow/example_dags/example_sensors.py took 0.136 seconds
[2023-02-19T20:17:52.549+0000] {processor.py:153} INFO - Started process (PID=1030) to work on /home/airflow/.local/lib/python3.7/site-packages/airflow/example_dags/example_sensors.py
[2023-02-19T20:17:52.551+0000] {processor.py:743} INFO - Processing file /home/airflow/.local/lib/python3.7/site-packages/airflow/example_dags/example_sensors.py for tasks to queue
[2023-02-19T20:17:52.553+0000] {logging_mixin.py:137} INFO - [2023-02-19T20:17:52.553+0000] {dagbag.py:538} INFO - Filling up the DagBag from /home/airflow/.local/lib/python3.7/site-packages/airflow/example_dags/example_sensors.py
[2023-02-19T20:17:52.578+0000] {processor.py:753} INFO - DAG(s) dict_keys(['example_sensors']) retrieved from /home/airflow/.local/lib/python3.7/site-packages/airflow/example_dags/example_sensors.py
[2023-02-19T20:17:52.613+0000] {logging_mixin.py:137} INFO - [2023-02-19T20:17:52.613+0000] {dag.py:2690} INFO - Sync 1 DAGs
[2023-02-19T20:17:52.645+0000] {logging_mixin.py:137} INFO - [2023-02-19T20:17:52.645+0000] {dag.py:3441} INFO - Setting next_dagrun for example_sensors to None, run_after=None
[2023-02-19T20:17:52.668+0000] {processor.py:175} INFO - Processing /home/airflow/.local/lib/python3.7/site-packages/airflow/example_dags/example_sensors.py took 0.125 seconds
[2023-02-19T20:18:23.200+0000] {processor.py:153} INFO - Started process (PID=1094) to work on /home/airflow/.local/lib/python3.7/site-packages/airflow/example_dags/example_sensors.py
[2023-02-19T20:18:23.208+0000] {processor.py:743} INFO - Processing file /home/airflow/.local/lib/python3.7/site-packages/airflow/example_dags/example_sensors.py for tasks to queue
[2023-02-19T20:18:23.211+0000] {logging_mixin.py:137} INFO - [2023-02-19T20:18:23.210+0000] {dagbag.py:538} INFO - Filling up the DagBag from /home/airflow/.local/lib/python3.7/site-packages/airflow/example_dags/example_sensors.py
[2023-02-19T20:18:23.239+0000] {processor.py:753} INFO - DAG(s) dict_keys(['example_sensors']) retrieved from /home/airflow/.local/lib/python3.7/site-packages/airflow/example_dags/example_sensors.py
[2023-02-19T20:18:23.274+0000] {logging_mixin.py:137} INFO - [2023-02-19T20:18:23.274+0000] {dag.py:2690} INFO - Sync 1 DAGs
[2023-02-19T20:18:23.305+0000] {logging_mixin.py:137} INFO - [2023-02-19T20:18:23.305+0000] {dag.py:3441} INFO - Setting next_dagrun for example_sensors to None, run_after=None
[2023-02-19T20:18:23.328+0000] {processor.py:175} INFO - Processing /home/airflow/.local/lib/python3.7/site-packages/airflow/example_dags/example_sensors.py took 0.133 seconds
[2023-02-19T20:18:53.918+0000] {processor.py:153} INFO - Started process (PID=1168) to work on /home/airflow/.local/lib/python3.7/site-packages/airflow/example_dags/example_sensors.py
[2023-02-19T20:18:53.922+0000] {processor.py:743} INFO - Processing file /home/airflow/.local/lib/python3.7/site-packages/airflow/example_dags/example_sensors.py for tasks to queue
[2023-02-19T20:18:53.924+0000] {logging_mixin.py:137} INFO - [2023-02-19T20:18:53.923+0000] {dagbag.py:538} INFO - Filling up the DagBag from /home/airflow/.local/lib/python3.7/site-packages/airflow/example_dags/example_sensors.py
[2023-02-19T20:18:53.951+0000] {processor.py:753} INFO - DAG(s) dict_keys(['example_sensors']) retrieved from /home/airflow/.local/lib/python3.7/site-packages/airflow/example_dags/example_sensors.py
[2023-02-19T20:18:53.988+0000] {logging_mixin.py:137} INFO - [2023-02-19T20:18:53.987+0000] {dag.py:2690} INFO - Sync 1 DAGs
[2023-02-19T20:18:54.019+0000] {logging_mixin.py:137} INFO - [2023-02-19T20:18:54.019+0000] {dag.py:3441} INFO - Setting next_dagrun for example_sensors to None, run_after=None
[2023-02-19T20:18:54.046+0000] {processor.py:175} INFO - Processing /home/airflow/.local/lib/python3.7/site-packages/airflow/example_dags/example_sensors.py took 0.132 seconds
[2023-02-19T20:19:24.584+0000] {processor.py:153} INFO - Started process (PID=1231) to work on /home/airflow/.local/lib/python3.7/site-packages/airflow/example_dags/example_sensors.py
[2023-02-19T20:19:24.588+0000] {processor.py:743} INFO - Processing file /home/airflow/.local/lib/python3.7/site-packages/airflow/example_dags/example_sensors.py for tasks to queue
[2023-02-19T20:19:24.590+0000] {logging_mixin.py:137} INFO - [2023-02-19T20:19:24.590+0000] {dagbag.py:538} INFO - Filling up the DagBag from /home/airflow/.local/lib/python3.7/site-packages/airflow/example_dags/example_sensors.py
[2023-02-19T20:19:24.621+0000] {processor.py:753} INFO - DAG(s) dict_keys(['example_sensors']) retrieved from /home/airflow/.local/lib/python3.7/site-packages/airflow/example_dags/example_sensors.py
[2023-02-19T20:19:24.655+0000] {logging_mixin.py:137} INFO - [2023-02-19T20:19:24.655+0000] {dag.py:2690} INFO - Sync 1 DAGs
[2023-02-19T20:19:24.688+0000] {logging_mixin.py:137} INFO - [2023-02-19T20:19:24.688+0000] {dag.py:3441} INFO - Setting next_dagrun for example_sensors to None, run_after=None
[2023-02-19T20:19:24.712+0000] {processor.py:175} INFO - Processing /home/airflow/.local/lib/python3.7/site-packages/airflow/example_dags/example_sensors.py took 0.134 seconds
[2023-02-19T20:19:55.305+0000] {processor.py:153} INFO - Started process (PID=1306) to work on /home/airflow/.local/lib/python3.7/site-packages/airflow/example_dags/example_sensors.py
[2023-02-19T20:19:55.308+0000] {processor.py:743} INFO - Processing file /home/airflow/.local/lib/python3.7/site-packages/airflow/example_dags/example_sensors.py for tasks to queue
[2023-02-19T20:19:55.310+0000] {logging_mixin.py:137} INFO - [2023-02-19T20:19:55.310+0000] {dagbag.py:538} INFO - Filling up the DagBag from /home/airflow/.local/lib/python3.7/site-packages/airflow/example_dags/example_sensors.py
[2023-02-19T20:19:55.335+0000] {processor.py:753} INFO - DAG(s) dict_keys(['example_sensors']) retrieved from /home/airflow/.local/lib/python3.7/site-packages/airflow/example_dags/example_sensors.py
[2023-02-19T20:19:55.370+0000] {logging_mixin.py:137} INFO - [2023-02-19T20:19:55.370+0000] {dag.py:2690} INFO - Sync 1 DAGs
[2023-02-19T20:19:55.401+0000] {logging_mixin.py:137} INFO - [2023-02-19T20:19:55.401+0000] {dag.py:3441} INFO - Setting next_dagrun for example_sensors to None, run_after=None
[2023-02-19T20:19:55.424+0000] {processor.py:175} INFO - Processing /home/airflow/.local/lib/python3.7/site-packages/airflow/example_dags/example_sensors.py took 0.124 seconds
[2023-02-19T20:20:25.807+0000] {processor.py:153} INFO - Started process (PID=1370) to work on /home/airflow/.local/lib/python3.7/site-packages/airflow/example_dags/example_sensors.py
[2023-02-19T20:20:25.810+0000] {processor.py:743} INFO - Processing file /home/airflow/.local/lib/python3.7/site-packages/airflow/example_dags/example_sensors.py for tasks to queue
[2023-02-19T20:20:25.812+0000] {logging_mixin.py:137} INFO - [2023-02-19T20:20:25.811+0000] {dagbag.py:538} INFO - Filling up the DagBag from /home/airflow/.local/lib/python3.7/site-packages/airflow/example_dags/example_sensors.py
[2023-02-19T20:20:25.837+0000] {processor.py:753} INFO - DAG(s) dict_keys(['example_sensors']) retrieved from /home/airflow/.local/lib/python3.7/site-packages/airflow/example_dags/example_sensors.py
[2023-02-19T20:20:25.872+0000] {logging_mixin.py:137} INFO - [2023-02-19T20:20:25.872+0000] {dag.py:2690} INFO - Sync 1 DAGs
[2023-02-19T20:20:25.904+0000] {logging_mixin.py:137} INFO - [2023-02-19T20:20:25.904+0000] {dag.py:3441} INFO - Setting next_dagrun for example_sensors to None, run_after=None
[2023-02-19T20:20:25.928+0000] {processor.py:175} INFO - Processing /home/airflow/.local/lib/python3.7/site-packages/airflow/example_dags/example_sensors.py took 0.124 seconds
[2023-02-19T20:20:56.280+0000] {processor.py:153} INFO - Started process (PID=1443) to work on /home/airflow/.local/lib/python3.7/site-packages/airflow/example_dags/example_sensors.py
[2023-02-19T20:20:56.283+0000] {processor.py:743} INFO - Processing file /home/airflow/.local/lib/python3.7/site-packages/airflow/example_dags/example_sensors.py for tasks to queue
[2023-02-19T20:20:56.286+0000] {logging_mixin.py:137} INFO - [2023-02-19T20:20:56.285+0000] {dagbag.py:538} INFO - Filling up the DagBag from /home/airflow/.local/lib/python3.7/site-packages/airflow/example_dags/example_sensors.py
[2023-02-19T20:20:56.311+0000] {processor.py:753} INFO - DAG(s) dict_keys(['example_sensors']) retrieved from /home/airflow/.local/lib/python3.7/site-packages/airflow/example_dags/example_sensors.py
[2023-02-19T20:20:56.348+0000] {logging_mixin.py:137} INFO - [2023-02-19T20:20:56.348+0000] {dag.py:2690} INFO - Sync 1 DAGs
[2023-02-19T20:20:56.378+0000] {logging_mixin.py:137} INFO - [2023-02-19T20:20:56.378+0000] {dag.py:3441} INFO - Setting next_dagrun for example_sensors to None, run_after=None
[2023-02-19T20:20:56.402+0000] {processor.py:175} INFO - Processing /home/airflow/.local/lib/python3.7/site-packages/airflow/example_dags/example_sensors.py took 0.126 seconds
[2023-02-19T20:21:27.275+0000] {processor.py:153} INFO - Started process (PID=1508) to work on /home/airflow/.local/lib/python3.7/site-packages/airflow/example_dags/example_sensors.py
[2023-02-19T20:21:27.278+0000] {processor.py:743} INFO - Processing file /home/airflow/.local/lib/python3.7/site-packages/airflow/example_dags/example_sensors.py for tasks to queue
[2023-02-19T20:21:27.281+0000] {logging_mixin.py:137} INFO - [2023-02-19T20:21:27.281+0000] {dagbag.py:538} INFO - Filling up the DagBag from /home/airflow/.local/lib/python3.7/site-packages/airflow/example_dags/example_sensors.py
[2023-02-19T20:21:27.307+0000] {processor.py:753} INFO - DAG(s) dict_keys(['example_sensors']) retrieved from /home/airflow/.local/lib/python3.7/site-packages/airflow/example_dags/example_sensors.py
[2023-02-19T20:21:27.344+0000] {logging_mixin.py:137} INFO - [2023-02-19T20:21:27.344+0000] {dag.py:2690} INFO - Sync 1 DAGs
[2023-02-19T20:21:27.376+0000] {logging_mixin.py:137} INFO - [2023-02-19T20:21:27.376+0000] {dag.py:3441} INFO - Setting next_dagrun for example_sensors to None, run_after=None
[2023-02-19T20:21:27.401+0000] {processor.py:175} INFO - Processing /home/airflow/.local/lib/python3.7/site-packages/airflow/example_dags/example_sensors.py took 0.131 seconds
[2023-02-19T20:51:47.743+0000] {processor.py:153} INFO - Started process (PID=1569) to work on /home/airflow/.local/lib/python3.7/site-packages/airflow/example_dags/example_sensors.py
[2023-02-19T20:51:47.745+0000] {processor.py:743} INFO - Processing file /home/airflow/.local/lib/python3.7/site-packages/airflow/example_dags/example_sensors.py for tasks to queue
[2023-02-19T20:51:47.748+0000] {logging_mixin.py:137} INFO - [2023-02-19T20:51:47.747+0000] {dagbag.py:538} INFO - Filling up the DagBag from /home/airflow/.local/lib/python3.7/site-packages/airflow/example_dags/example_sensors.py
[2023-02-19T20:51:47.774+0000] {processor.py:753} INFO - DAG(s) dict_keys(['example_sensors']) retrieved from /home/airflow/.local/lib/python3.7/site-packages/airflow/example_dags/example_sensors.py
[2023-02-19T20:51:47.812+0000] {logging_mixin.py:137} INFO - [2023-02-19T20:51:47.812+0000] {dag.py:2690} INFO - Sync 1 DAGs
[2023-02-19T20:51:47.843+0000] {logging_mixin.py:137} INFO - [2023-02-19T20:51:47.843+0000] {dag.py:3441} INFO - Setting next_dagrun for example_sensors to None, run_after=None
[2023-02-19T20:51:47.867+0000] {processor.py:175} INFO - Processing /home/airflow/.local/lib/python3.7/site-packages/airflow/example_dags/example_sensors.py took 0.129 seconds
[2023-02-19T21:09:25.703+0000] {processor.py:153} INFO - Started process (PID=1645) to work on /home/airflow/.local/lib/python3.7/site-packages/airflow/example_dags/example_sensors.py
[2023-02-19T21:09:25.706+0000] {processor.py:743} INFO - Processing file /home/airflow/.local/lib/python3.7/site-packages/airflow/example_dags/example_sensors.py for tasks to queue
[2023-02-19T21:09:25.709+0000] {logging_mixin.py:137} INFO - [2023-02-19T21:09:25.708+0000] {dagbag.py:538} INFO - Filling up the DagBag from /home/airflow/.local/lib/python3.7/site-packages/airflow/example_dags/example_sensors.py
[2023-02-19T21:09:25.740+0000] {processor.py:753} INFO - DAG(s) dict_keys(['example_sensors']) retrieved from /home/airflow/.local/lib/python3.7/site-packages/airflow/example_dags/example_sensors.py
[2023-02-19T21:09:25.786+0000] {logging_mixin.py:137} INFO - [2023-02-19T21:09:25.786+0000] {dag.py:2690} INFO - Sync 1 DAGs
[2023-02-19T21:09:25.815+0000] {logging_mixin.py:137} INFO - [2023-02-19T21:09:25.815+0000] {dag.py:3441} INFO - Setting next_dagrun for example_sensors to None, run_after=None
[2023-02-19T21:09:25.840+0000] {processor.py:175} INFO - Processing /home/airflow/.local/lib/python3.7/site-packages/airflow/example_dags/example_sensors.py took 0.143 seconds
[2023-02-19T22:01:48.515+0000] {processor.py:153} INFO - Started process (PID=1719) to work on /home/airflow/.local/lib/python3.7/site-packages/airflow/example_dags/example_sensors.py
[2023-02-19T22:01:48.519+0000] {processor.py:743} INFO - Processing file /home/airflow/.local/lib/python3.7/site-packages/airflow/example_dags/example_sensors.py for tasks to queue
[2023-02-19T22:01:48.522+0000] {logging_mixin.py:137} INFO - [2023-02-19T22:01:48.521+0000] {dagbag.py:538} INFO - Filling up the DagBag from /home/airflow/.local/lib/python3.7/site-packages/airflow/example_dags/example_sensors.py
[2023-02-19T22:01:48.559+0000] {processor.py:753} INFO - DAG(s) dict_keys(['example_sensors']) retrieved from /home/airflow/.local/lib/python3.7/site-packages/airflow/example_dags/example_sensors.py
[2023-02-19T22:01:48.604+0000] {logging_mixin.py:137} INFO - [2023-02-19T22:01:48.604+0000] {dag.py:2690} INFO - Sync 1 DAGs
[2023-02-19T22:01:48.638+0000] {logging_mixin.py:137} INFO - [2023-02-19T22:01:48.638+0000] {dag.py:3441} INFO - Setting next_dagrun for example_sensors to None, run_after=None
[2023-02-19T22:01:48.666+0000] {processor.py:175} INFO - Processing /home/airflow/.local/lib/python3.7/site-packages/airflow/example_dags/example_sensors.py took 0.157 seconds
[2023-02-19T22:02:19.372+0000] {processor.py:153} INFO - Started process (PID=1781) to work on /home/airflow/.local/lib/python3.7/site-packages/airflow/example_dags/example_sensors.py
[2023-02-19T22:02:19.374+0000] {processor.py:743} INFO - Processing file /home/airflow/.local/lib/python3.7/site-packages/airflow/example_dags/example_sensors.py for tasks to queue
[2023-02-19T22:02:19.377+0000] {logging_mixin.py:137} INFO - [2023-02-19T22:02:19.376+0000] {dagbag.py:538} INFO - Filling up the DagBag from /home/airflow/.local/lib/python3.7/site-packages/airflow/example_dags/example_sensors.py
[2023-02-19T22:02:19.412+0000] {processor.py:753} INFO - DAG(s) dict_keys(['example_sensors']) retrieved from /home/airflow/.local/lib/python3.7/site-packages/airflow/example_dags/example_sensors.py
[2023-02-19T22:02:19.459+0000] {logging_mixin.py:137} INFO - [2023-02-19T22:02:19.459+0000] {dag.py:2690} INFO - Sync 1 DAGs
[2023-02-19T22:02:19.487+0000] {logging_mixin.py:137} INFO - [2023-02-19T22:02:19.487+0000] {dag.py:3441} INFO - Setting next_dagrun for example_sensors to None, run_after=None
[2023-02-19T22:02:19.514+0000] {processor.py:175} INFO - Processing /home/airflow/.local/lib/python3.7/site-packages/airflow/example_dags/example_sensors.py took 0.146 seconds
