[2023-02-19T20:10:39.491+0000] {processor.py:153} INFO - Started process (PID=63) to work on /home/airflow/.local/lib/python3.7/site-packages/airflow/example_dags/example_python_operator.py
[2023-02-19T20:10:39.498+0000] {processor.py:743} INFO - Processing file /home/airflow/.local/lib/python3.7/site-packages/airflow/example_dags/example_python_operator.py for tasks to queue
[2023-02-19T20:10:39.503+0000] {logging_mixin.py:137} INFO - [2023-02-19T20:10:39.503+0000] {dagbag.py:538} INFO - Filling up the DagBag from /home/airflow/.local/lib/python3.7/site-packages/airflow/example_dags/example_python_operator.py
[2023-02-19T20:10:39.544+0000] {logging_mixin.py:137} INFO - [2023-02-19T20:10:39.544+0000] {taskmixin.py:205} WARNING - Dependency <Task(_PythonDecoratedOperator): print_the_context>, log_sql_query already registered for DAG: example_python_operator
[2023-02-19T20:10:39.547+0000] {logging_mixin.py:137} INFO - [2023-02-19T20:10:39.546+0000] {taskmixin.py:205} WARNING - Dependency <Task(_PythonDecoratedOperator): log_sql_query>, print_the_context already registered for DAG: example_python_operator
[2023-02-19T20:10:39.553+0000] {logging_mixin.py:137} INFO - [2023-02-19T20:10:39.553+0000] {taskmixin.py:205} WARNING - Dependency <Task(_PythonDecoratedOperator): print_the_context>, log_sql_query already registered for DAG: example_python_operator
[2023-02-19T20:10:39.557+0000] {logging_mixin.py:137} INFO - [2023-02-19T20:10:39.557+0000] {taskmixin.py:205} WARNING - Dependency <Task(_PythonDecoratedOperator): log_sql_query>, print_the_context already registered for DAG: example_python_operator
[2023-02-19T20:10:39.561+0000] {logging_mixin.py:137} INFO - [2023-02-19T20:10:39.560+0000] {taskmixin.py:205} WARNING - Dependency <Task(_PythonDecoratedOperator): print_the_context>, log_sql_query already registered for DAG: example_python_operator
[2023-02-19T20:10:39.563+0000] {logging_mixin.py:137} INFO - [2023-02-19T20:10:39.563+0000] {taskmixin.py:205} WARNING - Dependency <Task(_PythonDecoratedOperator): log_sql_query>, print_the_context already registered for DAG: example_python_operator
[2023-02-19T20:10:39.568+0000] {logging_mixin.py:137} INFO - [2023-02-19T20:10:39.567+0000] {taskmixin.py:205} WARNING - Dependency <Task(_PythonDecoratedOperator): print_the_context>, log_sql_query already registered for DAG: example_python_operator
[2023-02-19T20:10:39.569+0000] {logging_mixin.py:137} INFO - [2023-02-19T20:10:39.569+0000] {taskmixin.py:205} WARNING - Dependency <Task(_PythonDecoratedOperator): log_sql_query>, print_the_context already registered for DAG: example_python_operator
[2023-02-19T20:10:39.585+0000] {processor.py:753} INFO - DAG(s) dict_keys(['example_python_operator']) retrieved from /home/airflow/.local/lib/python3.7/site-packages/airflow/example_dags/example_python_operator.py
[2023-02-19T20:10:39.856+0000] {logging_mixin.py:137} INFO - [2023-02-19T20:10:39.855+0000] {dag.py:2690} INFO - Sync 1 DAGs
[2023-02-19T20:10:39.931+0000] {logging_mixin.py:137} INFO - [2023-02-19T20:10:39.931+0000] {dag.py:3441} INFO - Setting next_dagrun for example_python_operator to None, run_after=None
[2023-02-19T20:10:39.985+0000] {processor.py:175} INFO - Processing /home/airflow/.local/lib/python3.7/site-packages/airflow/example_dags/example_python_operator.py took 0.511 seconds
[2023-02-19T20:11:10.748+0000] {processor.py:153} INFO - Started process (PID=126) to work on /home/airflow/.local/lib/python3.7/site-packages/airflow/example_dags/example_python_operator.py
[2023-02-19T20:11:10.752+0000] {processor.py:743} INFO - Processing file /home/airflow/.local/lib/python3.7/site-packages/airflow/example_dags/example_python_operator.py for tasks to queue
[2023-02-19T20:11:10.754+0000] {logging_mixin.py:137} INFO - [2023-02-19T20:11:10.753+0000] {dagbag.py:538} INFO - Filling up the DagBag from /home/airflow/.local/lib/python3.7/site-packages/airflow/example_dags/example_python_operator.py
[2023-02-19T20:11:10.784+0000] {logging_mixin.py:137} INFO - [2023-02-19T20:11:10.784+0000] {taskmixin.py:205} WARNING - Dependency <Task(_PythonDecoratedOperator): print_the_context>, log_sql_query already registered for DAG: example_python_operator
[2023-02-19T20:11:10.787+0000] {logging_mixin.py:137} INFO - [2023-02-19T20:11:10.787+0000] {taskmixin.py:205} WARNING - Dependency <Task(_PythonDecoratedOperator): log_sql_query>, print_the_context already registered for DAG: example_python_operator
[2023-02-19T20:11:10.789+0000] {logging_mixin.py:137} INFO - [2023-02-19T20:11:10.789+0000] {taskmixin.py:205} WARNING - Dependency <Task(_PythonDecoratedOperator): print_the_context>, log_sql_query already registered for DAG: example_python_operator
[2023-02-19T20:11:10.791+0000] {logging_mixin.py:137} INFO - [2023-02-19T20:11:10.791+0000] {taskmixin.py:205} WARNING - Dependency <Task(_PythonDecoratedOperator): log_sql_query>, print_the_context already registered for DAG: example_python_operator
[2023-02-19T20:11:10.793+0000] {logging_mixin.py:137} INFO - [2023-02-19T20:11:10.793+0000] {taskmixin.py:205} WARNING - Dependency <Task(_PythonDecoratedOperator): print_the_context>, log_sql_query already registered for DAG: example_python_operator
[2023-02-19T20:11:10.795+0000] {logging_mixin.py:137} INFO - [2023-02-19T20:11:10.795+0000] {taskmixin.py:205} WARNING - Dependency <Task(_PythonDecoratedOperator): log_sql_query>, print_the_context already registered for DAG: example_python_operator
[2023-02-19T20:11:10.797+0000] {logging_mixin.py:137} INFO - [2023-02-19T20:11:10.797+0000] {taskmixin.py:205} WARNING - Dependency <Task(_PythonDecoratedOperator): print_the_context>, log_sql_query already registered for DAG: example_python_operator
[2023-02-19T20:11:10.799+0000] {logging_mixin.py:137} INFO - [2023-02-19T20:11:10.798+0000] {taskmixin.py:205} WARNING - Dependency <Task(_PythonDecoratedOperator): log_sql_query>, print_the_context already registered for DAG: example_python_operator
[2023-02-19T20:11:10.808+0000] {processor.py:753} INFO - DAG(s) dict_keys(['example_python_operator']) retrieved from /home/airflow/.local/lib/python3.7/site-packages/airflow/example_dags/example_python_operator.py
[2023-02-19T20:11:10.828+0000] {logging_mixin.py:137} INFO - [2023-02-19T20:11:10.827+0000] {dag.py:2690} INFO - Sync 1 DAGs
[2023-02-19T20:11:10.878+0000] {logging_mixin.py:137} INFO - [2023-02-19T20:11:10.878+0000] {dag.py:3441} INFO - Setting next_dagrun for example_python_operator to None, run_after=None
[2023-02-19T20:11:10.910+0000] {processor.py:175} INFO - Processing /home/airflow/.local/lib/python3.7/site-packages/airflow/example_dags/example_python_operator.py took 0.166 seconds
[2023-02-19T20:11:41.102+0000] {processor.py:153} INFO - Started process (PID=189) to work on /home/airflow/.local/lib/python3.7/site-packages/airflow/example_dags/example_python_operator.py
[2023-02-19T20:11:41.104+0000] {processor.py:743} INFO - Processing file /home/airflow/.local/lib/python3.7/site-packages/airflow/example_dags/example_python_operator.py for tasks to queue
[2023-02-19T20:11:41.107+0000] {logging_mixin.py:137} INFO - [2023-02-19T20:11:41.107+0000] {dagbag.py:538} INFO - Filling up the DagBag from /home/airflow/.local/lib/python3.7/site-packages/airflow/example_dags/example_python_operator.py
[2023-02-19T20:11:41.131+0000] {logging_mixin.py:137} INFO - [2023-02-19T20:11:41.130+0000] {taskmixin.py:205} WARNING - Dependency <Task(_PythonDecoratedOperator): print_the_context>, log_sql_query already registered for DAG: example_python_operator
[2023-02-19T20:11:41.132+0000] {logging_mixin.py:137} INFO - [2023-02-19T20:11:41.132+0000] {taskmixin.py:205} WARNING - Dependency <Task(_PythonDecoratedOperator): log_sql_query>, print_the_context already registered for DAG: example_python_operator
[2023-02-19T20:11:41.135+0000] {logging_mixin.py:137} INFO - [2023-02-19T20:11:41.135+0000] {taskmixin.py:205} WARNING - Dependency <Task(_PythonDecoratedOperator): print_the_context>, log_sql_query already registered for DAG: example_python_operator
[2023-02-19T20:11:41.138+0000] {logging_mixin.py:137} INFO - [2023-02-19T20:11:41.138+0000] {taskmixin.py:205} WARNING - Dependency <Task(_PythonDecoratedOperator): log_sql_query>, print_the_context already registered for DAG: example_python_operator
[2023-02-19T20:11:41.141+0000] {logging_mixin.py:137} INFO - [2023-02-19T20:11:41.141+0000] {taskmixin.py:205} WARNING - Dependency <Task(_PythonDecoratedOperator): print_the_context>, log_sql_query already registered for DAG: example_python_operator
[2023-02-19T20:11:41.143+0000] {logging_mixin.py:137} INFO - [2023-02-19T20:11:41.142+0000] {taskmixin.py:205} WARNING - Dependency <Task(_PythonDecoratedOperator): log_sql_query>, print_the_context already registered for DAG: example_python_operator
[2023-02-19T20:11:41.145+0000] {logging_mixin.py:137} INFO - [2023-02-19T20:11:41.145+0000] {taskmixin.py:205} WARNING - Dependency <Task(_PythonDecoratedOperator): print_the_context>, log_sql_query already registered for DAG: example_python_operator
[2023-02-19T20:11:41.146+0000] {logging_mixin.py:137} INFO - [2023-02-19T20:11:41.146+0000] {taskmixin.py:205} WARNING - Dependency <Task(_PythonDecoratedOperator): log_sql_query>, print_the_context already registered for DAG: example_python_operator
[2023-02-19T20:11:41.158+0000] {processor.py:753} INFO - DAG(s) dict_keys(['example_python_operator']) retrieved from /home/airflow/.local/lib/python3.7/site-packages/airflow/example_dags/example_python_operator.py
[2023-02-19T20:11:41.273+0000] {logging_mixin.py:137} INFO - [2023-02-19T20:11:41.272+0000] {dag.py:2690} INFO - Sync 1 DAGs
[2023-02-19T20:11:41.322+0000] {logging_mixin.py:137} INFO - [2023-02-19T20:11:41.322+0000] {dag.py:3441} INFO - Setting next_dagrun for example_python_operator to None, run_after=None
[2023-02-19T20:11:41.362+0000] {processor.py:175} INFO - Processing /home/airflow/.local/lib/python3.7/site-packages/airflow/example_dags/example_python_operator.py took 0.266 seconds
[2023-02-19T20:12:11.851+0000] {processor.py:153} INFO - Started process (PID=265) to work on /home/airflow/.local/lib/python3.7/site-packages/airflow/example_dags/example_python_operator.py
[2023-02-19T20:12:11.857+0000] {processor.py:743} INFO - Processing file /home/airflow/.local/lib/python3.7/site-packages/airflow/example_dags/example_python_operator.py for tasks to queue
[2023-02-19T20:12:11.861+0000] {logging_mixin.py:137} INFO - [2023-02-19T20:12:11.860+0000] {dagbag.py:538} INFO - Filling up the DagBag from /home/airflow/.local/lib/python3.7/site-packages/airflow/example_dags/example_python_operator.py
[2023-02-19T20:12:11.891+0000] {logging_mixin.py:137} INFO - [2023-02-19T20:12:11.891+0000] {taskmixin.py:205} WARNING - Dependency <Task(_PythonDecoratedOperator): print_the_context>, log_sql_query already registered for DAG: example_python_operator
[2023-02-19T20:12:11.893+0000] {logging_mixin.py:137} INFO - [2023-02-19T20:12:11.893+0000] {taskmixin.py:205} WARNING - Dependency <Task(_PythonDecoratedOperator): log_sql_query>, print_the_context already registered for DAG: example_python_operator
[2023-02-19T20:12:11.895+0000] {logging_mixin.py:137} INFO - [2023-02-19T20:12:11.895+0000] {taskmixin.py:205} WARNING - Dependency <Task(_PythonDecoratedOperator): print_the_context>, log_sql_query already registered for DAG: example_python_operator
[2023-02-19T20:12:11.897+0000] {logging_mixin.py:137} INFO - [2023-02-19T20:12:11.897+0000] {taskmixin.py:205} WARNING - Dependency <Task(_PythonDecoratedOperator): log_sql_query>, print_the_context already registered for DAG: example_python_operator
[2023-02-19T20:12:11.899+0000] {logging_mixin.py:137} INFO - [2023-02-19T20:12:11.899+0000] {taskmixin.py:205} WARNING - Dependency <Task(_PythonDecoratedOperator): print_the_context>, log_sql_query already registered for DAG: example_python_operator
[2023-02-19T20:12:11.901+0000] {logging_mixin.py:137} INFO - [2023-02-19T20:12:11.901+0000] {taskmixin.py:205} WARNING - Dependency <Task(_PythonDecoratedOperator): log_sql_query>, print_the_context already registered for DAG: example_python_operator
[2023-02-19T20:12:11.903+0000] {logging_mixin.py:137} INFO - [2023-02-19T20:12:11.903+0000] {taskmixin.py:205} WARNING - Dependency <Task(_PythonDecoratedOperator): print_the_context>, log_sql_query already registered for DAG: example_python_operator
[2023-02-19T20:12:11.905+0000] {logging_mixin.py:137} INFO - [2023-02-19T20:12:11.905+0000] {taskmixin.py:205} WARNING - Dependency <Task(_PythonDecoratedOperator): log_sql_query>, print_the_context already registered for DAG: example_python_operator
[2023-02-19T20:12:11.915+0000] {processor.py:753} INFO - DAG(s) dict_keys(['example_python_operator']) retrieved from /home/airflow/.local/lib/python3.7/site-packages/airflow/example_dags/example_python_operator.py
[2023-02-19T20:12:11.953+0000] {logging_mixin.py:137} INFO - [2023-02-19T20:12:11.953+0000] {dag.py:2690} INFO - Sync 1 DAGs
[2023-02-19T20:12:11.990+0000] {logging_mixin.py:137} INFO - [2023-02-19T20:12:11.990+0000] {dag.py:3441} INFO - Setting next_dagrun for example_python_operator to None, run_after=None
[2023-02-19T20:12:12.044+0000] {processor.py:175} INFO - Processing /home/airflow/.local/lib/python3.7/site-packages/airflow/example_dags/example_python_operator.py took 0.199 seconds
[2023-02-19T20:12:42.197+0000] {processor.py:153} INFO - Started process (PID=328) to work on /home/airflow/.local/lib/python3.7/site-packages/airflow/example_dags/example_python_operator.py
[2023-02-19T20:12:42.202+0000] {processor.py:743} INFO - Processing file /home/airflow/.local/lib/python3.7/site-packages/airflow/example_dags/example_python_operator.py for tasks to queue
[2023-02-19T20:12:42.204+0000] {logging_mixin.py:137} INFO - [2023-02-19T20:12:42.204+0000] {dagbag.py:538} INFO - Filling up the DagBag from /home/airflow/.local/lib/python3.7/site-packages/airflow/example_dags/example_python_operator.py
[2023-02-19T20:12:42.263+0000] {logging_mixin.py:137} INFO - [2023-02-19T20:12:42.263+0000] {taskmixin.py:205} WARNING - Dependency <Task(_PythonDecoratedOperator): print_the_context>, log_sql_query already registered for DAG: example_python_operator
[2023-02-19T20:12:42.265+0000] {logging_mixin.py:137} INFO - [2023-02-19T20:12:42.265+0000] {taskmixin.py:205} WARNING - Dependency <Task(_PythonDecoratedOperator): log_sql_query>, print_the_context already registered for DAG: example_python_operator
[2023-02-19T20:12:42.273+0000] {logging_mixin.py:137} INFO - [2023-02-19T20:12:42.273+0000] {taskmixin.py:205} WARNING - Dependency <Task(_PythonDecoratedOperator): print_the_context>, log_sql_query already registered for DAG: example_python_operator
[2023-02-19T20:12:42.275+0000] {logging_mixin.py:137} INFO - [2023-02-19T20:12:42.274+0000] {taskmixin.py:205} WARNING - Dependency <Task(_PythonDecoratedOperator): log_sql_query>, print_the_context already registered for DAG: example_python_operator
[2023-02-19T20:12:42.277+0000] {logging_mixin.py:137} INFO - [2023-02-19T20:12:42.277+0000] {taskmixin.py:205} WARNING - Dependency <Task(_PythonDecoratedOperator): print_the_context>, log_sql_query already registered for DAG: example_python_operator
[2023-02-19T20:12:42.279+0000] {logging_mixin.py:137} INFO - [2023-02-19T20:12:42.278+0000] {taskmixin.py:205} WARNING - Dependency <Task(_PythonDecoratedOperator): log_sql_query>, print_the_context already registered for DAG: example_python_operator
[2023-02-19T20:12:42.281+0000] {logging_mixin.py:137} INFO - [2023-02-19T20:12:42.280+0000] {taskmixin.py:205} WARNING - Dependency <Task(_PythonDecoratedOperator): print_the_context>, log_sql_query already registered for DAG: example_python_operator
[2023-02-19T20:12:42.282+0000] {logging_mixin.py:137} INFO - [2023-02-19T20:12:42.282+0000] {taskmixin.py:205} WARNING - Dependency <Task(_PythonDecoratedOperator): log_sql_query>, print_the_context already registered for DAG: example_python_operator
[2023-02-19T20:12:42.303+0000] {processor.py:753} INFO - DAG(s) dict_keys(['example_python_operator']) retrieved from /home/airflow/.local/lib/python3.7/site-packages/airflow/example_dags/example_python_operator.py
[2023-02-19T20:12:42.354+0000] {logging_mixin.py:137} INFO - [2023-02-19T20:12:42.353+0000] {dag.py:2690} INFO - Sync 1 DAGs
[2023-02-19T20:12:42.403+0000] {logging_mixin.py:137} INFO - [2023-02-19T20:12:42.403+0000] {dag.py:3441} INFO - Setting next_dagrun for example_python_operator to None, run_after=None
[2023-02-19T20:12:42.438+0000] {processor.py:175} INFO - Processing /home/airflow/.local/lib/python3.7/site-packages/airflow/example_dags/example_python_operator.py took 0.248 seconds
[2023-02-19T20:13:12.820+0000] {processor.py:153} INFO - Started process (PID=403) to work on /home/airflow/.local/lib/python3.7/site-packages/airflow/example_dags/example_python_operator.py
[2023-02-19T20:13:12.822+0000] {processor.py:743} INFO - Processing file /home/airflow/.local/lib/python3.7/site-packages/airflow/example_dags/example_python_operator.py for tasks to queue
[2023-02-19T20:13:12.825+0000] {logging_mixin.py:137} INFO - [2023-02-19T20:13:12.824+0000] {dagbag.py:538} INFO - Filling up the DagBag from /home/airflow/.local/lib/python3.7/site-packages/airflow/example_dags/example_python_operator.py
[2023-02-19T20:13:12.849+0000] {logging_mixin.py:137} INFO - [2023-02-19T20:13:12.848+0000] {taskmixin.py:205} WARNING - Dependency <Task(_PythonDecoratedOperator): print_the_context>, log_sql_query already registered for DAG: example_python_operator
[2023-02-19T20:13:12.850+0000] {logging_mixin.py:137} INFO - [2023-02-19T20:13:12.850+0000] {taskmixin.py:205} WARNING - Dependency <Task(_PythonDecoratedOperator): log_sql_query>, print_the_context already registered for DAG: example_python_operator
[2023-02-19T20:13:12.852+0000] {logging_mixin.py:137} INFO - [2023-02-19T20:13:12.852+0000] {taskmixin.py:205} WARNING - Dependency <Task(_PythonDecoratedOperator): print_the_context>, log_sql_query already registered for DAG: example_python_operator
[2023-02-19T20:13:12.853+0000] {logging_mixin.py:137} INFO - [2023-02-19T20:13:12.853+0000] {taskmixin.py:205} WARNING - Dependency <Task(_PythonDecoratedOperator): log_sql_query>, print_the_context already registered for DAG: example_python_operator
[2023-02-19T20:13:12.855+0000] {logging_mixin.py:137} INFO - [2023-02-19T20:13:12.855+0000] {taskmixin.py:205} WARNING - Dependency <Task(_PythonDecoratedOperator): print_the_context>, log_sql_query already registered for DAG: example_python_operator
[2023-02-19T20:13:12.856+0000] {logging_mixin.py:137} INFO - [2023-02-19T20:13:12.856+0000] {taskmixin.py:205} WARNING - Dependency <Task(_PythonDecoratedOperator): log_sql_query>, print_the_context already registered for DAG: example_python_operator
[2023-02-19T20:13:12.858+0000] {logging_mixin.py:137} INFO - [2023-02-19T20:13:12.858+0000] {taskmixin.py:205} WARNING - Dependency <Task(_PythonDecoratedOperator): print_the_context>, log_sql_query already registered for DAG: example_python_operator
[2023-02-19T20:13:12.859+0000] {logging_mixin.py:137} INFO - [2023-02-19T20:13:12.859+0000] {taskmixin.py:205} WARNING - Dependency <Task(_PythonDecoratedOperator): log_sql_query>, print_the_context already registered for DAG: example_python_operator
[2023-02-19T20:13:12.868+0000] {processor.py:753} INFO - DAG(s) dict_keys(['example_python_operator']) retrieved from /home/airflow/.local/lib/python3.7/site-packages/airflow/example_dags/example_python_operator.py
[2023-02-19T20:13:12.903+0000] {logging_mixin.py:137} INFO - [2023-02-19T20:13:12.903+0000] {dag.py:2690} INFO - Sync 1 DAGs
[2023-02-19T20:13:12.934+0000] {logging_mixin.py:137} INFO - [2023-02-19T20:13:12.934+0000] {dag.py:3441} INFO - Setting next_dagrun for example_python_operator to None, run_after=None
[2023-02-19T20:13:12.963+0000] {processor.py:175} INFO - Processing /home/airflow/.local/lib/python3.7/site-packages/airflow/example_dags/example_python_operator.py took 0.148 seconds
[2023-02-19T20:13:43.039+0000] {processor.py:153} INFO - Started process (PID=466) to work on /home/airflow/.local/lib/python3.7/site-packages/airflow/example_dags/example_python_operator.py
[2023-02-19T20:13:43.041+0000] {processor.py:743} INFO - Processing file /home/airflow/.local/lib/python3.7/site-packages/airflow/example_dags/example_python_operator.py for tasks to queue
[2023-02-19T20:13:43.044+0000] {logging_mixin.py:137} INFO - [2023-02-19T20:13:43.044+0000] {dagbag.py:538} INFO - Filling up the DagBag from /home/airflow/.local/lib/python3.7/site-packages/airflow/example_dags/example_python_operator.py
[2023-02-19T20:13:43.085+0000] {logging_mixin.py:137} INFO - [2023-02-19T20:13:43.085+0000] {taskmixin.py:205} WARNING - Dependency <Task(_PythonDecoratedOperator): print_the_context>, log_sql_query already registered for DAG: example_python_operator
[2023-02-19T20:13:43.091+0000] {logging_mixin.py:137} INFO - [2023-02-19T20:13:43.090+0000] {taskmixin.py:205} WARNING - Dependency <Task(_PythonDecoratedOperator): log_sql_query>, print_the_context already registered for DAG: example_python_operator
[2023-02-19T20:13:43.096+0000] {logging_mixin.py:137} INFO - [2023-02-19T20:13:43.095+0000] {taskmixin.py:205} WARNING - Dependency <Task(_PythonDecoratedOperator): print_the_context>, log_sql_query already registered for DAG: example_python_operator
[2023-02-19T20:13:43.098+0000] {logging_mixin.py:137} INFO - [2023-02-19T20:13:43.097+0000] {taskmixin.py:205} WARNING - Dependency <Task(_PythonDecoratedOperator): log_sql_query>, print_the_context already registered for DAG: example_python_operator
[2023-02-19T20:13:43.104+0000] {logging_mixin.py:137} INFO - [2023-02-19T20:13:43.103+0000] {taskmixin.py:205} WARNING - Dependency <Task(_PythonDecoratedOperator): print_the_context>, log_sql_query already registered for DAG: example_python_operator
[2023-02-19T20:13:43.105+0000] {logging_mixin.py:137} INFO - [2023-02-19T20:13:43.105+0000] {taskmixin.py:205} WARNING - Dependency <Task(_PythonDecoratedOperator): log_sql_query>, print_the_context already registered for DAG: example_python_operator
[2023-02-19T20:13:43.109+0000] {logging_mixin.py:137} INFO - [2023-02-19T20:13:43.109+0000] {taskmixin.py:205} WARNING - Dependency <Task(_PythonDecoratedOperator): print_the_context>, log_sql_query already registered for DAG: example_python_operator
[2023-02-19T20:13:43.112+0000] {logging_mixin.py:137} INFO - [2023-02-19T20:13:43.111+0000] {taskmixin.py:205} WARNING - Dependency <Task(_PythonDecoratedOperator): log_sql_query>, print_the_context already registered for DAG: example_python_operator
[2023-02-19T20:13:43.141+0000] {processor.py:753} INFO - DAG(s) dict_keys(['example_python_operator']) retrieved from /home/airflow/.local/lib/python3.7/site-packages/airflow/example_dags/example_python_operator.py
[2023-02-19T20:13:43.180+0000] {logging_mixin.py:137} INFO - [2023-02-19T20:13:43.180+0000] {dag.py:2690} INFO - Sync 1 DAGs
[2023-02-19T20:13:43.227+0000] {logging_mixin.py:137} INFO - [2023-02-19T20:13:43.227+0000] {dag.py:3441} INFO - Setting next_dagrun for example_python_operator to None, run_after=None
[2023-02-19T20:13:43.264+0000] {processor.py:175} INFO - Processing /home/airflow/.local/lib/python3.7/site-packages/airflow/example_dags/example_python_operator.py took 0.231 seconds
[2023-02-19T20:14:13.730+0000] {processor.py:153} INFO - Started process (PID=529) to work on /home/airflow/.local/lib/python3.7/site-packages/airflow/example_dags/example_python_operator.py
[2023-02-19T20:14:13.733+0000] {processor.py:743} INFO - Processing file /home/airflow/.local/lib/python3.7/site-packages/airflow/example_dags/example_python_operator.py for tasks to queue
[2023-02-19T20:14:13.735+0000] {logging_mixin.py:137} INFO - [2023-02-19T20:14:13.735+0000] {dagbag.py:538} INFO - Filling up the DagBag from /home/airflow/.local/lib/python3.7/site-packages/airflow/example_dags/example_python_operator.py
[2023-02-19T20:14:13.761+0000] {logging_mixin.py:137} INFO - [2023-02-19T20:14:13.761+0000] {taskmixin.py:205} WARNING - Dependency <Task(_PythonDecoratedOperator): print_the_context>, log_sql_query already registered for DAG: example_python_operator
[2023-02-19T20:14:13.762+0000] {logging_mixin.py:137} INFO - [2023-02-19T20:14:13.762+0000] {taskmixin.py:205} WARNING - Dependency <Task(_PythonDecoratedOperator): log_sql_query>, print_the_context already registered for DAG: example_python_operator
[2023-02-19T20:14:13.764+0000] {logging_mixin.py:137} INFO - [2023-02-19T20:14:13.764+0000] {taskmixin.py:205} WARNING - Dependency <Task(_PythonDecoratedOperator): print_the_context>, log_sql_query already registered for DAG: example_python_operator
[2023-02-19T20:14:13.766+0000] {logging_mixin.py:137} INFO - [2023-02-19T20:14:13.766+0000] {taskmixin.py:205} WARNING - Dependency <Task(_PythonDecoratedOperator): log_sql_query>, print_the_context already registered for DAG: example_python_operator
[2023-02-19T20:14:13.768+0000] {logging_mixin.py:137} INFO - [2023-02-19T20:14:13.768+0000] {taskmixin.py:205} WARNING - Dependency <Task(_PythonDecoratedOperator): print_the_context>, log_sql_query already registered for DAG: example_python_operator
[2023-02-19T20:14:13.770+0000] {logging_mixin.py:137} INFO - [2023-02-19T20:14:13.769+0000] {taskmixin.py:205} WARNING - Dependency <Task(_PythonDecoratedOperator): log_sql_query>, print_the_context already registered for DAG: example_python_operator
[2023-02-19T20:14:13.772+0000] {logging_mixin.py:137} INFO - [2023-02-19T20:14:13.771+0000] {taskmixin.py:205} WARNING - Dependency <Task(_PythonDecoratedOperator): print_the_context>, log_sql_query already registered for DAG: example_python_operator
[2023-02-19T20:14:13.773+0000] {logging_mixin.py:137} INFO - [2023-02-19T20:14:13.773+0000] {taskmixin.py:205} WARNING - Dependency <Task(_PythonDecoratedOperator): log_sql_query>, print_the_context already registered for DAG: example_python_operator
[2023-02-19T20:14:13.783+0000] {processor.py:753} INFO - DAG(s) dict_keys(['example_python_operator']) retrieved from /home/airflow/.local/lib/python3.7/site-packages/airflow/example_dags/example_python_operator.py
[2023-02-19T20:14:13.819+0000] {logging_mixin.py:137} INFO - [2023-02-19T20:14:13.819+0000] {dag.py:2690} INFO - Sync 1 DAGs
[2023-02-19T20:14:13.851+0000] {logging_mixin.py:137} INFO - [2023-02-19T20:14:13.851+0000] {dag.py:3441} INFO - Setting next_dagrun for example_python_operator to None, run_after=None
[2023-02-19T20:14:13.878+0000] {processor.py:175} INFO - Processing /home/airflow/.local/lib/python3.7/site-packages/airflow/example_dags/example_python_operator.py took 0.152 seconds
[2023-02-19T20:14:44.432+0000] {processor.py:153} INFO - Started process (PID=604) to work on /home/airflow/.local/lib/python3.7/site-packages/airflow/example_dags/example_python_operator.py
[2023-02-19T20:14:44.434+0000] {processor.py:743} INFO - Processing file /home/airflow/.local/lib/python3.7/site-packages/airflow/example_dags/example_python_operator.py for tasks to queue
[2023-02-19T20:14:44.436+0000] {logging_mixin.py:137} INFO - [2023-02-19T20:14:44.436+0000] {dagbag.py:538} INFO - Filling up the DagBag from /home/airflow/.local/lib/python3.7/site-packages/airflow/example_dags/example_python_operator.py
[2023-02-19T20:14:44.459+0000] {logging_mixin.py:137} INFO - [2023-02-19T20:14:44.459+0000] {taskmixin.py:205} WARNING - Dependency <Task(_PythonDecoratedOperator): print_the_context>, log_sql_query already registered for DAG: example_python_operator
[2023-02-19T20:14:44.460+0000] {logging_mixin.py:137} INFO - [2023-02-19T20:14:44.460+0000] {taskmixin.py:205} WARNING - Dependency <Task(_PythonDecoratedOperator): log_sql_query>, print_the_context already registered for DAG: example_python_operator
[2023-02-19T20:14:44.462+0000] {logging_mixin.py:137} INFO - [2023-02-19T20:14:44.462+0000] {taskmixin.py:205} WARNING - Dependency <Task(_PythonDecoratedOperator): print_the_context>, log_sql_query already registered for DAG: example_python_operator
[2023-02-19T20:14:44.463+0000] {logging_mixin.py:137} INFO - [2023-02-19T20:14:44.463+0000] {taskmixin.py:205} WARNING - Dependency <Task(_PythonDecoratedOperator): log_sql_query>, print_the_context already registered for DAG: example_python_operator
[2023-02-19T20:14:44.465+0000] {logging_mixin.py:137} INFO - [2023-02-19T20:14:44.465+0000] {taskmixin.py:205} WARNING - Dependency <Task(_PythonDecoratedOperator): print_the_context>, log_sql_query already registered for DAG: example_python_operator
[2023-02-19T20:14:44.466+0000] {logging_mixin.py:137} INFO - [2023-02-19T20:14:44.466+0000] {taskmixin.py:205} WARNING - Dependency <Task(_PythonDecoratedOperator): log_sql_query>, print_the_context already registered for DAG: example_python_operator
[2023-02-19T20:14:44.470+0000] {logging_mixin.py:137} INFO - [2023-02-19T20:14:44.470+0000] {taskmixin.py:205} WARNING - Dependency <Task(_PythonDecoratedOperator): print_the_context>, log_sql_query already registered for DAG: example_python_operator
[2023-02-19T20:14:44.471+0000] {logging_mixin.py:137} INFO - [2023-02-19T20:14:44.471+0000] {taskmixin.py:205} WARNING - Dependency <Task(_PythonDecoratedOperator): log_sql_query>, print_the_context already registered for DAG: example_python_operator
[2023-02-19T20:14:44.481+0000] {processor.py:753} INFO - DAG(s) dict_keys(['example_python_operator']) retrieved from /home/airflow/.local/lib/python3.7/site-packages/airflow/example_dags/example_python_operator.py
[2023-02-19T20:14:44.517+0000] {logging_mixin.py:137} INFO - [2023-02-19T20:14:44.517+0000] {dag.py:2690} INFO - Sync 1 DAGs
[2023-02-19T20:14:44.549+0000] {logging_mixin.py:137} INFO - [2023-02-19T20:14:44.549+0000] {dag.py:3441} INFO - Setting next_dagrun for example_python_operator to None, run_after=None
[2023-02-19T20:14:44.573+0000] {processor.py:175} INFO - Processing /home/airflow/.local/lib/python3.7/site-packages/airflow/example_dags/example_python_operator.py took 0.145 seconds
[2023-02-19T20:15:15.239+0000] {processor.py:153} INFO - Started process (PID=667) to work on /home/airflow/.local/lib/python3.7/site-packages/airflow/example_dags/example_python_operator.py
[2023-02-19T20:15:15.242+0000] {processor.py:743} INFO - Processing file /home/airflow/.local/lib/python3.7/site-packages/airflow/example_dags/example_python_operator.py for tasks to queue
[2023-02-19T20:15:15.244+0000] {logging_mixin.py:137} INFO - [2023-02-19T20:15:15.244+0000] {dagbag.py:538} INFO - Filling up the DagBag from /home/airflow/.local/lib/python3.7/site-packages/airflow/example_dags/example_python_operator.py
[2023-02-19T20:15:15.268+0000] {logging_mixin.py:137} INFO - [2023-02-19T20:15:15.268+0000] {taskmixin.py:205} WARNING - Dependency <Task(_PythonDecoratedOperator): print_the_context>, log_sql_query already registered for DAG: example_python_operator
[2023-02-19T20:15:15.270+0000] {logging_mixin.py:137} INFO - [2023-02-19T20:15:15.270+0000] {taskmixin.py:205} WARNING - Dependency <Task(_PythonDecoratedOperator): log_sql_query>, print_the_context already registered for DAG: example_python_operator
[2023-02-19T20:15:15.272+0000] {logging_mixin.py:137} INFO - [2023-02-19T20:15:15.272+0000] {taskmixin.py:205} WARNING - Dependency <Task(_PythonDecoratedOperator): print_the_context>, log_sql_query already registered for DAG: example_python_operator
[2023-02-19T20:15:15.274+0000] {logging_mixin.py:137} INFO - [2023-02-19T20:15:15.273+0000] {taskmixin.py:205} WARNING - Dependency <Task(_PythonDecoratedOperator): log_sql_query>, print_the_context already registered for DAG: example_python_operator
[2023-02-19T20:15:15.275+0000] {logging_mixin.py:137} INFO - [2023-02-19T20:15:15.275+0000] {taskmixin.py:205} WARNING - Dependency <Task(_PythonDecoratedOperator): print_the_context>, log_sql_query already registered for DAG: example_python_operator
[2023-02-19T20:15:15.277+0000] {logging_mixin.py:137} INFO - [2023-02-19T20:15:15.277+0000] {taskmixin.py:205} WARNING - Dependency <Task(_PythonDecoratedOperator): log_sql_query>, print_the_context already registered for DAG: example_python_operator
[2023-02-19T20:15:15.279+0000] {logging_mixin.py:137} INFO - [2023-02-19T20:15:15.279+0000] {taskmixin.py:205} WARNING - Dependency <Task(_PythonDecoratedOperator): print_the_context>, log_sql_query already registered for DAG: example_python_operator
[2023-02-19T20:15:15.280+0000] {logging_mixin.py:137} INFO - [2023-02-19T20:15:15.280+0000] {taskmixin.py:205} WARNING - Dependency <Task(_PythonDecoratedOperator): log_sql_query>, print_the_context already registered for DAG: example_python_operator
[2023-02-19T20:15:15.290+0000] {processor.py:753} INFO - DAG(s) dict_keys(['example_python_operator']) retrieved from /home/airflow/.local/lib/python3.7/site-packages/airflow/example_dags/example_python_operator.py
[2023-02-19T20:15:15.337+0000] {logging_mixin.py:137} INFO - [2023-02-19T20:15:15.336+0000] {dag.py:2690} INFO - Sync 1 DAGs
[2023-02-19T20:15:15.369+0000] {logging_mixin.py:137} INFO - [2023-02-19T20:15:15.369+0000] {dag.py:3441} INFO - Setting next_dagrun for example_python_operator to None, run_after=None
[2023-02-19T20:15:15.394+0000] {processor.py:175} INFO - Processing /home/airflow/.local/lib/python3.7/site-packages/airflow/example_dags/example_python_operator.py took 0.159 seconds
[2023-02-19T20:15:45.877+0000] {processor.py:153} INFO - Started process (PID=743) to work on /home/airflow/.local/lib/python3.7/site-packages/airflow/example_dags/example_python_operator.py
[2023-02-19T20:15:45.879+0000] {processor.py:743} INFO - Processing file /home/airflow/.local/lib/python3.7/site-packages/airflow/example_dags/example_python_operator.py for tasks to queue
[2023-02-19T20:15:45.881+0000] {logging_mixin.py:137} INFO - [2023-02-19T20:15:45.881+0000] {dagbag.py:538} INFO - Filling up the DagBag from /home/airflow/.local/lib/python3.7/site-packages/airflow/example_dags/example_python_operator.py
[2023-02-19T20:15:45.904+0000] {logging_mixin.py:137} INFO - [2023-02-19T20:15:45.904+0000] {taskmixin.py:205} WARNING - Dependency <Task(_PythonDecoratedOperator): print_the_context>, log_sql_query already registered for DAG: example_python_operator
[2023-02-19T20:15:45.905+0000] {logging_mixin.py:137} INFO - [2023-02-19T20:15:45.905+0000] {taskmixin.py:205} WARNING - Dependency <Task(_PythonDecoratedOperator): log_sql_query>, print_the_context already registered for DAG: example_python_operator
[2023-02-19T20:15:45.910+0000] {logging_mixin.py:137} INFO - [2023-02-19T20:15:45.910+0000] {taskmixin.py:205} WARNING - Dependency <Task(_PythonDecoratedOperator): print_the_context>, log_sql_query already registered for DAG: example_python_operator
[2023-02-19T20:15:45.913+0000] {logging_mixin.py:137} INFO - [2023-02-19T20:15:45.912+0000] {taskmixin.py:205} WARNING - Dependency <Task(_PythonDecoratedOperator): log_sql_query>, print_the_context already registered for DAG: example_python_operator
[2023-02-19T20:15:45.918+0000] {logging_mixin.py:137} INFO - [2023-02-19T20:15:45.918+0000] {taskmixin.py:205} WARNING - Dependency <Task(_PythonDecoratedOperator): print_the_context>, log_sql_query already registered for DAG: example_python_operator
[2023-02-19T20:15:45.920+0000] {logging_mixin.py:137} INFO - [2023-02-19T20:15:45.919+0000] {taskmixin.py:205} WARNING - Dependency <Task(_PythonDecoratedOperator): log_sql_query>, print_the_context already registered for DAG: example_python_operator
[2023-02-19T20:15:45.922+0000] {logging_mixin.py:137} INFO - [2023-02-19T20:15:45.922+0000] {taskmixin.py:205} WARNING - Dependency <Task(_PythonDecoratedOperator): print_the_context>, log_sql_query already registered for DAG: example_python_operator
[2023-02-19T20:15:45.923+0000] {logging_mixin.py:137} INFO - [2023-02-19T20:15:45.923+0000] {taskmixin.py:205} WARNING - Dependency <Task(_PythonDecoratedOperator): log_sql_query>, print_the_context already registered for DAG: example_python_operator
[2023-02-19T20:15:45.932+0000] {processor.py:753} INFO - DAG(s) dict_keys(['example_python_operator']) retrieved from /home/airflow/.local/lib/python3.7/site-packages/airflow/example_dags/example_python_operator.py
[2023-02-19T20:15:45.975+0000] {logging_mixin.py:137} INFO - [2023-02-19T20:15:45.975+0000] {dag.py:2690} INFO - Sync 1 DAGs
[2023-02-19T20:15:46.011+0000] {logging_mixin.py:137} INFO - [2023-02-19T20:15:46.010+0000] {dag.py:3441} INFO - Setting next_dagrun for example_python_operator to None, run_after=None
[2023-02-19T20:15:46.034+0000] {processor.py:175} INFO - Processing /home/airflow/.local/lib/python3.7/site-packages/airflow/example_dags/example_python_operator.py took 0.161 seconds
[2023-02-19T20:16:16.525+0000] {processor.py:153} INFO - Started process (PID=807) to work on /home/airflow/.local/lib/python3.7/site-packages/airflow/example_dags/example_python_operator.py
[2023-02-19T20:16:16.528+0000] {processor.py:743} INFO - Processing file /home/airflow/.local/lib/python3.7/site-packages/airflow/example_dags/example_python_operator.py for tasks to queue
[2023-02-19T20:16:16.530+0000] {logging_mixin.py:137} INFO - [2023-02-19T20:16:16.530+0000] {dagbag.py:538} INFO - Filling up the DagBag from /home/airflow/.local/lib/python3.7/site-packages/airflow/example_dags/example_python_operator.py
[2023-02-19T20:16:16.552+0000] {logging_mixin.py:137} INFO - [2023-02-19T20:16:16.552+0000] {taskmixin.py:205} WARNING - Dependency <Task(_PythonDecoratedOperator): print_the_context>, log_sql_query already registered for DAG: example_python_operator
[2023-02-19T20:16:16.554+0000] {logging_mixin.py:137} INFO - [2023-02-19T20:16:16.554+0000] {taskmixin.py:205} WARNING - Dependency <Task(_PythonDecoratedOperator): log_sql_query>, print_the_context already registered for DAG: example_python_operator
[2023-02-19T20:16:16.556+0000] {logging_mixin.py:137} INFO - [2023-02-19T20:16:16.556+0000] {taskmixin.py:205} WARNING - Dependency <Task(_PythonDecoratedOperator): print_the_context>, log_sql_query already registered for DAG: example_python_operator
[2023-02-19T20:16:16.557+0000] {logging_mixin.py:137} INFO - [2023-02-19T20:16:16.557+0000] {taskmixin.py:205} WARNING - Dependency <Task(_PythonDecoratedOperator): log_sql_query>, print_the_context already registered for DAG: example_python_operator
[2023-02-19T20:16:16.559+0000] {logging_mixin.py:137} INFO - [2023-02-19T20:16:16.559+0000] {taskmixin.py:205} WARNING - Dependency <Task(_PythonDecoratedOperator): print_the_context>, log_sql_query already registered for DAG: example_python_operator
[2023-02-19T20:16:16.560+0000] {logging_mixin.py:137} INFO - [2023-02-19T20:16:16.560+0000] {taskmixin.py:205} WARNING - Dependency <Task(_PythonDecoratedOperator): log_sql_query>, print_the_context already registered for DAG: example_python_operator
[2023-02-19T20:16:16.562+0000] {logging_mixin.py:137} INFO - [2023-02-19T20:16:16.562+0000] {taskmixin.py:205} WARNING - Dependency <Task(_PythonDecoratedOperator): print_the_context>, log_sql_query already registered for DAG: example_python_operator
[2023-02-19T20:16:16.565+0000] {logging_mixin.py:137} INFO - [2023-02-19T20:16:16.565+0000] {taskmixin.py:205} WARNING - Dependency <Task(_PythonDecoratedOperator): log_sql_query>, print_the_context already registered for DAG: example_python_operator
[2023-02-19T20:16:16.575+0000] {processor.py:753} INFO - DAG(s) dict_keys(['example_python_operator']) retrieved from /home/airflow/.local/lib/python3.7/site-packages/airflow/example_dags/example_python_operator.py
[2023-02-19T20:16:16.612+0000] {logging_mixin.py:137} INFO - [2023-02-19T20:16:16.612+0000] {dag.py:2690} INFO - Sync 1 DAGs
[2023-02-19T20:16:16.644+0000] {logging_mixin.py:137} INFO - [2023-02-19T20:16:16.644+0000] {dag.py:3441} INFO - Setting next_dagrun for example_python_operator to None, run_after=None
[2023-02-19T20:16:16.672+0000] {processor.py:175} INFO - Processing /home/airflow/.local/lib/python3.7/site-packages/airflow/example_dags/example_python_operator.py took 0.153 seconds
[2023-02-19T20:16:47.069+0000] {processor.py:153} INFO - Started process (PID=882) to work on /home/airflow/.local/lib/python3.7/site-packages/airflow/example_dags/example_python_operator.py
[2023-02-19T20:16:47.072+0000] {processor.py:743} INFO - Processing file /home/airflow/.local/lib/python3.7/site-packages/airflow/example_dags/example_python_operator.py for tasks to queue
[2023-02-19T20:16:47.075+0000] {logging_mixin.py:137} INFO - [2023-02-19T20:16:47.075+0000] {dagbag.py:538} INFO - Filling up the DagBag from /home/airflow/.local/lib/python3.7/site-packages/airflow/example_dags/example_python_operator.py
[2023-02-19T20:16:47.100+0000] {logging_mixin.py:137} INFO - [2023-02-19T20:16:47.100+0000] {taskmixin.py:205} WARNING - Dependency <Task(_PythonDecoratedOperator): print_the_context>, log_sql_query already registered for DAG: example_python_operator
[2023-02-19T20:16:47.102+0000] {logging_mixin.py:137} INFO - [2023-02-19T20:16:47.102+0000] {taskmixin.py:205} WARNING - Dependency <Task(_PythonDecoratedOperator): log_sql_query>, print_the_context already registered for DAG: example_python_operator
[2023-02-19T20:16:47.105+0000] {logging_mixin.py:137} INFO - [2023-02-19T20:16:47.105+0000] {taskmixin.py:205} WARNING - Dependency <Task(_PythonDecoratedOperator): print_the_context>, log_sql_query already registered for DAG: example_python_operator
[2023-02-19T20:16:47.106+0000] {logging_mixin.py:137} INFO - [2023-02-19T20:16:47.106+0000] {taskmixin.py:205} WARNING - Dependency <Task(_PythonDecoratedOperator): log_sql_query>, print_the_context already registered for DAG: example_python_operator
[2023-02-19T20:16:47.108+0000] {logging_mixin.py:137} INFO - [2023-02-19T20:16:47.108+0000] {taskmixin.py:205} WARNING - Dependency <Task(_PythonDecoratedOperator): print_the_context>, log_sql_query already registered for DAG: example_python_operator
[2023-02-19T20:16:47.109+0000] {logging_mixin.py:137} INFO - [2023-02-19T20:16:47.109+0000] {taskmixin.py:205} WARNING - Dependency <Task(_PythonDecoratedOperator): log_sql_query>, print_the_context already registered for DAG: example_python_operator
[2023-02-19T20:16:47.111+0000] {logging_mixin.py:137} INFO - [2023-02-19T20:16:47.111+0000] {taskmixin.py:205} WARNING - Dependency <Task(_PythonDecoratedOperator): print_the_context>, log_sql_query already registered for DAG: example_python_operator
[2023-02-19T20:16:47.112+0000] {logging_mixin.py:137} INFO - [2023-02-19T20:16:47.112+0000] {taskmixin.py:205} WARNING - Dependency <Task(_PythonDecoratedOperator): log_sql_query>, print_the_context already registered for DAG: example_python_operator
[2023-02-19T20:16:47.121+0000] {processor.py:753} INFO - DAG(s) dict_keys(['example_python_operator']) retrieved from /home/airflow/.local/lib/python3.7/site-packages/airflow/example_dags/example_python_operator.py
[2023-02-19T20:16:47.155+0000] {logging_mixin.py:137} INFO - [2023-02-19T20:16:47.155+0000] {dag.py:2690} INFO - Sync 1 DAGs
[2023-02-19T20:16:47.187+0000] {logging_mixin.py:137} INFO - [2023-02-19T20:16:47.187+0000] {dag.py:3441} INFO - Setting next_dagrun for example_python_operator to None, run_after=None
[2023-02-19T20:16:47.210+0000] {processor.py:175} INFO - Processing /home/airflow/.local/lib/python3.7/site-packages/airflow/example_dags/example_python_operator.py took 0.147 seconds
[2023-02-19T20:17:17.953+0000] {processor.py:153} INFO - Started process (PID=945) to work on /home/airflow/.local/lib/python3.7/site-packages/airflow/example_dags/example_python_operator.py
[2023-02-19T20:17:17.955+0000] {processor.py:743} INFO - Processing file /home/airflow/.local/lib/python3.7/site-packages/airflow/example_dags/example_python_operator.py for tasks to queue
[2023-02-19T20:17:17.957+0000] {logging_mixin.py:137} INFO - [2023-02-19T20:17:17.957+0000] {dagbag.py:538} INFO - Filling up the DagBag from /home/airflow/.local/lib/python3.7/site-packages/airflow/example_dags/example_python_operator.py
[2023-02-19T20:17:17.981+0000] {logging_mixin.py:137} INFO - [2023-02-19T20:17:17.981+0000] {taskmixin.py:205} WARNING - Dependency <Task(_PythonDecoratedOperator): print_the_context>, log_sql_query already registered for DAG: example_python_operator
[2023-02-19T20:17:17.983+0000] {logging_mixin.py:137} INFO - [2023-02-19T20:17:17.982+0000] {taskmixin.py:205} WARNING - Dependency <Task(_PythonDecoratedOperator): log_sql_query>, print_the_context already registered for DAG: example_python_operator
[2023-02-19T20:17:17.984+0000] {logging_mixin.py:137} INFO - [2023-02-19T20:17:17.984+0000] {taskmixin.py:205} WARNING - Dependency <Task(_PythonDecoratedOperator): print_the_context>, log_sql_query already registered for DAG: example_python_operator
[2023-02-19T20:17:17.986+0000] {logging_mixin.py:137} INFO - [2023-02-19T20:17:17.985+0000] {taskmixin.py:205} WARNING - Dependency <Task(_PythonDecoratedOperator): log_sql_query>, print_the_context already registered for DAG: example_python_operator
[2023-02-19T20:17:17.988+0000] {logging_mixin.py:137} INFO - [2023-02-19T20:17:17.987+0000] {taskmixin.py:205} WARNING - Dependency <Task(_PythonDecoratedOperator): print_the_context>, log_sql_query already registered for DAG: example_python_operator
[2023-02-19T20:17:17.990+0000] {logging_mixin.py:137} INFO - [2023-02-19T20:17:17.990+0000] {taskmixin.py:205} WARNING - Dependency <Task(_PythonDecoratedOperator): log_sql_query>, print_the_context already registered for DAG: example_python_operator
[2023-02-19T20:17:17.992+0000] {logging_mixin.py:137} INFO - [2023-02-19T20:17:17.992+0000] {taskmixin.py:205} WARNING - Dependency <Task(_PythonDecoratedOperator): print_the_context>, log_sql_query already registered for DAG: example_python_operator
[2023-02-19T20:17:17.993+0000] {logging_mixin.py:137} INFO - [2023-02-19T20:17:17.993+0000] {taskmixin.py:205} WARNING - Dependency <Task(_PythonDecoratedOperator): log_sql_query>, print_the_context already registered for DAG: example_python_operator
[2023-02-19T20:17:18.002+0000] {processor.py:753} INFO - DAG(s) dict_keys(['example_python_operator']) retrieved from /home/airflow/.local/lib/python3.7/site-packages/airflow/example_dags/example_python_operator.py
[2023-02-19T20:17:18.037+0000] {logging_mixin.py:137} INFO - [2023-02-19T20:17:18.037+0000] {dag.py:2690} INFO - Sync 1 DAGs
[2023-02-19T20:17:18.070+0000] {logging_mixin.py:137} INFO - [2023-02-19T20:17:18.070+0000] {dag.py:3441} INFO - Setting next_dagrun for example_python_operator to None, run_after=None
[2023-02-19T20:17:18.098+0000] {processor.py:175} INFO - Processing /home/airflow/.local/lib/python3.7/site-packages/airflow/example_dags/example_python_operator.py took 0.149 seconds
[2023-02-19T20:17:48.657+0000] {processor.py:153} INFO - Started process (PID=1020) to work on /home/airflow/.local/lib/python3.7/site-packages/airflow/example_dags/example_python_operator.py
[2023-02-19T20:17:48.659+0000] {processor.py:743} INFO - Processing file /home/airflow/.local/lib/python3.7/site-packages/airflow/example_dags/example_python_operator.py for tasks to queue
[2023-02-19T20:17:48.661+0000] {logging_mixin.py:137} INFO - [2023-02-19T20:17:48.661+0000] {dagbag.py:538} INFO - Filling up the DagBag from /home/airflow/.local/lib/python3.7/site-packages/airflow/example_dags/example_python_operator.py
[2023-02-19T20:17:48.684+0000] {logging_mixin.py:137} INFO - [2023-02-19T20:17:48.684+0000] {taskmixin.py:205} WARNING - Dependency <Task(_PythonDecoratedOperator): print_the_context>, log_sql_query already registered for DAG: example_python_operator
[2023-02-19T20:17:48.686+0000] {logging_mixin.py:137} INFO - [2023-02-19T20:17:48.686+0000] {taskmixin.py:205} WARNING - Dependency <Task(_PythonDecoratedOperator): log_sql_query>, print_the_context already registered for DAG: example_python_operator
[2023-02-19T20:17:48.688+0000] {logging_mixin.py:137} INFO - [2023-02-19T20:17:48.688+0000] {taskmixin.py:205} WARNING - Dependency <Task(_PythonDecoratedOperator): print_the_context>, log_sql_query already registered for DAG: example_python_operator
[2023-02-19T20:17:48.689+0000] {logging_mixin.py:137} INFO - [2023-02-19T20:17:48.689+0000] {taskmixin.py:205} WARNING - Dependency <Task(_PythonDecoratedOperator): log_sql_query>, print_the_context already registered for DAG: example_python_operator
[2023-02-19T20:17:48.691+0000] {logging_mixin.py:137} INFO - [2023-02-19T20:17:48.691+0000] {taskmixin.py:205} WARNING - Dependency <Task(_PythonDecoratedOperator): print_the_context>, log_sql_query already registered for DAG: example_python_operator
[2023-02-19T20:17:48.693+0000] {logging_mixin.py:137} INFO - [2023-02-19T20:17:48.693+0000] {taskmixin.py:205} WARNING - Dependency <Task(_PythonDecoratedOperator): log_sql_query>, print_the_context already registered for DAG: example_python_operator
[2023-02-19T20:17:48.695+0000] {logging_mixin.py:137} INFO - [2023-02-19T20:17:48.695+0000] {taskmixin.py:205} WARNING - Dependency <Task(_PythonDecoratedOperator): print_the_context>, log_sql_query already registered for DAG: example_python_operator
[2023-02-19T20:17:48.696+0000] {logging_mixin.py:137} INFO - [2023-02-19T20:17:48.696+0000] {taskmixin.py:205} WARNING - Dependency <Task(_PythonDecoratedOperator): log_sql_query>, print_the_context already registered for DAG: example_python_operator
[2023-02-19T20:17:48.705+0000] {processor.py:753} INFO - DAG(s) dict_keys(['example_python_operator']) retrieved from /home/airflow/.local/lib/python3.7/site-packages/airflow/example_dags/example_python_operator.py
[2023-02-19T20:17:48.740+0000] {logging_mixin.py:137} INFO - [2023-02-19T20:17:48.740+0000] {dag.py:2690} INFO - Sync 1 DAGs
[2023-02-19T20:17:48.772+0000] {logging_mixin.py:137} INFO - [2023-02-19T20:17:48.771+0000] {dag.py:3441} INFO - Setting next_dagrun for example_python_operator to None, run_after=None
[2023-02-19T20:17:48.796+0000] {processor.py:175} INFO - Processing /home/airflow/.local/lib/python3.7/site-packages/airflow/example_dags/example_python_operator.py took 0.143 seconds
[2023-02-19T20:18:19.266+0000] {processor.py:153} INFO - Started process (PID=1084) to work on /home/airflow/.local/lib/python3.7/site-packages/airflow/example_dags/example_python_operator.py
[2023-02-19T20:18:19.269+0000] {processor.py:743} INFO - Processing file /home/airflow/.local/lib/python3.7/site-packages/airflow/example_dags/example_python_operator.py for tasks to queue
[2023-02-19T20:18:19.270+0000] {logging_mixin.py:137} INFO - [2023-02-19T20:18:19.270+0000] {dagbag.py:538} INFO - Filling up the DagBag from /home/airflow/.local/lib/python3.7/site-packages/airflow/example_dags/example_python_operator.py
[2023-02-19T20:18:19.293+0000] {logging_mixin.py:137} INFO - [2023-02-19T20:18:19.293+0000] {taskmixin.py:205} WARNING - Dependency <Task(_PythonDecoratedOperator): print_the_context>, log_sql_query already registered for DAG: example_python_operator
[2023-02-19T20:18:19.295+0000] {logging_mixin.py:137} INFO - [2023-02-19T20:18:19.294+0000] {taskmixin.py:205} WARNING - Dependency <Task(_PythonDecoratedOperator): log_sql_query>, print_the_context already registered for DAG: example_python_operator
[2023-02-19T20:18:19.296+0000] {logging_mixin.py:137} INFO - [2023-02-19T20:18:19.296+0000] {taskmixin.py:205} WARNING - Dependency <Task(_PythonDecoratedOperator): print_the_context>, log_sql_query already registered for DAG: example_python_operator
[2023-02-19T20:18:19.298+0000] {logging_mixin.py:137} INFO - [2023-02-19T20:18:19.298+0000] {taskmixin.py:205} WARNING - Dependency <Task(_PythonDecoratedOperator): log_sql_query>, print_the_context already registered for DAG: example_python_operator
[2023-02-19T20:18:19.300+0000] {logging_mixin.py:137} INFO - [2023-02-19T20:18:19.299+0000] {taskmixin.py:205} WARNING - Dependency <Task(_PythonDecoratedOperator): print_the_context>, log_sql_query already registered for DAG: example_python_operator
[2023-02-19T20:18:19.301+0000] {logging_mixin.py:137} INFO - [2023-02-19T20:18:19.301+0000] {taskmixin.py:205} WARNING - Dependency <Task(_PythonDecoratedOperator): log_sql_query>, print_the_context already registered for DAG: example_python_operator
[2023-02-19T20:18:19.303+0000] {logging_mixin.py:137} INFO - [2023-02-19T20:18:19.303+0000] {taskmixin.py:205} WARNING - Dependency <Task(_PythonDecoratedOperator): print_the_context>, log_sql_query already registered for DAG: example_python_operator
[2023-02-19T20:18:19.304+0000] {logging_mixin.py:137} INFO - [2023-02-19T20:18:19.304+0000] {taskmixin.py:205} WARNING - Dependency <Task(_PythonDecoratedOperator): log_sql_query>, print_the_context already registered for DAG: example_python_operator
[2023-02-19T20:18:19.313+0000] {processor.py:753} INFO - DAG(s) dict_keys(['example_python_operator']) retrieved from /home/airflow/.local/lib/python3.7/site-packages/airflow/example_dags/example_python_operator.py
[2023-02-19T20:18:19.351+0000] {logging_mixin.py:137} INFO - [2023-02-19T20:18:19.351+0000] {dag.py:2690} INFO - Sync 1 DAGs
[2023-02-19T20:18:19.383+0000] {logging_mixin.py:137} INFO - [2023-02-19T20:18:19.383+0000] {dag.py:3441} INFO - Setting next_dagrun for example_python_operator to None, run_after=None
[2023-02-19T20:18:19.406+0000] {processor.py:175} INFO - Processing /home/airflow/.local/lib/python3.7/site-packages/airflow/example_dags/example_python_operator.py took 0.144 seconds
[2023-02-19T20:18:49.937+0000] {processor.py:153} INFO - Started process (PID=1153) to work on /home/airflow/.local/lib/python3.7/site-packages/airflow/example_dags/example_python_operator.py
[2023-02-19T20:18:49.939+0000] {processor.py:743} INFO - Processing file /home/airflow/.local/lib/python3.7/site-packages/airflow/example_dags/example_python_operator.py for tasks to queue
[2023-02-19T20:18:49.941+0000] {logging_mixin.py:137} INFO - [2023-02-19T20:18:49.941+0000] {dagbag.py:538} INFO - Filling up the DagBag from /home/airflow/.local/lib/python3.7/site-packages/airflow/example_dags/example_python_operator.py
[2023-02-19T20:18:49.967+0000] {logging_mixin.py:137} INFO - [2023-02-19T20:18:49.967+0000] {taskmixin.py:205} WARNING - Dependency <Task(_PythonDecoratedOperator): print_the_context>, log_sql_query already registered for DAG: example_python_operator
[2023-02-19T20:18:49.969+0000] {logging_mixin.py:137} INFO - [2023-02-19T20:18:49.968+0000] {taskmixin.py:205} WARNING - Dependency <Task(_PythonDecoratedOperator): log_sql_query>, print_the_context already registered for DAG: example_python_operator
[2023-02-19T20:18:49.971+0000] {logging_mixin.py:137} INFO - [2023-02-19T20:18:49.971+0000] {taskmixin.py:205} WARNING - Dependency <Task(_PythonDecoratedOperator): print_the_context>, log_sql_query already registered for DAG: example_python_operator
[2023-02-19T20:18:49.972+0000] {logging_mixin.py:137} INFO - [2023-02-19T20:18:49.972+0000] {taskmixin.py:205} WARNING - Dependency <Task(_PythonDecoratedOperator): log_sql_query>, print_the_context already registered for DAG: example_python_operator
[2023-02-19T20:18:49.975+0000] {logging_mixin.py:137} INFO - [2023-02-19T20:18:49.975+0000] {taskmixin.py:205} WARNING - Dependency <Task(_PythonDecoratedOperator): print_the_context>, log_sql_query already registered for DAG: example_python_operator
[2023-02-19T20:18:49.977+0000] {logging_mixin.py:137} INFO - [2023-02-19T20:18:49.977+0000] {taskmixin.py:205} WARNING - Dependency <Task(_PythonDecoratedOperator): log_sql_query>, print_the_context already registered for DAG: example_python_operator
[2023-02-19T20:18:49.979+0000] {logging_mixin.py:137} INFO - [2023-02-19T20:18:49.979+0000] {taskmixin.py:205} WARNING - Dependency <Task(_PythonDecoratedOperator): print_the_context>, log_sql_query already registered for DAG: example_python_operator
[2023-02-19T20:18:49.981+0000] {logging_mixin.py:137} INFO - [2023-02-19T20:18:49.980+0000] {taskmixin.py:205} WARNING - Dependency <Task(_PythonDecoratedOperator): log_sql_query>, print_the_context already registered for DAG: example_python_operator
[2023-02-19T20:18:49.994+0000] {processor.py:753} INFO - DAG(s) dict_keys(['example_python_operator']) retrieved from /home/airflow/.local/lib/python3.7/site-packages/airflow/example_dags/example_python_operator.py
[2023-02-19T20:18:50.039+0000] {logging_mixin.py:137} INFO - [2023-02-19T20:18:50.038+0000] {dag.py:2690} INFO - Sync 1 DAGs
[2023-02-19T20:18:50.076+0000] {logging_mixin.py:137} INFO - [2023-02-19T20:18:50.076+0000] {dag.py:3441} INFO - Setting next_dagrun for example_python_operator to None, run_after=None
[2023-02-19T20:18:50.104+0000] {processor.py:175} INFO - Processing /home/airflow/.local/lib/python3.7/site-packages/airflow/example_dags/example_python_operator.py took 0.174 seconds
[2023-02-19T20:19:20.706+0000] {processor.py:153} INFO - Started process (PID=1221) to work on /home/airflow/.local/lib/python3.7/site-packages/airflow/example_dags/example_python_operator.py
[2023-02-19T20:19:20.708+0000] {processor.py:743} INFO - Processing file /home/airflow/.local/lib/python3.7/site-packages/airflow/example_dags/example_python_operator.py for tasks to queue
[2023-02-19T20:19:20.710+0000] {logging_mixin.py:137} INFO - [2023-02-19T20:19:20.710+0000] {dagbag.py:538} INFO - Filling up the DagBag from /home/airflow/.local/lib/python3.7/site-packages/airflow/example_dags/example_python_operator.py
[2023-02-19T20:19:20.735+0000] {logging_mixin.py:137} INFO - [2023-02-19T20:19:20.735+0000] {taskmixin.py:205} WARNING - Dependency <Task(_PythonDecoratedOperator): print_the_context>, log_sql_query already registered for DAG: example_python_operator
[2023-02-19T20:19:20.738+0000] {logging_mixin.py:137} INFO - [2023-02-19T20:19:20.737+0000] {taskmixin.py:205} WARNING - Dependency <Task(_PythonDecoratedOperator): log_sql_query>, print_the_context already registered for DAG: example_python_operator
[2023-02-19T20:19:20.740+0000] {logging_mixin.py:137} INFO - [2023-02-19T20:19:20.740+0000] {taskmixin.py:205} WARNING - Dependency <Task(_PythonDecoratedOperator): print_the_context>, log_sql_query already registered for DAG: example_python_operator
[2023-02-19T20:19:20.742+0000] {logging_mixin.py:137} INFO - [2023-02-19T20:19:20.742+0000] {taskmixin.py:205} WARNING - Dependency <Task(_PythonDecoratedOperator): log_sql_query>, print_the_context already registered for DAG: example_python_operator
[2023-02-19T20:19:20.745+0000] {logging_mixin.py:137} INFO - [2023-02-19T20:19:20.744+0000] {taskmixin.py:205} WARNING - Dependency <Task(_PythonDecoratedOperator): print_the_context>, log_sql_query already registered for DAG: example_python_operator
[2023-02-19T20:19:20.746+0000] {logging_mixin.py:137} INFO - [2023-02-19T20:19:20.746+0000] {taskmixin.py:205} WARNING - Dependency <Task(_PythonDecoratedOperator): log_sql_query>, print_the_context already registered for DAG: example_python_operator
[2023-02-19T20:19:20.749+0000] {logging_mixin.py:137} INFO - [2023-02-19T20:19:20.748+0000] {taskmixin.py:205} WARNING - Dependency <Task(_PythonDecoratedOperator): print_the_context>, log_sql_query already registered for DAG: example_python_operator
[2023-02-19T20:19:20.750+0000] {logging_mixin.py:137} INFO - [2023-02-19T20:19:20.750+0000] {taskmixin.py:205} WARNING - Dependency <Task(_PythonDecoratedOperator): log_sql_query>, print_the_context already registered for DAG: example_python_operator
[2023-02-19T20:19:20.762+0000] {processor.py:753} INFO - DAG(s) dict_keys(['example_python_operator']) retrieved from /home/airflow/.local/lib/python3.7/site-packages/airflow/example_dags/example_python_operator.py
[2023-02-19T20:19:20.796+0000] {logging_mixin.py:137} INFO - [2023-02-19T20:19:20.796+0000] {dag.py:2690} INFO - Sync 1 DAGs
[2023-02-19T20:19:20.831+0000] {logging_mixin.py:137} INFO - [2023-02-19T20:19:20.831+0000] {dag.py:3441} INFO - Setting next_dagrun for example_python_operator to None, run_after=None
[2023-02-19T20:19:20.854+0000] {processor.py:175} INFO - Processing /home/airflow/.local/lib/python3.7/site-packages/airflow/example_dags/example_python_operator.py took 0.153 seconds
[2023-02-19T20:19:51.204+0000] {processor.py:153} INFO - Started process (PID=1284) to work on /home/airflow/.local/lib/python3.7/site-packages/airflow/example_dags/example_python_operator.py
[2023-02-19T20:19:51.206+0000] {processor.py:743} INFO - Processing file /home/airflow/.local/lib/python3.7/site-packages/airflow/example_dags/example_python_operator.py for tasks to queue
[2023-02-19T20:19:51.209+0000] {logging_mixin.py:137} INFO - [2023-02-19T20:19:51.209+0000] {dagbag.py:538} INFO - Filling up the DagBag from /home/airflow/.local/lib/python3.7/site-packages/airflow/example_dags/example_python_operator.py
[2023-02-19T20:19:51.235+0000] {logging_mixin.py:137} INFO - [2023-02-19T20:19:51.234+0000] {taskmixin.py:205} WARNING - Dependency <Task(_PythonDecoratedOperator): print_the_context>, log_sql_query already registered for DAG: example_python_operator
[2023-02-19T20:19:51.236+0000] {logging_mixin.py:137} INFO - [2023-02-19T20:19:51.236+0000] {taskmixin.py:205} WARNING - Dependency <Task(_PythonDecoratedOperator): log_sql_query>, print_the_context already registered for DAG: example_python_operator
[2023-02-19T20:19:51.238+0000] {logging_mixin.py:137} INFO - [2023-02-19T20:19:51.238+0000] {taskmixin.py:205} WARNING - Dependency <Task(_PythonDecoratedOperator): print_the_context>, log_sql_query already registered for DAG: example_python_operator
[2023-02-19T20:19:51.239+0000] {logging_mixin.py:137} INFO - [2023-02-19T20:19:51.239+0000] {taskmixin.py:205} WARNING - Dependency <Task(_PythonDecoratedOperator): log_sql_query>, print_the_context already registered for DAG: example_python_operator
[2023-02-19T20:19:51.241+0000] {logging_mixin.py:137} INFO - [2023-02-19T20:19:51.241+0000] {taskmixin.py:205} WARNING - Dependency <Task(_PythonDecoratedOperator): print_the_context>, log_sql_query already registered for DAG: example_python_operator
[2023-02-19T20:19:51.242+0000] {logging_mixin.py:137} INFO - [2023-02-19T20:19:51.242+0000] {taskmixin.py:205} WARNING - Dependency <Task(_PythonDecoratedOperator): log_sql_query>, print_the_context already registered for DAG: example_python_operator
[2023-02-19T20:19:51.244+0000] {logging_mixin.py:137} INFO - [2023-02-19T20:19:51.244+0000] {taskmixin.py:205} WARNING - Dependency <Task(_PythonDecoratedOperator): print_the_context>, log_sql_query already registered for DAG: example_python_operator
[2023-02-19T20:19:51.245+0000] {logging_mixin.py:137} INFO - [2023-02-19T20:19:51.245+0000] {taskmixin.py:205} WARNING - Dependency <Task(_PythonDecoratedOperator): log_sql_query>, print_the_context already registered for DAG: example_python_operator
[2023-02-19T20:19:51.254+0000] {processor.py:753} INFO - DAG(s) dict_keys(['example_python_operator']) retrieved from /home/airflow/.local/lib/python3.7/site-packages/airflow/example_dags/example_python_operator.py
[2023-02-19T20:19:51.290+0000] {logging_mixin.py:137} INFO - [2023-02-19T20:19:51.290+0000] {dag.py:2690} INFO - Sync 1 DAGs
[2023-02-19T20:19:51.322+0000] {logging_mixin.py:137} INFO - [2023-02-19T20:19:51.322+0000] {dag.py:3441} INFO - Setting next_dagrun for example_python_operator to None, run_after=None
[2023-02-19T20:19:51.348+0000] {processor.py:175} INFO - Processing /home/airflow/.local/lib/python3.7/site-packages/airflow/example_dags/example_python_operator.py took 0.149 seconds
[2023-02-19T20:20:21.863+0000] {processor.py:153} INFO - Started process (PID=1360) to work on /home/airflow/.local/lib/python3.7/site-packages/airflow/example_dags/example_python_operator.py
[2023-02-19T20:20:21.866+0000] {processor.py:743} INFO - Processing file /home/airflow/.local/lib/python3.7/site-packages/airflow/example_dags/example_python_operator.py for tasks to queue
[2023-02-19T20:20:21.870+0000] {logging_mixin.py:137} INFO - [2023-02-19T20:20:21.869+0000] {dagbag.py:538} INFO - Filling up the DagBag from /home/airflow/.local/lib/python3.7/site-packages/airflow/example_dags/example_python_operator.py
[2023-02-19T20:20:21.908+0000] {logging_mixin.py:137} INFO - [2023-02-19T20:20:21.908+0000] {taskmixin.py:205} WARNING - Dependency <Task(_PythonDecoratedOperator): print_the_context>, log_sql_query already registered for DAG: example_python_operator
[2023-02-19T20:20:21.910+0000] {logging_mixin.py:137} INFO - [2023-02-19T20:20:21.909+0000] {taskmixin.py:205} WARNING - Dependency <Task(_PythonDecoratedOperator): log_sql_query>, print_the_context already registered for DAG: example_python_operator
[2023-02-19T20:20:21.912+0000] {logging_mixin.py:137} INFO - [2023-02-19T20:20:21.912+0000] {taskmixin.py:205} WARNING - Dependency <Task(_PythonDecoratedOperator): print_the_context>, log_sql_query already registered for DAG: example_python_operator
[2023-02-19T20:20:21.914+0000] {logging_mixin.py:137} INFO - [2023-02-19T20:20:21.914+0000] {taskmixin.py:205} WARNING - Dependency <Task(_PythonDecoratedOperator): log_sql_query>, print_the_context already registered for DAG: example_python_operator
[2023-02-19T20:20:21.916+0000] {logging_mixin.py:137} INFO - [2023-02-19T20:20:21.916+0000] {taskmixin.py:205} WARNING - Dependency <Task(_PythonDecoratedOperator): print_the_context>, log_sql_query already registered for DAG: example_python_operator
[2023-02-19T20:20:21.917+0000] {logging_mixin.py:137} INFO - [2023-02-19T20:20:21.917+0000] {taskmixin.py:205} WARNING - Dependency <Task(_PythonDecoratedOperator): log_sql_query>, print_the_context already registered for DAG: example_python_operator
[2023-02-19T20:20:21.920+0000] {logging_mixin.py:137} INFO - [2023-02-19T20:20:21.920+0000] {taskmixin.py:205} WARNING - Dependency <Task(_PythonDecoratedOperator): print_the_context>, log_sql_query already registered for DAG: example_python_operator
[2023-02-19T20:20:21.923+0000] {logging_mixin.py:137} INFO - [2023-02-19T20:20:21.923+0000] {taskmixin.py:205} WARNING - Dependency <Task(_PythonDecoratedOperator): log_sql_query>, print_the_context already registered for DAG: example_python_operator
[2023-02-19T20:20:21.934+0000] {processor.py:753} INFO - DAG(s) dict_keys(['example_python_operator']) retrieved from /home/airflow/.local/lib/python3.7/site-packages/airflow/example_dags/example_python_operator.py
[2023-02-19T20:20:21.969+0000] {logging_mixin.py:137} INFO - [2023-02-19T20:20:21.969+0000] {dag.py:2690} INFO - Sync 1 DAGs
[2023-02-19T20:20:22.004+0000] {logging_mixin.py:137} INFO - [2023-02-19T20:20:22.004+0000] {dag.py:3441} INFO - Setting next_dagrun for example_python_operator to None, run_after=None
[2023-02-19T20:20:22.030+0000] {processor.py:175} INFO - Processing /home/airflow/.local/lib/python3.7/site-packages/airflow/example_dags/example_python_operator.py took 0.172 seconds
[2023-02-19T20:20:52.496+0000] {processor.py:153} INFO - Started process (PID=1424) to work on /home/airflow/.local/lib/python3.7/site-packages/airflow/example_dags/example_python_operator.py
[2023-02-19T20:20:52.499+0000] {processor.py:743} INFO - Processing file /home/airflow/.local/lib/python3.7/site-packages/airflow/example_dags/example_python_operator.py for tasks to queue
[2023-02-19T20:20:52.502+0000] {logging_mixin.py:137} INFO - [2023-02-19T20:20:52.502+0000] {dagbag.py:538} INFO - Filling up the DagBag from /home/airflow/.local/lib/python3.7/site-packages/airflow/example_dags/example_python_operator.py
[2023-02-19T20:20:52.526+0000] {logging_mixin.py:137} INFO - [2023-02-19T20:20:52.526+0000] {taskmixin.py:205} WARNING - Dependency <Task(_PythonDecoratedOperator): print_the_context>, log_sql_query already registered for DAG: example_python_operator
[2023-02-19T20:20:52.528+0000] {logging_mixin.py:137} INFO - [2023-02-19T20:20:52.527+0000] {taskmixin.py:205} WARNING - Dependency <Task(_PythonDecoratedOperator): log_sql_query>, print_the_context already registered for DAG: example_python_operator
[2023-02-19T20:20:52.531+0000] {logging_mixin.py:137} INFO - [2023-02-19T20:20:52.531+0000] {taskmixin.py:205} WARNING - Dependency <Task(_PythonDecoratedOperator): print_the_context>, log_sql_query already registered for DAG: example_python_operator
[2023-02-19T20:20:52.532+0000] {logging_mixin.py:137} INFO - [2023-02-19T20:20:52.532+0000] {taskmixin.py:205} WARNING - Dependency <Task(_PythonDecoratedOperator): log_sql_query>, print_the_context already registered for DAG: example_python_operator
[2023-02-19T20:20:52.535+0000] {logging_mixin.py:137} INFO - [2023-02-19T20:20:52.534+0000] {taskmixin.py:205} WARNING - Dependency <Task(_PythonDecoratedOperator): print_the_context>, log_sql_query already registered for DAG: example_python_operator
[2023-02-19T20:20:52.536+0000] {logging_mixin.py:137} INFO - [2023-02-19T20:20:52.536+0000] {taskmixin.py:205} WARNING - Dependency <Task(_PythonDecoratedOperator): log_sql_query>, print_the_context already registered for DAG: example_python_operator
[2023-02-19T20:20:52.539+0000] {logging_mixin.py:137} INFO - [2023-02-19T20:20:52.538+0000] {taskmixin.py:205} WARNING - Dependency <Task(_PythonDecoratedOperator): print_the_context>, log_sql_query already registered for DAG: example_python_operator
[2023-02-19T20:20:52.540+0000] {logging_mixin.py:137} INFO - [2023-02-19T20:20:52.540+0000] {taskmixin.py:205} WARNING - Dependency <Task(_PythonDecoratedOperator): log_sql_query>, print_the_context already registered for DAG: example_python_operator
[2023-02-19T20:20:52.551+0000] {processor.py:753} INFO - DAG(s) dict_keys(['example_python_operator']) retrieved from /home/airflow/.local/lib/python3.7/site-packages/airflow/example_dags/example_python_operator.py
[2023-02-19T20:20:52.587+0000] {logging_mixin.py:137} INFO - [2023-02-19T20:20:52.587+0000] {dag.py:2690} INFO - Sync 1 DAGs
[2023-02-19T20:20:52.619+0000] {logging_mixin.py:137} INFO - [2023-02-19T20:20:52.619+0000] {dag.py:3441} INFO - Setting next_dagrun for example_python_operator to None, run_after=None
[2023-02-19T20:20:52.645+0000] {processor.py:175} INFO - Processing /home/airflow/.local/lib/python3.7/site-packages/airflow/example_dags/example_python_operator.py took 0.153 seconds
[2023-02-19T20:21:22.900+0000] {processor.py:153} INFO - Started process (PID=1498) to work on /home/airflow/.local/lib/python3.7/site-packages/airflow/example_dags/example_python_operator.py
[2023-02-19T20:21:22.902+0000] {processor.py:743} INFO - Processing file /home/airflow/.local/lib/python3.7/site-packages/airflow/example_dags/example_python_operator.py for tasks to queue
[2023-02-19T20:21:22.905+0000] {logging_mixin.py:137} INFO - [2023-02-19T20:21:22.904+0000] {dagbag.py:538} INFO - Filling up the DagBag from /home/airflow/.local/lib/python3.7/site-packages/airflow/example_dags/example_python_operator.py
[2023-02-19T20:21:22.927+0000] {logging_mixin.py:137} INFO - [2023-02-19T20:21:22.927+0000] {taskmixin.py:205} WARNING - Dependency <Task(_PythonDecoratedOperator): print_the_context>, log_sql_query already registered for DAG: example_python_operator
[2023-02-19T20:21:22.929+0000] {logging_mixin.py:137} INFO - [2023-02-19T20:21:22.929+0000] {taskmixin.py:205} WARNING - Dependency <Task(_PythonDecoratedOperator): log_sql_query>, print_the_context already registered for DAG: example_python_operator
[2023-02-19T20:21:22.931+0000] {logging_mixin.py:137} INFO - [2023-02-19T20:21:22.931+0000] {taskmixin.py:205} WARNING - Dependency <Task(_PythonDecoratedOperator): print_the_context>, log_sql_query already registered for DAG: example_python_operator
[2023-02-19T20:21:22.932+0000] {logging_mixin.py:137} INFO - [2023-02-19T20:21:22.932+0000] {taskmixin.py:205} WARNING - Dependency <Task(_PythonDecoratedOperator): log_sql_query>, print_the_context already registered for DAG: example_python_operator
[2023-02-19T20:21:22.934+0000] {logging_mixin.py:137} INFO - [2023-02-19T20:21:22.934+0000] {taskmixin.py:205} WARNING - Dependency <Task(_PythonDecoratedOperator): print_the_context>, log_sql_query already registered for DAG: example_python_operator
[2023-02-19T20:21:22.936+0000] {logging_mixin.py:137} INFO - [2023-02-19T20:21:22.936+0000] {taskmixin.py:205} WARNING - Dependency <Task(_PythonDecoratedOperator): log_sql_query>, print_the_context already registered for DAG: example_python_operator
[2023-02-19T20:21:22.938+0000] {logging_mixin.py:137} INFO - [2023-02-19T20:21:22.938+0000] {taskmixin.py:205} WARNING - Dependency <Task(_PythonDecoratedOperator): print_the_context>, log_sql_query already registered for DAG: example_python_operator
[2023-02-19T20:21:22.939+0000] {logging_mixin.py:137} INFO - [2023-02-19T20:21:22.939+0000] {taskmixin.py:205} WARNING - Dependency <Task(_PythonDecoratedOperator): log_sql_query>, print_the_context already registered for DAG: example_python_operator
[2023-02-19T20:21:22.948+0000] {processor.py:753} INFO - DAG(s) dict_keys(['example_python_operator']) retrieved from /home/airflow/.local/lib/python3.7/site-packages/airflow/example_dags/example_python_operator.py
[2023-02-19T20:21:22.985+0000] {logging_mixin.py:137} INFO - [2023-02-19T20:21:22.985+0000] {dag.py:2690} INFO - Sync 1 DAGs
[2023-02-19T20:21:23.018+0000] {logging_mixin.py:137} INFO - [2023-02-19T20:21:23.017+0000] {dag.py:3441} INFO - Setting next_dagrun for example_python_operator to None, run_after=None
[2023-02-19T20:21:23.042+0000] {processor.py:175} INFO - Processing /home/airflow/.local/lib/python3.7/site-packages/airflow/example_dags/example_python_operator.py took 0.147 seconds
[2023-02-19T20:51:46.789+0000] {processor.py:153} INFO - Started process (PID=1559) to work on /home/airflow/.local/lib/python3.7/site-packages/airflow/example_dags/example_python_operator.py
[2023-02-19T20:51:46.792+0000] {processor.py:743} INFO - Processing file /home/airflow/.local/lib/python3.7/site-packages/airflow/example_dags/example_python_operator.py for tasks to queue
[2023-02-19T20:51:46.795+0000] {logging_mixin.py:137} INFO - [2023-02-19T20:51:46.795+0000] {dagbag.py:538} INFO - Filling up the DagBag from /home/airflow/.local/lib/python3.7/site-packages/airflow/example_dags/example_python_operator.py
[2023-02-19T20:51:46.822+0000] {logging_mixin.py:137} INFO - [2023-02-19T20:51:46.822+0000] {taskmixin.py:205} WARNING - Dependency <Task(_PythonDecoratedOperator): print_the_context>, log_sql_query already registered for DAG: example_python_operator
[2023-02-19T20:51:46.823+0000] {logging_mixin.py:137} INFO - [2023-02-19T20:51:46.823+0000] {taskmixin.py:205} WARNING - Dependency <Task(_PythonDecoratedOperator): log_sql_query>, print_the_context already registered for DAG: example_python_operator
[2023-02-19T20:51:46.826+0000] {logging_mixin.py:137} INFO - [2023-02-19T20:51:46.826+0000] {taskmixin.py:205} WARNING - Dependency <Task(_PythonDecoratedOperator): print_the_context>, log_sql_query already registered for DAG: example_python_operator
[2023-02-19T20:51:46.827+0000] {logging_mixin.py:137} INFO - [2023-02-19T20:51:46.827+0000] {taskmixin.py:205} WARNING - Dependency <Task(_PythonDecoratedOperator): log_sql_query>, print_the_context already registered for DAG: example_python_operator
[2023-02-19T20:51:46.829+0000] {logging_mixin.py:137} INFO - [2023-02-19T20:51:46.829+0000] {taskmixin.py:205} WARNING - Dependency <Task(_PythonDecoratedOperator): print_the_context>, log_sql_query already registered for DAG: example_python_operator
[2023-02-19T20:51:46.830+0000] {logging_mixin.py:137} INFO - [2023-02-19T20:51:46.830+0000] {taskmixin.py:205} WARNING - Dependency <Task(_PythonDecoratedOperator): log_sql_query>, print_the_context already registered for DAG: example_python_operator
[2023-02-19T20:51:46.832+0000] {logging_mixin.py:137} INFO - [2023-02-19T20:51:46.832+0000] {taskmixin.py:205} WARNING - Dependency <Task(_PythonDecoratedOperator): print_the_context>, log_sql_query already registered for DAG: example_python_operator
[2023-02-19T20:51:46.833+0000] {logging_mixin.py:137} INFO - [2023-02-19T20:51:46.833+0000] {taskmixin.py:205} WARNING - Dependency <Task(_PythonDecoratedOperator): log_sql_query>, print_the_context already registered for DAG: example_python_operator
[2023-02-19T20:51:46.843+0000] {processor.py:753} INFO - DAG(s) dict_keys(['example_python_operator']) retrieved from /home/airflow/.local/lib/python3.7/site-packages/airflow/example_dags/example_python_operator.py
[2023-02-19T20:51:46.882+0000] {logging_mixin.py:137} INFO - [2023-02-19T20:51:46.882+0000] {dag.py:2690} INFO - Sync 1 DAGs
[2023-02-19T20:51:46.917+0000] {logging_mixin.py:137} INFO - [2023-02-19T20:51:46.916+0000] {dag.py:3441} INFO - Setting next_dagrun for example_python_operator to None, run_after=None
[2023-02-19T20:51:46.943+0000] {processor.py:175} INFO - Processing /home/airflow/.local/lib/python3.7/site-packages/airflow/example_dags/example_python_operator.py took 0.159 seconds
[2023-02-19T21:09:24.488+0000] {processor.py:153} INFO - Started process (PID=1635) to work on /home/airflow/.local/lib/python3.7/site-packages/airflow/example_dags/example_python_operator.py
[2023-02-19T21:09:24.493+0000] {processor.py:743} INFO - Processing file /home/airflow/.local/lib/python3.7/site-packages/airflow/example_dags/example_python_operator.py for tasks to queue
[2023-02-19T21:09:24.495+0000] {logging_mixin.py:137} INFO - [2023-02-19T21:09:24.495+0000] {dagbag.py:538} INFO - Filling up the DagBag from /home/airflow/.local/lib/python3.7/site-packages/airflow/example_dags/example_python_operator.py
[2023-02-19T21:09:24.533+0000] {logging_mixin.py:137} INFO - [2023-02-19T21:09:24.533+0000] {taskmixin.py:205} WARNING - Dependency <Task(_PythonDecoratedOperator): print_the_context>, log_sql_query already registered for DAG: example_python_operator
[2023-02-19T21:09:24.535+0000] {logging_mixin.py:137} INFO - [2023-02-19T21:09:24.534+0000] {taskmixin.py:205} WARNING - Dependency <Task(_PythonDecoratedOperator): log_sql_query>, print_the_context already registered for DAG: example_python_operator
[2023-02-19T21:09:24.538+0000] {logging_mixin.py:137} INFO - [2023-02-19T21:09:24.538+0000] {taskmixin.py:205} WARNING - Dependency <Task(_PythonDecoratedOperator): print_the_context>, log_sql_query already registered for DAG: example_python_operator
[2023-02-19T21:09:24.541+0000] {logging_mixin.py:137} INFO - [2023-02-19T21:09:24.540+0000] {taskmixin.py:205} WARNING - Dependency <Task(_PythonDecoratedOperator): log_sql_query>, print_the_context already registered for DAG: example_python_operator
[2023-02-19T21:09:24.544+0000] {logging_mixin.py:137} INFO - [2023-02-19T21:09:24.543+0000] {taskmixin.py:205} WARNING - Dependency <Task(_PythonDecoratedOperator): print_the_context>, log_sql_query already registered for DAG: example_python_operator
[2023-02-19T21:09:24.546+0000] {logging_mixin.py:137} INFO - [2023-02-19T21:09:24.546+0000] {taskmixin.py:205} WARNING - Dependency <Task(_PythonDecoratedOperator): log_sql_query>, print_the_context already registered for DAG: example_python_operator
[2023-02-19T21:09:24.548+0000] {logging_mixin.py:137} INFO - [2023-02-19T21:09:24.548+0000] {taskmixin.py:205} WARNING - Dependency <Task(_PythonDecoratedOperator): print_the_context>, log_sql_query already registered for DAG: example_python_operator
[2023-02-19T21:09:24.550+0000] {logging_mixin.py:137} INFO - [2023-02-19T21:09:24.550+0000] {taskmixin.py:205} WARNING - Dependency <Task(_PythonDecoratedOperator): log_sql_query>, print_the_context already registered for DAG: example_python_operator
[2023-02-19T21:09:24.564+0000] {processor.py:753} INFO - DAG(s) dict_keys(['example_python_operator']) retrieved from /home/airflow/.local/lib/python3.7/site-packages/airflow/example_dags/example_python_operator.py
[2023-02-19T21:09:24.615+0000] {logging_mixin.py:137} INFO - [2023-02-19T21:09:24.615+0000] {dag.py:2690} INFO - Sync 1 DAGs
[2023-02-19T21:09:24.654+0000] {logging_mixin.py:137} INFO - [2023-02-19T21:09:24.653+0000] {dag.py:3441} INFO - Setting next_dagrun for example_python_operator to None, run_after=None
[2023-02-19T21:09:24.683+0000] {processor.py:175} INFO - Processing /home/airflow/.local/lib/python3.7/site-packages/airflow/example_dags/example_python_operator.py took 0.202 seconds
[2023-02-19T22:01:46.826+0000] {processor.py:153} INFO - Started process (PID=1709) to work on /home/airflow/.local/lib/python3.7/site-packages/airflow/example_dags/example_python_operator.py
[2023-02-19T22:01:46.838+0000] {processor.py:743} INFO - Processing file /home/airflow/.local/lib/python3.7/site-packages/airflow/example_dags/example_python_operator.py for tasks to queue
[2023-02-19T22:01:46.841+0000] {logging_mixin.py:137} INFO - [2023-02-19T22:01:46.841+0000] {dagbag.py:538} INFO - Filling up the DagBag from /home/airflow/.local/lib/python3.7/site-packages/airflow/example_dags/example_python_operator.py
[2023-02-19T22:01:46.947+0000] {logging_mixin.py:137} INFO - [2023-02-19T22:01:46.946+0000] {taskmixin.py:205} WARNING - Dependency <Task(_PythonDecoratedOperator): print_the_context>, log_sql_query already registered for DAG: example_python_operator
[2023-02-19T22:01:46.948+0000] {logging_mixin.py:137} INFO - [2023-02-19T22:01:46.948+0000] {taskmixin.py:205} WARNING - Dependency <Task(_PythonDecoratedOperator): log_sql_query>, print_the_context already registered for DAG: example_python_operator
[2023-02-19T22:01:46.951+0000] {logging_mixin.py:137} INFO - [2023-02-19T22:01:46.951+0000] {taskmixin.py:205} WARNING - Dependency <Task(_PythonDecoratedOperator): print_the_context>, log_sql_query already registered for DAG: example_python_operator
[2023-02-19T22:01:46.953+0000] {logging_mixin.py:137} INFO - [2023-02-19T22:01:46.953+0000] {taskmixin.py:205} WARNING - Dependency <Task(_PythonDecoratedOperator): log_sql_query>, print_the_context already registered for DAG: example_python_operator
[2023-02-19T22:01:46.957+0000] {logging_mixin.py:137} INFO - [2023-02-19T22:01:46.956+0000] {taskmixin.py:205} WARNING - Dependency <Task(_PythonDecoratedOperator): print_the_context>, log_sql_query already registered for DAG: example_python_operator
[2023-02-19T22:01:46.960+0000] {logging_mixin.py:137} INFO - [2023-02-19T22:01:46.959+0000] {taskmixin.py:205} WARNING - Dependency <Task(_PythonDecoratedOperator): log_sql_query>, print_the_context already registered for DAG: example_python_operator
[2023-02-19T22:01:46.963+0000] {logging_mixin.py:137} INFO - [2023-02-19T22:01:46.962+0000] {taskmixin.py:205} WARNING - Dependency <Task(_PythonDecoratedOperator): print_the_context>, log_sql_query already registered for DAG: example_python_operator
[2023-02-19T22:01:46.964+0000] {logging_mixin.py:137} INFO - [2023-02-19T22:01:46.964+0000] {taskmixin.py:205} WARNING - Dependency <Task(_PythonDecoratedOperator): log_sql_query>, print_the_context already registered for DAG: example_python_operator
[2023-02-19T22:01:46.992+0000] {processor.py:753} INFO - DAG(s) dict_keys(['example_python_operator']) retrieved from /home/airflow/.local/lib/python3.7/site-packages/airflow/example_dags/example_python_operator.py
[2023-02-19T22:01:47.230+0000] {logging_mixin.py:137} INFO - [2023-02-19T22:01:47.230+0000] {dag.py:2690} INFO - Sync 1 DAGs
[2023-02-19T22:01:47.344+0000] {logging_mixin.py:137} INFO - [2023-02-19T22:01:47.344+0000] {dag.py:3441} INFO - Setting next_dagrun for example_python_operator to None, run_after=None
[2023-02-19T22:01:47.559+0000] {processor.py:175} INFO - Processing /home/airflow/.local/lib/python3.7/site-packages/airflow/example_dags/example_python_operator.py took 0.739 seconds
[2023-02-19T22:02:18.355+0000] {processor.py:153} INFO - Started process (PID=1771) to work on /home/airflow/.local/lib/python3.7/site-packages/airflow/example_dags/example_python_operator.py
[2023-02-19T22:02:18.358+0000] {processor.py:743} INFO - Processing file /home/airflow/.local/lib/python3.7/site-packages/airflow/example_dags/example_python_operator.py for tasks to queue
[2023-02-19T22:02:18.360+0000] {logging_mixin.py:137} INFO - [2023-02-19T22:02:18.360+0000] {dagbag.py:538} INFO - Filling up the DagBag from /home/airflow/.local/lib/python3.7/site-packages/airflow/example_dags/example_python_operator.py
[2023-02-19T22:02:18.386+0000] {logging_mixin.py:137} INFO - [2023-02-19T22:02:18.386+0000] {taskmixin.py:205} WARNING - Dependency <Task(_PythonDecoratedOperator): print_the_context>, log_sql_query already registered for DAG: example_python_operator
[2023-02-19T22:02:18.388+0000] {logging_mixin.py:137} INFO - [2023-02-19T22:02:18.387+0000] {taskmixin.py:205} WARNING - Dependency <Task(_PythonDecoratedOperator): log_sql_query>, print_the_context already registered for DAG: example_python_operator
[2023-02-19T22:02:18.390+0000] {logging_mixin.py:137} INFO - [2023-02-19T22:02:18.390+0000] {taskmixin.py:205} WARNING - Dependency <Task(_PythonDecoratedOperator): print_the_context>, log_sql_query already registered for DAG: example_python_operator
[2023-02-19T22:02:18.392+0000] {logging_mixin.py:137} INFO - [2023-02-19T22:02:18.391+0000] {taskmixin.py:205} WARNING - Dependency <Task(_PythonDecoratedOperator): log_sql_query>, print_the_context already registered for DAG: example_python_operator
[2023-02-19T22:02:18.394+0000] {logging_mixin.py:137} INFO - [2023-02-19T22:02:18.394+0000] {taskmixin.py:205} WARNING - Dependency <Task(_PythonDecoratedOperator): print_the_context>, log_sql_query already registered for DAG: example_python_operator
[2023-02-19T22:02:18.395+0000] {logging_mixin.py:137} INFO - [2023-02-19T22:02:18.395+0000] {taskmixin.py:205} WARNING - Dependency <Task(_PythonDecoratedOperator): log_sql_query>, print_the_context already registered for DAG: example_python_operator
[2023-02-19T22:02:18.397+0000] {logging_mixin.py:137} INFO - [2023-02-19T22:02:18.397+0000] {taskmixin.py:205} WARNING - Dependency <Task(_PythonDecoratedOperator): print_the_context>, log_sql_query already registered for DAG: example_python_operator
[2023-02-19T22:02:18.399+0000] {logging_mixin.py:137} INFO - [2023-02-19T22:02:18.399+0000] {taskmixin.py:205} WARNING - Dependency <Task(_PythonDecoratedOperator): log_sql_query>, print_the_context already registered for DAG: example_python_operator
[2023-02-19T22:02:18.410+0000] {processor.py:753} INFO - DAG(s) dict_keys(['example_python_operator']) retrieved from /home/airflow/.local/lib/python3.7/site-packages/airflow/example_dags/example_python_operator.py
[2023-02-19T22:02:18.457+0000] {logging_mixin.py:137} INFO - [2023-02-19T22:02:18.457+0000] {dag.py:2690} INFO - Sync 1 DAGs
[2023-02-19T22:02:18.503+0000] {logging_mixin.py:137} INFO - [2023-02-19T22:02:18.503+0000] {dag.py:3441} INFO - Setting next_dagrun for example_python_operator to None, run_after=None
[2023-02-19T22:02:18.543+0000] {processor.py:175} INFO - Processing /home/airflow/.local/lib/python3.7/site-packages/airflow/example_dags/example_python_operator.py took 0.194 seconds
