[2023-02-19T20:10:41.849+0000] {processor.py:153} INFO - Started process (PID=70) to work on /home/airflow/.local/lib/python3.7/site-packages/airflow/example_dags/example_skip_dag.py
[2023-02-19T20:10:41.854+0000] {processor.py:743} INFO - Processing file /home/airflow/.local/lib/python3.7/site-packages/airflow/example_dags/example_skip_dag.py for tasks to queue
[2023-02-19T20:10:41.858+0000] {logging_mixin.py:137} INFO - [2023-02-19T20:10:41.858+0000] {dagbag.py:538} INFO - Filling up the DagBag from /home/airflow/.local/lib/python3.7/site-packages/airflow/example_dags/example_skip_dag.py
[2023-02-19T20:10:41.916+0000] {processor.py:753} INFO - DAG(s) dict_keys(['example_skip_dag']) retrieved from /home/airflow/.local/lib/python3.7/site-packages/airflow/example_dags/example_skip_dag.py
[2023-02-19T20:10:42.008+0000] {logging_mixin.py:137} INFO - [2023-02-19T20:10:42.008+0000] {dag.py:2690} INFO - Sync 1 DAGs
[2023-02-19T20:10:42.137+0000] {logging_mixin.py:137} INFO - [2023-02-19T20:10:42.136+0000] {dag.py:3441} INFO - Setting next_dagrun for example_skip_dag to 2023-02-18T20:10:42.136146+00:00, run_after=2023-02-19T20:10:42.136146+00:00
[2023-02-19T20:10:42.471+0000] {processor.py:175} INFO - Processing /home/airflow/.local/lib/python3.7/site-packages/airflow/example_dags/example_skip_dag.py took 0.632 seconds
[2023-02-19T20:11:13.462+0000] {processor.py:153} INFO - Started process (PID=133) to work on /home/airflow/.local/lib/python3.7/site-packages/airflow/example_dags/example_skip_dag.py
[2023-02-19T20:11:13.465+0000] {processor.py:743} INFO - Processing file /home/airflow/.local/lib/python3.7/site-packages/airflow/example_dags/example_skip_dag.py for tasks to queue
[2023-02-19T20:11:13.469+0000] {logging_mixin.py:137} INFO - [2023-02-19T20:11:13.469+0000] {dagbag.py:538} INFO - Filling up the DagBag from /home/airflow/.local/lib/python3.7/site-packages/airflow/example_dags/example_skip_dag.py
[2023-02-19T20:11:13.494+0000] {processor.py:753} INFO - DAG(s) dict_keys(['example_skip_dag']) retrieved from /home/airflow/.local/lib/python3.7/site-packages/airflow/example_dags/example_skip_dag.py
[2023-02-19T20:11:13.520+0000] {logging_mixin.py:137} INFO - [2023-02-19T20:11:13.520+0000] {dag.py:2690} INFO - Sync 1 DAGs
[2023-02-19T20:11:13.584+0000] {logging_mixin.py:137} INFO - [2023-02-19T20:11:13.584+0000] {dag.py:3441} INFO - Setting next_dagrun for example_skip_dag to 2023-02-18T20:11:13.583742+00:00, run_after=2023-02-19T20:11:13.583742+00:00
[2023-02-19T20:11:13.633+0000] {processor.py:175} INFO - Processing /home/airflow/.local/lib/python3.7/site-packages/airflow/example_dags/example_skip_dag.py took 0.191 seconds
[2023-02-19T20:11:43.734+0000] {processor.py:153} INFO - Started process (PID=207) to work on /home/airflow/.local/lib/python3.7/site-packages/airflow/example_dags/example_skip_dag.py
[2023-02-19T20:11:43.737+0000] {processor.py:743} INFO - Processing file /home/airflow/.local/lib/python3.7/site-packages/airflow/example_dags/example_skip_dag.py for tasks to queue
[2023-02-19T20:11:43.740+0000] {logging_mixin.py:137} INFO - [2023-02-19T20:11:43.740+0000] {dagbag.py:538} INFO - Filling up the DagBag from /home/airflow/.local/lib/python3.7/site-packages/airflow/example_dags/example_skip_dag.py
[2023-02-19T20:11:43.762+0000] {processor.py:753} INFO - DAG(s) dict_keys(['example_skip_dag']) retrieved from /home/airflow/.local/lib/python3.7/site-packages/airflow/example_dags/example_skip_dag.py
[2023-02-19T20:11:43.801+0000] {logging_mixin.py:137} INFO - [2023-02-19T20:11:43.801+0000] {dag.py:2690} INFO - Sync 1 DAGs
[2023-02-19T20:11:43.841+0000] {logging_mixin.py:137} INFO - [2023-02-19T20:11:43.841+0000] {dag.py:3441} INFO - Setting next_dagrun for example_skip_dag to 2023-02-18T20:11:43.840507+00:00, run_after=2023-02-19T20:11:43.840507+00:00
[2023-02-19T20:11:43.874+0000] {processor.py:175} INFO - Processing /home/airflow/.local/lib/python3.7/site-packages/airflow/example_dags/example_skip_dag.py took 0.145 seconds
[2023-02-19T20:12:14.535+0000] {processor.py:153} INFO - Started process (PID=272) to work on /home/airflow/.local/lib/python3.7/site-packages/airflow/example_dags/example_skip_dag.py
[2023-02-19T20:12:14.539+0000] {processor.py:743} INFO - Processing file /home/airflow/.local/lib/python3.7/site-packages/airflow/example_dags/example_skip_dag.py for tasks to queue
[2023-02-19T20:12:14.541+0000] {logging_mixin.py:137} INFO - [2023-02-19T20:12:14.541+0000] {dagbag.py:538} INFO - Filling up the DagBag from /home/airflow/.local/lib/python3.7/site-packages/airflow/example_dags/example_skip_dag.py
[2023-02-19T20:12:14.559+0000] {processor.py:753} INFO - DAG(s) dict_keys(['example_skip_dag']) retrieved from /home/airflow/.local/lib/python3.7/site-packages/airflow/example_dags/example_skip_dag.py
[2023-02-19T20:12:14.594+0000] {logging_mixin.py:137} INFO - [2023-02-19T20:12:14.594+0000] {dag.py:2690} INFO - Sync 1 DAGs
[2023-02-19T20:12:14.627+0000] {logging_mixin.py:137} INFO - [2023-02-19T20:12:14.627+0000] {dag.py:3441} INFO - Setting next_dagrun for example_skip_dag to 2023-02-18T20:12:14.627212+00:00, run_after=2023-02-19T20:12:14.627212+00:00
[2023-02-19T20:12:14.655+0000] {processor.py:175} INFO - Processing /home/airflow/.local/lib/python3.7/site-packages/airflow/example_dags/example_skip_dag.py took 0.125 seconds
[2023-02-19T20:12:44.942+0000] {processor.py:153} INFO - Started process (PID=344) to work on /home/airflow/.local/lib/python3.7/site-packages/airflow/example_dags/example_skip_dag.py
[2023-02-19T20:12:44.946+0000] {processor.py:743} INFO - Processing file /home/airflow/.local/lib/python3.7/site-packages/airflow/example_dags/example_skip_dag.py for tasks to queue
[2023-02-19T20:12:44.948+0000] {logging_mixin.py:137} INFO - [2023-02-19T20:12:44.947+0000] {dagbag.py:538} INFO - Filling up the DagBag from /home/airflow/.local/lib/python3.7/site-packages/airflow/example_dags/example_skip_dag.py
[2023-02-19T20:12:44.968+0000] {processor.py:753} INFO - DAG(s) dict_keys(['example_skip_dag']) retrieved from /home/airflow/.local/lib/python3.7/site-packages/airflow/example_dags/example_skip_dag.py
[2023-02-19T20:12:45.005+0000] {logging_mixin.py:137} INFO - [2023-02-19T20:12:45.005+0000] {dag.py:2690} INFO - Sync 1 DAGs
[2023-02-19T20:12:45.039+0000] {logging_mixin.py:137} INFO - [2023-02-19T20:12:45.039+0000] {dag.py:3441} INFO - Setting next_dagrun for example_skip_dag to 2023-02-18T20:12:45.038898+00:00, run_after=2023-02-19T20:12:45.038898+00:00
[2023-02-19T20:12:45.065+0000] {processor.py:175} INFO - Processing /home/airflow/.local/lib/python3.7/site-packages/airflow/example_dags/example_skip_dag.py took 0.128 seconds
[2023-02-19T20:13:15.521+0000] {processor.py:153} INFO - Started process (PID=410) to work on /home/airflow/.local/lib/python3.7/site-packages/airflow/example_dags/example_skip_dag.py
[2023-02-19T20:13:15.523+0000] {processor.py:743} INFO - Processing file /home/airflow/.local/lib/python3.7/site-packages/airflow/example_dags/example_skip_dag.py for tasks to queue
[2023-02-19T20:13:15.525+0000] {logging_mixin.py:137} INFO - [2023-02-19T20:13:15.525+0000] {dagbag.py:538} INFO - Filling up the DagBag from /home/airflow/.local/lib/python3.7/site-packages/airflow/example_dags/example_skip_dag.py
[2023-02-19T20:13:15.544+0000] {processor.py:753} INFO - DAG(s) dict_keys(['example_skip_dag']) retrieved from /home/airflow/.local/lib/python3.7/site-packages/airflow/example_dags/example_skip_dag.py
[2023-02-19T20:13:15.583+0000] {logging_mixin.py:137} INFO - [2023-02-19T20:13:15.583+0000] {dag.py:2690} INFO - Sync 1 DAGs
[2023-02-19T20:13:15.616+0000] {logging_mixin.py:137} INFO - [2023-02-19T20:13:15.616+0000] {dag.py:3441} INFO - Setting next_dagrun for example_skip_dag to 2023-02-18T20:13:15.616152+00:00, run_after=2023-02-19T20:13:15.616152+00:00
[2023-02-19T20:13:15.643+0000] {processor.py:175} INFO - Processing /home/airflow/.local/lib/python3.7/site-packages/airflow/example_dags/example_skip_dag.py took 0.127 seconds
[2023-02-19T20:13:45.908+0000] {processor.py:153} INFO - Started process (PID=473) to work on /home/airflow/.local/lib/python3.7/site-packages/airflow/example_dags/example_skip_dag.py
[2023-02-19T20:13:45.925+0000] {processor.py:743} INFO - Processing file /home/airflow/.local/lib/python3.7/site-packages/airflow/example_dags/example_skip_dag.py for tasks to queue
[2023-02-19T20:13:45.927+0000] {logging_mixin.py:137} INFO - [2023-02-19T20:13:45.927+0000] {dagbag.py:538} INFO - Filling up the DagBag from /home/airflow/.local/lib/python3.7/site-packages/airflow/example_dags/example_skip_dag.py
[2023-02-19T20:13:45.983+0000] {processor.py:753} INFO - DAG(s) dict_keys(['example_skip_dag']) retrieved from /home/airflow/.local/lib/python3.7/site-packages/airflow/example_dags/example_skip_dag.py
[2023-02-19T20:13:46.073+0000] {logging_mixin.py:137} INFO - [2023-02-19T20:13:46.072+0000] {dag.py:2690} INFO - Sync 1 DAGs
[2023-02-19T20:13:46.148+0000] {logging_mixin.py:137} INFO - [2023-02-19T20:13:46.148+0000] {dag.py:3441} INFO - Setting next_dagrun for example_skip_dag to 2023-02-18T20:13:46.147101+00:00, run_after=2023-02-19T20:13:46.147101+00:00
[2023-02-19T20:13:46.205+0000] {processor.py:175} INFO - Processing /home/airflow/.local/lib/python3.7/site-packages/airflow/example_dags/example_skip_dag.py took 0.301 seconds
[2023-02-19T20:14:16.255+0000] {processor.py:153} INFO - Started process (PID=547) to work on /home/airflow/.local/lib/python3.7/site-packages/airflow/example_dags/example_skip_dag.py
[2023-02-19T20:14:16.258+0000] {processor.py:743} INFO - Processing file /home/airflow/.local/lib/python3.7/site-packages/airflow/example_dags/example_skip_dag.py for tasks to queue
[2023-02-19T20:14:16.260+0000] {logging_mixin.py:137} INFO - [2023-02-19T20:14:16.260+0000] {dagbag.py:538} INFO - Filling up the DagBag from /home/airflow/.local/lib/python3.7/site-packages/airflow/example_dags/example_skip_dag.py
[2023-02-19T20:14:16.278+0000] {processor.py:753} INFO - DAG(s) dict_keys(['example_skip_dag']) retrieved from /home/airflow/.local/lib/python3.7/site-packages/airflow/example_dags/example_skip_dag.py
[2023-02-19T20:14:16.313+0000] {logging_mixin.py:137} INFO - [2023-02-19T20:14:16.313+0000] {dag.py:2690} INFO - Sync 1 DAGs
[2023-02-19T20:14:16.347+0000] {logging_mixin.py:137} INFO - [2023-02-19T20:14:16.347+0000] {dag.py:3441} INFO - Setting next_dagrun for example_skip_dag to 2023-02-18T20:14:16.347247+00:00, run_after=2023-02-19T20:14:16.347247+00:00
[2023-02-19T20:14:16.373+0000] {processor.py:175} INFO - Processing /home/airflow/.local/lib/python3.7/site-packages/airflow/example_dags/example_skip_dag.py took 0.122 seconds
[2023-02-19T20:14:46.955+0000] {processor.py:153} INFO - Started process (PID=611) to work on /home/airflow/.local/lib/python3.7/site-packages/airflow/example_dags/example_skip_dag.py
[2023-02-19T20:14:46.958+0000] {processor.py:743} INFO - Processing file /home/airflow/.local/lib/python3.7/site-packages/airflow/example_dags/example_skip_dag.py for tasks to queue
[2023-02-19T20:14:46.961+0000] {logging_mixin.py:137} INFO - [2023-02-19T20:14:46.960+0000] {dagbag.py:538} INFO - Filling up the DagBag from /home/airflow/.local/lib/python3.7/site-packages/airflow/example_dags/example_skip_dag.py
[2023-02-19T20:14:46.980+0000] {processor.py:753} INFO - DAG(s) dict_keys(['example_skip_dag']) retrieved from /home/airflow/.local/lib/python3.7/site-packages/airflow/example_dags/example_skip_dag.py
[2023-02-19T20:14:47.015+0000] {logging_mixin.py:137} INFO - [2023-02-19T20:14:47.015+0000] {dag.py:2690} INFO - Sync 1 DAGs
[2023-02-19T20:14:47.061+0000] {logging_mixin.py:137} INFO - [2023-02-19T20:14:47.060+0000] {dag.py:3441} INFO - Setting next_dagrun for example_skip_dag to 2023-02-18T20:14:47.060612+00:00, run_after=2023-02-19T20:14:47.060612+00:00
[2023-02-19T20:14:47.104+0000] {processor.py:175} INFO - Processing /home/airflow/.local/lib/python3.7/site-packages/airflow/example_dags/example_skip_dag.py took 0.154 seconds
[2023-02-19T20:15:17.810+0000] {processor.py:153} INFO - Started process (PID=684) to work on /home/airflow/.local/lib/python3.7/site-packages/airflow/example_dags/example_skip_dag.py
[2023-02-19T20:15:17.813+0000] {processor.py:743} INFO - Processing file /home/airflow/.local/lib/python3.7/site-packages/airflow/example_dags/example_skip_dag.py for tasks to queue
[2023-02-19T20:15:17.816+0000] {logging_mixin.py:137} INFO - [2023-02-19T20:15:17.815+0000] {dagbag.py:538} INFO - Filling up the DagBag from /home/airflow/.local/lib/python3.7/site-packages/airflow/example_dags/example_skip_dag.py
[2023-02-19T20:15:17.835+0000] {processor.py:753} INFO - DAG(s) dict_keys(['example_skip_dag']) retrieved from /home/airflow/.local/lib/python3.7/site-packages/airflow/example_dags/example_skip_dag.py
[2023-02-19T20:15:17.868+0000] {logging_mixin.py:137} INFO - [2023-02-19T20:15:17.868+0000] {dag.py:2690} INFO - Sync 1 DAGs
[2023-02-19T20:15:17.901+0000] {logging_mixin.py:137} INFO - [2023-02-19T20:15:17.901+0000] {dag.py:3441} INFO - Setting next_dagrun for example_skip_dag to 2023-02-18T20:15:17.901185+00:00, run_after=2023-02-19T20:15:17.901185+00:00
[2023-02-19T20:15:17.928+0000] {processor.py:175} INFO - Processing /home/airflow/.local/lib/python3.7/site-packages/airflow/example_dags/example_skip_dag.py took 0.122 seconds
[2023-02-19T20:15:48.419+0000] {processor.py:153} INFO - Started process (PID=750) to work on /home/airflow/.local/lib/python3.7/site-packages/airflow/example_dags/example_skip_dag.py
[2023-02-19T20:15:48.421+0000] {processor.py:743} INFO - Processing file /home/airflow/.local/lib/python3.7/site-packages/airflow/example_dags/example_skip_dag.py for tasks to queue
[2023-02-19T20:15:48.424+0000] {logging_mixin.py:137} INFO - [2023-02-19T20:15:48.424+0000] {dagbag.py:538} INFO - Filling up the DagBag from /home/airflow/.local/lib/python3.7/site-packages/airflow/example_dags/example_skip_dag.py
[2023-02-19T20:15:48.452+0000] {processor.py:753} INFO - DAG(s) dict_keys(['example_skip_dag']) retrieved from /home/airflow/.local/lib/python3.7/site-packages/airflow/example_dags/example_skip_dag.py
[2023-02-19T20:15:48.496+0000] {logging_mixin.py:137} INFO - [2023-02-19T20:15:48.496+0000] {dag.py:2690} INFO - Sync 1 DAGs
[2023-02-19T20:15:48.539+0000] {logging_mixin.py:137} INFO - [2023-02-19T20:15:48.539+0000] {dag.py:3441} INFO - Setting next_dagrun for example_skip_dag to 2023-02-18T20:15:48.539442+00:00, run_after=2023-02-19T20:15:48.539442+00:00
[2023-02-19T20:15:48.570+0000] {processor.py:175} INFO - Processing /home/airflow/.local/lib/python3.7/site-packages/airflow/example_dags/example_skip_dag.py took 0.156 seconds
[2023-02-19T20:16:19.103+0000] {processor.py:153} INFO - Started process (PID=814) to work on /home/airflow/.local/lib/python3.7/site-packages/airflow/example_dags/example_skip_dag.py
[2023-02-19T20:16:19.107+0000] {processor.py:743} INFO - Processing file /home/airflow/.local/lib/python3.7/site-packages/airflow/example_dags/example_skip_dag.py for tasks to queue
[2023-02-19T20:16:19.111+0000] {logging_mixin.py:137} INFO - [2023-02-19T20:16:19.110+0000] {dagbag.py:538} INFO - Filling up the DagBag from /home/airflow/.local/lib/python3.7/site-packages/airflow/example_dags/example_skip_dag.py
[2023-02-19T20:16:19.133+0000] {processor.py:753} INFO - DAG(s) dict_keys(['example_skip_dag']) retrieved from /home/airflow/.local/lib/python3.7/site-packages/airflow/example_dags/example_skip_dag.py
[2023-02-19T20:16:19.174+0000] {logging_mixin.py:137} INFO - [2023-02-19T20:16:19.173+0000] {dag.py:2690} INFO - Sync 1 DAGs
[2023-02-19T20:16:19.212+0000] {logging_mixin.py:137} INFO - [2023-02-19T20:16:19.212+0000] {dag.py:3441} INFO - Setting next_dagrun for example_skip_dag to 2023-02-18T20:16:19.212235+00:00, run_after=2023-02-19T20:16:19.212235+00:00
[2023-02-19T20:16:19.245+0000] {processor.py:175} INFO - Processing /home/airflow/.local/lib/python3.7/site-packages/airflow/example_dags/example_skip_dag.py took 0.150 seconds
[2023-02-19T20:16:49.772+0000] {processor.py:153} INFO - Started process (PID=889) to work on /home/airflow/.local/lib/python3.7/site-packages/airflow/example_dags/example_skip_dag.py
[2023-02-19T20:16:49.779+0000] {processor.py:743} INFO - Processing file /home/airflow/.local/lib/python3.7/site-packages/airflow/example_dags/example_skip_dag.py for tasks to queue
[2023-02-19T20:16:49.783+0000] {logging_mixin.py:137} INFO - [2023-02-19T20:16:49.782+0000] {dagbag.py:538} INFO - Filling up the DagBag from /home/airflow/.local/lib/python3.7/site-packages/airflow/example_dags/example_skip_dag.py
[2023-02-19T20:16:49.823+0000] {processor.py:753} INFO - DAG(s) dict_keys(['example_skip_dag']) retrieved from /home/airflow/.local/lib/python3.7/site-packages/airflow/example_dags/example_skip_dag.py
[2023-02-19T20:16:49.888+0000] {logging_mixin.py:137} INFO - [2023-02-19T20:16:49.887+0000] {dag.py:2690} INFO - Sync 1 DAGs
[2023-02-19T20:16:49.952+0000] {logging_mixin.py:137} INFO - [2023-02-19T20:16:49.951+0000] {dag.py:3441} INFO - Setting next_dagrun for example_skip_dag to 2023-02-18T20:16:49.951458+00:00, run_after=2023-02-19T20:16:49.951458+00:00
[2023-02-19T20:16:50.100+0000] {processor.py:175} INFO - Processing /home/airflow/.local/lib/python3.7/site-packages/airflow/example_dags/example_skip_dag.py took 0.335 seconds
[2023-02-19T20:17:20.497+0000] {processor.py:153} INFO - Started process (PID=952) to work on /home/airflow/.local/lib/python3.7/site-packages/airflow/example_dags/example_skip_dag.py
[2023-02-19T20:17:20.499+0000] {processor.py:743} INFO - Processing file /home/airflow/.local/lib/python3.7/site-packages/airflow/example_dags/example_skip_dag.py for tasks to queue
[2023-02-19T20:17:20.501+0000] {logging_mixin.py:137} INFO - [2023-02-19T20:17:20.501+0000] {dagbag.py:538} INFO - Filling up the DagBag from /home/airflow/.local/lib/python3.7/site-packages/airflow/example_dags/example_skip_dag.py
[2023-02-19T20:17:20.536+0000] {processor.py:753} INFO - DAG(s) dict_keys(['example_skip_dag']) retrieved from /home/airflow/.local/lib/python3.7/site-packages/airflow/example_dags/example_skip_dag.py
[2023-02-19T20:17:20.576+0000] {logging_mixin.py:137} INFO - [2023-02-19T20:17:20.576+0000] {dag.py:2690} INFO - Sync 1 DAGs
[2023-02-19T20:17:20.611+0000] {logging_mixin.py:137} INFO - [2023-02-19T20:17:20.611+0000] {dag.py:3441} INFO - Setting next_dagrun for example_skip_dag to 2023-02-18T20:17:20.611437+00:00, run_after=2023-02-19T20:17:20.611437+00:00
[2023-02-19T20:17:20.638+0000] {processor.py:175} INFO - Processing /home/airflow/.local/lib/python3.7/site-packages/airflow/example_dags/example_skip_dag.py took 0.146 seconds
[2023-02-19T20:17:51.208+0000] {processor.py:153} INFO - Started process (PID=1027) to work on /home/airflow/.local/lib/python3.7/site-packages/airflow/example_dags/example_skip_dag.py
[2023-02-19T20:17:51.210+0000] {processor.py:743} INFO - Processing file /home/airflow/.local/lib/python3.7/site-packages/airflow/example_dags/example_skip_dag.py for tasks to queue
[2023-02-19T20:17:51.213+0000] {logging_mixin.py:137} INFO - [2023-02-19T20:17:51.212+0000] {dagbag.py:538} INFO - Filling up the DagBag from /home/airflow/.local/lib/python3.7/site-packages/airflow/example_dags/example_skip_dag.py
[2023-02-19T20:17:51.234+0000] {processor.py:753} INFO - DAG(s) dict_keys(['example_skip_dag']) retrieved from /home/airflow/.local/lib/python3.7/site-packages/airflow/example_dags/example_skip_dag.py
[2023-02-19T20:17:51.272+0000] {logging_mixin.py:137} INFO - [2023-02-19T20:17:51.272+0000] {dag.py:2690} INFO - Sync 1 DAGs
[2023-02-19T20:17:51.310+0000] {logging_mixin.py:137} INFO - [2023-02-19T20:17:51.309+0000] {dag.py:3441} INFO - Setting next_dagrun for example_skip_dag to 2023-02-18T20:17:51.309534+00:00, run_after=2023-02-19T20:17:51.309534+00:00
[2023-02-19T20:17:51.339+0000] {processor.py:175} INFO - Processing /home/airflow/.local/lib/python3.7/site-packages/airflow/example_dags/example_skip_dag.py took 0.136 seconds
[2023-02-19T20:18:21.809+0000] {processor.py:153} INFO - Started process (PID=1091) to work on /home/airflow/.local/lib/python3.7/site-packages/airflow/example_dags/example_skip_dag.py
[2023-02-19T20:18:21.812+0000] {processor.py:743} INFO - Processing file /home/airflow/.local/lib/python3.7/site-packages/airflow/example_dags/example_skip_dag.py for tasks to queue
[2023-02-19T20:18:21.814+0000] {logging_mixin.py:137} INFO - [2023-02-19T20:18:21.814+0000] {dagbag.py:538} INFO - Filling up the DagBag from /home/airflow/.local/lib/python3.7/site-packages/airflow/example_dags/example_skip_dag.py
[2023-02-19T20:18:21.839+0000] {processor.py:753} INFO - DAG(s) dict_keys(['example_skip_dag']) retrieved from /home/airflow/.local/lib/python3.7/site-packages/airflow/example_dags/example_skip_dag.py
[2023-02-19T20:18:21.892+0000] {logging_mixin.py:137} INFO - [2023-02-19T20:18:21.892+0000] {dag.py:2690} INFO - Sync 1 DAGs
[2023-02-19T20:18:21.931+0000] {logging_mixin.py:137} INFO - [2023-02-19T20:18:21.931+0000] {dag.py:3441} INFO - Setting next_dagrun for example_skip_dag to 2023-02-18T20:18:21.931204+00:00, run_after=2023-02-19T20:18:21.931204+00:00
[2023-02-19T20:18:21.958+0000] {processor.py:175} INFO - Processing /home/airflow/.local/lib/python3.7/site-packages/airflow/example_dags/example_skip_dag.py took 0.156 seconds
[2023-02-19T20:18:52.584+0000] {processor.py:153} INFO - Started process (PID=1165) to work on /home/airflow/.local/lib/python3.7/site-packages/airflow/example_dags/example_skip_dag.py
[2023-02-19T20:18:52.587+0000] {processor.py:743} INFO - Processing file /home/airflow/.local/lib/python3.7/site-packages/airflow/example_dags/example_skip_dag.py for tasks to queue
[2023-02-19T20:18:52.590+0000] {logging_mixin.py:137} INFO - [2023-02-19T20:18:52.590+0000] {dagbag.py:538} INFO - Filling up the DagBag from /home/airflow/.local/lib/python3.7/site-packages/airflow/example_dags/example_skip_dag.py
[2023-02-19T20:18:52.611+0000] {processor.py:753} INFO - DAG(s) dict_keys(['example_skip_dag']) retrieved from /home/airflow/.local/lib/python3.7/site-packages/airflow/example_dags/example_skip_dag.py
[2023-02-19T20:18:52.649+0000] {logging_mixin.py:137} INFO - [2023-02-19T20:18:52.649+0000] {dag.py:2690} INFO - Sync 1 DAGs
[2023-02-19T20:18:52.680+0000] {logging_mixin.py:137} INFO - [2023-02-19T20:18:52.680+0000] {dag.py:3441} INFO - Setting next_dagrun for example_skip_dag to 2023-02-18T20:18:52.680443+00:00, run_after=2023-02-19T20:18:52.680443+00:00
[2023-02-19T20:18:52.705+0000] {processor.py:175} INFO - Processing /home/airflow/.local/lib/python3.7/site-packages/airflow/example_dags/example_skip_dag.py took 0.137 seconds
[2023-02-19T20:19:23.243+0000] {processor.py:153} INFO - Started process (PID=1228) to work on /home/airflow/.local/lib/python3.7/site-packages/airflow/example_dags/example_skip_dag.py
[2023-02-19T20:19:23.246+0000] {processor.py:743} INFO - Processing file /home/airflow/.local/lib/python3.7/site-packages/airflow/example_dags/example_skip_dag.py for tasks to queue
[2023-02-19T20:19:23.247+0000] {logging_mixin.py:137} INFO - [2023-02-19T20:19:23.247+0000] {dagbag.py:538} INFO - Filling up the DagBag from /home/airflow/.local/lib/python3.7/site-packages/airflow/example_dags/example_skip_dag.py
[2023-02-19T20:19:23.270+0000] {processor.py:753} INFO - DAG(s) dict_keys(['example_skip_dag']) retrieved from /home/airflow/.local/lib/python3.7/site-packages/airflow/example_dags/example_skip_dag.py
[2023-02-19T20:19:23.314+0000] {logging_mixin.py:137} INFO - [2023-02-19T20:19:23.313+0000] {dag.py:2690} INFO - Sync 1 DAGs
[2023-02-19T20:19:23.346+0000] {logging_mixin.py:137} INFO - [2023-02-19T20:19:23.346+0000] {dag.py:3441} INFO - Setting next_dagrun for example_skip_dag to 2023-02-18T20:19:23.345692+00:00, run_after=2023-02-19T20:19:23.345692+00:00
[2023-02-19T20:19:23.372+0000] {processor.py:175} INFO - Processing /home/airflow/.local/lib/python3.7/site-packages/airflow/example_dags/example_skip_dag.py took 0.135 seconds
[2023-02-19T20:19:53.833+0000] {processor.py:153} INFO - Started process (PID=1300) to work on /home/airflow/.local/lib/python3.7/site-packages/airflow/example_dags/example_skip_dag.py
[2023-02-19T20:19:53.840+0000] {processor.py:743} INFO - Processing file /home/airflow/.local/lib/python3.7/site-packages/airflow/example_dags/example_skip_dag.py for tasks to queue
[2023-02-19T20:19:53.846+0000] {logging_mixin.py:137} INFO - [2023-02-19T20:19:53.845+0000] {dagbag.py:538} INFO - Filling up the DagBag from /home/airflow/.local/lib/python3.7/site-packages/airflow/example_dags/example_skip_dag.py
[2023-02-19T20:19:53.895+0000] {processor.py:753} INFO - DAG(s) dict_keys(['example_skip_dag']) retrieved from /home/airflow/.local/lib/python3.7/site-packages/airflow/example_dags/example_skip_dag.py
[2023-02-19T20:19:53.967+0000] {logging_mixin.py:137} INFO - [2023-02-19T20:19:53.966+0000] {dag.py:2690} INFO - Sync 1 DAGs
[2023-02-19T20:19:54.037+0000] {logging_mixin.py:137} INFO - [2023-02-19T20:19:54.037+0000] {dag.py:3441} INFO - Setting next_dagrun for example_skip_dag to 2023-02-18T20:19:54.037110+00:00, run_after=2023-02-19T20:19:54.037110+00:00
[2023-02-19T20:19:54.074+0000] {processor.py:175} INFO - Processing /home/airflow/.local/lib/python3.7/site-packages/airflow/example_dags/example_skip_dag.py took 0.252 seconds
[2023-02-19T20:20:24.453+0000] {processor.py:153} INFO - Started process (PID=1367) to work on /home/airflow/.local/lib/python3.7/site-packages/airflow/example_dags/example_skip_dag.py
[2023-02-19T20:20:24.456+0000] {processor.py:743} INFO - Processing file /home/airflow/.local/lib/python3.7/site-packages/airflow/example_dags/example_skip_dag.py for tasks to queue
[2023-02-19T20:20:24.458+0000] {logging_mixin.py:137} INFO - [2023-02-19T20:20:24.457+0000] {dagbag.py:538} INFO - Filling up the DagBag from /home/airflow/.local/lib/python3.7/site-packages/airflow/example_dags/example_skip_dag.py
[2023-02-19T20:20:24.478+0000] {processor.py:753} INFO - DAG(s) dict_keys(['example_skip_dag']) retrieved from /home/airflow/.local/lib/python3.7/site-packages/airflow/example_dags/example_skip_dag.py
[2023-02-19T20:20:24.512+0000] {logging_mixin.py:137} INFO - [2023-02-19T20:20:24.511+0000] {dag.py:2690} INFO - Sync 1 DAGs
[2023-02-19T20:20:24.547+0000] {logging_mixin.py:137} INFO - [2023-02-19T20:20:24.546+0000] {dag.py:3441} INFO - Setting next_dagrun for example_skip_dag to 2023-02-18T20:20:24.546284+00:00, run_after=2023-02-19T20:20:24.546284+00:00
[2023-02-19T20:20:24.576+0000] {processor.py:175} INFO - Processing /home/airflow/.local/lib/python3.7/site-packages/airflow/example_dags/example_skip_dag.py took 0.128 seconds
[2023-02-19T20:20:54.962+0000] {processor.py:153} INFO - Started process (PID=1431) to work on /home/airflow/.local/lib/python3.7/site-packages/airflow/example_dags/example_skip_dag.py
[2023-02-19T20:20:54.964+0000] {processor.py:743} INFO - Processing file /home/airflow/.local/lib/python3.7/site-packages/airflow/example_dags/example_skip_dag.py for tasks to queue
[2023-02-19T20:20:54.966+0000] {logging_mixin.py:137} INFO - [2023-02-19T20:20:54.966+0000] {dagbag.py:538} INFO - Filling up the DagBag from /home/airflow/.local/lib/python3.7/site-packages/airflow/example_dags/example_skip_dag.py
[2023-02-19T20:20:54.984+0000] {processor.py:753} INFO - DAG(s) dict_keys(['example_skip_dag']) retrieved from /home/airflow/.local/lib/python3.7/site-packages/airflow/example_dags/example_skip_dag.py
[2023-02-19T20:20:55.018+0000] {logging_mixin.py:137} INFO - [2023-02-19T20:20:55.018+0000] {dag.py:2690} INFO - Sync 1 DAGs
[2023-02-19T20:20:55.051+0000] {logging_mixin.py:137} INFO - [2023-02-19T20:20:55.050+0000] {dag.py:3441} INFO - Setting next_dagrun for example_skip_dag to 2023-02-18T20:20:55.050390+00:00, run_after=2023-02-19T20:20:55.050390+00:00
[2023-02-19T20:20:55.079+0000] {processor.py:175} INFO - Processing /home/airflow/.local/lib/python3.7/site-packages/airflow/example_dags/example_skip_dag.py took 0.122 seconds
[2023-02-19T20:21:25.897+0000] {processor.py:153} INFO - Started process (PID=1505) to work on /home/airflow/.local/lib/python3.7/site-packages/airflow/example_dags/example_skip_dag.py
[2023-02-19T20:21:25.900+0000] {processor.py:743} INFO - Processing file /home/airflow/.local/lib/python3.7/site-packages/airflow/example_dags/example_skip_dag.py for tasks to queue
[2023-02-19T20:21:25.902+0000] {logging_mixin.py:137} INFO - [2023-02-19T20:21:25.901+0000] {dagbag.py:538} INFO - Filling up the DagBag from /home/airflow/.local/lib/python3.7/site-packages/airflow/example_dags/example_skip_dag.py
[2023-02-19T20:21:25.947+0000] {processor.py:753} INFO - DAG(s) dict_keys(['example_skip_dag']) retrieved from /home/airflow/.local/lib/python3.7/site-packages/airflow/example_dags/example_skip_dag.py
[2023-02-19T20:21:25.997+0000] {logging_mixin.py:137} INFO - [2023-02-19T20:21:25.997+0000] {dag.py:2690} INFO - Sync 1 DAGs
[2023-02-19T20:21:26.031+0000] {logging_mixin.py:137} INFO - [2023-02-19T20:21:26.031+0000] {dag.py:3441} INFO - Setting next_dagrun for example_skip_dag to 2023-02-18T20:21:26.031315+00:00, run_after=2023-02-19T20:21:26.031315+00:00
[2023-02-19T20:21:26.056+0000] {processor.py:175} INFO - Processing /home/airflow/.local/lib/python3.7/site-packages/airflow/example_dags/example_skip_dag.py took 0.164 seconds
[2023-02-19T20:51:47.423+0000] {processor.py:153} INFO - Started process (PID=1566) to work on /home/airflow/.local/lib/python3.7/site-packages/airflow/example_dags/example_skip_dag.py
[2023-02-19T20:51:47.426+0000] {processor.py:743} INFO - Processing file /home/airflow/.local/lib/python3.7/site-packages/airflow/example_dags/example_skip_dag.py for tasks to queue
[2023-02-19T20:51:47.428+0000] {logging_mixin.py:137} INFO - [2023-02-19T20:51:47.428+0000] {dagbag.py:538} INFO - Filling up the DagBag from /home/airflow/.local/lib/python3.7/site-packages/airflow/example_dags/example_skip_dag.py
[2023-02-19T20:51:47.447+0000] {processor.py:753} INFO - DAG(s) dict_keys(['example_skip_dag']) retrieved from /home/airflow/.local/lib/python3.7/site-packages/airflow/example_dags/example_skip_dag.py
[2023-02-19T20:51:47.480+0000] {logging_mixin.py:137} INFO - [2023-02-19T20:51:47.480+0000] {dag.py:2690} INFO - Sync 1 DAGs
[2023-02-19T20:51:47.514+0000] {logging_mixin.py:137} INFO - [2023-02-19T20:51:47.513+0000] {dag.py:3441} INFO - Setting next_dagrun for example_skip_dag to 2023-02-18T20:51:47.513448+00:00, run_after=2023-02-19T20:51:47.513448+00:00
[2023-02-19T20:51:47.539+0000] {processor.py:175} INFO - Processing /home/airflow/.local/lib/python3.7/site-packages/airflow/example_dags/example_skip_dag.py took 0.120 seconds
[2023-02-19T21:09:25.331+0000] {processor.py:153} INFO - Started process (PID=1642) to work on /home/airflow/.local/lib/python3.7/site-packages/airflow/example_dags/example_skip_dag.py
[2023-02-19T21:09:25.334+0000] {processor.py:743} INFO - Processing file /home/airflow/.local/lib/python3.7/site-packages/airflow/example_dags/example_skip_dag.py for tasks to queue
[2023-02-19T21:09:25.337+0000] {logging_mixin.py:137} INFO - [2023-02-19T21:09:25.337+0000] {dagbag.py:538} INFO - Filling up the DagBag from /home/airflow/.local/lib/python3.7/site-packages/airflow/example_dags/example_skip_dag.py
[2023-02-19T21:09:25.362+0000] {processor.py:753} INFO - DAG(s) dict_keys(['example_skip_dag']) retrieved from /home/airflow/.local/lib/python3.7/site-packages/airflow/example_dags/example_skip_dag.py
[2023-02-19T21:09:25.408+0000] {logging_mixin.py:137} INFO - [2023-02-19T21:09:25.408+0000] {dag.py:2690} INFO - Sync 1 DAGs
[2023-02-19T21:09:25.442+0000] {logging_mixin.py:137} INFO - [2023-02-19T21:09:25.442+0000] {dag.py:3441} INFO - Setting next_dagrun for example_skip_dag to 2023-02-18T21:09:25.442342+00:00, run_after=2023-02-19T21:09:25.442342+00:00
[2023-02-19T21:09:25.470+0000] {processor.py:175} INFO - Processing /home/airflow/.local/lib/python3.7/site-packages/airflow/example_dags/example_skip_dag.py took 0.144 seconds
[2023-02-19T22:01:48.117+0000] {processor.py:153} INFO - Started process (PID=1716) to work on /home/airflow/.local/lib/python3.7/site-packages/airflow/example_dags/example_skip_dag.py
[2023-02-19T22:01:48.120+0000] {processor.py:743} INFO - Processing file /home/airflow/.local/lib/python3.7/site-packages/airflow/example_dags/example_skip_dag.py for tasks to queue
[2023-02-19T22:01:48.123+0000] {logging_mixin.py:137} INFO - [2023-02-19T22:01:48.122+0000] {dagbag.py:538} INFO - Filling up the DagBag from /home/airflow/.local/lib/python3.7/site-packages/airflow/example_dags/example_skip_dag.py
[2023-02-19T22:01:48.149+0000] {processor.py:753} INFO - DAG(s) dict_keys(['example_skip_dag']) retrieved from /home/airflow/.local/lib/python3.7/site-packages/airflow/example_dags/example_skip_dag.py
[2023-02-19T22:01:48.203+0000] {logging_mixin.py:137} INFO - [2023-02-19T22:01:48.203+0000] {dag.py:2690} INFO - Sync 1 DAGs
[2023-02-19T22:01:48.245+0000] {logging_mixin.py:137} INFO - [2023-02-19T22:01:48.245+0000] {dag.py:3441} INFO - Setting next_dagrun for example_skip_dag to 2023-02-18T22:01:48.244738+00:00, run_after=2023-02-19T22:01:48.244738+00:00
[2023-02-19T22:01:48.288+0000] {processor.py:175} INFO - Processing /home/airflow/.local/lib/python3.7/site-packages/airflow/example_dags/example_skip_dag.py took 0.176 seconds
[2023-02-19T22:02:19.035+0000] {processor.py:153} INFO - Started process (PID=1778) to work on /home/airflow/.local/lib/python3.7/site-packages/airflow/example_dags/example_skip_dag.py
[2023-02-19T22:02:19.038+0000] {processor.py:743} INFO - Processing file /home/airflow/.local/lib/python3.7/site-packages/airflow/example_dags/example_skip_dag.py for tasks to queue
[2023-02-19T22:02:19.040+0000] {logging_mixin.py:137} INFO - [2023-02-19T22:02:19.040+0000] {dagbag.py:538} INFO - Filling up the DagBag from /home/airflow/.local/lib/python3.7/site-packages/airflow/example_dags/example_skip_dag.py
[2023-02-19T22:02:19.060+0000] {processor.py:753} INFO - DAG(s) dict_keys(['example_skip_dag']) retrieved from /home/airflow/.local/lib/python3.7/site-packages/airflow/example_dags/example_skip_dag.py
[2023-02-19T22:02:19.092+0000] {logging_mixin.py:137} INFO - [2023-02-19T22:02:19.092+0000] {dag.py:2690} INFO - Sync 1 DAGs
[2023-02-19T22:02:19.123+0000] {logging_mixin.py:137} INFO - [2023-02-19T22:02:19.123+0000] {dag.py:3441} INFO - Setting next_dagrun for example_skip_dag to 2023-02-18T22:02:19.122808+00:00, run_after=2023-02-19T22:02:19.122808+00:00
[2023-02-19T22:02:19.149+0000] {processor.py:175} INFO - Processing /home/airflow/.local/lib/python3.7/site-packages/airflow/example_dags/example_skip_dag.py took 0.119 seconds
