[2023-02-19T20:10:44.797+0000] {processor.py:153} INFO - Started process (PID=87) to work on /home/airflow/.local/lib/python3.7/site-packages/airflow/example_dags/example_short_circuit_operator.py
[2023-02-19T20:10:44.819+0000] {processor.py:743} INFO - Processing file /home/airflow/.local/lib/python3.7/site-packages/airflow/example_dags/example_short_circuit_operator.py for tasks to queue
[2023-02-19T20:10:44.834+0000] {logging_mixin.py:137} INFO - [2023-02-19T20:10:44.832+0000] {dagbag.py:538} INFO - Filling up the DagBag from /home/airflow/.local/lib/python3.7/site-packages/airflow/example_dags/example_short_circuit_operator.py
[2023-02-19T20:10:44.994+0000] {processor.py:753} INFO - DAG(s) dict_keys(['example_short_circuit_operator']) retrieved from /home/airflow/.local/lib/python3.7/site-packages/airflow/example_dags/example_short_circuit_operator.py
[2023-02-19T20:10:45.199+0000] {logging_mixin.py:137} INFO - [2023-02-19T20:10:45.199+0000] {dag.py:2690} INFO - Sync 1 DAGs
[2023-02-19T20:10:45.341+0000] {logging_mixin.py:137} INFO - [2023-02-19T20:10:45.340+0000] {dag.py:3441} INFO - Setting next_dagrun for example_short_circuit_operator to 2023-02-18T20:10:45.339389+00:00, run_after=2023-02-19T20:10:45.339389+00:00
[2023-02-19T20:10:45.544+0000] {processor.py:175} INFO - Processing /home/airflow/.local/lib/python3.7/site-packages/airflow/example_dags/example_short_circuit_operator.py took 0.967 seconds
[2023-02-19T20:11:15.813+0000] {processor.py:153} INFO - Started process (PID=142) to work on /home/airflow/.local/lib/python3.7/site-packages/airflow/example_dags/example_short_circuit_operator.py
[2023-02-19T20:11:15.816+0000] {processor.py:743} INFO - Processing file /home/airflow/.local/lib/python3.7/site-packages/airflow/example_dags/example_short_circuit_operator.py for tasks to queue
[2023-02-19T20:11:15.818+0000] {logging_mixin.py:137} INFO - [2023-02-19T20:11:15.817+0000] {dagbag.py:538} INFO - Filling up the DagBag from /home/airflow/.local/lib/python3.7/site-packages/airflow/example_dags/example_short_circuit_operator.py
[2023-02-19T20:11:15.848+0000] {processor.py:753} INFO - DAG(s) dict_keys(['example_short_circuit_operator']) retrieved from /home/airflow/.local/lib/python3.7/site-packages/airflow/example_dags/example_short_circuit_operator.py
[2023-02-19T20:11:15.868+0000] {logging_mixin.py:137} INFO - [2023-02-19T20:11:15.868+0000] {dag.py:2690} INFO - Sync 1 DAGs
[2023-02-19T20:11:15.907+0000] {logging_mixin.py:137} INFO - [2023-02-19T20:11:15.907+0000] {dag.py:3441} INFO - Setting next_dagrun for example_short_circuit_operator to 2023-02-18T20:11:15.907428+00:00, run_after=2023-02-19T20:11:15.907428+00:00
[2023-02-19T20:11:15.950+0000] {processor.py:175} INFO - Processing /home/airflow/.local/lib/python3.7/site-packages/airflow/example_dags/example_short_circuit_operator.py took 0.142 seconds
[2023-02-19T20:11:46.472+0000] {processor.py:153} INFO - Started process (PID=217) to work on /home/airflow/.local/lib/python3.7/site-packages/airflow/example_dags/example_short_circuit_operator.py
[2023-02-19T20:11:46.474+0000] {processor.py:743} INFO - Processing file /home/airflow/.local/lib/python3.7/site-packages/airflow/example_dags/example_short_circuit_operator.py for tasks to queue
[2023-02-19T20:11:46.477+0000] {logging_mixin.py:137} INFO - [2023-02-19T20:11:46.476+0000] {dagbag.py:538} INFO - Filling up the DagBag from /home/airflow/.local/lib/python3.7/site-packages/airflow/example_dags/example_short_circuit_operator.py
[2023-02-19T20:11:46.498+0000] {processor.py:753} INFO - DAG(s) dict_keys(['example_short_circuit_operator']) retrieved from /home/airflow/.local/lib/python3.7/site-packages/airflow/example_dags/example_short_circuit_operator.py
[2023-02-19T20:11:46.531+0000] {logging_mixin.py:137} INFO - [2023-02-19T20:11:46.531+0000] {dag.py:2690} INFO - Sync 1 DAGs
[2023-02-19T20:11:46.564+0000] {logging_mixin.py:137} INFO - [2023-02-19T20:11:46.564+0000] {dag.py:3441} INFO - Setting next_dagrun for example_short_circuit_operator to 2023-02-18T20:11:46.564005+00:00, run_after=2023-02-19T20:11:46.564005+00:00
[2023-02-19T20:11:46.594+0000] {processor.py:175} INFO - Processing /home/airflow/.local/lib/python3.7/site-packages/airflow/example_dags/example_short_circuit_operator.py took 0.128 seconds
[2023-02-19T20:12:17.283+0000] {processor.py:153} INFO - Started process (PID=281) to work on /home/airflow/.local/lib/python3.7/site-packages/airflow/example_dags/example_short_circuit_operator.py
[2023-02-19T20:12:17.285+0000] {processor.py:743} INFO - Processing file /home/airflow/.local/lib/python3.7/site-packages/airflow/example_dags/example_short_circuit_operator.py for tasks to queue
[2023-02-19T20:12:17.287+0000] {logging_mixin.py:137} INFO - [2023-02-19T20:12:17.287+0000] {dagbag.py:538} INFO - Filling up the DagBag from /home/airflow/.local/lib/python3.7/site-packages/airflow/example_dags/example_short_circuit_operator.py
[2023-02-19T20:12:17.311+0000] {processor.py:753} INFO - DAG(s) dict_keys(['example_short_circuit_operator']) retrieved from /home/airflow/.local/lib/python3.7/site-packages/airflow/example_dags/example_short_circuit_operator.py
[2023-02-19T20:12:17.370+0000] {logging_mixin.py:137} INFO - [2023-02-19T20:12:17.370+0000] {dag.py:2690} INFO - Sync 1 DAGs
[2023-02-19T20:12:17.411+0000] {logging_mixin.py:137} INFO - [2023-02-19T20:12:17.411+0000] {dag.py:3441} INFO - Setting next_dagrun for example_short_circuit_operator to 2023-02-18T20:12:17.410753+00:00, run_after=2023-02-19T20:12:17.410753+00:00
[2023-02-19T20:12:17.443+0000] {processor.py:175} INFO - Processing /home/airflow/.local/lib/python3.7/site-packages/airflow/example_dags/example_short_circuit_operator.py took 0.165 seconds
[2023-02-19T20:12:47.656+0000] {processor.py:153} INFO - Started process (PID=356) to work on /home/airflow/.local/lib/python3.7/site-packages/airflow/example_dags/example_short_circuit_operator.py
[2023-02-19T20:12:47.658+0000] {processor.py:743} INFO - Processing file /home/airflow/.local/lib/python3.7/site-packages/airflow/example_dags/example_short_circuit_operator.py for tasks to queue
[2023-02-19T20:12:47.660+0000] {logging_mixin.py:137} INFO - [2023-02-19T20:12:47.659+0000] {dagbag.py:538} INFO - Filling up the DagBag from /home/airflow/.local/lib/python3.7/site-packages/airflow/example_dags/example_short_circuit_operator.py
[2023-02-19T20:12:47.683+0000] {processor.py:753} INFO - DAG(s) dict_keys(['example_short_circuit_operator']) retrieved from /home/airflow/.local/lib/python3.7/site-packages/airflow/example_dags/example_short_circuit_operator.py
[2023-02-19T20:12:47.724+0000] {logging_mixin.py:137} INFO - [2023-02-19T20:12:47.724+0000] {dag.py:2690} INFO - Sync 1 DAGs
[2023-02-19T20:12:47.756+0000] {logging_mixin.py:137} INFO - [2023-02-19T20:12:47.756+0000] {dag.py:3441} INFO - Setting next_dagrun for example_short_circuit_operator to 2023-02-18T20:12:47.756197+00:00, run_after=2023-02-19T20:12:47.756197+00:00
[2023-02-19T20:12:47.785+0000] {processor.py:175} INFO - Processing /home/airflow/.local/lib/python3.7/site-packages/airflow/example_dags/example_short_circuit_operator.py took 0.135 seconds
[2023-02-19T20:13:18.199+0000] {processor.py:153} INFO - Started process (PID=419) to work on /home/airflow/.local/lib/python3.7/site-packages/airflow/example_dags/example_short_circuit_operator.py
[2023-02-19T20:13:18.202+0000] {processor.py:743} INFO - Processing file /home/airflow/.local/lib/python3.7/site-packages/airflow/example_dags/example_short_circuit_operator.py for tasks to queue
[2023-02-19T20:13:18.204+0000] {logging_mixin.py:137} INFO - [2023-02-19T20:13:18.204+0000] {dagbag.py:538} INFO - Filling up the DagBag from /home/airflow/.local/lib/python3.7/site-packages/airflow/example_dags/example_short_circuit_operator.py
[2023-02-19T20:13:18.229+0000] {processor.py:753} INFO - DAG(s) dict_keys(['example_short_circuit_operator']) retrieved from /home/airflow/.local/lib/python3.7/site-packages/airflow/example_dags/example_short_circuit_operator.py
[2023-02-19T20:13:18.265+0000] {logging_mixin.py:137} INFO - [2023-02-19T20:13:18.265+0000] {dag.py:2690} INFO - Sync 1 DAGs
[2023-02-19T20:13:18.298+0000] {logging_mixin.py:137} INFO - [2023-02-19T20:13:18.298+0000] {dag.py:3441} INFO - Setting next_dagrun for example_short_circuit_operator to 2023-02-18T20:13:18.297823+00:00, run_after=2023-02-19T20:13:18.297823+00:00
[2023-02-19T20:13:18.326+0000] {processor.py:175} INFO - Processing /home/airflow/.local/lib/python3.7/site-packages/airflow/example_dags/example_short_circuit_operator.py took 0.134 seconds
[2023-02-19T20:13:49.093+0000] {processor.py:153} INFO - Started process (PID=491) to work on /home/airflow/.local/lib/python3.7/site-packages/airflow/example_dags/example_short_circuit_operator.py
[2023-02-19T20:13:49.099+0000] {processor.py:743} INFO - Processing file /home/airflow/.local/lib/python3.7/site-packages/airflow/example_dags/example_short_circuit_operator.py for tasks to queue
[2023-02-19T20:13:49.103+0000] {logging_mixin.py:137} INFO - [2023-02-19T20:13:49.102+0000] {dagbag.py:538} INFO - Filling up the DagBag from /home/airflow/.local/lib/python3.7/site-packages/airflow/example_dags/example_short_circuit_operator.py
[2023-02-19T20:13:49.134+0000] {processor.py:753} INFO - DAG(s) dict_keys(['example_short_circuit_operator']) retrieved from /home/airflow/.local/lib/python3.7/site-packages/airflow/example_dags/example_short_circuit_operator.py
[2023-02-19T20:13:49.230+0000] {logging_mixin.py:137} INFO - [2023-02-19T20:13:49.230+0000] {dag.py:2690} INFO - Sync 1 DAGs
[2023-02-19T20:13:49.332+0000] {logging_mixin.py:137} INFO - [2023-02-19T20:13:49.331+0000] {dag.py:3441} INFO - Setting next_dagrun for example_short_circuit_operator to 2023-02-18T20:13:49.330899+00:00, run_after=2023-02-19T20:13:49.330899+00:00
[2023-02-19T20:13:49.379+0000] {processor.py:175} INFO - Processing /home/airflow/.local/lib/python3.7/site-packages/airflow/example_dags/example_short_circuit_operator.py took 0.297 seconds
[2023-02-19T20:14:20.243+0000] {processor.py:153} INFO - Started process (PID=557) to work on /home/airflow/.local/lib/python3.7/site-packages/airflow/example_dags/example_short_circuit_operator.py
[2023-02-19T20:14:20.246+0000] {processor.py:743} INFO - Processing file /home/airflow/.local/lib/python3.7/site-packages/airflow/example_dags/example_short_circuit_operator.py for tasks to queue
[2023-02-19T20:14:20.248+0000] {logging_mixin.py:137} INFO - [2023-02-19T20:14:20.247+0000] {dagbag.py:538} INFO - Filling up the DagBag from /home/airflow/.local/lib/python3.7/site-packages/airflow/example_dags/example_short_circuit_operator.py
[2023-02-19T20:14:20.270+0000] {processor.py:753} INFO - DAG(s) dict_keys(['example_short_circuit_operator']) retrieved from /home/airflow/.local/lib/python3.7/site-packages/airflow/example_dags/example_short_circuit_operator.py
[2023-02-19T20:14:20.306+0000] {logging_mixin.py:137} INFO - [2023-02-19T20:14:20.306+0000] {dag.py:2690} INFO - Sync 1 DAGs
[2023-02-19T20:14:20.339+0000] {logging_mixin.py:137} INFO - [2023-02-19T20:14:20.339+0000] {dag.py:3441} INFO - Setting next_dagrun for example_short_circuit_operator to 2023-02-18T20:14:20.339221+00:00, run_after=2023-02-19T20:14:20.339221+00:00
[2023-02-19T20:14:20.364+0000] {processor.py:175} INFO - Processing /home/airflow/.local/lib/python3.7/site-packages/airflow/example_dags/example_short_circuit_operator.py took 0.126 seconds
[2023-02-19T20:14:50.805+0000] {processor.py:153} INFO - Started process (PID=620) to work on /home/airflow/.local/lib/python3.7/site-packages/airflow/example_dags/example_short_circuit_operator.py
[2023-02-19T20:14:50.808+0000] {processor.py:743} INFO - Processing file /home/airflow/.local/lib/python3.7/site-packages/airflow/example_dags/example_short_circuit_operator.py for tasks to queue
[2023-02-19T20:14:50.810+0000] {logging_mixin.py:137} INFO - [2023-02-19T20:14:50.809+0000] {dagbag.py:538} INFO - Filling up the DagBag from /home/airflow/.local/lib/python3.7/site-packages/airflow/example_dags/example_short_circuit_operator.py
[2023-02-19T20:14:50.831+0000] {processor.py:753} INFO - DAG(s) dict_keys(['example_short_circuit_operator']) retrieved from /home/airflow/.local/lib/python3.7/site-packages/airflow/example_dags/example_short_circuit_operator.py
[2023-02-19T20:14:50.866+0000] {logging_mixin.py:137} INFO - [2023-02-19T20:14:50.866+0000] {dag.py:2690} INFO - Sync 1 DAGs
[2023-02-19T20:14:50.900+0000] {logging_mixin.py:137} INFO - [2023-02-19T20:14:50.900+0000] {dag.py:3441} INFO - Setting next_dagrun for example_short_circuit_operator to 2023-02-18T20:14:50.900326+00:00, run_after=2023-02-19T20:14:50.900326+00:00
[2023-02-19T20:14:50.933+0000] {processor.py:175} INFO - Processing /home/airflow/.local/lib/python3.7/site-packages/airflow/example_dags/example_short_circuit_operator.py took 0.132 seconds
[2023-02-19T20:15:21.608+0000] {processor.py:153} INFO - Started process (PID=696) to work on /home/airflow/.local/lib/python3.7/site-packages/airflow/example_dags/example_short_circuit_operator.py
[2023-02-19T20:15:21.611+0000] {processor.py:743} INFO - Processing file /home/airflow/.local/lib/python3.7/site-packages/airflow/example_dags/example_short_circuit_operator.py for tasks to queue
[2023-02-19T20:15:21.613+0000] {logging_mixin.py:137} INFO - [2023-02-19T20:15:21.613+0000] {dagbag.py:538} INFO - Filling up the DagBag from /home/airflow/.local/lib/python3.7/site-packages/airflow/example_dags/example_short_circuit_operator.py
[2023-02-19T20:15:21.636+0000] {processor.py:753} INFO - DAG(s) dict_keys(['example_short_circuit_operator']) retrieved from /home/airflow/.local/lib/python3.7/site-packages/airflow/example_dags/example_short_circuit_operator.py
[2023-02-19T20:15:21.675+0000] {logging_mixin.py:137} INFO - [2023-02-19T20:15:21.675+0000] {dag.py:2690} INFO - Sync 1 DAGs
[2023-02-19T20:15:21.707+0000] {logging_mixin.py:137} INFO - [2023-02-19T20:15:21.707+0000] {dag.py:3441} INFO - Setting next_dagrun for example_short_circuit_operator to 2023-02-18T20:15:21.706748+00:00, run_after=2023-02-19T20:15:21.706748+00:00
[2023-02-19T20:15:21.731+0000] {processor.py:175} INFO - Processing /home/airflow/.local/lib/python3.7/site-packages/airflow/example_dags/example_short_circuit_operator.py took 0.128 seconds
[2023-02-19T20:15:52.212+0000] {processor.py:153} INFO - Started process (PID=759) to work on /home/airflow/.local/lib/python3.7/site-packages/airflow/example_dags/example_short_circuit_operator.py
[2023-02-19T20:15:52.214+0000] {processor.py:743} INFO - Processing file /home/airflow/.local/lib/python3.7/site-packages/airflow/example_dags/example_short_circuit_operator.py for tasks to queue
[2023-02-19T20:15:52.215+0000] {logging_mixin.py:137} INFO - [2023-02-19T20:15:52.215+0000] {dagbag.py:538} INFO - Filling up the DagBag from /home/airflow/.local/lib/python3.7/site-packages/airflow/example_dags/example_short_circuit_operator.py
[2023-02-19T20:15:52.236+0000] {processor.py:753} INFO - DAG(s) dict_keys(['example_short_circuit_operator']) retrieved from /home/airflow/.local/lib/python3.7/site-packages/airflow/example_dags/example_short_circuit_operator.py
[2023-02-19T20:15:52.270+0000] {logging_mixin.py:137} INFO - [2023-02-19T20:15:52.270+0000] {dag.py:2690} INFO - Sync 1 DAGs
[2023-02-19T20:15:52.303+0000] {logging_mixin.py:137} INFO - [2023-02-19T20:15:52.303+0000] {dag.py:3441} INFO - Setting next_dagrun for example_short_circuit_operator to 2023-02-18T20:15:52.302898+00:00, run_after=2023-02-19T20:15:52.302898+00:00
[2023-02-19T20:15:52.329+0000] {processor.py:175} INFO - Processing /home/airflow/.local/lib/python3.7/site-packages/airflow/example_dags/example_short_circuit_operator.py took 0.122 seconds
[2023-02-19T20:16:22.890+0000] {processor.py:153} INFO - Started process (PID=835) to work on /home/airflow/.local/lib/python3.7/site-packages/airflow/example_dags/example_short_circuit_operator.py
[2023-02-19T20:16:22.894+0000] {processor.py:743} INFO - Processing file /home/airflow/.local/lib/python3.7/site-packages/airflow/example_dags/example_short_circuit_operator.py for tasks to queue
[2023-02-19T20:16:22.895+0000] {logging_mixin.py:137} INFO - [2023-02-19T20:16:22.895+0000] {dagbag.py:538} INFO - Filling up the DagBag from /home/airflow/.local/lib/python3.7/site-packages/airflow/example_dags/example_short_circuit_operator.py
[2023-02-19T20:16:22.918+0000] {processor.py:753} INFO - DAG(s) dict_keys(['example_short_circuit_operator']) retrieved from /home/airflow/.local/lib/python3.7/site-packages/airflow/example_dags/example_short_circuit_operator.py
[2023-02-19T20:16:22.954+0000] {logging_mixin.py:137} INFO - [2023-02-19T20:16:22.954+0000] {dag.py:2690} INFO - Sync 1 DAGs
[2023-02-19T20:16:22.987+0000] {logging_mixin.py:137} INFO - [2023-02-19T20:16:22.986+0000] {dag.py:3441} INFO - Setting next_dagrun for example_short_circuit_operator to 2023-02-18T20:16:22.986440+00:00, run_after=2023-02-19T20:16:22.986440+00:00
[2023-02-19T20:16:23.011+0000] {processor.py:175} INFO - Processing /home/airflow/.local/lib/python3.7/site-packages/airflow/example_dags/example_short_circuit_operator.py took 0.126 seconds
[2023-02-19T20:16:53.840+0000] {processor.py:153} INFO - Started process (PID=898) to work on /home/airflow/.local/lib/python3.7/site-packages/airflow/example_dags/example_short_circuit_operator.py
[2023-02-19T20:16:53.842+0000] {processor.py:743} INFO - Processing file /home/airflow/.local/lib/python3.7/site-packages/airflow/example_dags/example_short_circuit_operator.py for tasks to queue
[2023-02-19T20:16:53.844+0000] {logging_mixin.py:137} INFO - [2023-02-19T20:16:53.844+0000] {dagbag.py:538} INFO - Filling up the DagBag from /home/airflow/.local/lib/python3.7/site-packages/airflow/example_dags/example_short_circuit_operator.py
[2023-02-19T20:16:53.867+0000] {processor.py:753} INFO - DAG(s) dict_keys(['example_short_circuit_operator']) retrieved from /home/airflow/.local/lib/python3.7/site-packages/airflow/example_dags/example_short_circuit_operator.py
[2023-02-19T20:16:53.902+0000] {logging_mixin.py:137} INFO - [2023-02-19T20:16:53.902+0000] {dag.py:2690} INFO - Sync 1 DAGs
[2023-02-19T20:16:53.934+0000] {logging_mixin.py:137} INFO - [2023-02-19T20:16:53.934+0000] {dag.py:3441} INFO - Setting next_dagrun for example_short_circuit_operator to 2023-02-18T20:16:53.934385+00:00, run_after=2023-02-19T20:16:53.934385+00:00
[2023-02-19T20:16:53.959+0000] {processor.py:175} INFO - Processing /home/airflow/.local/lib/python3.7/site-packages/airflow/example_dags/example_short_circuit_operator.py took 0.125 seconds
[2023-02-19T20:17:24.351+0000] {processor.py:153} INFO - Started process (PID=973) to work on /home/airflow/.local/lib/python3.7/site-packages/airflow/example_dags/example_short_circuit_operator.py
[2023-02-19T20:17:24.354+0000] {processor.py:743} INFO - Processing file /home/airflow/.local/lib/python3.7/site-packages/airflow/example_dags/example_short_circuit_operator.py for tasks to queue
[2023-02-19T20:17:24.357+0000] {logging_mixin.py:137} INFO - [2023-02-19T20:17:24.356+0000] {dagbag.py:538} INFO - Filling up the DagBag from /home/airflow/.local/lib/python3.7/site-packages/airflow/example_dags/example_short_circuit_operator.py
[2023-02-19T20:17:24.386+0000] {processor.py:753} INFO - DAG(s) dict_keys(['example_short_circuit_operator']) retrieved from /home/airflow/.local/lib/python3.7/site-packages/airflow/example_dags/example_short_circuit_operator.py
[2023-02-19T20:17:24.432+0000] {logging_mixin.py:137} INFO - [2023-02-19T20:17:24.432+0000] {dag.py:2690} INFO - Sync 1 DAGs
[2023-02-19T20:17:24.476+0000] {logging_mixin.py:137} INFO - [2023-02-19T20:17:24.475+0000] {dag.py:3441} INFO - Setting next_dagrun for example_short_circuit_operator to 2023-02-18T20:17:24.475411+00:00, run_after=2023-02-19T20:17:24.475411+00:00
[2023-02-19T20:17:24.509+0000] {processor.py:175} INFO - Processing /home/airflow/.local/lib/python3.7/site-packages/airflow/example_dags/example_short_circuit_operator.py took 0.164 seconds
[2023-02-19T20:17:54.982+0000] {processor.py:153} INFO - Started process (PID=1036) to work on /home/airflow/.local/lib/python3.7/site-packages/airflow/example_dags/example_short_circuit_operator.py
[2023-02-19T20:17:54.984+0000] {processor.py:743} INFO - Processing file /home/airflow/.local/lib/python3.7/site-packages/airflow/example_dags/example_short_circuit_operator.py for tasks to queue
[2023-02-19T20:17:54.986+0000] {logging_mixin.py:137} INFO - [2023-02-19T20:17:54.986+0000] {dagbag.py:538} INFO - Filling up the DagBag from /home/airflow/.local/lib/python3.7/site-packages/airflow/example_dags/example_short_circuit_operator.py
[2023-02-19T20:17:55.008+0000] {processor.py:753} INFO - DAG(s) dict_keys(['example_short_circuit_operator']) retrieved from /home/airflow/.local/lib/python3.7/site-packages/airflow/example_dags/example_short_circuit_operator.py
[2023-02-19T20:17:55.044+0000] {logging_mixin.py:137} INFO - [2023-02-19T20:17:55.043+0000] {dag.py:2690} INFO - Sync 1 DAGs
[2023-02-19T20:17:55.079+0000] {logging_mixin.py:137} INFO - [2023-02-19T20:17:55.079+0000] {dag.py:3441} INFO - Setting next_dagrun for example_short_circuit_operator to 2023-02-18T20:17:55.078779+00:00, run_after=2023-02-19T20:17:55.078779+00:00
[2023-02-19T20:17:55.103+0000] {processor.py:175} INFO - Processing /home/airflow/.local/lib/python3.7/site-packages/airflow/example_dags/example_short_circuit_operator.py took 0.127 seconds
[2023-02-19T20:18:25.597+0000] {processor.py:153} INFO - Started process (PID=1109) to work on /home/airflow/.local/lib/python3.7/site-packages/airflow/example_dags/example_short_circuit_operator.py
[2023-02-19T20:18:25.600+0000] {processor.py:743} INFO - Processing file /home/airflow/.local/lib/python3.7/site-packages/airflow/example_dags/example_short_circuit_operator.py for tasks to queue
[2023-02-19T20:18:25.602+0000] {logging_mixin.py:137} INFO - [2023-02-19T20:18:25.602+0000] {dagbag.py:538} INFO - Filling up the DagBag from /home/airflow/.local/lib/python3.7/site-packages/airflow/example_dags/example_short_circuit_operator.py
[2023-02-19T20:18:25.622+0000] {processor.py:753} INFO - DAG(s) dict_keys(['example_short_circuit_operator']) retrieved from /home/airflow/.local/lib/python3.7/site-packages/airflow/example_dags/example_short_circuit_operator.py
[2023-02-19T20:18:25.661+0000] {logging_mixin.py:137} INFO - [2023-02-19T20:18:25.661+0000] {dag.py:2690} INFO - Sync 1 DAGs
[2023-02-19T20:18:25.697+0000] {logging_mixin.py:137} INFO - [2023-02-19T20:18:25.697+0000] {dag.py:3441} INFO - Setting next_dagrun for example_short_circuit_operator to 2023-02-18T20:18:25.697324+00:00, run_after=2023-02-19T20:18:25.697324+00:00
[2023-02-19T20:18:25.724+0000] {processor.py:175} INFO - Processing /home/airflow/.local/lib/python3.7/site-packages/airflow/example_dags/example_short_circuit_operator.py took 0.132 seconds
[2023-02-19T20:18:56.344+0000] {processor.py:153} INFO - Started process (PID=1174) to work on /home/airflow/.local/lib/python3.7/site-packages/airflow/example_dags/example_short_circuit_operator.py
[2023-02-19T20:18:56.348+0000] {processor.py:743} INFO - Processing file /home/airflow/.local/lib/python3.7/site-packages/airflow/example_dags/example_short_circuit_operator.py for tasks to queue
[2023-02-19T20:18:56.350+0000] {logging_mixin.py:137} INFO - [2023-02-19T20:18:56.349+0000] {dagbag.py:538} INFO - Filling up the DagBag from /home/airflow/.local/lib/python3.7/site-packages/airflow/example_dags/example_short_circuit_operator.py
[2023-02-19T20:18:56.373+0000] {processor.py:753} INFO - DAG(s) dict_keys(['example_short_circuit_operator']) retrieved from /home/airflow/.local/lib/python3.7/site-packages/airflow/example_dags/example_short_circuit_operator.py
[2023-02-19T20:18:56.410+0000] {logging_mixin.py:137} INFO - [2023-02-19T20:18:56.409+0000] {dag.py:2690} INFO - Sync 1 DAGs
[2023-02-19T20:18:56.442+0000] {logging_mixin.py:137} INFO - [2023-02-19T20:18:56.442+0000] {dag.py:3441} INFO - Setting next_dagrun for example_short_circuit_operator to 2023-02-18T20:18:56.441830+00:00, run_after=2023-02-19T20:18:56.441830+00:00
[2023-02-19T20:18:56.467+0000] {processor.py:175} INFO - Processing /home/airflow/.local/lib/python3.7/site-packages/airflow/example_dags/example_short_circuit_operator.py took 0.128 seconds
[2023-02-19T20:19:27.017+0000] {processor.py:153} INFO - Started process (PID=1237) to work on /home/airflow/.local/lib/python3.7/site-packages/airflow/example_dags/example_short_circuit_operator.py
[2023-02-19T20:19:27.020+0000] {processor.py:743} INFO - Processing file /home/airflow/.local/lib/python3.7/site-packages/airflow/example_dags/example_short_circuit_operator.py for tasks to queue
[2023-02-19T20:19:27.023+0000] {logging_mixin.py:137} INFO - [2023-02-19T20:19:27.023+0000] {dagbag.py:538} INFO - Filling up the DagBag from /home/airflow/.local/lib/python3.7/site-packages/airflow/example_dags/example_short_circuit_operator.py
[2023-02-19T20:19:27.046+0000] {processor.py:753} INFO - DAG(s) dict_keys(['example_short_circuit_operator']) retrieved from /home/airflow/.local/lib/python3.7/site-packages/airflow/example_dags/example_short_circuit_operator.py
[2023-02-19T20:19:27.081+0000] {logging_mixin.py:137} INFO - [2023-02-19T20:19:27.081+0000] {dag.py:2690} INFO - Sync 1 DAGs
[2023-02-19T20:19:27.114+0000] {logging_mixin.py:137} INFO - [2023-02-19T20:19:27.114+0000] {dag.py:3441} INFO - Setting next_dagrun for example_short_circuit_operator to 2023-02-18T20:19:27.113734+00:00, run_after=2023-02-19T20:19:27.113734+00:00
[2023-02-19T20:19:27.138+0000] {processor.py:175} INFO - Processing /home/airflow/.local/lib/python3.7/site-packages/airflow/example_dags/example_short_circuit_operator.py took 0.126 seconds
[2023-02-19T20:19:57.754+0000] {processor.py:153} INFO - Started process (PID=1312) to work on /home/airflow/.local/lib/python3.7/site-packages/airflow/example_dags/example_short_circuit_operator.py
[2023-02-19T20:19:57.757+0000] {processor.py:743} INFO - Processing file /home/airflow/.local/lib/python3.7/site-packages/airflow/example_dags/example_short_circuit_operator.py for tasks to queue
[2023-02-19T20:19:57.759+0000] {logging_mixin.py:137} INFO - [2023-02-19T20:19:57.759+0000] {dagbag.py:538} INFO - Filling up the DagBag from /home/airflow/.local/lib/python3.7/site-packages/airflow/example_dags/example_short_circuit_operator.py
[2023-02-19T20:19:57.781+0000] {processor.py:753} INFO - DAG(s) dict_keys(['example_short_circuit_operator']) retrieved from /home/airflow/.local/lib/python3.7/site-packages/airflow/example_dags/example_short_circuit_operator.py
[2023-02-19T20:19:57.816+0000] {logging_mixin.py:137} INFO - [2023-02-19T20:19:57.816+0000] {dag.py:2690} INFO - Sync 1 DAGs
[2023-02-19T20:19:57.849+0000] {logging_mixin.py:137} INFO - [2023-02-19T20:19:57.849+0000] {dag.py:3441} INFO - Setting next_dagrun for example_short_circuit_operator to 2023-02-18T20:19:57.849373+00:00, run_after=2023-02-19T20:19:57.849373+00:00
[2023-02-19T20:19:57.874+0000] {processor.py:175} INFO - Processing /home/airflow/.local/lib/python3.7/site-packages/airflow/example_dags/example_short_circuit_operator.py took 0.125 seconds
[2023-02-19T20:20:28.205+0000] {processor.py:153} INFO - Started process (PID=1376) to work on /home/airflow/.local/lib/python3.7/site-packages/airflow/example_dags/example_short_circuit_operator.py
[2023-02-19T20:20:28.208+0000] {processor.py:743} INFO - Processing file /home/airflow/.local/lib/python3.7/site-packages/airflow/example_dags/example_short_circuit_operator.py for tasks to queue
[2023-02-19T20:20:28.210+0000] {logging_mixin.py:137} INFO - [2023-02-19T20:20:28.210+0000] {dagbag.py:538} INFO - Filling up the DagBag from /home/airflow/.local/lib/python3.7/site-packages/airflow/example_dags/example_short_circuit_operator.py
[2023-02-19T20:20:28.233+0000] {processor.py:753} INFO - DAG(s) dict_keys(['example_short_circuit_operator']) retrieved from /home/airflow/.local/lib/python3.7/site-packages/airflow/example_dags/example_short_circuit_operator.py
[2023-02-19T20:20:28.275+0000] {logging_mixin.py:137} INFO - [2023-02-19T20:20:28.275+0000] {dag.py:2690} INFO - Sync 1 DAGs
[2023-02-19T20:20:28.319+0000] {logging_mixin.py:137} INFO - [2023-02-19T20:20:28.319+0000] {dag.py:3441} INFO - Setting next_dagrun for example_short_circuit_operator to 2023-02-18T20:20:28.318974+00:00, run_after=2023-02-19T20:20:28.318974+00:00
[2023-02-19T20:20:28.345+0000] {processor.py:175} INFO - Processing /home/airflow/.local/lib/python3.7/site-packages/airflow/example_dags/example_short_circuit_operator.py took 0.145 seconds
[2023-02-19T20:20:58.734+0000] {processor.py:153} INFO - Started process (PID=1452) to work on /home/airflow/.local/lib/python3.7/site-packages/airflow/example_dags/example_short_circuit_operator.py
[2023-02-19T20:20:58.739+0000] {processor.py:743} INFO - Processing file /home/airflow/.local/lib/python3.7/site-packages/airflow/example_dags/example_short_circuit_operator.py for tasks to queue
[2023-02-19T20:20:58.741+0000] {logging_mixin.py:137} INFO - [2023-02-19T20:20:58.741+0000] {dagbag.py:538} INFO - Filling up the DagBag from /home/airflow/.local/lib/python3.7/site-packages/airflow/example_dags/example_short_circuit_operator.py
[2023-02-19T20:20:58.764+0000] {processor.py:753} INFO - DAG(s) dict_keys(['example_short_circuit_operator']) retrieved from /home/airflow/.local/lib/python3.7/site-packages/airflow/example_dags/example_short_circuit_operator.py
[2023-02-19T20:20:58.799+0000] {logging_mixin.py:137} INFO - [2023-02-19T20:20:58.799+0000] {dag.py:2690} INFO - Sync 1 DAGs
[2023-02-19T20:20:58.831+0000] {logging_mixin.py:137} INFO - [2023-02-19T20:20:58.830+0000] {dag.py:3441} INFO - Setting next_dagrun for example_short_circuit_operator to 2023-02-18T20:20:58.830609+00:00, run_after=2023-02-19T20:20:58.830609+00:00
[2023-02-19T20:20:58.857+0000] {processor.py:175} INFO - Processing /home/airflow/.local/lib/python3.7/site-packages/airflow/example_dags/example_short_circuit_operator.py took 0.128 seconds
[2023-02-19T20:21:29.701+0000] {processor.py:153} INFO - Started process (PID=1514) to work on /home/airflow/.local/lib/python3.7/site-packages/airflow/example_dags/example_short_circuit_operator.py
[2023-02-19T20:21:29.704+0000] {processor.py:743} INFO - Processing file /home/airflow/.local/lib/python3.7/site-packages/airflow/example_dags/example_short_circuit_operator.py for tasks to queue
[2023-02-19T20:21:29.706+0000] {logging_mixin.py:137} INFO - [2023-02-19T20:21:29.706+0000] {dagbag.py:538} INFO - Filling up the DagBag from /home/airflow/.local/lib/python3.7/site-packages/airflow/example_dags/example_short_circuit_operator.py
[2023-02-19T20:21:29.728+0000] {processor.py:753} INFO - DAG(s) dict_keys(['example_short_circuit_operator']) retrieved from /home/airflow/.local/lib/python3.7/site-packages/airflow/example_dags/example_short_circuit_operator.py
[2023-02-19T20:21:29.763+0000] {logging_mixin.py:137} INFO - [2023-02-19T20:21:29.763+0000] {dag.py:2690} INFO - Sync 1 DAGs
[2023-02-19T20:21:29.797+0000] {logging_mixin.py:137} INFO - [2023-02-19T20:21:29.796+0000] {dag.py:3441} INFO - Setting next_dagrun for example_short_circuit_operator to 2023-02-18T20:21:29.796538+00:00, run_after=2023-02-19T20:21:29.796538+00:00
[2023-02-19T20:21:29.823+0000] {processor.py:175} INFO - Processing /home/airflow/.local/lib/python3.7/site-packages/airflow/example_dags/example_short_circuit_operator.py took 0.126 seconds
[2023-02-19T20:51:48.243+0000] {processor.py:153} INFO - Started process (PID=1575) to work on /home/airflow/.local/lib/python3.7/site-packages/airflow/example_dags/example_short_circuit_operator.py
[2023-02-19T20:51:48.246+0000] {processor.py:743} INFO - Processing file /home/airflow/.local/lib/python3.7/site-packages/airflow/example_dags/example_short_circuit_operator.py for tasks to queue
[2023-02-19T20:51:48.248+0000] {logging_mixin.py:137} INFO - [2023-02-19T20:51:48.247+0000] {dagbag.py:538} INFO - Filling up the DagBag from /home/airflow/.local/lib/python3.7/site-packages/airflow/example_dags/example_short_circuit_operator.py
[2023-02-19T20:51:48.269+0000] {processor.py:753} INFO - DAG(s) dict_keys(['example_short_circuit_operator']) retrieved from /home/airflow/.local/lib/python3.7/site-packages/airflow/example_dags/example_short_circuit_operator.py
[2023-02-19T20:51:48.302+0000] {logging_mixin.py:137} INFO - [2023-02-19T20:51:48.302+0000] {dag.py:2690} INFO - Sync 1 DAGs
[2023-02-19T20:51:48.334+0000] {logging_mixin.py:137} INFO - [2023-02-19T20:51:48.334+0000] {dag.py:3441} INFO - Setting next_dagrun for example_short_circuit_operator to 2023-02-18T20:51:48.333890+00:00, run_after=2023-02-19T20:51:48.333890+00:00
[2023-02-19T20:51:48.360+0000] {processor.py:175} INFO - Processing /home/airflow/.local/lib/python3.7/site-packages/airflow/example_dags/example_short_circuit_operator.py took 0.121 seconds
[2023-02-19T21:09:26.262+0000] {processor.py:153} INFO - Started process (PID=1651) to work on /home/airflow/.local/lib/python3.7/site-packages/airflow/example_dags/example_short_circuit_operator.py
[2023-02-19T21:09:26.265+0000] {processor.py:743} INFO - Processing file /home/airflow/.local/lib/python3.7/site-packages/airflow/example_dags/example_short_circuit_operator.py for tasks to queue
[2023-02-19T21:09:26.267+0000] {logging_mixin.py:137} INFO - [2023-02-19T21:09:26.267+0000] {dagbag.py:538} INFO - Filling up the DagBag from /home/airflow/.local/lib/python3.7/site-packages/airflow/example_dags/example_short_circuit_operator.py
[2023-02-19T21:09:26.290+0000] {processor.py:753} INFO - DAG(s) dict_keys(['example_short_circuit_operator']) retrieved from /home/airflow/.local/lib/python3.7/site-packages/airflow/example_dags/example_short_circuit_operator.py
[2023-02-19T21:09:26.327+0000] {logging_mixin.py:137} INFO - [2023-02-19T21:09:26.327+0000] {dag.py:2690} INFO - Sync 1 DAGs
[2023-02-19T21:09:26.357+0000] {logging_mixin.py:137} INFO - [2023-02-19T21:09:26.357+0000] {dag.py:3441} INFO - Setting next_dagrun for example_short_circuit_operator to 2023-02-18T21:09:26.357185+00:00, run_after=2023-02-19T21:09:26.357185+00:00
[2023-02-19T21:09:26.386+0000] {processor.py:175} INFO - Processing /home/airflow/.local/lib/python3.7/site-packages/airflow/example_dags/example_short_circuit_operator.py took 0.130 seconds
[2023-02-19T22:01:49.166+0000] {processor.py:153} INFO - Started process (PID=1725) to work on /home/airflow/.local/lib/python3.7/site-packages/airflow/example_dags/example_short_circuit_operator.py
[2023-02-19T22:01:49.168+0000] {processor.py:743} INFO - Processing file /home/airflow/.local/lib/python3.7/site-packages/airflow/example_dags/example_short_circuit_operator.py for tasks to queue
[2023-02-19T22:01:49.171+0000] {logging_mixin.py:137} INFO - [2023-02-19T22:01:49.171+0000] {dagbag.py:538} INFO - Filling up the DagBag from /home/airflow/.local/lib/python3.7/site-packages/airflow/example_dags/example_short_circuit_operator.py
[2023-02-19T22:01:49.195+0000] {processor.py:753} INFO - DAG(s) dict_keys(['example_short_circuit_operator']) retrieved from /home/airflow/.local/lib/python3.7/site-packages/airflow/example_dags/example_short_circuit_operator.py
[2023-02-19T22:01:49.233+0000] {logging_mixin.py:137} INFO - [2023-02-19T22:01:49.233+0000] {dag.py:2690} INFO - Sync 1 DAGs
[2023-02-19T22:01:49.262+0000] {logging_mixin.py:137} INFO - [2023-02-19T22:01:49.262+0000] {dag.py:3441} INFO - Setting next_dagrun for example_short_circuit_operator to 2023-02-18T22:01:49.261956+00:00, run_after=2023-02-19T22:01:49.261956+00:00
[2023-02-19T22:01:49.291+0000] {processor.py:175} INFO - Processing /home/airflow/.local/lib/python3.7/site-packages/airflow/example_dags/example_short_circuit_operator.py took 0.130 seconds
[2023-02-19T22:02:19.879+0000] {processor.py:153} INFO - Started process (PID=1787) to work on /home/airflow/.local/lib/python3.7/site-packages/airflow/example_dags/example_short_circuit_operator.py
[2023-02-19T22:02:19.881+0000] {processor.py:743} INFO - Processing file /home/airflow/.local/lib/python3.7/site-packages/airflow/example_dags/example_short_circuit_operator.py for tasks to queue
[2023-02-19T22:02:19.883+0000] {logging_mixin.py:137} INFO - [2023-02-19T22:02:19.883+0000] {dagbag.py:538} INFO - Filling up the DagBag from /home/airflow/.local/lib/python3.7/site-packages/airflow/example_dags/example_short_circuit_operator.py
[2023-02-19T22:02:19.906+0000] {processor.py:753} INFO - DAG(s) dict_keys(['example_short_circuit_operator']) retrieved from /home/airflow/.local/lib/python3.7/site-packages/airflow/example_dags/example_short_circuit_operator.py
[2023-02-19T22:02:19.954+0000] {logging_mixin.py:137} INFO - [2023-02-19T22:02:19.953+0000] {dag.py:2690} INFO - Sync 1 DAGs
[2023-02-19T22:02:20.058+0000] {logging_mixin.py:137} INFO - [2023-02-19T22:02:20.058+0000] {dag.py:3441} INFO - Setting next_dagrun for example_short_circuit_operator to 2023-02-18T22:02:20.057742+00:00, run_after=2023-02-19T22:02:20.057742+00:00
[2023-02-19T22:02:20.113+0000] {processor.py:175} INFO - Processing /home/airflow/.local/lib/python3.7/site-packages/airflow/example_dags/example_short_circuit_operator.py took 0.239 seconds
