[2023-02-19T20:10:38.912+0000] {processor.py:153} INFO - Started process (PID=62) to work on /home/airflow/.local/lib/python3.7/site-packages/airflow/example_dags/example_branch_labels.py
[2023-02-19T20:10:38.919+0000] {processor.py:743} INFO - Processing file /home/airflow/.local/lib/python3.7/site-packages/airflow/example_dags/example_branch_labels.py for tasks to queue
[2023-02-19T20:10:38.921+0000] {logging_mixin.py:137} INFO - [2023-02-19T20:10:38.921+0000] {dagbag.py:538} INFO - Filling up the DagBag from /home/airflow/.local/lib/python3.7/site-packages/airflow/example_dags/example_branch_labels.py
[2023-02-19T20:10:38.965+0000] {processor.py:753} INFO - DAG(s) dict_keys(['example_branch_labels']) retrieved from /home/airflow/.local/lib/python3.7/site-packages/airflow/example_dags/example_branch_labels.py
[2023-02-19T20:10:39.192+0000] {logging_mixin.py:137} INFO - [2023-02-19T20:10:39.191+0000] {dag.py:2690} INFO - Sync 1 DAGs
[2023-02-19T20:10:39.373+0000] {logging_mixin.py:137} INFO - [2023-02-19T20:10:39.373+0000] {dag.py:3441} INFO - Setting next_dagrun for example_branch_labels to 2023-02-18T00:00:00+00:00, run_after=2023-02-19T00:00:00+00:00
[2023-02-19T20:10:39.407+0000] {processor.py:175} INFO - Processing /home/airflow/.local/lib/python3.7/site-packages/airflow/example_dags/example_branch_labels.py took 0.500 seconds
[2023-02-19T20:11:09.601+0000] {processor.py:153} INFO - Started process (PID=124) to work on /home/airflow/.local/lib/python3.7/site-packages/airflow/example_dags/example_branch_labels.py
[2023-02-19T20:11:09.603+0000] {processor.py:743} INFO - Processing file /home/airflow/.local/lib/python3.7/site-packages/airflow/example_dags/example_branch_labels.py for tasks to queue
[2023-02-19T20:11:09.605+0000] {logging_mixin.py:137} INFO - [2023-02-19T20:11:09.605+0000] {dagbag.py:538} INFO - Filling up the DagBag from /home/airflow/.local/lib/python3.7/site-packages/airflow/example_dags/example_branch_labels.py
[2023-02-19T20:11:09.625+0000] {processor.py:753} INFO - DAG(s) dict_keys(['example_branch_labels']) retrieved from /home/airflow/.local/lib/python3.7/site-packages/airflow/example_dags/example_branch_labels.py
[2023-02-19T20:11:09.645+0000] {logging_mixin.py:137} INFO - [2023-02-19T20:11:09.645+0000] {dag.py:2690} INFO - Sync 1 DAGs
[2023-02-19T20:11:09.681+0000] {logging_mixin.py:137} INFO - [2023-02-19T20:11:09.681+0000] {dag.py:3441} INFO - Setting next_dagrun for example_branch_labels to 2023-02-18T00:00:00+00:00, run_after=2023-02-19T00:00:00+00:00
[2023-02-19T20:11:09.705+0000] {processor.py:175} INFO - Processing /home/airflow/.local/lib/python3.7/site-packages/airflow/example_dags/example_branch_labels.py took 0.109 seconds
[2023-02-19T20:11:39.920+0000] {processor.py:153} INFO - Started process (PID=187) to work on /home/airflow/.local/lib/python3.7/site-packages/airflow/example_dags/example_branch_labels.py
[2023-02-19T20:11:39.924+0000] {processor.py:743} INFO - Processing file /home/airflow/.local/lib/python3.7/site-packages/airflow/example_dags/example_branch_labels.py for tasks to queue
[2023-02-19T20:11:39.928+0000] {logging_mixin.py:137} INFO - [2023-02-19T20:11:39.928+0000] {dagbag.py:538} INFO - Filling up the DagBag from /home/airflow/.local/lib/python3.7/site-packages/airflow/example_dags/example_branch_labels.py
[2023-02-19T20:11:39.959+0000] {processor.py:753} INFO - DAG(s) dict_keys(['example_branch_labels']) retrieved from /home/airflow/.local/lib/python3.7/site-packages/airflow/example_dags/example_branch_labels.py
[2023-02-19T20:11:39.995+0000] {logging_mixin.py:137} INFO - [2023-02-19T20:11:39.995+0000] {dag.py:2690} INFO - Sync 1 DAGs
[2023-02-19T20:11:40.030+0000] {logging_mixin.py:137} INFO - [2023-02-19T20:11:40.030+0000] {dag.py:3441} INFO - Setting next_dagrun for example_branch_labels to 2023-02-18T00:00:00+00:00, run_after=2023-02-19T00:00:00+00:00
[2023-02-19T20:11:40.059+0000] {processor.py:175} INFO - Processing /home/airflow/.local/lib/python3.7/site-packages/airflow/example_dags/example_branch_labels.py took 0.143 seconds
[2023-02-19T20:12:10.668+0000] {processor.py:153} INFO - Started process (PID=263) to work on /home/airflow/.local/lib/python3.7/site-packages/airflow/example_dags/example_branch_labels.py
[2023-02-19T20:12:10.672+0000] {processor.py:743} INFO - Processing file /home/airflow/.local/lib/python3.7/site-packages/airflow/example_dags/example_branch_labels.py for tasks to queue
[2023-02-19T20:12:10.674+0000] {logging_mixin.py:137} INFO - [2023-02-19T20:12:10.673+0000] {dagbag.py:538} INFO - Filling up the DagBag from /home/airflow/.local/lib/python3.7/site-packages/airflow/example_dags/example_branch_labels.py
[2023-02-19T20:12:10.692+0000] {processor.py:753} INFO - DAG(s) dict_keys(['example_branch_labels']) retrieved from /home/airflow/.local/lib/python3.7/site-packages/airflow/example_dags/example_branch_labels.py
[2023-02-19T20:12:10.726+0000] {logging_mixin.py:137} INFO - [2023-02-19T20:12:10.726+0000] {dag.py:2690} INFO - Sync 1 DAGs
[2023-02-19T20:12:10.760+0000] {logging_mixin.py:137} INFO - [2023-02-19T20:12:10.760+0000] {dag.py:3441} INFO - Setting next_dagrun for example_branch_labels to 2023-02-18T00:00:00+00:00, run_after=2023-02-19T00:00:00+00:00
[2023-02-19T20:12:10.786+0000] {processor.py:175} INFO - Processing /home/airflow/.local/lib/python3.7/site-packages/airflow/example_dags/example_branch_labels.py took 0.122 seconds
[2023-02-19T20:12:41.027+0000] {processor.py:153} INFO - Started process (PID=327) to work on /home/airflow/.local/lib/python3.7/site-packages/airflow/example_dags/example_branch_labels.py
[2023-02-19T20:12:41.029+0000] {processor.py:743} INFO - Processing file /home/airflow/.local/lib/python3.7/site-packages/airflow/example_dags/example_branch_labels.py for tasks to queue
[2023-02-19T20:12:41.031+0000] {logging_mixin.py:137} INFO - [2023-02-19T20:12:41.031+0000] {dagbag.py:538} INFO - Filling up the DagBag from /home/airflow/.local/lib/python3.7/site-packages/airflow/example_dags/example_branch_labels.py
[2023-02-19T20:12:41.055+0000] {processor.py:753} INFO - DAG(s) dict_keys(['example_branch_labels']) retrieved from /home/airflow/.local/lib/python3.7/site-packages/airflow/example_dags/example_branch_labels.py
[2023-02-19T20:12:41.093+0000] {logging_mixin.py:137} INFO - [2023-02-19T20:12:41.093+0000] {dag.py:2690} INFO - Sync 1 DAGs
[2023-02-19T20:12:41.129+0000] {logging_mixin.py:137} INFO - [2023-02-19T20:12:41.128+0000] {dag.py:3441} INFO - Setting next_dagrun for example_branch_labels to 2023-02-18T00:00:00+00:00, run_after=2023-02-19T00:00:00+00:00
[2023-02-19T20:12:41.154+0000] {processor.py:175} INFO - Processing /home/airflow/.local/lib/python3.7/site-packages/airflow/example_dags/example_branch_labels.py took 0.131 seconds
[2023-02-19T20:13:11.687+0000] {processor.py:153} INFO - Started process (PID=402) to work on /home/airflow/.local/lib/python3.7/site-packages/airflow/example_dags/example_branch_labels.py
[2023-02-19T20:13:11.690+0000] {processor.py:743} INFO - Processing file /home/airflow/.local/lib/python3.7/site-packages/airflow/example_dags/example_branch_labels.py for tasks to queue
[2023-02-19T20:13:11.693+0000] {logging_mixin.py:137} INFO - [2023-02-19T20:13:11.693+0000] {dagbag.py:538} INFO - Filling up the DagBag from /home/airflow/.local/lib/python3.7/site-packages/airflow/example_dags/example_branch_labels.py
[2023-02-19T20:13:11.721+0000] {processor.py:753} INFO - DAG(s) dict_keys(['example_branch_labels']) retrieved from /home/airflow/.local/lib/python3.7/site-packages/airflow/example_dags/example_branch_labels.py
[2023-02-19T20:13:11.758+0000] {logging_mixin.py:137} INFO - [2023-02-19T20:13:11.758+0000] {dag.py:2690} INFO - Sync 1 DAGs
[2023-02-19T20:13:11.797+0000] {logging_mixin.py:137} INFO - [2023-02-19T20:13:11.797+0000] {dag.py:3441} INFO - Setting next_dagrun for example_branch_labels to 2023-02-18T00:00:00+00:00, run_after=2023-02-19T00:00:00+00:00
[2023-02-19T20:13:11.823+0000] {processor.py:175} INFO - Processing /home/airflow/.local/lib/python3.7/site-packages/airflow/example_dags/example_branch_labels.py took 0.145 seconds
[2023-02-19T20:13:42.871+0000] {processor.py:153} INFO - Started process (PID=465) to work on /home/airflow/.local/lib/python3.7/site-packages/airflow/example_dags/example_branch_labels.py
[2023-02-19T20:13:42.875+0000] {processor.py:743} INFO - Processing file /home/airflow/.local/lib/python3.7/site-packages/airflow/example_dags/example_branch_labels.py for tasks to queue
[2023-02-19T20:13:42.877+0000] {logging_mixin.py:137} INFO - [2023-02-19T20:13:42.877+0000] {dagbag.py:538} INFO - Filling up the DagBag from /home/airflow/.local/lib/python3.7/site-packages/airflow/example_dags/example_branch_labels.py
[2023-02-19T20:13:42.899+0000] {processor.py:753} INFO - DAG(s) dict_keys(['example_branch_labels']) retrieved from /home/airflow/.local/lib/python3.7/site-packages/airflow/example_dags/example_branch_labels.py
[2023-02-19T20:13:42.942+0000] {logging_mixin.py:137} INFO - [2023-02-19T20:13:42.941+0000] {dag.py:2690} INFO - Sync 1 DAGs
[2023-02-19T20:13:42.980+0000] {logging_mixin.py:137} INFO - [2023-02-19T20:13:42.979+0000] {dag.py:3441} INFO - Setting next_dagrun for example_branch_labels to 2023-02-18T00:00:00+00:00, run_after=2023-02-19T00:00:00+00:00
[2023-02-19T20:13:43.006+0000] {processor.py:175} INFO - Processing /home/airflow/.local/lib/python3.7/site-packages/airflow/example_dags/example_branch_labels.py took 0.140 seconds
[2023-02-19T20:14:13.578+0000] {processor.py:153} INFO - Started process (PID=528) to work on /home/airflow/.local/lib/python3.7/site-packages/airflow/example_dags/example_branch_labels.py
[2023-02-19T20:14:13.580+0000] {processor.py:743} INFO - Processing file /home/airflow/.local/lib/python3.7/site-packages/airflow/example_dags/example_branch_labels.py for tasks to queue
[2023-02-19T20:14:13.583+0000] {logging_mixin.py:137} INFO - [2023-02-19T20:14:13.582+0000] {dagbag.py:538} INFO - Filling up the DagBag from /home/airflow/.local/lib/python3.7/site-packages/airflow/example_dags/example_branch_labels.py
[2023-02-19T20:14:13.602+0000] {processor.py:753} INFO - DAG(s) dict_keys(['example_branch_labels']) retrieved from /home/airflow/.local/lib/python3.7/site-packages/airflow/example_dags/example_branch_labels.py
[2023-02-19T20:14:13.637+0000] {logging_mixin.py:137} INFO - [2023-02-19T20:14:13.637+0000] {dag.py:2690} INFO - Sync 1 DAGs
[2023-02-19T20:14:13.671+0000] {logging_mixin.py:137} INFO - [2023-02-19T20:14:13.671+0000] {dag.py:3441} INFO - Setting next_dagrun for example_branch_labels to 2023-02-18T00:00:00+00:00, run_after=2023-02-19T00:00:00+00:00
[2023-02-19T20:14:13.696+0000] {processor.py:175} INFO - Processing /home/airflow/.local/lib/python3.7/site-packages/airflow/example_dags/example_branch_labels.py took 0.129 seconds
[2023-02-19T20:14:44.355+0000] {processor.py:153} INFO - Started process (PID=603) to work on /home/airflow/.local/lib/python3.7/site-packages/airflow/example_dags/example_branch_labels.py
[2023-02-19T20:14:44.358+0000] {processor.py:743} INFO - Processing file /home/airflow/.local/lib/python3.7/site-packages/airflow/example_dags/example_branch_labels.py for tasks to queue
[2023-02-19T20:14:44.360+0000] {logging_mixin.py:137} INFO - [2023-02-19T20:14:44.360+0000] {dagbag.py:538} INFO - Filling up the DagBag from /home/airflow/.local/lib/python3.7/site-packages/airflow/example_dags/example_branch_labels.py
[2023-02-19T20:14:44.379+0000] {processor.py:753} INFO - DAG(s) dict_keys(['example_branch_labels']) retrieved from /home/airflow/.local/lib/python3.7/site-packages/airflow/example_dags/example_branch_labels.py
[2023-02-19T20:14:44.414+0000] {logging_mixin.py:137} INFO - [2023-02-19T20:14:44.414+0000] {dag.py:2690} INFO - Sync 1 DAGs
[2023-02-19T20:14:44.447+0000] {logging_mixin.py:137} INFO - [2023-02-19T20:14:44.447+0000] {dag.py:3441} INFO - Setting next_dagrun for example_branch_labels to 2023-02-18T00:00:00+00:00, run_after=2023-02-19T00:00:00+00:00
[2023-02-19T20:14:44.472+0000] {processor.py:175} INFO - Processing /home/airflow/.local/lib/python3.7/site-packages/airflow/example_dags/example_branch_labels.py took 0.121 seconds
[2023-02-19T20:15:15.161+0000] {processor.py:153} INFO - Started process (PID=666) to work on /home/airflow/.local/lib/python3.7/site-packages/airflow/example_dags/example_branch_labels.py
[2023-02-19T20:15:15.165+0000] {processor.py:743} INFO - Processing file /home/airflow/.local/lib/python3.7/site-packages/airflow/example_dags/example_branch_labels.py for tasks to queue
[2023-02-19T20:15:15.167+0000] {logging_mixin.py:137} INFO - [2023-02-19T20:15:15.167+0000] {dagbag.py:538} INFO - Filling up the DagBag from /home/airflow/.local/lib/python3.7/site-packages/airflow/example_dags/example_branch_labels.py
[2023-02-19T20:15:15.187+0000] {processor.py:753} INFO - DAG(s) dict_keys(['example_branch_labels']) retrieved from /home/airflow/.local/lib/python3.7/site-packages/airflow/example_dags/example_branch_labels.py
[2023-02-19T20:15:15.222+0000] {logging_mixin.py:137} INFO - [2023-02-19T20:15:15.222+0000] {dag.py:2690} INFO - Sync 1 DAGs
[2023-02-19T20:15:15.257+0000] {logging_mixin.py:137} INFO - [2023-02-19T20:15:15.256+0000] {dag.py:3441} INFO - Setting next_dagrun for example_branch_labels to 2023-02-18T00:00:00+00:00, run_after=2023-02-19T00:00:00+00:00
[2023-02-19T20:15:15.283+0000] {processor.py:175} INFO - Processing /home/airflow/.local/lib/python3.7/site-packages/airflow/example_dags/example_branch_labels.py took 0.128 seconds
[2023-02-19T20:15:45.792+0000] {processor.py:153} INFO - Started process (PID=742) to work on /home/airflow/.local/lib/python3.7/site-packages/airflow/example_dags/example_branch_labels.py
[2023-02-19T20:15:45.794+0000] {processor.py:743} INFO - Processing file /home/airflow/.local/lib/python3.7/site-packages/airflow/example_dags/example_branch_labels.py for tasks to queue
[2023-02-19T20:15:45.797+0000] {logging_mixin.py:137} INFO - [2023-02-19T20:15:45.796+0000] {dagbag.py:538} INFO - Filling up the DagBag from /home/airflow/.local/lib/python3.7/site-packages/airflow/example_dags/example_branch_labels.py
[2023-02-19T20:15:45.816+0000] {processor.py:753} INFO - DAG(s) dict_keys(['example_branch_labels']) retrieved from /home/airflow/.local/lib/python3.7/site-packages/airflow/example_dags/example_branch_labels.py
[2023-02-19T20:15:45.849+0000] {logging_mixin.py:137} INFO - [2023-02-19T20:15:45.849+0000] {dag.py:2690} INFO - Sync 1 DAGs
[2023-02-19T20:15:45.884+0000] {logging_mixin.py:137} INFO - [2023-02-19T20:15:45.884+0000] {dag.py:3441} INFO - Setting next_dagrun for example_branch_labels to 2023-02-18T00:00:00+00:00, run_after=2023-02-19T00:00:00+00:00
[2023-02-19T20:15:45.905+0000] {processor.py:175} INFO - Processing /home/airflow/.local/lib/python3.7/site-packages/airflow/example_dags/example_branch_labels.py took 0.118 seconds
[2023-02-19T20:16:16.446+0000] {processor.py:153} INFO - Started process (PID=806) to work on /home/airflow/.local/lib/python3.7/site-packages/airflow/example_dags/example_branch_labels.py
[2023-02-19T20:16:16.448+0000] {processor.py:743} INFO - Processing file /home/airflow/.local/lib/python3.7/site-packages/airflow/example_dags/example_branch_labels.py for tasks to queue
[2023-02-19T20:16:16.450+0000] {logging_mixin.py:137} INFO - [2023-02-19T20:16:16.450+0000] {dagbag.py:538} INFO - Filling up the DagBag from /home/airflow/.local/lib/python3.7/site-packages/airflow/example_dags/example_branch_labels.py
[2023-02-19T20:16:16.470+0000] {processor.py:753} INFO - DAG(s) dict_keys(['example_branch_labels']) retrieved from /home/airflow/.local/lib/python3.7/site-packages/airflow/example_dags/example_branch_labels.py
[2023-02-19T20:16:16.504+0000] {logging_mixin.py:137} INFO - [2023-02-19T20:16:16.503+0000] {dag.py:2690} INFO - Sync 1 DAGs
[2023-02-19T20:16:16.538+0000] {logging_mixin.py:137} INFO - [2023-02-19T20:16:16.538+0000] {dag.py:3441} INFO - Setting next_dagrun for example_branch_labels to 2023-02-18T00:00:00+00:00, run_after=2023-02-19T00:00:00+00:00
[2023-02-19T20:16:16.563+0000] {processor.py:175} INFO - Processing /home/airflow/.local/lib/python3.7/site-packages/airflow/example_dags/example_branch_labels.py took 0.122 seconds
[2023-02-19T20:16:46.890+0000] {processor.py:153} INFO - Started process (PID=881) to work on /home/airflow/.local/lib/python3.7/site-packages/airflow/example_dags/example_branch_labels.py
[2023-02-19T20:16:46.896+0000] {processor.py:743} INFO - Processing file /home/airflow/.local/lib/python3.7/site-packages/airflow/example_dags/example_branch_labels.py for tasks to queue
[2023-02-19T20:16:46.898+0000] {logging_mixin.py:137} INFO - [2023-02-19T20:16:46.898+0000] {dagbag.py:538} INFO - Filling up the DagBag from /home/airflow/.local/lib/python3.7/site-packages/airflow/example_dags/example_branch_labels.py
[2023-02-19T20:16:46.927+0000] {processor.py:753} INFO - DAG(s) dict_keys(['example_branch_labels']) retrieved from /home/airflow/.local/lib/python3.7/site-packages/airflow/example_dags/example_branch_labels.py
[2023-02-19T20:16:46.966+0000] {logging_mixin.py:137} INFO - [2023-02-19T20:16:46.966+0000] {dag.py:2690} INFO - Sync 1 DAGs
[2023-02-19T20:16:47.006+0000] {logging_mixin.py:137} INFO - [2023-02-19T20:16:47.006+0000] {dag.py:3441} INFO - Setting next_dagrun for example_branch_labels to 2023-02-18T00:00:00+00:00, run_after=2023-02-19T00:00:00+00:00
[2023-02-19T20:16:47.034+0000] {processor.py:175} INFO - Processing /home/airflow/.local/lib/python3.7/site-packages/airflow/example_dags/example_branch_labels.py took 0.152 seconds
[2023-02-19T20:17:17.946+0000] {processor.py:153} INFO - Started process (PID=944) to work on /home/airflow/.local/lib/python3.7/site-packages/airflow/example_dags/example_branch_labels.py
[2023-02-19T20:17:17.949+0000] {processor.py:743} INFO - Processing file /home/airflow/.local/lib/python3.7/site-packages/airflow/example_dags/example_branch_labels.py for tasks to queue
[2023-02-19T20:17:17.951+0000] {logging_mixin.py:137} INFO - [2023-02-19T20:17:17.950+0000] {dagbag.py:538} INFO - Filling up the DagBag from /home/airflow/.local/lib/python3.7/site-packages/airflow/example_dags/example_branch_labels.py
[2023-02-19T20:17:17.970+0000] {processor.py:753} INFO - DAG(s) dict_keys(['example_branch_labels']) retrieved from /home/airflow/.local/lib/python3.7/site-packages/airflow/example_dags/example_branch_labels.py
[2023-02-19T20:17:18.007+0000] {logging_mixin.py:137} INFO - [2023-02-19T20:17:18.007+0000] {dag.py:2690} INFO - Sync 1 DAGs
[2023-02-19T20:17:18.040+0000] {logging_mixin.py:137} INFO - [2023-02-19T20:17:18.040+0000] {dag.py:3441} INFO - Setting next_dagrun for example_branch_labels to 2023-02-18T00:00:00+00:00, run_after=2023-02-19T00:00:00+00:00
[2023-02-19T20:17:18.064+0000] {processor.py:175} INFO - Processing /home/airflow/.local/lib/python3.7/site-packages/airflow/example_dags/example_branch_labels.py took 0.123 seconds
[2023-02-19T20:17:48.509+0000] {processor.py:153} INFO - Started process (PID=1019) to work on /home/airflow/.local/lib/python3.7/site-packages/airflow/example_dags/example_branch_labels.py
[2023-02-19T20:17:48.511+0000] {processor.py:743} INFO - Processing file /home/airflow/.local/lib/python3.7/site-packages/airflow/example_dags/example_branch_labels.py for tasks to queue
[2023-02-19T20:17:48.513+0000] {logging_mixin.py:137} INFO - [2023-02-19T20:17:48.513+0000] {dagbag.py:538} INFO - Filling up the DagBag from /home/airflow/.local/lib/python3.7/site-packages/airflow/example_dags/example_branch_labels.py
[2023-02-19T20:17:48.531+0000] {processor.py:753} INFO - DAG(s) dict_keys(['example_branch_labels']) retrieved from /home/airflow/.local/lib/python3.7/site-packages/airflow/example_dags/example_branch_labels.py
[2023-02-19T20:17:48.566+0000] {logging_mixin.py:137} INFO - [2023-02-19T20:17:48.566+0000] {dag.py:2690} INFO - Sync 1 DAGs
[2023-02-19T20:17:48.604+0000] {logging_mixin.py:137} INFO - [2023-02-19T20:17:48.604+0000] {dag.py:3441} INFO - Setting next_dagrun for example_branch_labels to 2023-02-18T00:00:00+00:00, run_after=2023-02-19T00:00:00+00:00
[2023-02-19T20:17:48.630+0000] {processor.py:175} INFO - Processing /home/airflow/.local/lib/python3.7/site-packages/airflow/example_dags/example_branch_labels.py took 0.126 seconds
[2023-02-19T20:18:19.187+0000] {processor.py:153} INFO - Started process (PID=1083) to work on /home/airflow/.local/lib/python3.7/site-packages/airflow/example_dags/example_branch_labels.py
[2023-02-19T20:18:19.190+0000] {processor.py:743} INFO - Processing file /home/airflow/.local/lib/python3.7/site-packages/airflow/example_dags/example_branch_labels.py for tasks to queue
[2023-02-19T20:18:19.192+0000] {logging_mixin.py:137} INFO - [2023-02-19T20:18:19.192+0000] {dagbag.py:538} INFO - Filling up the DagBag from /home/airflow/.local/lib/python3.7/site-packages/airflow/example_dags/example_branch_labels.py
[2023-02-19T20:18:19.211+0000] {processor.py:753} INFO - DAG(s) dict_keys(['example_branch_labels']) retrieved from /home/airflow/.local/lib/python3.7/site-packages/airflow/example_dags/example_branch_labels.py
[2023-02-19T20:18:19.245+0000] {logging_mixin.py:137} INFO - [2023-02-19T20:18:19.245+0000] {dag.py:2690} INFO - Sync 1 DAGs
[2023-02-19T20:18:19.281+0000] {logging_mixin.py:137} INFO - [2023-02-19T20:18:19.281+0000] {dag.py:3441} INFO - Setting next_dagrun for example_branch_labels to 2023-02-18T00:00:00+00:00, run_after=2023-02-19T00:00:00+00:00
[2023-02-19T20:18:19.307+0000] {processor.py:175} INFO - Processing /home/airflow/.local/lib/python3.7/site-packages/airflow/example_dags/example_branch_labels.py took 0.124 seconds
[2023-02-19T20:18:49.798+0000] {processor.py:153} INFO - Started process (PID=1152) to work on /home/airflow/.local/lib/python3.7/site-packages/airflow/example_dags/example_branch_labels.py
[2023-02-19T20:18:49.801+0000] {processor.py:743} INFO - Processing file /home/airflow/.local/lib/python3.7/site-packages/airflow/example_dags/example_branch_labels.py for tasks to queue
[2023-02-19T20:18:49.803+0000] {logging_mixin.py:137} INFO - [2023-02-19T20:18:49.803+0000] {dagbag.py:538} INFO - Filling up the DagBag from /home/airflow/.local/lib/python3.7/site-packages/airflow/example_dags/example_branch_labels.py
[2023-02-19T20:18:49.830+0000] {processor.py:753} INFO - DAG(s) dict_keys(['example_branch_labels']) retrieved from /home/airflow/.local/lib/python3.7/site-packages/airflow/example_dags/example_branch_labels.py
[2023-02-19T20:18:49.868+0000] {logging_mixin.py:137} INFO - [2023-02-19T20:18:49.868+0000] {dag.py:2690} INFO - Sync 1 DAGs
[2023-02-19T20:18:49.905+0000] {logging_mixin.py:137} INFO - [2023-02-19T20:18:49.905+0000] {dag.py:3441} INFO - Setting next_dagrun for example_branch_labels to 2023-02-18T00:00:00+00:00, run_after=2023-02-19T00:00:00+00:00
[2023-02-19T20:18:49.938+0000] {processor.py:175} INFO - Processing /home/airflow/.local/lib/python3.7/site-packages/airflow/example_dags/example_branch_labels.py took 0.147 seconds
[2023-02-19T20:19:20.555+0000] {processor.py:153} INFO - Started process (PID=1220) to work on /home/airflow/.local/lib/python3.7/site-packages/airflow/example_dags/example_branch_labels.py
[2023-02-19T20:19:20.558+0000] {processor.py:743} INFO - Processing file /home/airflow/.local/lib/python3.7/site-packages/airflow/example_dags/example_branch_labels.py for tasks to queue
[2023-02-19T20:19:20.560+0000] {logging_mixin.py:137} INFO - [2023-02-19T20:19:20.559+0000] {dagbag.py:538} INFO - Filling up the DagBag from /home/airflow/.local/lib/python3.7/site-packages/airflow/example_dags/example_branch_labels.py
[2023-02-19T20:19:20.580+0000] {processor.py:753} INFO - DAG(s) dict_keys(['example_branch_labels']) retrieved from /home/airflow/.local/lib/python3.7/site-packages/airflow/example_dags/example_branch_labels.py
[2023-02-19T20:19:20.614+0000] {logging_mixin.py:137} INFO - [2023-02-19T20:19:20.614+0000] {dag.py:2690} INFO - Sync 1 DAGs
[2023-02-19T20:19:20.647+0000] {logging_mixin.py:137} INFO - [2023-02-19T20:19:20.647+0000] {dag.py:3441} INFO - Setting next_dagrun for example_branch_labels to 2023-02-18T00:00:00+00:00, run_after=2023-02-19T00:00:00+00:00
[2023-02-19T20:19:20.673+0000] {processor.py:175} INFO - Processing /home/airflow/.local/lib/python3.7/site-packages/airflow/example_dags/example_branch_labels.py took 0.122 seconds
[2023-02-19T20:19:51.061+0000] {processor.py:153} INFO - Started process (PID=1283) to work on /home/airflow/.local/lib/python3.7/site-packages/airflow/example_dags/example_branch_labels.py
[2023-02-19T20:19:51.065+0000] {processor.py:743} INFO - Processing file /home/airflow/.local/lib/python3.7/site-packages/airflow/example_dags/example_branch_labels.py for tasks to queue
[2023-02-19T20:19:51.068+0000] {logging_mixin.py:137} INFO - [2023-02-19T20:19:51.067+0000] {dagbag.py:538} INFO - Filling up the DagBag from /home/airflow/.local/lib/python3.7/site-packages/airflow/example_dags/example_branch_labels.py
[2023-02-19T20:19:51.089+0000] {processor.py:753} INFO - DAG(s) dict_keys(['example_branch_labels']) retrieved from /home/airflow/.local/lib/python3.7/site-packages/airflow/example_dags/example_branch_labels.py
[2023-02-19T20:19:51.130+0000] {logging_mixin.py:137} INFO - [2023-02-19T20:19:51.129+0000] {dag.py:2690} INFO - Sync 1 DAGs
[2023-02-19T20:19:51.166+0000] {logging_mixin.py:137} INFO - [2023-02-19T20:19:51.166+0000] {dag.py:3441} INFO - Setting next_dagrun for example_branch_labels to 2023-02-18T00:00:00+00:00, run_after=2023-02-19T00:00:00+00:00
[2023-02-19T20:19:51.191+0000] {processor.py:175} INFO - Processing /home/airflow/.local/lib/python3.7/site-packages/airflow/example_dags/example_branch_labels.py took 0.134 seconds
[2023-02-19T20:20:21.711+0000] {processor.py:153} INFO - Started process (PID=1359) to work on /home/airflow/.local/lib/python3.7/site-packages/airflow/example_dags/example_branch_labels.py
[2023-02-19T20:20:21.714+0000] {processor.py:743} INFO - Processing file /home/airflow/.local/lib/python3.7/site-packages/airflow/example_dags/example_branch_labels.py for tasks to queue
[2023-02-19T20:20:21.716+0000] {logging_mixin.py:137} INFO - [2023-02-19T20:20:21.716+0000] {dagbag.py:538} INFO - Filling up the DagBag from /home/airflow/.local/lib/python3.7/site-packages/airflow/example_dags/example_branch_labels.py
[2023-02-19T20:20:21.735+0000] {processor.py:753} INFO - DAG(s) dict_keys(['example_branch_labels']) retrieved from /home/airflow/.local/lib/python3.7/site-packages/airflow/example_dags/example_branch_labels.py
[2023-02-19T20:20:21.768+0000] {logging_mixin.py:137} INFO - [2023-02-19T20:20:21.768+0000] {dag.py:2690} INFO - Sync 1 DAGs
[2023-02-19T20:20:21.800+0000] {logging_mixin.py:137} INFO - [2023-02-19T20:20:21.800+0000] {dag.py:3441} INFO - Setting next_dagrun for example_branch_labels to 2023-02-18T00:00:00+00:00, run_after=2023-02-19T00:00:00+00:00
[2023-02-19T20:20:21.829+0000] {processor.py:175} INFO - Processing /home/airflow/.local/lib/python3.7/site-packages/airflow/example_dags/example_branch_labels.py took 0.122 seconds
[2023-02-19T20:20:52.385+0000] {processor.py:153} INFO - Started process (PID=1423) to work on /home/airflow/.local/lib/python3.7/site-packages/airflow/example_dags/example_branch_labels.py
[2023-02-19T20:20:52.387+0000] {processor.py:743} INFO - Processing file /home/airflow/.local/lib/python3.7/site-packages/airflow/example_dags/example_branch_labels.py for tasks to queue
[2023-02-19T20:20:52.389+0000] {logging_mixin.py:137} INFO - [2023-02-19T20:20:52.389+0000] {dagbag.py:538} INFO - Filling up the DagBag from /home/airflow/.local/lib/python3.7/site-packages/airflow/example_dags/example_branch_labels.py
[2023-02-19T20:20:52.410+0000] {processor.py:753} INFO - DAG(s) dict_keys(['example_branch_labels']) retrieved from /home/airflow/.local/lib/python3.7/site-packages/airflow/example_dags/example_branch_labels.py
[2023-02-19T20:20:52.444+0000] {logging_mixin.py:137} INFO - [2023-02-19T20:20:52.444+0000] {dag.py:2690} INFO - Sync 1 DAGs
[2023-02-19T20:20:52.477+0000] {logging_mixin.py:137} INFO - [2023-02-19T20:20:52.477+0000] {dag.py:3441} INFO - Setting next_dagrun for example_branch_labels to 2023-02-18T00:00:00+00:00, run_after=2023-02-19T00:00:00+00:00
[2023-02-19T20:20:52.507+0000] {processor.py:175} INFO - Processing /home/airflow/.local/lib/python3.7/site-packages/airflow/example_dags/example_branch_labels.py took 0.127 seconds
[2023-02-19T20:21:22.810+0000] {processor.py:153} INFO - Started process (PID=1497) to work on /home/airflow/.local/lib/python3.7/site-packages/airflow/example_dags/example_branch_labels.py
[2023-02-19T20:21:22.812+0000] {processor.py:743} INFO - Processing file /home/airflow/.local/lib/python3.7/site-packages/airflow/example_dags/example_branch_labels.py for tasks to queue
[2023-02-19T20:21:22.815+0000] {logging_mixin.py:137} INFO - [2023-02-19T20:21:22.814+0000] {dagbag.py:538} INFO - Filling up the DagBag from /home/airflow/.local/lib/python3.7/site-packages/airflow/example_dags/example_branch_labels.py
[2023-02-19T20:21:22.835+0000] {processor.py:753} INFO - DAG(s) dict_keys(['example_branch_labels']) retrieved from /home/airflow/.local/lib/python3.7/site-packages/airflow/example_dags/example_branch_labels.py
[2023-02-19T20:21:22.869+0000] {logging_mixin.py:137} INFO - [2023-02-19T20:21:22.868+0000] {dag.py:2690} INFO - Sync 1 DAGs
[2023-02-19T20:21:22.903+0000] {logging_mixin.py:137} INFO - [2023-02-19T20:21:22.903+0000] {dag.py:3441} INFO - Setting next_dagrun for example_branch_labels to 2023-02-18T00:00:00+00:00, run_after=2023-02-19T00:00:00+00:00
[2023-02-19T20:21:22.927+0000] {processor.py:175} INFO - Processing /home/airflow/.local/lib/python3.7/site-packages/airflow/example_dags/example_branch_labels.py took 0.122 seconds
[2023-02-19T20:51:46.619+0000] {processor.py:153} INFO - Started process (PID=1558) to work on /home/airflow/.local/lib/python3.7/site-packages/airflow/example_dags/example_branch_labels.py
[2023-02-19T20:51:46.623+0000] {processor.py:743} INFO - Processing file /home/airflow/.local/lib/python3.7/site-packages/airflow/example_dags/example_branch_labels.py for tasks to queue
[2023-02-19T20:51:46.627+0000] {logging_mixin.py:137} INFO - [2023-02-19T20:51:46.626+0000] {dagbag.py:538} INFO - Filling up the DagBag from /home/airflow/.local/lib/python3.7/site-packages/airflow/example_dags/example_branch_labels.py
[2023-02-19T20:51:46.656+0000] {processor.py:753} INFO - DAG(s) dict_keys(['example_branch_labels']) retrieved from /home/airflow/.local/lib/python3.7/site-packages/airflow/example_dags/example_branch_labels.py
[2023-02-19T20:51:46.706+0000] {logging_mixin.py:137} INFO - [2023-02-19T20:51:46.706+0000] {dag.py:2690} INFO - Sync 1 DAGs
[2023-02-19T20:51:46.744+0000] {logging_mixin.py:137} INFO - [2023-02-19T20:51:46.744+0000] {dag.py:3441} INFO - Setting next_dagrun for example_branch_labels to 2023-02-18T00:00:00+00:00, run_after=2023-02-19T00:00:00+00:00
[2023-02-19T20:51:46.780+0000] {processor.py:175} INFO - Processing /home/airflow/.local/lib/python3.7/site-packages/airflow/example_dags/example_branch_labels.py took 0.168 seconds
[2023-02-19T21:09:24.266+0000] {processor.py:153} INFO - Started process (PID=1634) to work on /home/airflow/.local/lib/python3.7/site-packages/airflow/example_dags/example_branch_labels.py
[2023-02-19T21:09:24.269+0000] {processor.py:743} INFO - Processing file /home/airflow/.local/lib/python3.7/site-packages/airflow/example_dags/example_branch_labels.py for tasks to queue
[2023-02-19T21:09:24.272+0000] {logging_mixin.py:137} INFO - [2023-02-19T21:09:24.272+0000] {dagbag.py:538} INFO - Filling up the DagBag from /home/airflow/.local/lib/python3.7/site-packages/airflow/example_dags/example_branch_labels.py
[2023-02-19T21:09:24.300+0000] {processor.py:753} INFO - DAG(s) dict_keys(['example_branch_labels']) retrieved from /home/airflow/.local/lib/python3.7/site-packages/airflow/example_dags/example_branch_labels.py
[2023-02-19T21:09:24.342+0000] {logging_mixin.py:137} INFO - [2023-02-19T21:09:24.342+0000] {dag.py:2690} INFO - Sync 1 DAGs
[2023-02-19T21:09:24.394+0000] {logging_mixin.py:137} INFO - [2023-02-19T21:09:24.394+0000] {dag.py:3441} INFO - Setting next_dagrun for example_branch_labels to 2023-02-18T00:00:00+00:00, run_after=2023-02-19T00:00:00+00:00
[2023-02-19T21:09:24.444+0000] {processor.py:175} INFO - Processing /home/airflow/.local/lib/python3.7/site-packages/airflow/example_dags/example_branch_labels.py took 0.185 seconds
[2023-02-19T22:01:46.640+0000] {processor.py:153} INFO - Started process (PID=1708) to work on /home/airflow/.local/lib/python3.7/site-packages/airflow/example_dags/example_branch_labels.py
[2023-02-19T22:01:46.644+0000] {processor.py:743} INFO - Processing file /home/airflow/.local/lib/python3.7/site-packages/airflow/example_dags/example_branch_labels.py for tasks to queue
[2023-02-19T22:01:46.650+0000] {logging_mixin.py:137} INFO - [2023-02-19T22:01:46.650+0000] {dagbag.py:538} INFO - Filling up the DagBag from /home/airflow/.local/lib/python3.7/site-packages/airflow/example_dags/example_branch_labels.py
[2023-02-19T22:01:46.691+0000] {processor.py:753} INFO - DAG(s) dict_keys(['example_branch_labels']) retrieved from /home/airflow/.local/lib/python3.7/site-packages/airflow/example_dags/example_branch_labels.py
[2023-02-19T22:01:46.811+0000] {logging_mixin.py:137} INFO - [2023-02-19T22:01:46.810+0000] {dag.py:2690} INFO - Sync 1 DAGs
[2023-02-19T22:01:46.907+0000] {logging_mixin.py:137} INFO - [2023-02-19T22:01:46.907+0000] {dag.py:3441} INFO - Setting next_dagrun for example_branch_labels to 2023-02-18T00:00:00+00:00, run_after=2023-02-19T00:00:00+00:00
[2023-02-19T22:01:46.975+0000] {processor.py:175} INFO - Processing /home/airflow/.local/lib/python3.7/site-packages/airflow/example_dags/example_branch_labels.py took 0.346 seconds
[2023-02-19T22:02:17.265+0000] {processor.py:153} INFO - Started process (PID=1770) to work on /home/airflow/.local/lib/python3.7/site-packages/airflow/example_dags/example_branch_labels.py
[2023-02-19T22:02:17.268+0000] {processor.py:743} INFO - Processing file /home/airflow/.local/lib/python3.7/site-packages/airflow/example_dags/example_branch_labels.py for tasks to queue
[2023-02-19T22:02:17.270+0000] {logging_mixin.py:137} INFO - [2023-02-19T22:02:17.270+0000] {dagbag.py:538} INFO - Filling up the DagBag from /home/airflow/.local/lib/python3.7/site-packages/airflow/example_dags/example_branch_labels.py
[2023-02-19T22:02:17.289+0000] {processor.py:753} INFO - DAG(s) dict_keys(['example_branch_labels']) retrieved from /home/airflow/.local/lib/python3.7/site-packages/airflow/example_dags/example_branch_labels.py
[2023-02-19T22:02:17.324+0000] {logging_mixin.py:137} INFO - [2023-02-19T22:02:17.324+0000] {dag.py:2690} INFO - Sync 1 DAGs
[2023-02-19T22:02:17.354+0000] {logging_mixin.py:137} INFO - [2023-02-19T22:02:17.353+0000] {dag.py:3441} INFO - Setting next_dagrun for example_branch_labels to 2023-02-18T00:00:00+00:00, run_after=2023-02-19T00:00:00+00:00
[2023-02-19T22:02:17.376+0000] {processor.py:175} INFO - Processing /home/airflow/.local/lib/python3.7/site-packages/airflow/example_dags/example_branch_labels.py took 0.116 seconds
