[2023-02-19T20:10:40.232+0000] {processor.py:153} INFO - Started process (PID=66) to work on /home/airflow/.local/lib/python3.7/site-packages/airflow/example_dags/example_sla_dag.py
[2023-02-19T20:10:40.245+0000] {processor.py:743} INFO - Processing file /home/airflow/.local/lib/python3.7/site-packages/airflow/example_dags/example_sla_dag.py for tasks to queue
[2023-02-19T20:10:40.249+0000] {logging_mixin.py:137} INFO - [2023-02-19T20:10:40.249+0000] {dagbag.py:538} INFO - Filling up the DagBag from /home/airflow/.local/lib/python3.7/site-packages/airflow/example_dags/example_sla_dag.py
[2023-02-19T20:10:40.398+0000] {processor.py:753} INFO - DAG(s) dict_keys(['example_sla_dag']) retrieved from /home/airflow/.local/lib/python3.7/site-packages/airflow/example_dags/example_sla_dag.py
[2023-02-19T20:10:40.687+0000] {logging_mixin.py:137} INFO - [2023-02-19T20:10:40.683+0000] {dag.py:2690} INFO - Sync 1 DAGs
[2023-02-19T20:10:40.932+0000] {logging_mixin.py:137} INFO - [2023-02-19T20:10:40.932+0000] {dag.py:3441} INFO - Setting next_dagrun for example_sla_dag to 2023-02-19T20:08:00+00:00, run_after=2023-02-19T20:10:00+00:00
[2023-02-19T20:10:41.014+0000] {processor.py:175} INFO - Processing /home/airflow/.local/lib/python3.7/site-packages/airflow/example_dags/example_sla_dag.py took 0.787 seconds
[2023-02-19T20:11:11.100+0000] {processor.py:153} INFO - Started process (PID=129) to work on /home/airflow/.local/lib/python3.7/site-packages/airflow/example_dags/example_sla_dag.py
[2023-02-19T20:11:11.103+0000] {processor.py:743} INFO - Processing file /home/airflow/.local/lib/python3.7/site-packages/airflow/example_dags/example_sla_dag.py for tasks to queue
[2023-02-19T20:11:11.105+0000] {logging_mixin.py:137} INFO - [2023-02-19T20:11:11.105+0000] {dagbag.py:538} INFO - Filling up the DagBag from /home/airflow/.local/lib/python3.7/site-packages/airflow/example_dags/example_sla_dag.py
[2023-02-19T20:11:11.136+0000] {processor.py:753} INFO - DAG(s) dict_keys(['example_sla_dag']) retrieved from /home/airflow/.local/lib/python3.7/site-packages/airflow/example_dags/example_sla_dag.py
[2023-02-19T20:11:11.154+0000] {logging_mixin.py:137} INFO - [2023-02-19T20:11:11.154+0000] {dag.py:2690} INFO - Sync 1 DAGs
[2023-02-19T20:11:11.191+0000] {logging_mixin.py:137} INFO - [2023-02-19T20:11:11.191+0000] {dag.py:3441} INFO - Setting next_dagrun for example_sla_dag to 2023-02-19T20:08:00+00:00, run_after=2023-02-19T20:10:00+00:00
[2023-02-19T20:11:11.214+0000] {processor.py:175} INFO - Processing /home/airflow/.local/lib/python3.7/site-packages/airflow/example_dags/example_sla_dag.py took 0.118 seconds
[2023-02-19T20:11:41.425+0000] {processor.py:153} INFO - Started process (PID=198) to work on /home/airflow/.local/lib/python3.7/site-packages/airflow/example_dags/example_sla_dag.py
[2023-02-19T20:11:41.436+0000] {processor.py:743} INFO - Processing file /home/airflow/.local/lib/python3.7/site-packages/airflow/example_dags/example_sla_dag.py for tasks to queue
[2023-02-19T20:11:41.439+0000] {logging_mixin.py:137} INFO - [2023-02-19T20:11:41.438+0000] {dagbag.py:538} INFO - Filling up the DagBag from /home/airflow/.local/lib/python3.7/site-packages/airflow/example_dags/example_sla_dag.py
[2023-02-19T20:11:41.470+0000] {processor.py:753} INFO - DAG(s) dict_keys(['example_sla_dag']) retrieved from /home/airflow/.local/lib/python3.7/site-packages/airflow/example_dags/example_sla_dag.py
[2023-02-19T20:11:41.513+0000] {logging_mixin.py:137} INFO - [2023-02-19T20:11:41.513+0000] {dag.py:2690} INFO - Sync 1 DAGs
[2023-02-19T20:11:41.556+0000] {logging_mixin.py:137} INFO - [2023-02-19T20:11:41.556+0000] {dag.py:3441} INFO - Setting next_dagrun for example_sla_dag to 2023-02-19T20:08:00+00:00, run_after=2023-02-19T20:10:00+00:00
[2023-02-19T20:11:41.580+0000] {processor.py:175} INFO - Processing /home/airflow/.local/lib/python3.7/site-packages/airflow/example_dags/example_sla_dag.py took 0.160 seconds
[2023-02-19T20:12:12.329+0000] {processor.py:153} INFO - Started process (PID=268) to work on /home/airflow/.local/lib/python3.7/site-packages/airflow/example_dags/example_sla_dag.py
[2023-02-19T20:12:12.332+0000] {processor.py:743} INFO - Processing file /home/airflow/.local/lib/python3.7/site-packages/airflow/example_dags/example_sla_dag.py for tasks to queue
[2023-02-19T20:12:12.334+0000] {logging_mixin.py:137} INFO - [2023-02-19T20:12:12.334+0000] {dagbag.py:538} INFO - Filling up the DagBag from /home/airflow/.local/lib/python3.7/site-packages/airflow/example_dags/example_sla_dag.py
[2023-02-19T20:12:12.364+0000] {processor.py:753} INFO - DAG(s) dict_keys(['example_sla_dag']) retrieved from /home/airflow/.local/lib/python3.7/site-packages/airflow/example_dags/example_sla_dag.py
[2023-02-19T20:12:12.396+0000] {logging_mixin.py:137} INFO - [2023-02-19T20:12:12.396+0000] {dag.py:2690} INFO - Sync 1 DAGs
[2023-02-19T20:12:12.435+0000] {logging_mixin.py:137} INFO - [2023-02-19T20:12:12.435+0000] {dag.py:3441} INFO - Setting next_dagrun for example_sla_dag to 2023-02-19T20:10:00+00:00, run_after=2023-02-19T20:12:00+00:00
[2023-02-19T20:12:12.461+0000] {processor.py:175} INFO - Processing /home/airflow/.local/lib/python3.7/site-packages/airflow/example_dags/example_sla_dag.py took 0.137 seconds
[2023-02-19T20:12:42.525+0000] {processor.py:153} INFO - Started process (PID=331) to work on /home/airflow/.local/lib/python3.7/site-packages/airflow/example_dags/example_sla_dag.py
[2023-02-19T20:12:42.528+0000] {processor.py:743} INFO - Processing file /home/airflow/.local/lib/python3.7/site-packages/airflow/example_dags/example_sla_dag.py for tasks to queue
[2023-02-19T20:12:42.532+0000] {logging_mixin.py:137} INFO - [2023-02-19T20:12:42.531+0000] {dagbag.py:538} INFO - Filling up the DagBag from /home/airflow/.local/lib/python3.7/site-packages/airflow/example_dags/example_sla_dag.py
[2023-02-19T20:12:42.580+0000] {processor.py:753} INFO - DAG(s) dict_keys(['example_sla_dag']) retrieved from /home/airflow/.local/lib/python3.7/site-packages/airflow/example_dags/example_sla_dag.py
[2023-02-19T20:12:42.643+0000] {logging_mixin.py:137} INFO - [2023-02-19T20:12:42.642+0000] {dag.py:2690} INFO - Sync 1 DAGs
[2023-02-19T20:12:42.722+0000] {logging_mixin.py:137} INFO - [2023-02-19T20:12:42.721+0000] {dag.py:3441} INFO - Setting next_dagrun for example_sla_dag to 2023-02-19T20:10:00+00:00, run_after=2023-02-19T20:12:00+00:00
[2023-02-19T20:12:42.748+0000] {processor.py:175} INFO - Processing /home/airflow/.local/lib/python3.7/site-packages/airflow/example_dags/example_sla_dag.py took 0.231 seconds
[2023-02-19T20:13:13.155+0000] {processor.py:153} INFO - Started process (PID=406) to work on /home/airflow/.local/lib/python3.7/site-packages/airflow/example_dags/example_sla_dag.py
[2023-02-19T20:13:13.158+0000] {processor.py:743} INFO - Processing file /home/airflow/.local/lib/python3.7/site-packages/airflow/example_dags/example_sla_dag.py for tasks to queue
[2023-02-19T20:13:13.160+0000] {logging_mixin.py:137} INFO - [2023-02-19T20:13:13.159+0000] {dagbag.py:538} INFO - Filling up the DagBag from /home/airflow/.local/lib/python3.7/site-packages/airflow/example_dags/example_sla_dag.py
[2023-02-19T20:13:13.190+0000] {processor.py:753} INFO - DAG(s) dict_keys(['example_sla_dag']) retrieved from /home/airflow/.local/lib/python3.7/site-packages/airflow/example_dags/example_sla_dag.py
[2023-02-19T20:13:13.225+0000] {logging_mixin.py:137} INFO - [2023-02-19T20:13:13.225+0000] {dag.py:2690} INFO - Sync 1 DAGs
[2023-02-19T20:13:13.259+0000] {logging_mixin.py:137} INFO - [2023-02-19T20:13:13.259+0000] {dag.py:3441} INFO - Setting next_dagrun for example_sla_dag to 2023-02-19T20:10:00+00:00, run_after=2023-02-19T20:12:00+00:00
[2023-02-19T20:13:13.284+0000] {processor.py:175} INFO - Processing /home/airflow/.local/lib/python3.7/site-packages/airflow/example_dags/example_sla_dag.py took 0.134 seconds
[2023-02-19T20:13:43.438+0000] {processor.py:153} INFO - Started process (PID=469) to work on /home/airflow/.local/lib/python3.7/site-packages/airflow/example_dags/example_sla_dag.py
[2023-02-19T20:13:43.440+0000] {processor.py:743} INFO - Processing file /home/airflow/.local/lib/python3.7/site-packages/airflow/example_dags/example_sla_dag.py for tasks to queue
[2023-02-19T20:13:43.444+0000] {logging_mixin.py:137} INFO - [2023-02-19T20:13:43.443+0000] {dagbag.py:538} INFO - Filling up the DagBag from /home/airflow/.local/lib/python3.7/site-packages/airflow/example_dags/example_sla_dag.py
[2023-02-19T20:13:43.487+0000] {processor.py:753} INFO - DAG(s) dict_keys(['example_sla_dag']) retrieved from /home/airflow/.local/lib/python3.7/site-packages/airflow/example_dags/example_sla_dag.py
[2023-02-19T20:13:43.528+0000] {logging_mixin.py:137} INFO - [2023-02-19T20:13:43.528+0000] {dag.py:2690} INFO - Sync 1 DAGs
[2023-02-19T20:13:43.574+0000] {logging_mixin.py:137} INFO - [2023-02-19T20:13:43.574+0000] {dag.py:3441} INFO - Setting next_dagrun for example_sla_dag to 2023-02-19T20:10:00+00:00, run_after=2023-02-19T20:12:00+00:00
[2023-02-19T20:13:43.615+0000] {processor.py:175} INFO - Processing /home/airflow/.local/lib/python3.7/site-packages/airflow/example_dags/example_sla_dag.py took 0.181 seconds
[2023-02-19T20:14:13.962+0000] {processor.py:153} INFO - Started process (PID=532) to work on /home/airflow/.local/lib/python3.7/site-packages/airflow/example_dags/example_sla_dag.py
[2023-02-19T20:14:13.965+0000] {processor.py:743} INFO - Processing file /home/airflow/.local/lib/python3.7/site-packages/airflow/example_dags/example_sla_dag.py for tasks to queue
[2023-02-19T20:14:13.966+0000] {logging_mixin.py:137} INFO - [2023-02-19T20:14:13.966+0000] {dagbag.py:538} INFO - Filling up the DagBag from /home/airflow/.local/lib/python3.7/site-packages/airflow/example_dags/example_sla_dag.py
[2023-02-19T20:14:13.996+0000] {processor.py:753} INFO - DAG(s) dict_keys(['example_sla_dag']) retrieved from /home/airflow/.local/lib/python3.7/site-packages/airflow/example_dags/example_sla_dag.py
[2023-02-19T20:14:14.031+0000] {logging_mixin.py:137} INFO - [2023-02-19T20:14:14.030+0000] {dag.py:2690} INFO - Sync 1 DAGs
[2023-02-19T20:14:14.069+0000] {logging_mixin.py:137} INFO - [2023-02-19T20:14:14.069+0000] {dag.py:3441} INFO - Setting next_dagrun for example_sla_dag to 2023-02-19T20:12:00+00:00, run_after=2023-02-19T20:14:00+00:00
[2023-02-19T20:14:14.097+0000] {processor.py:175} INFO - Processing /home/airflow/.local/lib/python3.7/site-packages/airflow/example_dags/example_sla_dag.py took 0.139 seconds
[2023-02-19T20:14:44.679+0000] {processor.py:153} INFO - Started process (PID=607) to work on /home/airflow/.local/lib/python3.7/site-packages/airflow/example_dags/example_sla_dag.py
[2023-02-19T20:14:44.681+0000] {processor.py:743} INFO - Processing file /home/airflow/.local/lib/python3.7/site-packages/airflow/example_dags/example_sla_dag.py for tasks to queue
[2023-02-19T20:14:44.683+0000] {logging_mixin.py:137} INFO - [2023-02-19T20:14:44.683+0000] {dagbag.py:538} INFO - Filling up the DagBag from /home/airflow/.local/lib/python3.7/site-packages/airflow/example_dags/example_sla_dag.py
[2023-02-19T20:14:44.712+0000] {processor.py:753} INFO - DAG(s) dict_keys(['example_sla_dag']) retrieved from /home/airflow/.local/lib/python3.7/site-packages/airflow/example_dags/example_sla_dag.py
[2023-02-19T20:14:44.746+0000] {logging_mixin.py:137} INFO - [2023-02-19T20:14:44.746+0000] {dag.py:2690} INFO - Sync 1 DAGs
[2023-02-19T20:14:44.784+0000] {logging_mixin.py:137} INFO - [2023-02-19T20:14:44.783+0000] {dag.py:3441} INFO - Setting next_dagrun for example_sla_dag to 2023-02-19T20:12:00+00:00, run_after=2023-02-19T20:14:00+00:00
[2023-02-19T20:14:44.805+0000] {processor.py:175} INFO - Processing /home/airflow/.local/lib/python3.7/site-packages/airflow/example_dags/example_sla_dag.py took 0.130 seconds
[2023-02-19T20:15:15.493+0000] {processor.py:153} INFO - Started process (PID=670) to work on /home/airflow/.local/lib/python3.7/site-packages/airflow/example_dags/example_sla_dag.py
[2023-02-19T20:15:15.500+0000] {processor.py:743} INFO - Processing file /home/airflow/.local/lib/python3.7/site-packages/airflow/example_dags/example_sla_dag.py for tasks to queue
[2023-02-19T20:15:15.508+0000] {logging_mixin.py:137} INFO - [2023-02-19T20:15:15.508+0000] {dagbag.py:538} INFO - Filling up the DagBag from /home/airflow/.local/lib/python3.7/site-packages/airflow/example_dags/example_sla_dag.py
[2023-02-19T20:15:15.544+0000] {processor.py:753} INFO - DAG(s) dict_keys(['example_sla_dag']) retrieved from /home/airflow/.local/lib/python3.7/site-packages/airflow/example_dags/example_sla_dag.py
[2023-02-19T20:15:15.597+0000] {logging_mixin.py:137} INFO - [2023-02-19T20:15:15.597+0000] {dag.py:2690} INFO - Sync 1 DAGs
[2023-02-19T20:15:15.637+0000] {logging_mixin.py:137} INFO - [2023-02-19T20:15:15.637+0000] {dag.py:3441} INFO - Setting next_dagrun for example_sla_dag to 2023-02-19T20:12:00+00:00, run_after=2023-02-19T20:14:00+00:00
[2023-02-19T20:15:15.659+0000] {processor.py:175} INFO - Processing /home/airflow/.local/lib/python3.7/site-packages/airflow/example_dags/example_sla_dag.py took 0.172 seconds
[2023-02-19T20:15:46.129+0000] {processor.py:153} INFO - Started process (PID=746) to work on /home/airflow/.local/lib/python3.7/site-packages/airflow/example_dags/example_sla_dag.py
[2023-02-19T20:15:46.132+0000] {processor.py:743} INFO - Processing file /home/airflow/.local/lib/python3.7/site-packages/airflow/example_dags/example_sla_dag.py for tasks to queue
[2023-02-19T20:15:46.134+0000] {logging_mixin.py:137} INFO - [2023-02-19T20:15:46.133+0000] {dagbag.py:538} INFO - Filling up the DagBag from /home/airflow/.local/lib/python3.7/site-packages/airflow/example_dags/example_sla_dag.py
[2023-02-19T20:15:46.163+0000] {processor.py:753} INFO - DAG(s) dict_keys(['example_sla_dag']) retrieved from /home/airflow/.local/lib/python3.7/site-packages/airflow/example_dags/example_sla_dag.py
[2023-02-19T20:15:46.197+0000] {logging_mixin.py:137} INFO - [2023-02-19T20:15:46.197+0000] {dag.py:2690} INFO - Sync 1 DAGs
[2023-02-19T20:15:46.237+0000] {logging_mixin.py:137} INFO - [2023-02-19T20:15:46.237+0000] {dag.py:3441} INFO - Setting next_dagrun for example_sla_dag to 2023-02-19T20:12:00+00:00, run_after=2023-02-19T20:14:00+00:00
[2023-02-19T20:15:46.260+0000] {processor.py:175} INFO - Processing /home/airflow/.local/lib/python3.7/site-packages/airflow/example_dags/example_sla_dag.py took 0.135 seconds
[2023-02-19T20:16:16.787+0000] {processor.py:153} INFO - Started process (PID=810) to work on /home/airflow/.local/lib/python3.7/site-packages/airflow/example_dags/example_sla_dag.py
[2023-02-19T20:16:16.789+0000] {processor.py:743} INFO - Processing file /home/airflow/.local/lib/python3.7/site-packages/airflow/example_dags/example_sla_dag.py for tasks to queue
[2023-02-19T20:16:16.791+0000] {logging_mixin.py:137} INFO - [2023-02-19T20:16:16.791+0000] {dagbag.py:538} INFO - Filling up the DagBag from /home/airflow/.local/lib/python3.7/site-packages/airflow/example_dags/example_sla_dag.py
[2023-02-19T20:16:16.820+0000] {processor.py:753} INFO - DAG(s) dict_keys(['example_sla_dag']) retrieved from /home/airflow/.local/lib/python3.7/site-packages/airflow/example_dags/example_sla_dag.py
[2023-02-19T20:16:16.868+0000] {logging_mixin.py:137} INFO - [2023-02-19T20:16:16.868+0000] {dag.py:2690} INFO - Sync 1 DAGs
[2023-02-19T20:16:16.913+0000] {logging_mixin.py:137} INFO - [2023-02-19T20:16:16.913+0000] {dag.py:3441} INFO - Setting next_dagrun for example_sla_dag to 2023-02-19T20:14:00+00:00, run_after=2023-02-19T20:16:00+00:00
[2023-02-19T20:16:16.937+0000] {processor.py:175} INFO - Processing /home/airflow/.local/lib/python3.7/site-packages/airflow/example_dags/example_sla_dag.py took 0.154 seconds
[2023-02-19T20:16:47.409+0000] {processor.py:153} INFO - Started process (PID=885) to work on /home/airflow/.local/lib/python3.7/site-packages/airflow/example_dags/example_sla_dag.py
[2023-02-19T20:16:47.411+0000] {processor.py:743} INFO - Processing file /home/airflow/.local/lib/python3.7/site-packages/airflow/example_dags/example_sla_dag.py for tasks to queue
[2023-02-19T20:16:47.413+0000] {logging_mixin.py:137} INFO - [2023-02-19T20:16:47.413+0000] {dagbag.py:538} INFO - Filling up the DagBag from /home/airflow/.local/lib/python3.7/site-packages/airflow/example_dags/example_sla_dag.py
[2023-02-19T20:16:47.443+0000] {processor.py:753} INFO - DAG(s) dict_keys(['example_sla_dag']) retrieved from /home/airflow/.local/lib/python3.7/site-packages/airflow/example_dags/example_sla_dag.py
[2023-02-19T20:16:47.475+0000] {logging_mixin.py:137} INFO - [2023-02-19T20:16:47.475+0000] {dag.py:2690} INFO - Sync 1 DAGs
[2023-02-19T20:16:47.509+0000] {logging_mixin.py:137} INFO - [2023-02-19T20:16:47.509+0000] {dag.py:3441} INFO - Setting next_dagrun for example_sla_dag to 2023-02-19T20:14:00+00:00, run_after=2023-02-19T20:16:00+00:00
[2023-02-19T20:16:47.532+0000] {processor.py:175} INFO - Processing /home/airflow/.local/lib/python3.7/site-packages/airflow/example_dags/example_sla_dag.py took 0.128 seconds
[2023-02-19T20:17:18.266+0000] {processor.py:153} INFO - Started process (PID=948) to work on /home/airflow/.local/lib/python3.7/site-packages/airflow/example_dags/example_sla_dag.py
[2023-02-19T20:17:18.269+0000] {processor.py:743} INFO - Processing file /home/airflow/.local/lib/python3.7/site-packages/airflow/example_dags/example_sla_dag.py for tasks to queue
[2023-02-19T20:17:18.270+0000] {logging_mixin.py:137} INFO - [2023-02-19T20:17:18.270+0000] {dagbag.py:538} INFO - Filling up the DagBag from /home/airflow/.local/lib/python3.7/site-packages/airflow/example_dags/example_sla_dag.py
[2023-02-19T20:17:18.301+0000] {processor.py:753} INFO - DAG(s) dict_keys(['example_sla_dag']) retrieved from /home/airflow/.local/lib/python3.7/site-packages/airflow/example_dags/example_sla_dag.py
[2023-02-19T20:17:18.332+0000] {logging_mixin.py:137} INFO - [2023-02-19T20:17:18.331+0000] {dag.py:2690} INFO - Sync 1 DAGs
[2023-02-19T20:17:18.368+0000] {logging_mixin.py:137} INFO - [2023-02-19T20:17:18.367+0000] {dag.py:3441} INFO - Setting next_dagrun for example_sla_dag to 2023-02-19T20:14:00+00:00, run_after=2023-02-19T20:16:00+00:00
[2023-02-19T20:17:18.390+0000] {processor.py:175} INFO - Processing /home/airflow/.local/lib/python3.7/site-packages/airflow/example_dags/example_sla_dag.py took 0.130 seconds
[2023-02-19T20:17:49.003+0000] {processor.py:153} INFO - Started process (PID=1023) to work on /home/airflow/.local/lib/python3.7/site-packages/airflow/example_dags/example_sla_dag.py
[2023-02-19T20:17:49.005+0000] {processor.py:743} INFO - Processing file /home/airflow/.local/lib/python3.7/site-packages/airflow/example_dags/example_sla_dag.py for tasks to queue
[2023-02-19T20:17:49.006+0000] {logging_mixin.py:137} INFO - [2023-02-19T20:17:49.006+0000] {dagbag.py:538} INFO - Filling up the DagBag from /home/airflow/.local/lib/python3.7/site-packages/airflow/example_dags/example_sla_dag.py
[2023-02-19T20:17:49.036+0000] {processor.py:753} INFO - DAG(s) dict_keys(['example_sla_dag']) retrieved from /home/airflow/.local/lib/python3.7/site-packages/airflow/example_dags/example_sla_dag.py
[2023-02-19T20:17:49.069+0000] {logging_mixin.py:137} INFO - [2023-02-19T20:17:49.069+0000] {dag.py:2690} INFO - Sync 1 DAGs
[2023-02-19T20:17:49.105+0000] {logging_mixin.py:137} INFO - [2023-02-19T20:17:49.105+0000] {dag.py:3441} INFO - Setting next_dagrun for example_sla_dag to 2023-02-19T20:14:00+00:00, run_after=2023-02-19T20:16:00+00:00
[2023-02-19T20:17:49.131+0000] {processor.py:175} INFO - Processing /home/airflow/.local/lib/python3.7/site-packages/airflow/example_dags/example_sla_dag.py took 0.133 seconds
[2023-02-19T20:18:19.506+0000] {processor.py:153} INFO - Started process (PID=1087) to work on /home/airflow/.local/lib/python3.7/site-packages/airflow/example_dags/example_sla_dag.py
[2023-02-19T20:18:19.508+0000] {processor.py:743} INFO - Processing file /home/airflow/.local/lib/python3.7/site-packages/airflow/example_dags/example_sla_dag.py for tasks to queue
[2023-02-19T20:18:19.510+0000] {logging_mixin.py:137} INFO - [2023-02-19T20:18:19.510+0000] {dagbag.py:538} INFO - Filling up the DagBag from /home/airflow/.local/lib/python3.7/site-packages/airflow/example_dags/example_sla_dag.py
[2023-02-19T20:18:19.539+0000] {processor.py:753} INFO - DAG(s) dict_keys(['example_sla_dag']) retrieved from /home/airflow/.local/lib/python3.7/site-packages/airflow/example_dags/example_sla_dag.py
[2023-02-19T20:18:19.574+0000] {logging_mixin.py:137} INFO - [2023-02-19T20:18:19.573+0000] {dag.py:2690} INFO - Sync 1 DAGs
[2023-02-19T20:18:19.611+0000] {logging_mixin.py:137} INFO - [2023-02-19T20:18:19.611+0000] {dag.py:3441} INFO - Setting next_dagrun for example_sla_dag to 2023-02-19T20:16:00+00:00, run_after=2023-02-19T20:18:00+00:00
[2023-02-19T20:18:19.634+0000] {processor.py:175} INFO - Processing /home/airflow/.local/lib/python3.7/site-packages/airflow/example_dags/example_sla_dag.py took 0.133 seconds
[2023-02-19T20:18:50.181+0000] {processor.py:153} INFO - Started process (PID=1158) to work on /home/airflow/.local/lib/python3.7/site-packages/airflow/example_dags/example_sla_dag.py
[2023-02-19T20:18:50.183+0000] {processor.py:743} INFO - Processing file /home/airflow/.local/lib/python3.7/site-packages/airflow/example_dags/example_sla_dag.py for tasks to queue
[2023-02-19T20:18:50.185+0000] {logging_mixin.py:137} INFO - [2023-02-19T20:18:50.185+0000] {dagbag.py:538} INFO - Filling up the DagBag from /home/airflow/.local/lib/python3.7/site-packages/airflow/example_dags/example_sla_dag.py
[2023-02-19T20:18:50.221+0000] {processor.py:753} INFO - DAG(s) dict_keys(['example_sla_dag']) retrieved from /home/airflow/.local/lib/python3.7/site-packages/airflow/example_dags/example_sla_dag.py
[2023-02-19T20:18:50.274+0000] {logging_mixin.py:137} INFO - [2023-02-19T20:18:50.274+0000] {dag.py:2690} INFO - Sync 1 DAGs
[2023-02-19T20:18:50.327+0000] {logging_mixin.py:137} INFO - [2023-02-19T20:18:50.327+0000] {dag.py:3441} INFO - Setting next_dagrun for example_sla_dag to 2023-02-19T20:16:00+00:00, run_after=2023-02-19T20:18:00+00:00
[2023-02-19T20:18:50.374+0000] {processor.py:175} INFO - Processing /home/airflow/.local/lib/python3.7/site-packages/airflow/example_dags/example_sla_dag.py took 0.197 seconds
[2023-02-19T20:19:20.933+0000] {processor.py:153} INFO - Started process (PID=1224) to work on /home/airflow/.local/lib/python3.7/site-packages/airflow/example_dags/example_sla_dag.py
[2023-02-19T20:19:20.935+0000] {processor.py:743} INFO - Processing file /home/airflow/.local/lib/python3.7/site-packages/airflow/example_dags/example_sla_dag.py for tasks to queue
[2023-02-19T20:19:20.937+0000] {logging_mixin.py:137} INFO - [2023-02-19T20:19:20.937+0000] {dagbag.py:538} INFO - Filling up the DagBag from /home/airflow/.local/lib/python3.7/site-packages/airflow/example_dags/example_sla_dag.py
[2023-02-19T20:19:20.967+0000] {processor.py:753} INFO - DAG(s) dict_keys(['example_sla_dag']) retrieved from /home/airflow/.local/lib/python3.7/site-packages/airflow/example_dags/example_sla_dag.py
[2023-02-19T20:19:20.999+0000] {logging_mixin.py:137} INFO - [2023-02-19T20:19:20.998+0000] {dag.py:2690} INFO - Sync 1 DAGs
[2023-02-19T20:19:21.036+0000] {logging_mixin.py:137} INFO - [2023-02-19T20:19:21.035+0000] {dag.py:3441} INFO - Setting next_dagrun for example_sla_dag to 2023-02-19T20:16:00+00:00, run_after=2023-02-19T20:18:00+00:00
[2023-02-19T20:19:21.062+0000] {processor.py:175} INFO - Processing /home/airflow/.local/lib/python3.7/site-packages/airflow/example_dags/example_sla_dag.py took 0.134 seconds
[2023-02-19T20:19:51.419+0000] {processor.py:153} INFO - Started process (PID=1287) to work on /home/airflow/.local/lib/python3.7/site-packages/airflow/example_dags/example_sla_dag.py
[2023-02-19T20:19:51.421+0000] {processor.py:743} INFO - Processing file /home/airflow/.local/lib/python3.7/site-packages/airflow/example_dags/example_sla_dag.py for tasks to queue
[2023-02-19T20:19:51.423+0000] {logging_mixin.py:137} INFO - [2023-02-19T20:19:51.422+0000] {dagbag.py:538} INFO - Filling up the DagBag from /home/airflow/.local/lib/python3.7/site-packages/airflow/example_dags/example_sla_dag.py
[2023-02-19T20:19:51.453+0000] {processor.py:753} INFO - DAG(s) dict_keys(['example_sla_dag']) retrieved from /home/airflow/.local/lib/python3.7/site-packages/airflow/example_dags/example_sla_dag.py
[2023-02-19T20:19:51.487+0000] {logging_mixin.py:137} INFO - [2023-02-19T20:19:51.487+0000] {dag.py:2690} INFO - Sync 1 DAGs
[2023-02-19T20:19:51.527+0000] {logging_mixin.py:137} INFO - [2023-02-19T20:19:51.527+0000] {dag.py:3441} INFO - Setting next_dagrun for example_sla_dag to 2023-02-19T20:16:00+00:00, run_after=2023-02-19T20:18:00+00:00
[2023-02-19T20:19:51.573+0000] {processor.py:175} INFO - Processing /home/airflow/.local/lib/python3.7/site-packages/airflow/example_dags/example_sla_dag.py took 0.158 seconds
[2023-02-19T20:20:22.136+0000] {processor.py:153} INFO - Started process (PID=1363) to work on /home/airflow/.local/lib/python3.7/site-packages/airflow/example_dags/example_sla_dag.py
[2023-02-19T20:20:22.138+0000] {processor.py:743} INFO - Processing file /home/airflow/.local/lib/python3.7/site-packages/airflow/example_dags/example_sla_dag.py for tasks to queue
[2023-02-19T20:20:22.140+0000] {logging_mixin.py:137} INFO - [2023-02-19T20:20:22.140+0000] {dagbag.py:538} INFO - Filling up the DagBag from /home/airflow/.local/lib/python3.7/site-packages/airflow/example_dags/example_sla_dag.py
[2023-02-19T20:20:22.169+0000] {processor.py:753} INFO - DAG(s) dict_keys(['example_sla_dag']) retrieved from /home/airflow/.local/lib/python3.7/site-packages/airflow/example_dags/example_sla_dag.py
[2023-02-19T20:20:22.204+0000] {logging_mixin.py:137} INFO - [2023-02-19T20:20:22.204+0000] {dag.py:2690} INFO - Sync 1 DAGs
[2023-02-19T20:20:22.239+0000] {logging_mixin.py:137} INFO - [2023-02-19T20:20:22.239+0000] {dag.py:3441} INFO - Setting next_dagrun for example_sla_dag to 2023-02-19T20:18:00+00:00, run_after=2023-02-19T20:20:00+00:00
[2023-02-19T20:20:22.271+0000] {processor.py:175} INFO - Processing /home/airflow/.local/lib/python3.7/site-packages/airflow/example_dags/example_sla_dag.py took 0.141 seconds
[2023-02-19T20:20:52.739+0000] {processor.py:153} INFO - Started process (PID=1427) to work on /home/airflow/.local/lib/python3.7/site-packages/airflow/example_dags/example_sla_dag.py
[2023-02-19T20:20:52.742+0000] {processor.py:743} INFO - Processing file /home/airflow/.local/lib/python3.7/site-packages/airflow/example_dags/example_sla_dag.py for tasks to queue
[2023-02-19T20:20:52.744+0000] {logging_mixin.py:137} INFO - [2023-02-19T20:20:52.743+0000] {dagbag.py:538} INFO - Filling up the DagBag from /home/airflow/.local/lib/python3.7/site-packages/airflow/example_dags/example_sla_dag.py
[2023-02-19T20:20:52.780+0000] {processor.py:753} INFO - DAG(s) dict_keys(['example_sla_dag']) retrieved from /home/airflow/.local/lib/python3.7/site-packages/airflow/example_dags/example_sla_dag.py
[2023-02-19T20:20:52.816+0000] {logging_mixin.py:137} INFO - [2023-02-19T20:20:52.816+0000] {dag.py:2690} INFO - Sync 1 DAGs
[2023-02-19T20:20:52.860+0000] {logging_mixin.py:137} INFO - [2023-02-19T20:20:52.860+0000] {dag.py:3441} INFO - Setting next_dagrun for example_sla_dag to 2023-02-19T20:18:00+00:00, run_after=2023-02-19T20:20:00+00:00
[2023-02-19T20:20:52.896+0000] {processor.py:175} INFO - Processing /home/airflow/.local/lib/python3.7/site-packages/airflow/example_dags/example_sla_dag.py took 0.161 seconds
[2023-02-19T20:21:23.130+0000] {processor.py:153} INFO - Started process (PID=1501) to work on /home/airflow/.local/lib/python3.7/site-packages/airflow/example_dags/example_sla_dag.py
[2023-02-19T20:21:23.133+0000] {processor.py:743} INFO - Processing file /home/airflow/.local/lib/python3.7/site-packages/airflow/example_dags/example_sla_dag.py for tasks to queue
[2023-02-19T20:21:23.152+0000] {logging_mixin.py:137} INFO - [2023-02-19T20:21:23.152+0000] {dagbag.py:538} INFO - Filling up the DagBag from /home/airflow/.local/lib/python3.7/site-packages/airflow/example_dags/example_sla_dag.py
[2023-02-19T20:21:23.371+0000] {processor.py:753} INFO - DAG(s) dict_keys(['example_sla_dag']) retrieved from /home/airflow/.local/lib/python3.7/site-packages/airflow/example_dags/example_sla_dag.py
[2023-02-19T20:21:24.492+0000] {logging_mixin.py:137} INFO - [2023-02-19T20:21:24.491+0000] {dag.py:2690} INFO - Sync 1 DAGs
[2023-02-19T20:21:24.628+0000] {logging_mixin.py:137} INFO - [2023-02-19T20:21:24.628+0000] {dag.py:3441} INFO - Setting next_dagrun for example_sla_dag to 2023-02-19T20:18:00+00:00, run_after=2023-02-19T20:20:00+00:00
[2023-02-19T20:21:24.671+0000] {processor.py:175} INFO - Processing /home/airflow/.local/lib/python3.7/site-packages/airflow/example_dags/example_sla_dag.py took 1.545 seconds
[2023-02-19T20:51:47.016+0000] {processor.py:153} INFO - Started process (PID=1562) to work on /home/airflow/.local/lib/python3.7/site-packages/airflow/example_dags/example_sla_dag.py
[2023-02-19T20:51:47.023+0000] {processor.py:743} INFO - Processing file /home/airflow/.local/lib/python3.7/site-packages/airflow/example_dags/example_sla_dag.py for tasks to queue
[2023-02-19T20:51:47.024+0000] {logging_mixin.py:137} INFO - [2023-02-19T20:51:47.024+0000] {dagbag.py:538} INFO - Filling up the DagBag from /home/airflow/.local/lib/python3.7/site-packages/airflow/example_dags/example_sla_dag.py
[2023-02-19T20:51:47.057+0000] {processor.py:753} INFO - DAG(s) dict_keys(['example_sla_dag']) retrieved from /home/airflow/.local/lib/python3.7/site-packages/airflow/example_dags/example_sla_dag.py
[2023-02-19T20:51:47.097+0000] {logging_mixin.py:137} INFO - [2023-02-19T20:51:47.097+0000] {dag.py:2690} INFO - Sync 1 DAGs
[2023-02-19T20:51:47.143+0000] {logging_mixin.py:137} INFO - [2023-02-19T20:51:47.143+0000] {dag.py:3441} INFO - Setting next_dagrun for example_sla_dag to 2023-02-19T20:48:00+00:00, run_after=2023-02-19T20:50:00+00:00
[2023-02-19T20:51:47.179+0000] {processor.py:175} INFO - Processing /home/airflow/.local/lib/python3.7/site-packages/airflow/example_dags/example_sla_dag.py took 0.168 seconds
[2023-02-19T21:09:24.810+0000] {processor.py:153} INFO - Started process (PID=1638) to work on /home/airflow/.local/lib/python3.7/site-packages/airflow/example_dags/example_sla_dag.py
[2023-02-19T21:09:24.813+0000] {processor.py:743} INFO - Processing file /home/airflow/.local/lib/python3.7/site-packages/airflow/example_dags/example_sla_dag.py for tasks to queue
[2023-02-19T21:09:24.816+0000] {logging_mixin.py:137} INFO - [2023-02-19T21:09:24.816+0000] {dagbag.py:538} INFO - Filling up the DagBag from /home/airflow/.local/lib/python3.7/site-packages/airflow/example_dags/example_sla_dag.py
[2023-02-19T21:09:24.857+0000] {processor.py:753} INFO - DAG(s) dict_keys(['example_sla_dag']) retrieved from /home/airflow/.local/lib/python3.7/site-packages/airflow/example_dags/example_sla_dag.py
[2023-02-19T21:09:24.912+0000] {logging_mixin.py:137} INFO - [2023-02-19T21:09:24.912+0000] {dag.py:2690} INFO - Sync 1 DAGs
[2023-02-19T21:09:24.961+0000] {logging_mixin.py:137} INFO - [2023-02-19T21:09:24.961+0000] {dag.py:3441} INFO - Setting next_dagrun for example_sla_dag to 2023-02-19T21:06:00+00:00, run_after=2023-02-19T21:08:00+00:00
[2023-02-19T21:09:24.995+0000] {processor.py:175} INFO - Processing /home/airflow/.local/lib/python3.7/site-packages/airflow/example_dags/example_sla_dag.py took 0.192 seconds
[2023-02-19T22:01:47.704+0000] {processor.py:153} INFO - Started process (PID=1712) to work on /home/airflow/.local/lib/python3.7/site-packages/airflow/example_dags/example_sla_dag.py
[2023-02-19T22:01:47.707+0000] {processor.py:743} INFO - Processing file /home/airflow/.local/lib/python3.7/site-packages/airflow/example_dags/example_sla_dag.py for tasks to queue
[2023-02-19T22:01:47.710+0000] {logging_mixin.py:137} INFO - [2023-02-19T22:01:47.710+0000] {dagbag.py:538} INFO - Filling up the DagBag from /home/airflow/.local/lib/python3.7/site-packages/airflow/example_dags/example_sla_dag.py
[2023-02-19T22:01:47.758+0000] {processor.py:753} INFO - DAG(s) dict_keys(['example_sla_dag']) retrieved from /home/airflow/.local/lib/python3.7/site-packages/airflow/example_dags/example_sla_dag.py
[2023-02-19T22:01:47.801+0000] {logging_mixin.py:137} INFO - [2023-02-19T22:01:47.800+0000] {dag.py:2690} INFO - Sync 1 DAGs
[2023-02-19T22:01:47.845+0000] {logging_mixin.py:137} INFO - [2023-02-19T22:01:47.845+0000] {dag.py:3441} INFO - Setting next_dagrun for example_sla_dag to 2023-02-19T21:58:00+00:00, run_after=2023-02-19T22:00:00+00:00
[2023-02-19T22:01:47.879+0000] {processor.py:175} INFO - Processing /home/airflow/.local/lib/python3.7/site-packages/airflow/example_dags/example_sla_dag.py took 0.185 seconds
[2023-02-19T22:02:18.626+0000] {processor.py:153} INFO - Started process (PID=1774) to work on /home/airflow/.local/lib/python3.7/site-packages/airflow/example_dags/example_sla_dag.py
[2023-02-19T22:02:18.631+0000] {processor.py:743} INFO - Processing file /home/airflow/.local/lib/python3.7/site-packages/airflow/example_dags/example_sla_dag.py for tasks to queue
[2023-02-19T22:02:18.635+0000] {logging_mixin.py:137} INFO - [2023-02-19T22:02:18.634+0000] {dagbag.py:538} INFO - Filling up the DagBag from /home/airflow/.local/lib/python3.7/site-packages/airflow/example_dags/example_sla_dag.py
[2023-02-19T22:02:18.681+0000] {processor.py:753} INFO - DAG(s) dict_keys(['example_sla_dag']) retrieved from /home/airflow/.local/lib/python3.7/site-packages/airflow/example_dags/example_sla_dag.py
[2023-02-19T22:02:18.724+0000] {logging_mixin.py:137} INFO - [2023-02-19T22:02:18.724+0000] {dag.py:2690} INFO - Sync 1 DAGs
[2023-02-19T22:02:18.770+0000] {logging_mixin.py:137} INFO - [2023-02-19T22:02:18.770+0000] {dag.py:3441} INFO - Setting next_dagrun for example_sla_dag to 2023-02-19T22:00:00+00:00, run_after=2023-02-19T22:02:00+00:00
[2023-02-19T22:02:18.808+0000] {processor.py:175} INFO - Processing /home/airflow/.local/lib/python3.7/site-packages/airflow/example_dags/example_sla_dag.py took 0.187 seconds
