[2023-02-19T20:10:37.014+0000] {processor.py:153} INFO - Started process (PID=49) to work on /home/airflow/.local/lib/python3.7/site-packages/airflow/example_dags/example_task_group.py
[2023-02-19T20:10:37.021+0000] {processor.py:743} INFO - Processing file /home/airflow/.local/lib/python3.7/site-packages/airflow/example_dags/example_task_group.py for tasks to queue
[2023-02-19T20:10:37.028+0000] {logging_mixin.py:137} INFO - [2023-02-19T20:10:37.027+0000] {dagbag.py:538} INFO - Filling up the DagBag from /home/airflow/.local/lib/python3.7/site-packages/airflow/example_dags/example_task_group.py
[2023-02-19T20:10:37.105+0000] {processor.py:753} INFO - DAG(s) dict_keys(['example_task_group']) retrieved from /home/airflow/.local/lib/python3.7/site-packages/airflow/example_dags/example_task_group.py
[2023-02-19T20:10:37.174+0000] {logging_mixin.py:137} INFO - [2023-02-19T20:10:37.174+0000] {dag.py:2690} INFO - Sync 1 DAGs
[2023-02-19T20:10:37.245+0000] {logging_mixin.py:137} INFO - [2023-02-19T20:10:37.245+0000] {dag.py:3441} INFO - Setting next_dagrun for example_task_group to 2023-02-18T20:10:37.244742+00:00, run_after=2023-02-19T20:10:37.244742+00:00
[2023-02-19T20:10:37.282+0000] {processor.py:175} INFO - Processing /home/airflow/.local/lib/python3.7/site-packages/airflow/example_dags/example_task_group.py took 0.279 seconds
[2023-02-19T20:11:07.463+0000] {processor.py:153} INFO - Started process (PID=112) to work on /home/airflow/.local/lib/python3.7/site-packages/airflow/example_dags/example_task_group.py
[2023-02-19T20:11:07.465+0000] {processor.py:743} INFO - Processing file /home/airflow/.local/lib/python3.7/site-packages/airflow/example_dags/example_task_group.py for tasks to queue
[2023-02-19T20:11:07.467+0000] {logging_mixin.py:137} INFO - [2023-02-19T20:11:07.467+0000] {dagbag.py:538} INFO - Filling up the DagBag from /home/airflow/.local/lib/python3.7/site-packages/airflow/example_dags/example_task_group.py
[2023-02-19T20:11:07.494+0000] {processor.py:753} INFO - DAG(s) dict_keys(['example_task_group']) retrieved from /home/airflow/.local/lib/python3.7/site-packages/airflow/example_dags/example_task_group.py
[2023-02-19T20:11:07.513+0000] {logging_mixin.py:137} INFO - [2023-02-19T20:11:07.512+0000] {dag.py:2690} INFO - Sync 1 DAGs
[2023-02-19T20:11:07.546+0000] {logging_mixin.py:137} INFO - [2023-02-19T20:11:07.546+0000] {dag.py:3441} INFO - Setting next_dagrun for example_task_group to 2023-02-18T20:11:07.545231+00:00, run_after=2023-02-19T20:11:07.545231+00:00
[2023-02-19T20:11:07.572+0000] {processor.py:175} INFO - Processing /home/airflow/.local/lib/python3.7/site-packages/airflow/example_dags/example_task_group.py took 0.116 seconds
[2023-02-19T20:11:37.656+0000] {processor.py:153} INFO - Started process (PID=175) to work on /home/airflow/.local/lib/python3.7/site-packages/airflow/example_dags/example_task_group.py
[2023-02-19T20:11:37.659+0000] {processor.py:743} INFO - Processing file /home/airflow/.local/lib/python3.7/site-packages/airflow/example_dags/example_task_group.py for tasks to queue
[2023-02-19T20:11:37.661+0000] {logging_mixin.py:137} INFO - [2023-02-19T20:11:37.661+0000] {dagbag.py:538} INFO - Filling up the DagBag from /home/airflow/.local/lib/python3.7/site-packages/airflow/example_dags/example_task_group.py
[2023-02-19T20:11:37.682+0000] {processor.py:753} INFO - DAG(s) dict_keys(['example_task_group']) retrieved from /home/airflow/.local/lib/python3.7/site-packages/airflow/example_dags/example_task_group.py
[2023-02-19T20:11:37.718+0000] {logging_mixin.py:137} INFO - [2023-02-19T20:11:37.717+0000] {dag.py:2690} INFO - Sync 1 DAGs
[2023-02-19T20:11:37.753+0000] {logging_mixin.py:137} INFO - [2023-02-19T20:11:37.753+0000] {dag.py:3441} INFO - Setting next_dagrun for example_task_group to 2023-02-18T20:11:37.752871+00:00, run_after=2023-02-19T20:11:37.752871+00:00
[2023-02-19T20:11:37.787+0000] {processor.py:175} INFO - Processing /home/airflow/.local/lib/python3.7/site-packages/airflow/example_dags/example_task_group.py took 0.135 seconds
[2023-02-19T20:12:08.388+0000] {processor.py:153} INFO - Started process (PID=251) to work on /home/airflow/.local/lib/python3.7/site-packages/airflow/example_dags/example_task_group.py
[2023-02-19T20:12:08.395+0000] {processor.py:743} INFO - Processing file /home/airflow/.local/lib/python3.7/site-packages/airflow/example_dags/example_task_group.py for tasks to queue
[2023-02-19T20:12:08.396+0000] {logging_mixin.py:137} INFO - [2023-02-19T20:12:08.396+0000] {dagbag.py:538} INFO - Filling up the DagBag from /home/airflow/.local/lib/python3.7/site-packages/airflow/example_dags/example_task_group.py
[2023-02-19T20:12:08.421+0000] {processor.py:753} INFO - DAG(s) dict_keys(['example_task_group']) retrieved from /home/airflow/.local/lib/python3.7/site-packages/airflow/example_dags/example_task_group.py
[2023-02-19T20:12:08.455+0000] {logging_mixin.py:137} INFO - [2023-02-19T20:12:08.455+0000] {dag.py:2690} INFO - Sync 1 DAGs
[2023-02-19T20:12:08.488+0000] {logging_mixin.py:137} INFO - [2023-02-19T20:12:08.488+0000] {dag.py:3441} INFO - Setting next_dagrun for example_task_group to 2023-02-18T20:12:08.487926+00:00, run_after=2023-02-19T20:12:08.487926+00:00
[2023-02-19T20:12:08.515+0000] {processor.py:175} INFO - Processing /home/airflow/.local/lib/python3.7/site-packages/airflow/example_dags/example_task_group.py took 0.131 seconds
[2023-02-19T20:12:39.294+0000] {processor.py:153} INFO - Started process (PID=314) to work on /home/airflow/.local/lib/python3.7/site-packages/airflow/example_dags/example_task_group.py
[2023-02-19T20:12:39.296+0000] {processor.py:743} INFO - Processing file /home/airflow/.local/lib/python3.7/site-packages/airflow/example_dags/example_task_group.py for tasks to queue
[2023-02-19T20:12:39.298+0000] {logging_mixin.py:137} INFO - [2023-02-19T20:12:39.298+0000] {dagbag.py:538} INFO - Filling up the DagBag from /home/airflow/.local/lib/python3.7/site-packages/airflow/example_dags/example_task_group.py
[2023-02-19T20:12:39.319+0000] {processor.py:753} INFO - DAG(s) dict_keys(['example_task_group']) retrieved from /home/airflow/.local/lib/python3.7/site-packages/airflow/example_dags/example_task_group.py
[2023-02-19T20:12:39.365+0000] {logging_mixin.py:137} INFO - [2023-02-19T20:12:39.365+0000] {dag.py:2690} INFO - Sync 1 DAGs
[2023-02-19T20:12:39.402+0000] {logging_mixin.py:137} INFO - [2023-02-19T20:12:39.401+0000] {dag.py:3441} INFO - Setting next_dagrun for example_task_group to 2023-02-18T20:12:39.401563+00:00, run_after=2023-02-19T20:12:39.401563+00:00
[2023-02-19T20:12:39.428+0000] {processor.py:175} INFO - Processing /home/airflow/.local/lib/python3.7/site-packages/airflow/example_dags/example_task_group.py took 0.139 seconds
[2023-02-19T20:13:09.482+0000] {processor.py:153} INFO - Started process (PID=384) to work on /home/airflow/.local/lib/python3.7/site-packages/airflow/example_dags/example_task_group.py
[2023-02-19T20:13:09.484+0000] {processor.py:743} INFO - Processing file /home/airflow/.local/lib/python3.7/site-packages/airflow/example_dags/example_task_group.py for tasks to queue
[2023-02-19T20:13:09.486+0000] {logging_mixin.py:137} INFO - [2023-02-19T20:13:09.485+0000] {dagbag.py:538} INFO - Filling up the DagBag from /home/airflow/.local/lib/python3.7/site-packages/airflow/example_dags/example_task_group.py
[2023-02-19T20:13:09.507+0000] {processor.py:753} INFO - DAG(s) dict_keys(['example_task_group']) retrieved from /home/airflow/.local/lib/python3.7/site-packages/airflow/example_dags/example_task_group.py
[2023-02-19T20:13:09.541+0000] {logging_mixin.py:137} INFO - [2023-02-19T20:13:09.541+0000] {dag.py:2690} INFO - Sync 1 DAGs
[2023-02-19T20:13:09.575+0000] {logging_mixin.py:137} INFO - [2023-02-19T20:13:09.575+0000] {dag.py:3441} INFO - Setting next_dagrun for example_task_group to 2023-02-18T20:13:09.574879+00:00, run_after=2023-02-19T20:13:09.574879+00:00
[2023-02-19T20:13:09.602+0000] {processor.py:175} INFO - Processing /home/airflow/.local/lib/python3.7/site-packages/airflow/example_dags/example_task_group.py took 0.124 seconds
[2023-02-19T20:13:40.266+0000] {processor.py:153} INFO - Started process (PID=452) to work on /home/airflow/.local/lib/python3.7/site-packages/airflow/example_dags/example_task_group.py
[2023-02-19T20:13:40.270+0000] {processor.py:743} INFO - Processing file /home/airflow/.local/lib/python3.7/site-packages/airflow/example_dags/example_task_group.py for tasks to queue
[2023-02-19T20:13:40.272+0000] {logging_mixin.py:137} INFO - [2023-02-19T20:13:40.272+0000] {dagbag.py:538} INFO - Filling up the DagBag from /home/airflow/.local/lib/python3.7/site-packages/airflow/example_dags/example_task_group.py
[2023-02-19T20:13:40.298+0000] {processor.py:753} INFO - DAG(s) dict_keys(['example_task_group']) retrieved from /home/airflow/.local/lib/python3.7/site-packages/airflow/example_dags/example_task_group.py
[2023-02-19T20:13:40.336+0000] {logging_mixin.py:137} INFO - [2023-02-19T20:13:40.336+0000] {dag.py:2690} INFO - Sync 1 DAGs
[2023-02-19T20:13:40.370+0000] {logging_mixin.py:137} INFO - [2023-02-19T20:13:40.369+0000] {dag.py:3441} INFO - Setting next_dagrun for example_task_group to 2023-02-18T20:13:40.369436+00:00, run_after=2023-02-19T20:13:40.369436+00:00
[2023-02-19T20:13:40.398+0000] {processor.py:175} INFO - Processing /home/airflow/.local/lib/python3.7/site-packages/airflow/example_dags/example_task_group.py took 0.136 seconds
[2023-02-19T20:14:10.972+0000] {processor.py:153} INFO - Started process (PID=515) to work on /home/airflow/.local/lib/python3.7/site-packages/airflow/example_dags/example_task_group.py
[2023-02-19T20:14:10.974+0000] {processor.py:743} INFO - Processing file /home/airflow/.local/lib/python3.7/site-packages/airflow/example_dags/example_task_group.py for tasks to queue
[2023-02-19T20:14:10.976+0000] {logging_mixin.py:137} INFO - [2023-02-19T20:14:10.976+0000] {dagbag.py:538} INFO - Filling up the DagBag from /home/airflow/.local/lib/python3.7/site-packages/airflow/example_dags/example_task_group.py
[2023-02-19T20:14:10.999+0000] {processor.py:753} INFO - DAG(s) dict_keys(['example_task_group']) retrieved from /home/airflow/.local/lib/python3.7/site-packages/airflow/example_dags/example_task_group.py
[2023-02-19T20:14:11.046+0000] {logging_mixin.py:137} INFO - [2023-02-19T20:14:11.045+0000] {dag.py:2690} INFO - Sync 1 DAGs
[2023-02-19T20:14:11.083+0000] {logging_mixin.py:137} INFO - [2023-02-19T20:14:11.083+0000] {dag.py:3441} INFO - Setting next_dagrun for example_task_group to 2023-02-18T20:14:11.083231+00:00, run_after=2023-02-19T20:14:11.083231+00:00
[2023-02-19T20:14:11.112+0000] {processor.py:175} INFO - Processing /home/airflow/.local/lib/python3.7/site-packages/airflow/example_dags/example_task_group.py took 0.145 seconds
[2023-02-19T20:14:42.158+0000] {processor.py:153} INFO - Started process (PID=590) to work on /home/airflow/.local/lib/python3.7/site-packages/airflow/example_dags/example_task_group.py
[2023-02-19T20:14:42.160+0000] {processor.py:743} INFO - Processing file /home/airflow/.local/lib/python3.7/site-packages/airflow/example_dags/example_task_group.py for tasks to queue
[2023-02-19T20:14:42.163+0000] {logging_mixin.py:137} INFO - [2023-02-19T20:14:42.163+0000] {dagbag.py:538} INFO - Filling up the DagBag from /home/airflow/.local/lib/python3.7/site-packages/airflow/example_dags/example_task_group.py
[2023-02-19T20:14:42.189+0000] {processor.py:753} INFO - DAG(s) dict_keys(['example_task_group']) retrieved from /home/airflow/.local/lib/python3.7/site-packages/airflow/example_dags/example_task_group.py
[2023-02-19T20:14:42.228+0000] {logging_mixin.py:137} INFO - [2023-02-19T20:14:42.228+0000] {dag.py:2690} INFO - Sync 1 DAGs
[2023-02-19T20:14:42.266+0000] {logging_mixin.py:137} INFO - [2023-02-19T20:14:42.266+0000] {dag.py:3441} INFO - Setting next_dagrun for example_task_group to 2023-02-18T20:14:42.266306+00:00, run_after=2023-02-19T20:14:42.266306+00:00
[2023-02-19T20:14:42.296+0000] {processor.py:175} INFO - Processing /home/airflow/.local/lib/python3.7/site-packages/airflow/example_dags/example_task_group.py took 0.143 seconds
[2023-02-19T20:15:12.771+0000] {processor.py:153} INFO - Started process (PID=653) to work on /home/airflow/.local/lib/python3.7/site-packages/airflow/example_dags/example_task_group.py
[2023-02-19T20:15:12.775+0000] {processor.py:743} INFO - Processing file /home/airflow/.local/lib/python3.7/site-packages/airflow/example_dags/example_task_group.py for tasks to queue
[2023-02-19T20:15:12.777+0000] {logging_mixin.py:137} INFO - [2023-02-19T20:15:12.776+0000] {dagbag.py:538} INFO - Filling up the DagBag from /home/airflow/.local/lib/python3.7/site-packages/airflow/example_dags/example_task_group.py
[2023-02-19T20:15:12.797+0000] {processor.py:753} INFO - DAG(s) dict_keys(['example_task_group']) retrieved from /home/airflow/.local/lib/python3.7/site-packages/airflow/example_dags/example_task_group.py
[2023-02-19T20:15:12.829+0000] {logging_mixin.py:137} INFO - [2023-02-19T20:15:12.829+0000] {dag.py:2690} INFO - Sync 1 DAGs
[2023-02-19T20:15:12.861+0000] {logging_mixin.py:137} INFO - [2023-02-19T20:15:12.861+0000] {dag.py:3441} INFO - Setting next_dagrun for example_task_group to 2023-02-18T20:15:12.861476+00:00, run_after=2023-02-19T20:15:12.861476+00:00
[2023-02-19T20:15:12.885+0000] {processor.py:175} INFO - Processing /home/airflow/.local/lib/python3.7/site-packages/airflow/example_dags/example_task_group.py took 0.118 seconds
[2023-02-19T20:15:43.563+0000] {processor.py:153} INFO - Started process (PID=729) to work on /home/airflow/.local/lib/python3.7/site-packages/airflow/example_dags/example_task_group.py
[2023-02-19T20:15:43.565+0000] {processor.py:743} INFO - Processing file /home/airflow/.local/lib/python3.7/site-packages/airflow/example_dags/example_task_group.py for tasks to queue
[2023-02-19T20:15:43.567+0000] {logging_mixin.py:137} INFO - [2023-02-19T20:15:43.567+0000] {dagbag.py:538} INFO - Filling up the DagBag from /home/airflow/.local/lib/python3.7/site-packages/airflow/example_dags/example_task_group.py
[2023-02-19T20:15:43.589+0000] {processor.py:753} INFO - DAG(s) dict_keys(['example_task_group']) retrieved from /home/airflow/.local/lib/python3.7/site-packages/airflow/example_dags/example_task_group.py
[2023-02-19T20:15:43.621+0000] {logging_mixin.py:137} INFO - [2023-02-19T20:15:43.620+0000] {dag.py:2690} INFO - Sync 1 DAGs
[2023-02-19T20:15:43.655+0000] {logging_mixin.py:137} INFO - [2023-02-19T20:15:43.655+0000] {dag.py:3441} INFO - Setting next_dagrun for example_task_group to 2023-02-18T20:15:43.654798+00:00, run_after=2023-02-19T20:15:43.654798+00:00
[2023-02-19T20:15:43.678+0000] {processor.py:175} INFO - Processing /home/airflow/.local/lib/python3.7/site-packages/airflow/example_dags/example_task_group.py took 0.119 seconds
[2023-02-19T20:16:14.107+0000] {processor.py:153} INFO - Started process (PID=793) to work on /home/airflow/.local/lib/python3.7/site-packages/airflow/example_dags/example_task_group.py
[2023-02-19T20:16:14.110+0000] {processor.py:743} INFO - Processing file /home/airflow/.local/lib/python3.7/site-packages/airflow/example_dags/example_task_group.py for tasks to queue
[2023-02-19T20:16:14.113+0000] {logging_mixin.py:137} INFO - [2023-02-19T20:16:14.113+0000] {dagbag.py:538} INFO - Filling up the DagBag from /home/airflow/.local/lib/python3.7/site-packages/airflow/example_dags/example_task_group.py
[2023-02-19T20:16:14.133+0000] {processor.py:753} INFO - DAG(s) dict_keys(['example_task_group']) retrieved from /home/airflow/.local/lib/python3.7/site-packages/airflow/example_dags/example_task_group.py
[2023-02-19T20:16:14.164+0000] {logging_mixin.py:137} INFO - [2023-02-19T20:16:14.163+0000] {dag.py:2690} INFO - Sync 1 DAGs
[2023-02-19T20:16:14.195+0000] {logging_mixin.py:137} INFO - [2023-02-19T20:16:14.195+0000] {dag.py:3441} INFO - Setting next_dagrun for example_task_group to 2023-02-18T20:16:14.195268+00:00, run_after=2023-02-19T20:16:14.195268+00:00
[2023-02-19T20:16:14.219+0000] {processor.py:175} INFO - Processing /home/airflow/.local/lib/python3.7/site-packages/airflow/example_dags/example_task_group.py took 0.117 seconds
[2023-02-19T20:16:44.827+0000] {processor.py:153} INFO - Started process (PID=865) to work on /home/airflow/.local/lib/python3.7/site-packages/airflow/example_dags/example_task_group.py
[2023-02-19T20:16:44.829+0000] {processor.py:743} INFO - Processing file /home/airflow/.local/lib/python3.7/site-packages/airflow/example_dags/example_task_group.py for tasks to queue
[2023-02-19T20:16:44.832+0000] {logging_mixin.py:137} INFO - [2023-02-19T20:16:44.832+0000] {dagbag.py:538} INFO - Filling up the DagBag from /home/airflow/.local/lib/python3.7/site-packages/airflow/example_dags/example_task_group.py
[2023-02-19T20:16:44.853+0000] {processor.py:753} INFO - DAG(s) dict_keys(['example_task_group']) retrieved from /home/airflow/.local/lib/python3.7/site-packages/airflow/example_dags/example_task_group.py
[2023-02-19T20:16:44.885+0000] {logging_mixin.py:137} INFO - [2023-02-19T20:16:44.885+0000] {dag.py:2690} INFO - Sync 1 DAGs
[2023-02-19T20:16:44.917+0000] {logging_mixin.py:137} INFO - [2023-02-19T20:16:44.916+0000] {dag.py:3441} INFO - Setting next_dagrun for example_task_group to 2023-02-18T20:16:44.916597+00:00, run_after=2023-02-19T20:16:44.916597+00:00
[2023-02-19T20:16:44.941+0000] {processor.py:175} INFO - Processing /home/airflow/.local/lib/python3.7/site-packages/airflow/example_dags/example_task_group.py took 0.120 seconds
[2023-02-19T20:17:15.648+0000] {processor.py:153} INFO - Started process (PID=931) to work on /home/airflow/.local/lib/python3.7/site-packages/airflow/example_dags/example_task_group.py
[2023-02-19T20:17:15.650+0000] {processor.py:743} INFO - Processing file /home/airflow/.local/lib/python3.7/site-packages/airflow/example_dags/example_task_group.py for tasks to queue
[2023-02-19T20:17:15.652+0000] {logging_mixin.py:137} INFO - [2023-02-19T20:17:15.652+0000] {dagbag.py:538} INFO - Filling up the DagBag from /home/airflow/.local/lib/python3.7/site-packages/airflow/example_dags/example_task_group.py
[2023-02-19T20:17:15.673+0000] {processor.py:753} INFO - DAG(s) dict_keys(['example_task_group']) retrieved from /home/airflow/.local/lib/python3.7/site-packages/airflow/example_dags/example_task_group.py
[2023-02-19T20:17:15.705+0000] {logging_mixin.py:137} INFO - [2023-02-19T20:17:15.705+0000] {dag.py:2690} INFO - Sync 1 DAGs
[2023-02-19T20:17:15.737+0000] {logging_mixin.py:137} INFO - [2023-02-19T20:17:15.737+0000] {dag.py:3441} INFO - Setting next_dagrun for example_task_group to 2023-02-18T20:17:15.736950+00:00, run_after=2023-02-19T20:17:15.736950+00:00
[2023-02-19T20:17:15.761+0000] {processor.py:175} INFO - Processing /home/airflow/.local/lib/python3.7/site-packages/airflow/example_dags/example_task_group.py took 0.117 seconds
[2023-02-19T20:17:46.255+0000] {processor.py:153} INFO - Started process (PID=994) to work on /home/airflow/.local/lib/python3.7/site-packages/airflow/example_dags/example_task_group.py
[2023-02-19T20:17:46.257+0000] {processor.py:743} INFO - Processing file /home/airflow/.local/lib/python3.7/site-packages/airflow/example_dags/example_task_group.py for tasks to queue
[2023-02-19T20:17:46.259+0000] {logging_mixin.py:137} INFO - [2023-02-19T20:17:46.259+0000] {dagbag.py:538} INFO - Filling up the DagBag from /home/airflow/.local/lib/python3.7/site-packages/airflow/example_dags/example_task_group.py
[2023-02-19T20:17:46.281+0000] {processor.py:753} INFO - DAG(s) dict_keys(['example_task_group']) retrieved from /home/airflow/.local/lib/python3.7/site-packages/airflow/example_dags/example_task_group.py
[2023-02-19T20:17:46.313+0000] {logging_mixin.py:137} INFO - [2023-02-19T20:17:46.313+0000] {dag.py:2690} INFO - Sync 1 DAGs
[2023-02-19T20:17:46.346+0000] {logging_mixin.py:137} INFO - [2023-02-19T20:17:46.346+0000] {dag.py:3441} INFO - Setting next_dagrun for example_task_group to 2023-02-18T20:17:46.346110+00:00, run_after=2023-02-19T20:17:46.346110+00:00
[2023-02-19T20:17:46.372+0000] {processor.py:175} INFO - Processing /home/airflow/.local/lib/python3.7/site-packages/airflow/example_dags/example_task_group.py took 0.122 seconds
[2023-02-19T20:18:16.852+0000] {processor.py:153} INFO - Started process (PID=1070) to work on /home/airflow/.local/lib/python3.7/site-packages/airflow/example_dags/example_task_group.py
[2023-02-19T20:18:16.854+0000] {processor.py:743} INFO - Processing file /home/airflow/.local/lib/python3.7/site-packages/airflow/example_dags/example_task_group.py for tasks to queue
[2023-02-19T20:18:16.857+0000] {logging_mixin.py:137} INFO - [2023-02-19T20:18:16.857+0000] {dagbag.py:538} INFO - Filling up the DagBag from /home/airflow/.local/lib/python3.7/site-packages/airflow/example_dags/example_task_group.py
[2023-02-19T20:18:16.879+0000] {processor.py:753} INFO - DAG(s) dict_keys(['example_task_group']) retrieved from /home/airflow/.local/lib/python3.7/site-packages/airflow/example_dags/example_task_group.py
[2023-02-19T20:18:16.911+0000] {logging_mixin.py:137} INFO - [2023-02-19T20:18:16.911+0000] {dag.py:2690} INFO - Sync 1 DAGs
[2023-02-19T20:18:16.943+0000] {logging_mixin.py:137} INFO - [2023-02-19T20:18:16.943+0000] {dag.py:3441} INFO - Setting next_dagrun for example_task_group to 2023-02-18T20:18:16.942741+00:00, run_after=2023-02-19T20:18:16.942741+00:00
[2023-02-19T20:18:16.968+0000] {processor.py:175} INFO - Processing /home/airflow/.local/lib/python3.7/site-packages/airflow/example_dags/example_task_group.py took 0.121 seconds
[2023-02-19T20:18:47.662+0000] {processor.py:153} INFO - Started process (PID=1133) to work on /home/airflow/.local/lib/python3.7/site-packages/airflow/example_dags/example_task_group.py
[2023-02-19T20:18:47.664+0000] {processor.py:743} INFO - Processing file /home/airflow/.local/lib/python3.7/site-packages/airflow/example_dags/example_task_group.py for tasks to queue
[2023-02-19T20:18:47.667+0000] {logging_mixin.py:137} INFO - [2023-02-19T20:18:47.666+0000] {dagbag.py:538} INFO - Filling up the DagBag from /home/airflow/.local/lib/python3.7/site-packages/airflow/example_dags/example_task_group.py
[2023-02-19T20:18:47.688+0000] {processor.py:753} INFO - DAG(s) dict_keys(['example_task_group']) retrieved from /home/airflow/.local/lib/python3.7/site-packages/airflow/example_dags/example_task_group.py
[2023-02-19T20:18:47.721+0000] {logging_mixin.py:137} INFO - [2023-02-19T20:18:47.721+0000] {dag.py:2690} INFO - Sync 1 DAGs
[2023-02-19T20:18:47.759+0000] {logging_mixin.py:137} INFO - [2023-02-19T20:18:47.759+0000] {dag.py:3441} INFO - Setting next_dagrun for example_task_group to 2023-02-18T20:18:47.758990+00:00, run_after=2023-02-19T20:18:47.758990+00:00
[2023-02-19T20:18:47.793+0000] {processor.py:175} INFO - Processing /home/airflow/.local/lib/python3.7/site-packages/airflow/example_dags/example_task_group.py took 0.136 seconds
[2023-02-19T20:19:18.212+0000] {processor.py:153} INFO - Started process (PID=1207) to work on /home/airflow/.local/lib/python3.7/site-packages/airflow/example_dags/example_task_group.py
[2023-02-19T20:19:18.214+0000] {processor.py:743} INFO - Processing file /home/airflow/.local/lib/python3.7/site-packages/airflow/example_dags/example_task_group.py for tasks to queue
[2023-02-19T20:19:18.216+0000] {logging_mixin.py:137} INFO - [2023-02-19T20:19:18.216+0000] {dagbag.py:538} INFO - Filling up the DagBag from /home/airflow/.local/lib/python3.7/site-packages/airflow/example_dags/example_task_group.py
[2023-02-19T20:19:18.239+0000] {processor.py:753} INFO - DAG(s) dict_keys(['example_task_group']) retrieved from /home/airflow/.local/lib/python3.7/site-packages/airflow/example_dags/example_task_group.py
[2023-02-19T20:19:18.271+0000] {logging_mixin.py:137} INFO - [2023-02-19T20:19:18.270+0000] {dag.py:2690} INFO - Sync 1 DAGs
[2023-02-19T20:19:18.302+0000] {logging_mixin.py:137} INFO - [2023-02-19T20:19:18.302+0000] {dag.py:3441} INFO - Setting next_dagrun for example_task_group to 2023-02-18T20:19:18.302302+00:00, run_after=2023-02-19T20:19:18.302302+00:00
[2023-02-19T20:19:18.327+0000] {processor.py:175} INFO - Processing /home/airflow/.local/lib/python3.7/site-packages/airflow/example_dags/example_task_group.py took 0.120 seconds
[2023-02-19T20:19:48.976+0000] {processor.py:153} INFO - Started process (PID=1270) to work on /home/airflow/.local/lib/python3.7/site-packages/airflow/example_dags/example_task_group.py
[2023-02-19T20:19:48.978+0000] {processor.py:743} INFO - Processing file /home/airflow/.local/lib/python3.7/site-packages/airflow/example_dags/example_task_group.py for tasks to queue
[2023-02-19T20:19:48.981+0000] {logging_mixin.py:137} INFO - [2023-02-19T20:19:48.980+0000] {dagbag.py:538} INFO - Filling up the DagBag from /home/airflow/.local/lib/python3.7/site-packages/airflow/example_dags/example_task_group.py
[2023-02-19T20:19:49.001+0000] {processor.py:753} INFO - DAG(s) dict_keys(['example_task_group']) retrieved from /home/airflow/.local/lib/python3.7/site-packages/airflow/example_dags/example_task_group.py
[2023-02-19T20:19:49.032+0000] {logging_mixin.py:137} INFO - [2023-02-19T20:19:49.032+0000] {dag.py:2690} INFO - Sync 1 DAGs
[2023-02-19T20:19:49.064+0000] {logging_mixin.py:137} INFO - [2023-02-19T20:19:49.064+0000] {dag.py:3441} INFO - Setting next_dagrun for example_task_group to 2023-02-18T20:19:49.063752+00:00, run_after=2023-02-19T20:19:49.063752+00:00
[2023-02-19T20:19:49.089+0000] {processor.py:175} INFO - Processing /home/airflow/.local/lib/python3.7/site-packages/airflow/example_dags/example_task_group.py took 0.117 seconds
[2023-02-19T20:20:19.651+0000] {processor.py:153} INFO - Started process (PID=1346) to work on /home/airflow/.local/lib/python3.7/site-packages/airflow/example_dags/example_task_group.py
[2023-02-19T20:20:19.654+0000] {processor.py:743} INFO - Processing file /home/airflow/.local/lib/python3.7/site-packages/airflow/example_dags/example_task_group.py for tasks to queue
[2023-02-19T20:20:19.655+0000] {logging_mixin.py:137} INFO - [2023-02-19T20:20:19.655+0000] {dagbag.py:538} INFO - Filling up the DagBag from /home/airflow/.local/lib/python3.7/site-packages/airflow/example_dags/example_task_group.py
[2023-02-19T20:20:19.677+0000] {processor.py:753} INFO - DAG(s) dict_keys(['example_task_group']) retrieved from /home/airflow/.local/lib/python3.7/site-packages/airflow/example_dags/example_task_group.py
[2023-02-19T20:20:19.712+0000] {logging_mixin.py:137} INFO - [2023-02-19T20:20:19.711+0000] {dag.py:2690} INFO - Sync 1 DAGs
[2023-02-19T20:20:19.744+0000] {logging_mixin.py:137} INFO - [2023-02-19T20:20:19.743+0000] {dag.py:3441} INFO - Setting next_dagrun for example_task_group to 2023-02-18T20:20:19.743585+00:00, run_after=2023-02-19T20:20:19.743585+00:00
[2023-02-19T20:20:19.769+0000] {processor.py:175} INFO - Processing /home/airflow/.local/lib/python3.7/site-packages/airflow/example_dags/example_task_group.py took 0.122 seconds
[2023-02-19T20:20:50.079+0000] {processor.py:153} INFO - Started process (PID=1410) to work on /home/airflow/.local/lib/python3.7/site-packages/airflow/example_dags/example_task_group.py
[2023-02-19T20:20:50.081+0000] {processor.py:743} INFO - Processing file /home/airflow/.local/lib/python3.7/site-packages/airflow/example_dags/example_task_group.py for tasks to queue
[2023-02-19T20:20:50.085+0000] {logging_mixin.py:137} INFO - [2023-02-19T20:20:50.085+0000] {dagbag.py:538} INFO - Filling up the DagBag from /home/airflow/.local/lib/python3.7/site-packages/airflow/example_dags/example_task_group.py
[2023-02-19T20:20:50.109+0000] {processor.py:753} INFO - DAG(s) dict_keys(['example_task_group']) retrieved from /home/airflow/.local/lib/python3.7/site-packages/airflow/example_dags/example_task_group.py
[2023-02-19T20:20:50.145+0000] {logging_mixin.py:137} INFO - [2023-02-19T20:20:50.145+0000] {dag.py:2690} INFO - Sync 1 DAGs
[2023-02-19T20:20:50.181+0000] {logging_mixin.py:137} INFO - [2023-02-19T20:20:50.181+0000] {dag.py:3441} INFO - Setting next_dagrun for example_task_group to 2023-02-18T20:20:50.181041+00:00, run_after=2023-02-19T20:20:50.181041+00:00
[2023-02-19T20:20:50.204+0000] {processor.py:175} INFO - Processing /home/airflow/.local/lib/python3.7/site-packages/airflow/example_dags/example_task_group.py took 0.131 seconds
[2023-02-19T20:21:20.576+0000] {processor.py:153} INFO - Started process (PID=1481) to work on /home/airflow/.local/lib/python3.7/site-packages/airflow/example_dags/example_task_group.py
[2023-02-19T20:21:20.579+0000] {processor.py:743} INFO - Processing file /home/airflow/.local/lib/python3.7/site-packages/airflow/example_dags/example_task_group.py for tasks to queue
[2023-02-19T20:21:20.581+0000] {logging_mixin.py:137} INFO - [2023-02-19T20:21:20.581+0000] {dagbag.py:538} INFO - Filling up the DagBag from /home/airflow/.local/lib/python3.7/site-packages/airflow/example_dags/example_task_group.py
[2023-02-19T20:21:20.602+0000] {processor.py:753} INFO - DAG(s) dict_keys(['example_task_group']) retrieved from /home/airflow/.local/lib/python3.7/site-packages/airflow/example_dags/example_task_group.py
[2023-02-19T20:21:20.634+0000] {logging_mixin.py:137} INFO - [2023-02-19T20:21:20.634+0000] {dag.py:2690} INFO - Sync 1 DAGs
[2023-02-19T20:21:20.666+0000] {logging_mixin.py:137} INFO - [2023-02-19T20:21:20.666+0000] {dag.py:3441} INFO - Setting next_dagrun for example_task_group to 2023-02-18T20:21:20.666084+00:00, run_after=2023-02-19T20:21:20.666084+00:00
[2023-02-19T20:21:20.699+0000] {processor.py:175} INFO - Processing /home/airflow/.local/lib/python3.7/site-packages/airflow/example_dags/example_task_group.py took 0.127 seconds
[2023-02-19T20:51:44.423+0000] {processor.py:153} INFO - Started process (PID=1542) to work on /home/airflow/.local/lib/python3.7/site-packages/airflow/example_dags/example_task_group.py
[2023-02-19T20:51:44.447+0000] {processor.py:743} INFO - Processing file /home/airflow/.local/lib/python3.7/site-packages/airflow/example_dags/example_task_group.py for tasks to queue
[2023-02-19T20:51:44.455+0000] {logging_mixin.py:137} INFO - [2023-02-19T20:51:44.454+0000] {dagbag.py:538} INFO - Filling up the DagBag from /home/airflow/.local/lib/python3.7/site-packages/airflow/example_dags/example_task_group.py
[2023-02-19T20:51:44.508+0000] {processor.py:753} INFO - DAG(s) dict_keys(['example_task_group']) retrieved from /home/airflow/.local/lib/python3.7/site-packages/airflow/example_dags/example_task_group.py
[2023-02-19T20:51:44.583+0000] {logging_mixin.py:137} INFO - [2023-02-19T20:51:44.583+0000] {dag.py:2690} INFO - Sync 1 DAGs
[2023-02-19T20:51:44.748+0000] {logging_mixin.py:137} INFO - [2023-02-19T20:51:44.748+0000] {dag.py:3441} INFO - Setting next_dagrun for example_task_group to 2023-02-18T20:51:44.747857+00:00, run_after=2023-02-19T20:51:44.747857+00:00
[2023-02-19T20:51:44.862+0000] {processor.py:175} INFO - Processing /home/airflow/.local/lib/python3.7/site-packages/airflow/example_dags/example_task_group.py took 0.469 seconds
[2023-02-19T20:52:22.842+0000] {processor.py:153} INFO - Started process (PID=1600) to work on /home/airflow/.local/lib/python3.7/site-packages/airflow/example_dags/example_task_group.py
[2023-02-19T20:52:22.900+0000] {processor.py:743} INFO - Processing file /home/airflow/.local/lib/python3.7/site-packages/airflow/example_dags/example_task_group.py for tasks to queue
[2023-02-19T20:52:22.969+0000] {logging_mixin.py:137} INFO - [2023-02-19T20:52:22.952+0000] {dagbag.py:538} INFO - Filling up the DagBag from /home/airflow/.local/lib/python3.7/site-packages/airflow/example_dags/example_task_group.py
[2023-02-19T20:52:23.848+0000] {processor.py:753} INFO - DAG(s) dict_keys(['example_task_group']) retrieved from /home/airflow/.local/lib/python3.7/site-packages/airflow/example_dags/example_task_group.py
[2023-02-19T20:52:24.473+0000] {logging_mixin.py:137} INFO - [2023-02-19T20:52:24.471+0000] {dag.py:2690} INFO - Sync 1 DAGs
[2023-02-19T20:52:25.500+0000] {logging_mixin.py:137} INFO - [2023-02-19T20:52:25.492+0000] {dag.py:3441} INFO - Setting next_dagrun for example_task_group to 2023-02-18T20:52:25.453315+00:00, run_after=2023-02-19T20:52:25.453315+00:00
[2023-02-19T20:52:26.602+0000] {processor.py:175} INFO - Processing /home/airflow/.local/lib/python3.7/site-packages/airflow/example_dags/example_task_group.py took 4.158 seconds
[2023-02-19T21:09:22.365+0000] {processor.py:153} INFO - Started process (PID=1618) to work on /home/airflow/.local/lib/python3.7/site-packages/airflow/example_dags/example_task_group.py
[2023-02-19T21:09:22.370+0000] {processor.py:743} INFO - Processing file /home/airflow/.local/lib/python3.7/site-packages/airflow/example_dags/example_task_group.py for tasks to queue
[2023-02-19T21:09:22.375+0000] {logging_mixin.py:137} INFO - [2023-02-19T21:09:22.371+0000] {dagbag.py:538} INFO - Filling up the DagBag from /home/airflow/.local/lib/python3.7/site-packages/airflow/example_dags/example_task_group.py
[2023-02-19T21:09:22.398+0000] {processor.py:753} INFO - DAG(s) dict_keys(['example_task_group']) retrieved from /home/airflow/.local/lib/python3.7/site-packages/airflow/example_dags/example_task_group.py
[2023-02-19T21:09:22.434+0000] {logging_mixin.py:137} INFO - [2023-02-19T21:09:22.434+0000] {dag.py:2690} INFO - Sync 1 DAGs
[2023-02-19T21:09:22.487+0000] {logging_mixin.py:137} INFO - [2023-02-19T21:09:22.486+0000] {dag.py:3441} INFO - Setting next_dagrun for example_task_group to 2023-02-18T21:09:22.486530+00:00, run_after=2023-02-19T21:09:22.486530+00:00
[2023-02-19T21:09:22.539+0000] {processor.py:175} INFO - Processing /home/airflow/.local/lib/python3.7/site-packages/airflow/example_dags/example_task_group.py took 0.183 seconds
[2023-02-19T21:10:02.003+0000] {processor.py:153} INFO - Started process (PID=1676) to work on /home/airflow/.local/lib/python3.7/site-packages/airflow/example_dags/example_task_group.py
[2023-02-19T21:10:02.034+0000] {processor.py:743} INFO - Processing file /home/airflow/.local/lib/python3.7/site-packages/airflow/example_dags/example_task_group.py for tasks to queue
[2023-02-19T21:10:02.082+0000] {logging_mixin.py:137} INFO - [2023-02-19T21:10:02.066+0000] {dagbag.py:538} INFO - Filling up the DagBag from /home/airflow/.local/lib/python3.7/site-packages/airflow/example_dags/example_task_group.py
[2023-02-19T21:10:02.614+0000] {processor.py:753} INFO - DAG(s) dict_keys(['example_task_group']) retrieved from /home/airflow/.local/lib/python3.7/site-packages/airflow/example_dags/example_task_group.py
[2023-02-19T21:10:03.317+0000] {logging_mixin.py:137} INFO - [2023-02-19T21:10:03.314+0000] {dag.py:2690} INFO - Sync 1 DAGs
[2023-02-19T21:10:05.405+0000] {logging_mixin.py:137} INFO - [2023-02-19T21:10:05.385+0000] {dag.py:3441} INFO - Setting next_dagrun for example_task_group to 2023-02-18T21:10:05.368996+00:00, run_after=2023-02-19T21:10:05.368996+00:00
[2023-02-19T21:10:06.933+0000] {processor.py:175} INFO - Processing /home/airflow/.local/lib/python3.7/site-packages/airflow/example_dags/example_task_group.py took 5.156 seconds
[2023-02-19T22:01:44.254+0000] {processor.py:153} INFO - Started process (PID=1695) to work on /home/airflow/.local/lib/python3.7/site-packages/airflow/example_dags/example_task_group.py
[2023-02-19T22:01:44.269+0000] {processor.py:743} INFO - Processing file /home/airflow/.local/lib/python3.7/site-packages/airflow/example_dags/example_task_group.py for tasks to queue
[2023-02-19T22:01:44.271+0000] {logging_mixin.py:137} INFO - [2023-02-19T22:01:44.271+0000] {dagbag.py:538} INFO - Filling up the DagBag from /home/airflow/.local/lib/python3.7/site-packages/airflow/example_dags/example_task_group.py
[2023-02-19T22:01:44.335+0000] {processor.py:753} INFO - DAG(s) dict_keys(['example_task_group']) retrieved from /home/airflow/.local/lib/python3.7/site-packages/airflow/example_dags/example_task_group.py
[2023-02-19T22:01:44.401+0000] {logging_mixin.py:137} INFO - [2023-02-19T22:01:44.400+0000] {dag.py:2690} INFO - Sync 1 DAGs
[2023-02-19T22:01:44.495+0000] {logging_mixin.py:137} INFO - [2023-02-19T22:01:44.495+0000] {dag.py:3441} INFO - Setting next_dagrun for example_task_group to 2023-02-18T22:01:44.494754+00:00, run_after=2023-02-19T22:01:44.494754+00:00
[2023-02-19T22:01:44.631+0000] {processor.py:175} INFO - Processing /home/airflow/.local/lib/python3.7/site-packages/airflow/example_dags/example_task_group.py took 0.384 seconds
[2023-02-19T22:02:15.428+0000] {processor.py:153} INFO - Started process (PID=1760) to work on /home/airflow/.local/lib/python3.7/site-packages/airflow/example_dags/example_task_group.py
[2023-02-19T22:02:15.430+0000] {processor.py:743} INFO - Processing file /home/airflow/.local/lib/python3.7/site-packages/airflow/example_dags/example_task_group.py for tasks to queue
[2023-02-19T22:02:15.432+0000] {logging_mixin.py:137} INFO - [2023-02-19T22:02:15.432+0000] {dagbag.py:538} INFO - Filling up the DagBag from /home/airflow/.local/lib/python3.7/site-packages/airflow/example_dags/example_task_group.py
[2023-02-19T22:02:15.461+0000] {processor.py:753} INFO - DAG(s) dict_keys(['example_task_group']) retrieved from /home/airflow/.local/lib/python3.7/site-packages/airflow/example_dags/example_task_group.py
[2023-02-19T22:02:15.500+0000] {logging_mixin.py:137} INFO - [2023-02-19T22:02:15.500+0000] {dag.py:2690} INFO - Sync 1 DAGs
[2023-02-19T22:02:15.528+0000] {logging_mixin.py:137} INFO - [2023-02-19T22:02:15.528+0000] {dag.py:3441} INFO - Setting next_dagrun for example_task_group to 2023-02-18T22:02:15.528373+00:00, run_after=2023-02-19T22:02:15.528373+00:00
[2023-02-19T22:02:15.555+0000] {processor.py:175} INFO - Processing /home/airflow/.local/lib/python3.7/site-packages/airflow/example_dags/example_task_group.py took 0.133 seconds
