[2023-02-19T20:10:37.387+0000] {processor.py:153} INFO - Started process (PID=52) to work on /home/airflow/.local/lib/python3.7/site-packages/airflow/example_dags/example_bash_operator.py
[2023-02-19T20:10:37.390+0000] {processor.py:743} INFO - Processing file /home/airflow/.local/lib/python3.7/site-packages/airflow/example_dags/example_bash_operator.py for tasks to queue
[2023-02-19T20:10:37.394+0000] {logging_mixin.py:137} INFO - [2023-02-19T20:10:37.393+0000] {dagbag.py:538} INFO - Filling up the DagBag from /home/airflow/.local/lib/python3.7/site-packages/airflow/example_dags/example_bash_operator.py
[2023-02-19T20:10:37.435+0000] {processor.py:753} INFO - DAG(s) dict_keys(['example_bash_operator']) retrieved from /home/airflow/.local/lib/python3.7/site-packages/airflow/example_dags/example_bash_operator.py
[2023-02-19T20:10:37.516+0000] {logging_mixin.py:137} INFO - [2023-02-19T20:10:37.516+0000] {dag.py:2690} INFO - Sync 1 DAGs
[2023-02-19T20:10:37.571+0000] {logging_mixin.py:137} INFO - [2023-02-19T20:10:37.570+0000] {dag.py:3441} INFO - Setting next_dagrun for example_bash_operator to 2023-02-18T00:00:00+00:00, run_after=2023-02-19T00:00:00+00:00
[2023-02-19T20:10:37.634+0000] {processor.py:175} INFO - Processing /home/airflow/.local/lib/python3.7/site-packages/airflow/example_dags/example_bash_operator.py took 0.252 seconds
[2023-02-19T20:11:07.772+0000] {processor.py:153} INFO - Started process (PID=115) to work on /home/airflow/.local/lib/python3.7/site-packages/airflow/example_dags/example_bash_operator.py
[2023-02-19T20:11:07.774+0000] {processor.py:743} INFO - Processing file /home/airflow/.local/lib/python3.7/site-packages/airflow/example_dags/example_bash_operator.py for tasks to queue
[2023-02-19T20:11:07.778+0000] {logging_mixin.py:137} INFO - [2023-02-19T20:11:07.777+0000] {dagbag.py:538} INFO - Filling up the DagBag from /home/airflow/.local/lib/python3.7/site-packages/airflow/example_dags/example_bash_operator.py
[2023-02-19T20:11:07.809+0000] {processor.py:753} INFO - DAG(s) dict_keys(['example_bash_operator']) retrieved from /home/airflow/.local/lib/python3.7/site-packages/airflow/example_dags/example_bash_operator.py
[2023-02-19T20:11:07.826+0000] {logging_mixin.py:137} INFO - [2023-02-19T20:11:07.826+0000] {dag.py:2690} INFO - Sync 1 DAGs
[2023-02-19T20:11:07.862+0000] {logging_mixin.py:137} INFO - [2023-02-19T20:11:07.862+0000] {dag.py:3441} INFO - Setting next_dagrun for example_bash_operator to 2023-02-18T00:00:00+00:00, run_after=2023-02-19T00:00:00+00:00
[2023-02-19T20:11:07.886+0000] {processor.py:175} INFO - Processing /home/airflow/.local/lib/python3.7/site-packages/airflow/example_dags/example_bash_operator.py took 0.118 seconds
[2023-02-19T20:11:37.972+0000] {processor.py:153} INFO - Started process (PID=178) to work on /home/airflow/.local/lib/python3.7/site-packages/airflow/example_dags/example_bash_operator.py
[2023-02-19T20:11:37.974+0000] {processor.py:743} INFO - Processing file /home/airflow/.local/lib/python3.7/site-packages/airflow/example_dags/example_bash_operator.py for tasks to queue
[2023-02-19T20:11:37.975+0000] {logging_mixin.py:137} INFO - [2023-02-19T20:11:37.975+0000] {dagbag.py:538} INFO - Filling up the DagBag from /home/airflow/.local/lib/python3.7/site-packages/airflow/example_dags/example_bash_operator.py
[2023-02-19T20:11:38.003+0000] {processor.py:753} INFO - DAG(s) dict_keys(['example_bash_operator']) retrieved from /home/airflow/.local/lib/python3.7/site-packages/airflow/example_dags/example_bash_operator.py
[2023-02-19T20:11:38.050+0000] {logging_mixin.py:137} INFO - [2023-02-19T20:11:38.049+0000] {dag.py:2690} INFO - Sync 1 DAGs
[2023-02-19T20:11:38.084+0000] {logging_mixin.py:137} INFO - [2023-02-19T20:11:38.084+0000] {dag.py:3441} INFO - Setting next_dagrun for example_bash_operator to 2023-02-18T00:00:00+00:00, run_after=2023-02-19T00:00:00+00:00
[2023-02-19T20:11:38.108+0000] {processor.py:175} INFO - Processing /home/airflow/.local/lib/python3.7/site-packages/airflow/example_dags/example_bash_operator.py took 0.141 seconds
[2023-02-19T20:12:08.936+0000] {processor.py:153} INFO - Started process (PID=254) to work on /home/airflow/.local/lib/python3.7/site-packages/airflow/example_dags/example_bash_operator.py
[2023-02-19T20:12:08.940+0000] {processor.py:743} INFO - Processing file /home/airflow/.local/lib/python3.7/site-packages/airflow/example_dags/example_bash_operator.py for tasks to queue
[2023-02-19T20:12:08.942+0000] {logging_mixin.py:137} INFO - [2023-02-19T20:12:08.942+0000] {dagbag.py:538} INFO - Filling up the DagBag from /home/airflow/.local/lib/python3.7/site-packages/airflow/example_dags/example_bash_operator.py
[2023-02-19T20:12:08.971+0000] {processor.py:753} INFO - DAG(s) dict_keys(['example_bash_operator']) retrieved from /home/airflow/.local/lib/python3.7/site-packages/airflow/example_dags/example_bash_operator.py
[2023-02-19T20:12:09.018+0000] {logging_mixin.py:137} INFO - [2023-02-19T20:12:09.018+0000] {dag.py:2690} INFO - Sync 1 DAGs
[2023-02-19T20:12:09.052+0000] {logging_mixin.py:137} INFO - [2023-02-19T20:12:09.052+0000] {dag.py:3441} INFO - Setting next_dagrun for example_bash_operator to 2023-02-18T00:00:00+00:00, run_after=2023-02-19T00:00:00+00:00
[2023-02-19T20:12:09.076+0000] {processor.py:175} INFO - Processing /home/airflow/.local/lib/python3.7/site-packages/airflow/example_dags/example_bash_operator.py took 0.148 seconds
[2023-02-19T20:12:39.670+0000] {processor.py:153} INFO - Started process (PID=317) to work on /home/airflow/.local/lib/python3.7/site-packages/airflow/example_dags/example_bash_operator.py
[2023-02-19T20:12:39.675+0000] {processor.py:743} INFO - Processing file /home/airflow/.local/lib/python3.7/site-packages/airflow/example_dags/example_bash_operator.py for tasks to queue
[2023-02-19T20:12:39.678+0000] {logging_mixin.py:137} INFO - [2023-02-19T20:12:39.678+0000] {dagbag.py:538} INFO - Filling up the DagBag from /home/airflow/.local/lib/python3.7/site-packages/airflow/example_dags/example_bash_operator.py
[2023-02-19T20:12:39.711+0000] {processor.py:753} INFO - DAG(s) dict_keys(['example_bash_operator']) retrieved from /home/airflow/.local/lib/python3.7/site-packages/airflow/example_dags/example_bash_operator.py
[2023-02-19T20:12:39.786+0000] {logging_mixin.py:137} INFO - [2023-02-19T20:12:39.786+0000] {dag.py:2690} INFO - Sync 1 DAGs
[2023-02-19T20:12:39.826+0000] {logging_mixin.py:137} INFO - [2023-02-19T20:12:39.826+0000] {dag.py:3441} INFO - Setting next_dagrun for example_bash_operator to 2023-02-18T00:00:00+00:00, run_after=2023-02-19T00:00:00+00:00
[2023-02-19T20:12:39.867+0000] {processor.py:175} INFO - Processing /home/airflow/.local/lib/python3.7/site-packages/airflow/example_dags/example_bash_operator.py took 0.202 seconds
[2023-02-19T20:13:10.757+0000] {processor.py:153} INFO - Started process (PID=392) to work on /home/airflow/.local/lib/python3.7/site-packages/airflow/example_dags/example_bash_operator.py
[2023-02-19T20:13:10.761+0000] {processor.py:743} INFO - Processing file /home/airflow/.local/lib/python3.7/site-packages/airflow/example_dags/example_bash_operator.py for tasks to queue
[2023-02-19T20:13:10.765+0000] {logging_mixin.py:137} INFO - [2023-02-19T20:13:10.764+0000] {dagbag.py:538} INFO - Filling up the DagBag from /home/airflow/.local/lib/python3.7/site-packages/airflow/example_dags/example_bash_operator.py
[2023-02-19T20:13:10.806+0000] {processor.py:753} INFO - DAG(s) dict_keys(['example_bash_operator']) retrieved from /home/airflow/.local/lib/python3.7/site-packages/airflow/example_dags/example_bash_operator.py
[2023-02-19T20:13:10.860+0000] {logging_mixin.py:137} INFO - [2023-02-19T20:13:10.860+0000] {dag.py:2690} INFO - Sync 1 DAGs
[2023-02-19T20:13:10.893+0000] {logging_mixin.py:137} INFO - [2023-02-19T20:13:10.893+0000] {dag.py:3441} INFO - Setting next_dagrun for example_bash_operator to 2023-02-18T00:00:00+00:00, run_after=2023-02-19T00:00:00+00:00
[2023-02-19T20:13:10.919+0000] {processor.py:175} INFO - Processing /home/airflow/.local/lib/python3.7/site-packages/airflow/example_dags/example_bash_operator.py took 0.172 seconds
[2023-02-19T20:13:41.742+0000] {processor.py:153} INFO - Started process (PID=455) to work on /home/airflow/.local/lib/python3.7/site-packages/airflow/example_dags/example_bash_operator.py
[2023-02-19T20:13:41.745+0000] {processor.py:743} INFO - Processing file /home/airflow/.local/lib/python3.7/site-packages/airflow/example_dags/example_bash_operator.py for tasks to queue
[2023-02-19T20:13:41.747+0000] {logging_mixin.py:137} INFO - [2023-02-19T20:13:41.747+0000] {dagbag.py:538} INFO - Filling up the DagBag from /home/airflow/.local/lib/python3.7/site-packages/airflow/example_dags/example_bash_operator.py
[2023-02-19T20:13:41.787+0000] {processor.py:753} INFO - DAG(s) dict_keys(['example_bash_operator']) retrieved from /home/airflow/.local/lib/python3.7/site-packages/airflow/example_dags/example_bash_operator.py
[2023-02-19T20:13:41.838+0000] {logging_mixin.py:137} INFO - [2023-02-19T20:13:41.838+0000] {dag.py:2690} INFO - Sync 1 DAGs
[2023-02-19T20:13:41.878+0000] {logging_mixin.py:137} INFO - [2023-02-19T20:13:41.878+0000] {dag.py:3441} INFO - Setting next_dagrun for example_bash_operator to 2023-02-18T00:00:00+00:00, run_after=2023-02-19T00:00:00+00:00
[2023-02-19T20:13:41.904+0000] {processor.py:175} INFO - Processing /home/airflow/.local/lib/python3.7/site-packages/airflow/example_dags/example_bash_operator.py took 0.167 seconds
[2023-02-19T20:14:12.363+0000] {processor.py:153} INFO - Started process (PID=518) to work on /home/airflow/.local/lib/python3.7/site-packages/airflow/example_dags/example_bash_operator.py
[2023-02-19T20:14:12.365+0000] {processor.py:743} INFO - Processing file /home/airflow/.local/lib/python3.7/site-packages/airflow/example_dags/example_bash_operator.py for tasks to queue
[2023-02-19T20:14:12.367+0000] {logging_mixin.py:137} INFO - [2023-02-19T20:14:12.367+0000] {dagbag.py:538} INFO - Filling up the DagBag from /home/airflow/.local/lib/python3.7/site-packages/airflow/example_dags/example_bash_operator.py
[2023-02-19T20:14:12.396+0000] {processor.py:753} INFO - DAG(s) dict_keys(['example_bash_operator']) retrieved from /home/airflow/.local/lib/python3.7/site-packages/airflow/example_dags/example_bash_operator.py
[2023-02-19T20:14:12.443+0000] {logging_mixin.py:137} INFO - [2023-02-19T20:14:12.443+0000] {dag.py:2690} INFO - Sync 1 DAGs
[2023-02-19T20:14:12.500+0000] {logging_mixin.py:137} INFO - [2023-02-19T20:14:12.500+0000] {dag.py:3441} INFO - Setting next_dagrun for example_bash_operator to 2023-02-18T00:00:00+00:00, run_after=2023-02-19T00:00:00+00:00
[2023-02-19T20:14:12.550+0000] {processor.py:175} INFO - Processing /home/airflow/.local/lib/python3.7/site-packages/airflow/example_dags/example_bash_operator.py took 0.192 seconds
[2023-02-19T20:14:43.380+0000] {processor.py:153} INFO - Started process (PID=593) to work on /home/airflow/.local/lib/python3.7/site-packages/airflow/example_dags/example_bash_operator.py
[2023-02-19T20:14:43.382+0000] {processor.py:743} INFO - Processing file /home/airflow/.local/lib/python3.7/site-packages/airflow/example_dags/example_bash_operator.py for tasks to queue
[2023-02-19T20:14:43.384+0000] {logging_mixin.py:137} INFO - [2023-02-19T20:14:43.384+0000] {dagbag.py:538} INFO - Filling up the DagBag from /home/airflow/.local/lib/python3.7/site-packages/airflow/example_dags/example_bash_operator.py
[2023-02-19T20:14:43.412+0000] {processor.py:753} INFO - DAG(s) dict_keys(['example_bash_operator']) retrieved from /home/airflow/.local/lib/python3.7/site-packages/airflow/example_dags/example_bash_operator.py
[2023-02-19T20:14:43.460+0000] {logging_mixin.py:137} INFO - [2023-02-19T20:14:43.460+0000] {dag.py:2690} INFO - Sync 1 DAGs
[2023-02-19T20:14:43.494+0000] {logging_mixin.py:137} INFO - [2023-02-19T20:14:43.494+0000] {dag.py:3441} INFO - Setting next_dagrun for example_bash_operator to 2023-02-18T00:00:00+00:00, run_after=2023-02-19T00:00:00+00:00
[2023-02-19T20:14:43.519+0000] {processor.py:175} INFO - Processing /home/airflow/.local/lib/python3.7/site-packages/airflow/example_dags/example_bash_operator.py took 0.144 seconds
[2023-02-19T20:15:13.991+0000] {processor.py:153} INFO - Started process (PID=656) to work on /home/airflow/.local/lib/python3.7/site-packages/airflow/example_dags/example_bash_operator.py
[2023-02-19T20:15:13.995+0000] {processor.py:743} INFO - Processing file /home/airflow/.local/lib/python3.7/site-packages/airflow/example_dags/example_bash_operator.py for tasks to queue
[2023-02-19T20:15:13.998+0000] {logging_mixin.py:137} INFO - [2023-02-19T20:15:13.997+0000] {dagbag.py:538} INFO - Filling up the DagBag from /home/airflow/.local/lib/python3.7/site-packages/airflow/example_dags/example_bash_operator.py
[2023-02-19T20:15:14.029+0000] {processor.py:753} INFO - DAG(s) dict_keys(['example_bash_operator']) retrieved from /home/airflow/.local/lib/python3.7/site-packages/airflow/example_dags/example_bash_operator.py
[2023-02-19T20:15:14.083+0000] {logging_mixin.py:137} INFO - [2023-02-19T20:15:14.083+0000] {dag.py:2690} INFO - Sync 1 DAGs
[2023-02-19T20:15:14.123+0000] {logging_mixin.py:137} INFO - [2023-02-19T20:15:14.122+0000] {dag.py:3441} INFO - Setting next_dagrun for example_bash_operator to 2023-02-18T00:00:00+00:00, run_after=2023-02-19T00:00:00+00:00
[2023-02-19T20:15:14.145+0000] {processor.py:175} INFO - Processing /home/airflow/.local/lib/python3.7/site-packages/airflow/example_dags/example_bash_operator.py took 0.160 seconds
[2023-02-19T20:15:44.786+0000] {processor.py:153} INFO - Started process (PID=732) to work on /home/airflow/.local/lib/python3.7/site-packages/airflow/example_dags/example_bash_operator.py
[2023-02-19T20:15:44.789+0000] {processor.py:743} INFO - Processing file /home/airflow/.local/lib/python3.7/site-packages/airflow/example_dags/example_bash_operator.py for tasks to queue
[2023-02-19T20:15:44.792+0000] {logging_mixin.py:137} INFO - [2023-02-19T20:15:44.791+0000] {dagbag.py:538} INFO - Filling up the DagBag from /home/airflow/.local/lib/python3.7/site-packages/airflow/example_dags/example_bash_operator.py
[2023-02-19T20:15:44.823+0000] {processor.py:753} INFO - DAG(s) dict_keys(['example_bash_operator']) retrieved from /home/airflow/.local/lib/python3.7/site-packages/airflow/example_dags/example_bash_operator.py
[2023-02-19T20:15:44.889+0000] {logging_mixin.py:137} INFO - [2023-02-19T20:15:44.889+0000] {dag.py:2690} INFO - Sync 1 DAGs
[2023-02-19T20:15:44.950+0000] {logging_mixin.py:137} INFO - [2023-02-19T20:15:44.950+0000] {dag.py:3441} INFO - Setting next_dagrun for example_bash_operator to 2023-02-18T00:00:00+00:00, run_after=2023-02-19T00:00:00+00:00
[2023-02-19T20:15:44.973+0000] {processor.py:175} INFO - Processing /home/airflow/.local/lib/python3.7/site-packages/airflow/example_dags/example_bash_operator.py took 0.193 seconds
[2023-02-19T20:16:15.379+0000] {processor.py:153} INFO - Started process (PID=796) to work on /home/airflow/.local/lib/python3.7/site-packages/airflow/example_dags/example_bash_operator.py
[2023-02-19T20:16:15.382+0000] {processor.py:743} INFO - Processing file /home/airflow/.local/lib/python3.7/site-packages/airflow/example_dags/example_bash_operator.py for tasks to queue
[2023-02-19T20:16:15.384+0000] {logging_mixin.py:137} INFO - [2023-02-19T20:16:15.384+0000] {dagbag.py:538} INFO - Filling up the DagBag from /home/airflow/.local/lib/python3.7/site-packages/airflow/example_dags/example_bash_operator.py
[2023-02-19T20:16:15.415+0000] {processor.py:753} INFO - DAG(s) dict_keys(['example_bash_operator']) retrieved from /home/airflow/.local/lib/python3.7/site-packages/airflow/example_dags/example_bash_operator.py
[2023-02-19T20:16:15.467+0000] {logging_mixin.py:137} INFO - [2023-02-19T20:16:15.466+0000] {dag.py:2690} INFO - Sync 1 DAGs
[2023-02-19T20:16:15.501+0000] {logging_mixin.py:137} INFO - [2023-02-19T20:16:15.500+0000] {dag.py:3441} INFO - Setting next_dagrun for example_bash_operator to 2023-02-18T00:00:00+00:00, run_after=2023-02-19T00:00:00+00:00
[2023-02-19T20:16:15.527+0000] {processor.py:175} INFO - Processing /home/airflow/.local/lib/python3.7/site-packages/airflow/example_dags/example_bash_operator.py took 0.154 seconds
[2023-02-19T20:16:46.024+0000] {processor.py:153} INFO - Started process (PID=871) to work on /home/airflow/.local/lib/python3.7/site-packages/airflow/example_dags/example_bash_operator.py
[2023-02-19T20:16:46.028+0000] {processor.py:743} INFO - Processing file /home/airflow/.local/lib/python3.7/site-packages/airflow/example_dags/example_bash_operator.py for tasks to queue
[2023-02-19T20:16:46.030+0000] {logging_mixin.py:137} INFO - [2023-02-19T20:16:46.030+0000] {dagbag.py:538} INFO - Filling up the DagBag from /home/airflow/.local/lib/python3.7/site-packages/airflow/example_dags/example_bash_operator.py
[2023-02-19T20:16:46.061+0000] {processor.py:753} INFO - DAG(s) dict_keys(['example_bash_operator']) retrieved from /home/airflow/.local/lib/python3.7/site-packages/airflow/example_dags/example_bash_operator.py
[2023-02-19T20:16:46.110+0000] {logging_mixin.py:137} INFO - [2023-02-19T20:16:46.110+0000] {dag.py:2690} INFO - Sync 1 DAGs
[2023-02-19T20:16:46.147+0000] {logging_mixin.py:137} INFO - [2023-02-19T20:16:46.147+0000] {dag.py:3441} INFO - Setting next_dagrun for example_bash_operator to 2023-02-18T00:00:00+00:00, run_after=2023-02-19T00:00:00+00:00
[2023-02-19T20:16:46.175+0000] {processor.py:175} INFO - Processing /home/airflow/.local/lib/python3.7/site-packages/airflow/example_dags/example_bash_operator.py took 0.155 seconds
[2023-02-19T20:17:16.872+0000] {processor.py:153} INFO - Started process (PID=934) to work on /home/airflow/.local/lib/python3.7/site-packages/airflow/example_dags/example_bash_operator.py
[2023-02-19T20:17:16.874+0000] {processor.py:743} INFO - Processing file /home/airflow/.local/lib/python3.7/site-packages/airflow/example_dags/example_bash_operator.py for tasks to queue
[2023-02-19T20:17:16.876+0000] {logging_mixin.py:137} INFO - [2023-02-19T20:17:16.876+0000] {dagbag.py:538} INFO - Filling up the DagBag from /home/airflow/.local/lib/python3.7/site-packages/airflow/example_dags/example_bash_operator.py
[2023-02-19T20:17:16.904+0000] {processor.py:753} INFO - DAG(s) dict_keys(['example_bash_operator']) retrieved from /home/airflow/.local/lib/python3.7/site-packages/airflow/example_dags/example_bash_operator.py
[2023-02-19T20:17:16.956+0000] {logging_mixin.py:137} INFO - [2023-02-19T20:17:16.955+0000] {dag.py:2690} INFO - Sync 1 DAGs
[2023-02-19T20:17:16.991+0000] {logging_mixin.py:137} INFO - [2023-02-19T20:17:16.991+0000] {dag.py:3441} INFO - Setting next_dagrun for example_bash_operator to 2023-02-18T00:00:00+00:00, run_after=2023-02-19T00:00:00+00:00
[2023-02-19T20:17:17.016+0000] {processor.py:175} INFO - Processing /home/airflow/.local/lib/python3.7/site-packages/airflow/example_dags/example_bash_operator.py took 0.149 seconds
[2023-02-19T20:17:47.460+0000] {processor.py:153} INFO - Started process (PID=1006) to work on /home/airflow/.local/lib/python3.7/site-packages/airflow/example_dags/example_bash_operator.py
[2023-02-19T20:17:47.465+0000] {processor.py:743} INFO - Processing file /home/airflow/.local/lib/python3.7/site-packages/airflow/example_dags/example_bash_operator.py for tasks to queue
[2023-02-19T20:17:47.468+0000] {logging_mixin.py:137} INFO - [2023-02-19T20:17:47.467+0000] {dagbag.py:538} INFO - Filling up the DagBag from /home/airflow/.local/lib/python3.7/site-packages/airflow/example_dags/example_bash_operator.py
[2023-02-19T20:17:47.513+0000] {processor.py:753} INFO - DAG(s) dict_keys(['example_bash_operator']) retrieved from /home/airflow/.local/lib/python3.7/site-packages/airflow/example_dags/example_bash_operator.py
[2023-02-19T20:17:47.576+0000] {logging_mixin.py:137} INFO - [2023-02-19T20:17:47.575+0000] {dag.py:2690} INFO - Sync 1 DAGs
[2023-02-19T20:17:47.629+0000] {logging_mixin.py:137} INFO - [2023-02-19T20:17:47.628+0000] {dag.py:3441} INFO - Setting next_dagrun for example_bash_operator to 2023-02-18T00:00:00+00:00, run_after=2023-02-19T00:00:00+00:00
[2023-02-19T20:17:47.654+0000] {processor.py:175} INFO - Processing /home/airflow/.local/lib/python3.7/site-packages/airflow/example_dags/example_bash_operator.py took 0.200 seconds
[2023-02-19T20:18:18.127+0000] {processor.py:153} INFO - Started process (PID=1073) to work on /home/airflow/.local/lib/python3.7/site-packages/airflow/example_dags/example_bash_operator.py
[2023-02-19T20:18:18.131+0000] {processor.py:743} INFO - Processing file /home/airflow/.local/lib/python3.7/site-packages/airflow/example_dags/example_bash_operator.py for tasks to queue
[2023-02-19T20:18:18.134+0000] {logging_mixin.py:137} INFO - [2023-02-19T20:18:18.133+0000] {dagbag.py:538} INFO - Filling up the DagBag from /home/airflow/.local/lib/python3.7/site-packages/airflow/example_dags/example_bash_operator.py
[2023-02-19T20:18:18.166+0000] {processor.py:753} INFO - DAG(s) dict_keys(['example_bash_operator']) retrieved from /home/airflow/.local/lib/python3.7/site-packages/airflow/example_dags/example_bash_operator.py
[2023-02-19T20:18:18.217+0000] {logging_mixin.py:137} INFO - [2023-02-19T20:18:18.216+0000] {dag.py:2690} INFO - Sync 1 DAGs
[2023-02-19T20:18:18.251+0000] {logging_mixin.py:137} INFO - [2023-02-19T20:18:18.251+0000] {dag.py:3441} INFO - Setting next_dagrun for example_bash_operator to 2023-02-18T00:00:00+00:00, run_after=2023-02-19T00:00:00+00:00
[2023-02-19T20:18:18.283+0000] {processor.py:175} INFO - Processing /home/airflow/.local/lib/python3.7/site-packages/airflow/example_dags/example_bash_operator.py took 0.165 seconds
[2023-02-19T20:18:48.875+0000] {processor.py:153} INFO - Started process (PID=1136) to work on /home/airflow/.local/lib/python3.7/site-packages/airflow/example_dags/example_bash_operator.py
[2023-02-19T20:18:48.878+0000] {processor.py:743} INFO - Processing file /home/airflow/.local/lib/python3.7/site-packages/airflow/example_dags/example_bash_operator.py for tasks to queue
[2023-02-19T20:18:48.881+0000] {logging_mixin.py:137} INFO - [2023-02-19T20:18:48.880+0000] {dagbag.py:538} INFO - Filling up the DagBag from /home/airflow/.local/lib/python3.7/site-packages/airflow/example_dags/example_bash_operator.py
[2023-02-19T20:18:48.921+0000] {processor.py:753} INFO - DAG(s) dict_keys(['example_bash_operator']) retrieved from /home/airflow/.local/lib/python3.7/site-packages/airflow/example_dags/example_bash_operator.py
[2023-02-19T20:18:48.988+0000] {logging_mixin.py:137} INFO - [2023-02-19T20:18:48.988+0000] {dag.py:2690} INFO - Sync 1 DAGs
[2023-02-19T20:18:49.024+0000] {logging_mixin.py:137} INFO - [2023-02-19T20:18:49.023+0000] {dag.py:3441} INFO - Setting next_dagrun for example_bash_operator to 2023-02-18T00:00:00+00:00, run_after=2023-02-19T00:00:00+00:00
[2023-02-19T20:18:49.054+0000] {processor.py:175} INFO - Processing /home/airflow/.local/lib/python3.7/site-packages/airflow/example_dags/example_bash_operator.py took 0.185 seconds
[2023-02-19T20:19:19.509+0000] {processor.py:153} INFO - Started process (PID=1210) to work on /home/airflow/.local/lib/python3.7/site-packages/airflow/example_dags/example_bash_operator.py
[2023-02-19T20:19:19.518+0000] {processor.py:743} INFO - Processing file /home/airflow/.local/lib/python3.7/site-packages/airflow/example_dags/example_bash_operator.py for tasks to queue
[2023-02-19T20:19:19.521+0000] {logging_mixin.py:137} INFO - [2023-02-19T20:19:19.521+0000] {dagbag.py:538} INFO - Filling up the DagBag from /home/airflow/.local/lib/python3.7/site-packages/airflow/example_dags/example_bash_operator.py
[2023-02-19T20:19:19.560+0000] {processor.py:753} INFO - DAG(s) dict_keys(['example_bash_operator']) retrieved from /home/airflow/.local/lib/python3.7/site-packages/airflow/example_dags/example_bash_operator.py
[2023-02-19T20:19:19.610+0000] {logging_mixin.py:137} INFO - [2023-02-19T20:19:19.610+0000] {dag.py:2690} INFO - Sync 1 DAGs
[2023-02-19T20:19:19.651+0000] {logging_mixin.py:137} INFO - [2023-02-19T20:19:19.651+0000] {dag.py:3441} INFO - Setting next_dagrun for example_bash_operator to 2023-02-18T00:00:00+00:00, run_after=2023-02-19T00:00:00+00:00
[2023-02-19T20:19:19.687+0000] {processor.py:175} INFO - Processing /home/airflow/.local/lib/python3.7/site-packages/airflow/example_dags/example_bash_operator.py took 0.184 seconds
[2023-02-19T20:19:50.174+0000] {processor.py:153} INFO - Started process (PID=1273) to work on /home/airflow/.local/lib/python3.7/site-packages/airflow/example_dags/example_bash_operator.py
[2023-02-19T20:19:50.177+0000] {processor.py:743} INFO - Processing file /home/airflow/.local/lib/python3.7/site-packages/airflow/example_dags/example_bash_operator.py for tasks to queue
[2023-02-19T20:19:50.179+0000] {logging_mixin.py:137} INFO - [2023-02-19T20:19:50.178+0000] {dagbag.py:538} INFO - Filling up the DagBag from /home/airflow/.local/lib/python3.7/site-packages/airflow/example_dags/example_bash_operator.py
[2023-02-19T20:19:50.209+0000] {processor.py:753} INFO - DAG(s) dict_keys(['example_bash_operator']) retrieved from /home/airflow/.local/lib/python3.7/site-packages/airflow/example_dags/example_bash_operator.py
[2023-02-19T20:19:50.257+0000] {logging_mixin.py:137} INFO - [2023-02-19T20:19:50.256+0000] {dag.py:2690} INFO - Sync 1 DAGs
[2023-02-19T20:19:50.290+0000] {logging_mixin.py:137} INFO - [2023-02-19T20:19:50.290+0000] {dag.py:3441} INFO - Setting next_dagrun for example_bash_operator to 2023-02-18T00:00:00+00:00, run_after=2023-02-19T00:00:00+00:00
[2023-02-19T20:19:50.317+0000] {processor.py:175} INFO - Processing /home/airflow/.local/lib/python3.7/site-packages/airflow/example_dags/example_bash_operator.py took 0.147 seconds
[2023-02-19T20:20:20.832+0000] {processor.py:153} INFO - Started process (PID=1349) to work on /home/airflow/.local/lib/python3.7/site-packages/airflow/example_dags/example_bash_operator.py
[2023-02-19T20:20:20.835+0000] {processor.py:743} INFO - Processing file /home/airflow/.local/lib/python3.7/site-packages/airflow/example_dags/example_bash_operator.py for tasks to queue
[2023-02-19T20:20:20.838+0000] {logging_mixin.py:137} INFO - [2023-02-19T20:20:20.838+0000] {dagbag.py:538} INFO - Filling up the DagBag from /home/airflow/.local/lib/python3.7/site-packages/airflow/example_dags/example_bash_operator.py
[2023-02-19T20:20:20.901+0000] {processor.py:753} INFO - DAG(s) dict_keys(['example_bash_operator']) retrieved from /home/airflow/.local/lib/python3.7/site-packages/airflow/example_dags/example_bash_operator.py
[2023-02-19T20:20:20.948+0000] {logging_mixin.py:137} INFO - [2023-02-19T20:20:20.948+0000] {dag.py:2690} INFO - Sync 1 DAGs
[2023-02-19T20:20:20.981+0000] {logging_mixin.py:137} INFO - [2023-02-19T20:20:20.981+0000] {dag.py:3441} INFO - Setting next_dagrun for example_bash_operator to 2023-02-18T00:00:00+00:00, run_after=2023-02-19T00:00:00+00:00
[2023-02-19T20:20:21.006+0000] {processor.py:175} INFO - Processing /home/airflow/.local/lib/python3.7/site-packages/airflow/example_dags/example_bash_operator.py took 0.180 seconds
[2023-02-19T20:20:51.309+0000] {processor.py:153} INFO - Started process (PID=1413) to work on /home/airflow/.local/lib/python3.7/site-packages/airflow/example_dags/example_bash_operator.py
[2023-02-19T20:20:51.312+0000] {processor.py:743} INFO - Processing file /home/airflow/.local/lib/python3.7/site-packages/airflow/example_dags/example_bash_operator.py for tasks to queue
[2023-02-19T20:20:51.315+0000] {logging_mixin.py:137} INFO - [2023-02-19T20:20:51.315+0000] {dagbag.py:538} INFO - Filling up the DagBag from /home/airflow/.local/lib/python3.7/site-packages/airflow/example_dags/example_bash_operator.py
[2023-02-19T20:20:51.347+0000] {processor.py:753} INFO - DAG(s) dict_keys(['example_bash_operator']) retrieved from /home/airflow/.local/lib/python3.7/site-packages/airflow/example_dags/example_bash_operator.py
[2023-02-19T20:20:51.398+0000] {logging_mixin.py:137} INFO - [2023-02-19T20:20:51.398+0000] {dag.py:2690} INFO - Sync 1 DAGs
[2023-02-19T20:20:51.435+0000] {logging_mixin.py:137} INFO - [2023-02-19T20:20:51.434+0000] {dag.py:3441} INFO - Setting next_dagrun for example_bash_operator to 2023-02-18T00:00:00+00:00, run_after=2023-02-19T00:00:00+00:00
[2023-02-19T20:20:51.459+0000] {processor.py:175} INFO - Processing /home/airflow/.local/lib/python3.7/site-packages/airflow/example_dags/example_bash_operator.py took 0.156 seconds
[2023-02-19T20:21:21.830+0000] {processor.py:153} INFO - Started process (PID=1487) to work on /home/airflow/.local/lib/python3.7/site-packages/airflow/example_dags/example_bash_operator.py
[2023-02-19T20:21:21.833+0000] {processor.py:743} INFO - Processing file /home/airflow/.local/lib/python3.7/site-packages/airflow/example_dags/example_bash_operator.py for tasks to queue
[2023-02-19T20:21:21.835+0000] {logging_mixin.py:137} INFO - [2023-02-19T20:21:21.835+0000] {dagbag.py:538} INFO - Filling up the DagBag from /home/airflow/.local/lib/python3.7/site-packages/airflow/example_dags/example_bash_operator.py
[2023-02-19T20:21:21.877+0000] {processor.py:753} INFO - DAG(s) dict_keys(['example_bash_operator']) retrieved from /home/airflow/.local/lib/python3.7/site-packages/airflow/example_dags/example_bash_operator.py
[2023-02-19T20:21:21.935+0000] {logging_mixin.py:137} INFO - [2023-02-19T20:21:21.935+0000] {dag.py:2690} INFO - Sync 1 DAGs
[2023-02-19T20:21:21.970+0000] {logging_mixin.py:137} INFO - [2023-02-19T20:21:21.970+0000] {dag.py:3441} INFO - Setting next_dagrun for example_bash_operator to 2023-02-18T00:00:00+00:00, run_after=2023-02-19T00:00:00+00:00
[2023-02-19T20:21:21.996+0000] {processor.py:175} INFO - Processing /home/airflow/.local/lib/python3.7/site-packages/airflow/example_dags/example_bash_operator.py took 0.171 seconds
[2023-02-19T20:51:45.348+0000] {processor.py:153} INFO - Started process (PID=1545) to work on /home/airflow/.local/lib/python3.7/site-packages/airflow/example_dags/example_bash_operator.py
[2023-02-19T20:51:45.352+0000] {processor.py:743} INFO - Processing file /home/airflow/.local/lib/python3.7/site-packages/airflow/example_dags/example_bash_operator.py for tasks to queue
[2023-02-19T20:51:45.357+0000] {logging_mixin.py:137} INFO - [2023-02-19T20:51:45.356+0000] {dagbag.py:538} INFO - Filling up the DagBag from /home/airflow/.local/lib/python3.7/site-packages/airflow/example_dags/example_bash_operator.py
[2023-02-19T20:51:45.485+0000] {processor.py:753} INFO - DAG(s) dict_keys(['example_bash_operator']) retrieved from /home/airflow/.local/lib/python3.7/site-packages/airflow/example_dags/example_bash_operator.py
[2023-02-19T20:51:45.625+0000] {logging_mixin.py:137} INFO - [2023-02-19T20:51:45.625+0000] {dag.py:2690} INFO - Sync 1 DAGs
[2023-02-19T20:51:45.666+0000] {logging_mixin.py:137} INFO - [2023-02-19T20:51:45.666+0000] {dag.py:3441} INFO - Setting next_dagrun for example_bash_operator to 2023-02-18T00:00:00+00:00, run_after=2023-02-19T00:00:00+00:00
[2023-02-19T20:51:45.699+0000] {processor.py:175} INFO - Processing /home/airflow/.local/lib/python3.7/site-packages/airflow/example_dags/example_bash_operator.py took 0.382 seconds
[2023-02-19T21:09:22.800+0000] {processor.py:153} INFO - Started process (PID=1621) to work on /home/airflow/.local/lib/python3.7/site-packages/airflow/example_dags/example_bash_operator.py
[2023-02-19T21:09:22.803+0000] {processor.py:743} INFO - Processing file /home/airflow/.local/lib/python3.7/site-packages/airflow/example_dags/example_bash_operator.py for tasks to queue
[2023-02-19T21:09:22.815+0000] {logging_mixin.py:137} INFO - [2023-02-19T21:09:22.815+0000] {dagbag.py:538} INFO - Filling up the DagBag from /home/airflow/.local/lib/python3.7/site-packages/airflow/example_dags/example_bash_operator.py
[2023-02-19T21:09:22.890+0000] {processor.py:753} INFO - DAG(s) dict_keys(['example_bash_operator']) retrieved from /home/airflow/.local/lib/python3.7/site-packages/airflow/example_dags/example_bash_operator.py
[2023-02-19T21:09:23.030+0000] {logging_mixin.py:137} INFO - [2023-02-19T21:09:23.030+0000] {dag.py:2690} INFO - Sync 1 DAGs
[2023-02-19T21:09:23.183+0000] {logging_mixin.py:137} INFO - [2023-02-19T21:09:23.183+0000] {dag.py:3441} INFO - Setting next_dagrun for example_bash_operator to 2023-02-18T00:00:00+00:00, run_after=2023-02-19T00:00:00+00:00
[2023-02-19T21:09:23.236+0000] {processor.py:175} INFO - Processing /home/airflow/.local/lib/python3.7/site-packages/airflow/example_dags/example_bash_operator.py took 0.445 seconds
[2023-02-19T22:01:39.964+0000] {processor.py:153} INFO - Started process (PID=1688) to work on /home/airflow/.local/lib/python3.7/site-packages/airflow/example_dags/example_bash_operator.py
[2023-02-19T22:01:39.974+0000] {processor.py:743} INFO - Processing file /home/airflow/.local/lib/python3.7/site-packages/airflow/example_dags/example_bash_operator.py for tasks to queue
[2023-02-19T22:01:39.983+0000] {logging_mixin.py:137} INFO - [2023-02-19T22:01:39.982+0000] {dagbag.py:538} INFO - Filling up the DagBag from /home/airflow/.local/lib/python3.7/site-packages/airflow/example_dags/example_bash_operator.py
[2023-02-19T22:01:40.296+0000] {processor.py:753} INFO - DAG(s) dict_keys(['example_bash_operator']) retrieved from /home/airflow/.local/lib/python3.7/site-packages/airflow/example_dags/example_bash_operator.py
[2023-02-19T22:01:40.742+0000] {logging_mixin.py:137} INFO - [2023-02-19T22:01:40.741+0000] {dag.py:2690} INFO - Sync 1 DAGs
[2023-02-19T22:01:40.847+0000] {logging_mixin.py:137} INFO - [2023-02-19T22:01:40.847+0000] {dag.py:3441} INFO - Setting next_dagrun for example_bash_operator to 2023-02-18T00:00:00+00:00, run_after=2023-02-19T00:00:00+00:00
[2023-02-19T22:01:40.892+0000] {processor.py:175} INFO - Processing /home/airflow/.local/lib/python3.7/site-packages/airflow/example_dags/example_bash_operator.py took 0.952 seconds
[2023-02-19T22:02:11.803+0000] {processor.py:153} INFO - Started process (PID=1756) to work on /home/airflow/.local/lib/python3.7/site-packages/airflow/example_dags/example_bash_operator.py
[2023-02-19T22:02:11.810+0000] {processor.py:743} INFO - Processing file /home/airflow/.local/lib/python3.7/site-packages/airflow/example_dags/example_bash_operator.py for tasks to queue
[2023-02-19T22:02:11.816+0000] {logging_mixin.py:137} INFO - [2023-02-19T22:02:11.816+0000] {dagbag.py:538} INFO - Filling up the DagBag from /home/airflow/.local/lib/python3.7/site-packages/airflow/example_dags/example_bash_operator.py
[2023-02-19T22:02:11.886+0000] {processor.py:753} INFO - DAG(s) dict_keys(['example_bash_operator']) retrieved from /home/airflow/.local/lib/python3.7/site-packages/airflow/example_dags/example_bash_operator.py
[2023-02-19T22:02:11.947+0000] {logging_mixin.py:137} INFO - [2023-02-19T22:02:11.947+0000] {dag.py:2690} INFO - Sync 1 DAGs
[2023-02-19T22:02:11.984+0000] {logging_mixin.py:137} INFO - [2023-02-19T22:02:11.983+0000] {dag.py:3441} INFO - Setting next_dagrun for example_bash_operator to 2023-02-18T00:00:00+00:00, run_after=2023-02-19T00:00:00+00:00
[2023-02-19T22:02:12.012+0000] {processor.py:175} INFO - Processing /home/airflow/.local/lib/python3.7/site-packages/airflow/example_dags/example_bash_operator.py took 0.226 seconds
