[2023-02-19T20:10:43.699+0000] {processor.py:153} INFO - Started process (PID=76) to work on /home/airflow/.local/lib/python3.7/site-packages/airflow/example_dags/example_latest_only.py
[2023-02-19T20:10:43.702+0000] {processor.py:743} INFO - Processing file /home/airflow/.local/lib/python3.7/site-packages/airflow/example_dags/example_latest_only.py for tasks to queue
[2023-02-19T20:10:43.705+0000] {logging_mixin.py:137} INFO - [2023-02-19T20:10:43.705+0000] {dagbag.py:538} INFO - Filling up the DagBag from /home/airflow/.local/lib/python3.7/site-packages/airflow/example_dags/example_latest_only.py
[2023-02-19T20:10:43.736+0000] {processor.py:753} INFO - DAG(s) dict_keys(['latest_only']) retrieved from /home/airflow/.local/lib/python3.7/site-packages/airflow/example_dags/example_latest_only.py
[2023-02-19T20:10:43.821+0000] {logging_mixin.py:137} INFO - [2023-02-19T20:10:43.821+0000] {dag.py:2690} INFO - Sync 1 DAGs
[2023-02-19T20:10:44.044+0000] {logging_mixin.py:137} INFO - [2023-02-19T20:10:44.044+0000] {dag.py:3441} INFO - Setting next_dagrun for latest_only to 2023-02-19T16:10:44.043748+00:00, run_after=2023-02-19T20:10:44.043748+00:00
[2023-02-19T20:10:44.138+0000] {processor.py:175} INFO - Processing /home/airflow/.local/lib/python3.7/site-packages/airflow/example_dags/example_latest_only.py took 0.446 seconds
[2023-02-19T20:11:14.465+0000] {processor.py:153} INFO - Started process (PID=139) to work on /home/airflow/.local/lib/python3.7/site-packages/airflow/example_dags/example_latest_only.py
[2023-02-19T20:11:14.467+0000] {processor.py:743} INFO - Processing file /home/airflow/.local/lib/python3.7/site-packages/airflow/example_dags/example_latest_only.py for tasks to queue
[2023-02-19T20:11:14.469+0000] {logging_mixin.py:137} INFO - [2023-02-19T20:11:14.469+0000] {dagbag.py:538} INFO - Filling up the DagBag from /home/airflow/.local/lib/python3.7/site-packages/airflow/example_dags/example_latest_only.py
[2023-02-19T20:11:14.489+0000] {processor.py:753} INFO - DAG(s) dict_keys(['latest_only']) retrieved from /home/airflow/.local/lib/python3.7/site-packages/airflow/example_dags/example_latest_only.py
[2023-02-19T20:11:14.506+0000] {logging_mixin.py:137} INFO - [2023-02-19T20:11:14.506+0000] {dag.py:2690} INFO - Sync 1 DAGs
[2023-02-19T20:11:14.562+0000] {logging_mixin.py:137} INFO - [2023-02-19T20:11:14.562+0000] {dag.py:3441} INFO - Setting next_dagrun for latest_only to 2023-02-19T16:11:14.562189+00:00, run_after=2023-02-19T20:11:14.562189+00:00
[2023-02-19T20:11:14.617+0000] {processor.py:175} INFO - Processing /home/airflow/.local/lib/python3.7/site-packages/airflow/example_dags/example_latest_only.py took 0.156 seconds
[2023-02-19T20:11:45.298+0000] {processor.py:153} INFO - Started process (PID=214) to work on /home/airflow/.local/lib/python3.7/site-packages/airflow/example_dags/example_latest_only.py
[2023-02-19T20:11:45.301+0000] {processor.py:743} INFO - Processing file /home/airflow/.local/lib/python3.7/site-packages/airflow/example_dags/example_latest_only.py for tasks to queue
[2023-02-19T20:11:45.303+0000] {logging_mixin.py:137} INFO - [2023-02-19T20:11:45.302+0000] {dagbag.py:538} INFO - Filling up the DagBag from /home/airflow/.local/lib/python3.7/site-packages/airflow/example_dags/example_latest_only.py
[2023-02-19T20:11:45.320+0000] {processor.py:753} INFO - DAG(s) dict_keys(['latest_only']) retrieved from /home/airflow/.local/lib/python3.7/site-packages/airflow/example_dags/example_latest_only.py
[2023-02-19T20:11:45.352+0000] {logging_mixin.py:137} INFO - [2023-02-19T20:11:45.351+0000] {dag.py:2690} INFO - Sync 1 DAGs
[2023-02-19T20:11:45.384+0000] {logging_mixin.py:137} INFO - [2023-02-19T20:11:45.384+0000] {dag.py:3441} INFO - Setting next_dagrun for latest_only to 2023-02-19T16:11:45.383772+00:00, run_after=2023-02-19T20:11:45.383772+00:00
[2023-02-19T20:11:45.409+0000] {processor.py:175} INFO - Processing /home/airflow/.local/lib/python3.7/site-packages/airflow/example_dags/example_latest_only.py took 0.115 seconds
[2023-02-19T20:12:16.095+0000] {processor.py:153} INFO - Started process (PID=278) to work on /home/airflow/.local/lib/python3.7/site-packages/airflow/example_dags/example_latest_only.py
[2023-02-19T20:12:16.100+0000] {processor.py:743} INFO - Processing file /home/airflow/.local/lib/python3.7/site-packages/airflow/example_dags/example_latest_only.py for tasks to queue
[2023-02-19T20:12:16.102+0000] {logging_mixin.py:137} INFO - [2023-02-19T20:12:16.101+0000] {dagbag.py:538} INFO - Filling up the DagBag from /home/airflow/.local/lib/python3.7/site-packages/airflow/example_dags/example_latest_only.py
[2023-02-19T20:12:16.120+0000] {processor.py:753} INFO - DAG(s) dict_keys(['latest_only']) retrieved from /home/airflow/.local/lib/python3.7/site-packages/airflow/example_dags/example_latest_only.py
[2023-02-19T20:12:16.152+0000] {logging_mixin.py:137} INFO - [2023-02-19T20:12:16.152+0000] {dag.py:2690} INFO - Sync 1 DAGs
[2023-02-19T20:12:16.185+0000] {logging_mixin.py:137} INFO - [2023-02-19T20:12:16.185+0000] {dag.py:3441} INFO - Setting next_dagrun for latest_only to 2023-02-19T16:12:16.185312+00:00, run_after=2023-02-19T20:12:16.185312+00:00
[2023-02-19T20:12:16.212+0000] {processor.py:175} INFO - Processing /home/airflow/.local/lib/python3.7/site-packages/airflow/example_dags/example_latest_only.py took 0.122 seconds
[2023-02-19T20:12:46.475+0000] {processor.py:153} INFO - Started process (PID=353) to work on /home/airflow/.local/lib/python3.7/site-packages/airflow/example_dags/example_latest_only.py
[2023-02-19T20:12:46.477+0000] {processor.py:743} INFO - Processing file /home/airflow/.local/lib/python3.7/site-packages/airflow/example_dags/example_latest_only.py for tasks to queue
[2023-02-19T20:12:46.479+0000] {logging_mixin.py:137} INFO - [2023-02-19T20:12:46.479+0000] {dagbag.py:538} INFO - Filling up the DagBag from /home/airflow/.local/lib/python3.7/site-packages/airflow/example_dags/example_latest_only.py
[2023-02-19T20:12:46.498+0000] {processor.py:753} INFO - DAG(s) dict_keys(['latest_only']) retrieved from /home/airflow/.local/lib/python3.7/site-packages/airflow/example_dags/example_latest_only.py
[2023-02-19T20:12:46.534+0000] {logging_mixin.py:137} INFO - [2023-02-19T20:12:46.534+0000] {dag.py:2690} INFO - Sync 1 DAGs
[2023-02-19T20:12:46.570+0000] {logging_mixin.py:137} INFO - [2023-02-19T20:12:46.570+0000] {dag.py:3441} INFO - Setting next_dagrun for latest_only to 2023-02-19T16:12:46.569654+00:00, run_after=2023-02-19T20:12:46.569654+00:00
[2023-02-19T20:12:46.600+0000] {processor.py:175} INFO - Processing /home/airflow/.local/lib/python3.7/site-packages/airflow/example_dags/example_latest_only.py took 0.130 seconds
[2023-02-19T20:13:17.035+0000] {processor.py:153} INFO - Started process (PID=416) to work on /home/airflow/.local/lib/python3.7/site-packages/airflow/example_dags/example_latest_only.py
[2023-02-19T20:13:17.037+0000] {processor.py:743} INFO - Processing file /home/airflow/.local/lib/python3.7/site-packages/airflow/example_dags/example_latest_only.py for tasks to queue
[2023-02-19T20:13:17.040+0000] {logging_mixin.py:137} INFO - [2023-02-19T20:13:17.039+0000] {dagbag.py:538} INFO - Filling up the DagBag from /home/airflow/.local/lib/python3.7/site-packages/airflow/example_dags/example_latest_only.py
[2023-02-19T20:13:17.058+0000] {processor.py:753} INFO - DAG(s) dict_keys(['latest_only']) retrieved from /home/airflow/.local/lib/python3.7/site-packages/airflow/example_dags/example_latest_only.py
[2023-02-19T20:13:17.090+0000] {logging_mixin.py:137} INFO - [2023-02-19T20:13:17.090+0000] {dag.py:2690} INFO - Sync 1 DAGs
[2023-02-19T20:13:17.122+0000] {logging_mixin.py:137} INFO - [2023-02-19T20:13:17.122+0000] {dag.py:3441} INFO - Setting next_dagrun for latest_only to 2023-02-19T16:13:17.121727+00:00, run_after=2023-02-19T20:13:17.121727+00:00
[2023-02-19T20:13:17.145+0000] {processor.py:175} INFO - Processing /home/airflow/.local/lib/python3.7/site-packages/airflow/example_dags/example_latest_only.py took 0.115 seconds
[2023-02-19T20:13:48.300+0000] {processor.py:153} INFO - Started process (PID=486) to work on /home/airflow/.local/lib/python3.7/site-packages/airflow/example_dags/example_latest_only.py
[2023-02-19T20:13:48.317+0000] {processor.py:743} INFO - Processing file /home/airflow/.local/lib/python3.7/site-packages/airflow/example_dags/example_latest_only.py for tasks to queue
[2023-02-19T20:13:48.330+0000] {logging_mixin.py:137} INFO - [2023-02-19T20:13:48.328+0000] {dagbag.py:538} INFO - Filling up the DagBag from /home/airflow/.local/lib/python3.7/site-packages/airflow/example_dags/example_latest_only.py
[2023-02-19T20:13:48.389+0000] {processor.py:753} INFO - DAG(s) dict_keys(['latest_only']) retrieved from /home/airflow/.local/lib/python3.7/site-packages/airflow/example_dags/example_latest_only.py
[2023-02-19T20:13:48.441+0000] {logging_mixin.py:137} INFO - [2023-02-19T20:13:48.441+0000] {dag.py:2690} INFO - Sync 1 DAGs
[2023-02-19T20:13:48.506+0000] {logging_mixin.py:137} INFO - [2023-02-19T20:13:48.506+0000] {dag.py:3441} INFO - Setting next_dagrun for latest_only to 2023-02-19T16:13:48.505530+00:00, run_after=2023-02-19T20:13:48.505530+00:00
[2023-02-19T20:13:48.546+0000] {processor.py:175} INFO - Processing /home/airflow/.local/lib/python3.7/site-packages/airflow/example_dags/example_latest_only.py took 0.267 seconds
[2023-02-19T20:14:19.048+0000] {processor.py:153} INFO - Started process (PID=554) to work on /home/airflow/.local/lib/python3.7/site-packages/airflow/example_dags/example_latest_only.py
[2023-02-19T20:14:19.051+0000] {processor.py:743} INFO - Processing file /home/airflow/.local/lib/python3.7/site-packages/airflow/example_dags/example_latest_only.py for tasks to queue
[2023-02-19T20:14:19.052+0000] {logging_mixin.py:137} INFO - [2023-02-19T20:14:19.052+0000] {dagbag.py:538} INFO - Filling up the DagBag from /home/airflow/.local/lib/python3.7/site-packages/airflow/example_dags/example_latest_only.py
[2023-02-19T20:14:19.070+0000] {processor.py:753} INFO - DAG(s) dict_keys(['latest_only']) retrieved from /home/airflow/.local/lib/python3.7/site-packages/airflow/example_dags/example_latest_only.py
[2023-02-19T20:14:19.102+0000] {logging_mixin.py:137} INFO - [2023-02-19T20:14:19.102+0000] {dag.py:2690} INFO - Sync 1 DAGs
[2023-02-19T20:14:19.135+0000] {logging_mixin.py:137} INFO - [2023-02-19T20:14:19.135+0000] {dag.py:3441} INFO - Setting next_dagrun for latest_only to 2023-02-19T16:14:19.134933+00:00, run_after=2023-02-19T20:14:19.134933+00:00
[2023-02-19T20:14:19.159+0000] {processor.py:175} INFO - Processing /home/airflow/.local/lib/python3.7/site-packages/airflow/example_dags/example_latest_only.py took 0.116 seconds
[2023-02-19T20:14:49.554+0000] {processor.py:153} INFO - Started process (PID=617) to work on /home/airflow/.local/lib/python3.7/site-packages/airflow/example_dags/example_latest_only.py
[2023-02-19T20:14:49.556+0000] {processor.py:743} INFO - Processing file /home/airflow/.local/lib/python3.7/site-packages/airflow/example_dags/example_latest_only.py for tasks to queue
[2023-02-19T20:14:49.558+0000] {logging_mixin.py:137} INFO - [2023-02-19T20:14:49.558+0000] {dagbag.py:538} INFO - Filling up the DagBag from /home/airflow/.local/lib/python3.7/site-packages/airflow/example_dags/example_latest_only.py
[2023-02-19T20:14:49.581+0000] {processor.py:753} INFO - DAG(s) dict_keys(['latest_only']) retrieved from /home/airflow/.local/lib/python3.7/site-packages/airflow/example_dags/example_latest_only.py
[2023-02-19T20:14:49.643+0000] {logging_mixin.py:137} INFO - [2023-02-19T20:14:49.643+0000] {dag.py:2690} INFO - Sync 1 DAGs
[2023-02-19T20:14:49.684+0000] {logging_mixin.py:137} INFO - [2023-02-19T20:14:49.683+0000] {dag.py:3441} INFO - Setting next_dagrun for latest_only to 2023-02-19T16:14:49.683527+00:00, run_after=2023-02-19T20:14:49.683527+00:00
[2023-02-19T20:14:49.709+0000] {processor.py:175} INFO - Processing /home/airflow/.local/lib/python3.7/site-packages/airflow/example_dags/example_latest_only.py took 0.159 seconds
[2023-02-19T20:15:20.398+0000] {processor.py:153} INFO - Started process (PID=693) to work on /home/airflow/.local/lib/python3.7/site-packages/airflow/example_dags/example_latest_only.py
[2023-02-19T20:15:20.401+0000] {processor.py:743} INFO - Processing file /home/airflow/.local/lib/python3.7/site-packages/airflow/example_dags/example_latest_only.py for tasks to queue
[2023-02-19T20:15:20.404+0000] {logging_mixin.py:137} INFO - [2023-02-19T20:15:20.404+0000] {dagbag.py:538} INFO - Filling up the DagBag from /home/airflow/.local/lib/python3.7/site-packages/airflow/example_dags/example_latest_only.py
[2023-02-19T20:15:20.426+0000] {processor.py:753} INFO - DAG(s) dict_keys(['latest_only']) retrieved from /home/airflow/.local/lib/python3.7/site-packages/airflow/example_dags/example_latest_only.py
[2023-02-19T20:15:20.457+0000] {logging_mixin.py:137} INFO - [2023-02-19T20:15:20.457+0000] {dag.py:2690} INFO - Sync 1 DAGs
[2023-02-19T20:15:20.492+0000] {logging_mixin.py:137} INFO - [2023-02-19T20:15:20.491+0000] {dag.py:3441} INFO - Setting next_dagrun for latest_only to 2023-02-19T16:15:20.491606+00:00, run_after=2023-02-19T20:15:20.491606+00:00
[2023-02-19T20:15:20.516+0000] {processor.py:175} INFO - Processing /home/airflow/.local/lib/python3.7/site-packages/airflow/example_dags/example_latest_only.py took 0.122 seconds
[2023-02-19T20:15:51.004+0000] {processor.py:153} INFO - Started process (PID=756) to work on /home/airflow/.local/lib/python3.7/site-packages/airflow/example_dags/example_latest_only.py
[2023-02-19T20:15:51.010+0000] {processor.py:743} INFO - Processing file /home/airflow/.local/lib/python3.7/site-packages/airflow/example_dags/example_latest_only.py for tasks to queue
[2023-02-19T20:15:51.013+0000] {logging_mixin.py:137} INFO - [2023-02-19T20:15:51.013+0000] {dagbag.py:538} INFO - Filling up the DagBag from /home/airflow/.local/lib/python3.7/site-packages/airflow/example_dags/example_latest_only.py
[2023-02-19T20:15:51.037+0000] {processor.py:753} INFO - DAG(s) dict_keys(['latest_only']) retrieved from /home/airflow/.local/lib/python3.7/site-packages/airflow/example_dags/example_latest_only.py
[2023-02-19T20:15:51.084+0000] {logging_mixin.py:137} INFO - [2023-02-19T20:15:51.083+0000] {dag.py:2690} INFO - Sync 1 DAGs
[2023-02-19T20:15:51.117+0000] {logging_mixin.py:137} INFO - [2023-02-19T20:15:51.117+0000] {dag.py:3441} INFO - Setting next_dagrun for latest_only to 2023-02-19T16:15:51.116966+00:00, run_after=2023-02-19T20:15:51.116966+00:00
[2023-02-19T20:15:51.141+0000] {processor.py:175} INFO - Processing /home/airflow/.local/lib/python3.7/site-packages/airflow/example_dags/example_latest_only.py took 0.141 seconds
[2023-02-19T20:16:21.671+0000] {processor.py:153} INFO - Started process (PID=832) to work on /home/airflow/.local/lib/python3.7/site-packages/airflow/example_dags/example_latest_only.py
[2023-02-19T20:16:21.673+0000] {processor.py:743} INFO - Processing file /home/airflow/.local/lib/python3.7/site-packages/airflow/example_dags/example_latest_only.py for tasks to queue
[2023-02-19T20:16:21.675+0000] {logging_mixin.py:137} INFO - [2023-02-19T20:16:21.675+0000] {dagbag.py:538} INFO - Filling up the DagBag from /home/airflow/.local/lib/python3.7/site-packages/airflow/example_dags/example_latest_only.py
[2023-02-19T20:16:21.694+0000] {processor.py:753} INFO - DAG(s) dict_keys(['latest_only']) retrieved from /home/airflow/.local/lib/python3.7/site-packages/airflow/example_dags/example_latest_only.py
[2023-02-19T20:16:21.725+0000] {logging_mixin.py:137} INFO - [2023-02-19T20:16:21.725+0000] {dag.py:2690} INFO - Sync 1 DAGs
[2023-02-19T20:16:21.758+0000] {logging_mixin.py:137} INFO - [2023-02-19T20:16:21.758+0000] {dag.py:3441} INFO - Setting next_dagrun for latest_only to 2023-02-19T16:16:21.757916+00:00, run_after=2023-02-19T20:16:21.757916+00:00
[2023-02-19T20:16:21.784+0000] {processor.py:175} INFO - Processing /home/airflow/.local/lib/python3.7/site-packages/airflow/example_dags/example_latest_only.py took 0.117 seconds
[2023-02-19T20:16:52.630+0000] {processor.py:153} INFO - Started process (PID=895) to work on /home/airflow/.local/lib/python3.7/site-packages/airflow/example_dags/example_latest_only.py
[2023-02-19T20:16:52.632+0000] {processor.py:743} INFO - Processing file /home/airflow/.local/lib/python3.7/site-packages/airflow/example_dags/example_latest_only.py for tasks to queue
[2023-02-19T20:16:52.637+0000] {logging_mixin.py:137} INFO - [2023-02-19T20:16:52.636+0000] {dagbag.py:538} INFO - Filling up the DagBag from /home/airflow/.local/lib/python3.7/site-packages/airflow/example_dags/example_latest_only.py
[2023-02-19T20:16:52.656+0000] {processor.py:753} INFO - DAG(s) dict_keys(['latest_only']) retrieved from /home/airflow/.local/lib/python3.7/site-packages/airflow/example_dags/example_latest_only.py
[2023-02-19T20:16:52.687+0000] {logging_mixin.py:137} INFO - [2023-02-19T20:16:52.687+0000] {dag.py:2690} INFO - Sync 1 DAGs
[2023-02-19T20:16:52.719+0000] {logging_mixin.py:137} INFO - [2023-02-19T20:16:52.719+0000] {dag.py:3441} INFO - Setting next_dagrun for latest_only to 2023-02-19T16:16:52.719059+00:00, run_after=2023-02-19T20:16:52.719059+00:00
[2023-02-19T20:16:52.744+0000] {processor.py:175} INFO - Processing /home/airflow/.local/lib/python3.7/site-packages/airflow/example_dags/example_latest_only.py took 0.119 seconds
[2023-02-19T20:17:23.083+0000] {processor.py:153} INFO - Started process (PID=967) to work on /home/airflow/.local/lib/python3.7/site-packages/airflow/example_dags/example_latest_only.py
[2023-02-19T20:17:23.086+0000] {processor.py:743} INFO - Processing file /home/airflow/.local/lib/python3.7/site-packages/airflow/example_dags/example_latest_only.py for tasks to queue
[2023-02-19T20:17:23.093+0000] {logging_mixin.py:137} INFO - [2023-02-19T20:17:23.093+0000] {dagbag.py:538} INFO - Filling up the DagBag from /home/airflow/.local/lib/python3.7/site-packages/airflow/example_dags/example_latest_only.py
[2023-02-19T20:17:23.129+0000] {processor.py:753} INFO - DAG(s) dict_keys(['latest_only']) retrieved from /home/airflow/.local/lib/python3.7/site-packages/airflow/example_dags/example_latest_only.py
[2023-02-19T20:17:23.163+0000] {logging_mixin.py:137} INFO - [2023-02-19T20:17:23.163+0000] {dag.py:2690} INFO - Sync 1 DAGs
[2023-02-19T20:17:23.206+0000] {logging_mixin.py:137} INFO - [2023-02-19T20:17:23.206+0000] {dag.py:3441} INFO - Setting next_dagrun for latest_only to 2023-02-19T16:17:23.205839+00:00, run_after=2023-02-19T20:17:23.205839+00:00
[2023-02-19T20:17:23.232+0000] {processor.py:175} INFO - Processing /home/airflow/.local/lib/python3.7/site-packages/airflow/example_dags/example_latest_only.py took 0.157 seconds
[2023-02-19T20:17:53.778+0000] {processor.py:153} INFO - Started process (PID=1033) to work on /home/airflow/.local/lib/python3.7/site-packages/airflow/example_dags/example_latest_only.py
[2023-02-19T20:17:53.781+0000] {processor.py:743} INFO - Processing file /home/airflow/.local/lib/python3.7/site-packages/airflow/example_dags/example_latest_only.py for tasks to queue
[2023-02-19T20:17:53.783+0000] {logging_mixin.py:137} INFO - [2023-02-19T20:17:53.783+0000] {dagbag.py:538} INFO - Filling up the DagBag from /home/airflow/.local/lib/python3.7/site-packages/airflow/example_dags/example_latest_only.py
[2023-02-19T20:17:53.805+0000] {processor.py:753} INFO - DAG(s) dict_keys(['latest_only']) retrieved from /home/airflow/.local/lib/python3.7/site-packages/airflow/example_dags/example_latest_only.py
[2023-02-19T20:17:53.835+0000] {logging_mixin.py:137} INFO - [2023-02-19T20:17:53.835+0000] {dag.py:2690} INFO - Sync 1 DAGs
[2023-02-19T20:17:53.868+0000] {logging_mixin.py:137} INFO - [2023-02-19T20:17:53.868+0000] {dag.py:3441} INFO - Setting next_dagrun for latest_only to 2023-02-19T16:17:53.867889+00:00, run_after=2023-02-19T20:17:53.867889+00:00
[2023-02-19T20:17:53.893+0000] {processor.py:175} INFO - Processing /home/airflow/.local/lib/python3.7/site-packages/airflow/example_dags/example_latest_only.py took 0.122 seconds
[2023-02-19T20:18:24.404+0000] {processor.py:153} INFO - Started process (PID=1097) to work on /home/airflow/.local/lib/python3.7/site-packages/airflow/example_dags/example_latest_only.py
[2023-02-19T20:18:24.406+0000] {processor.py:743} INFO - Processing file /home/airflow/.local/lib/python3.7/site-packages/airflow/example_dags/example_latest_only.py for tasks to queue
[2023-02-19T20:18:24.409+0000] {logging_mixin.py:137} INFO - [2023-02-19T20:18:24.409+0000] {dagbag.py:538} INFO - Filling up the DagBag from /home/airflow/.local/lib/python3.7/site-packages/airflow/example_dags/example_latest_only.py
[2023-02-19T20:18:24.428+0000] {processor.py:753} INFO - DAG(s) dict_keys(['latest_only']) retrieved from /home/airflow/.local/lib/python3.7/site-packages/airflow/example_dags/example_latest_only.py
[2023-02-19T20:18:24.459+0000] {logging_mixin.py:137} INFO - [2023-02-19T20:18:24.459+0000] {dag.py:2690} INFO - Sync 1 DAGs
[2023-02-19T20:18:24.491+0000] {logging_mixin.py:137} INFO - [2023-02-19T20:18:24.491+0000] {dag.py:3441} INFO - Setting next_dagrun for latest_only to 2023-02-19T16:18:24.491108+00:00, run_after=2023-02-19T20:18:24.491108+00:00
[2023-02-19T20:18:24.518+0000] {processor.py:175} INFO - Processing /home/airflow/.local/lib/python3.7/site-packages/airflow/example_dags/example_latest_only.py took 0.119 seconds
[2023-02-19T20:18:55.133+0000] {processor.py:153} INFO - Started process (PID=1171) to work on /home/airflow/.local/lib/python3.7/site-packages/airflow/example_dags/example_latest_only.py
[2023-02-19T20:18:55.136+0000] {processor.py:743} INFO - Processing file /home/airflow/.local/lib/python3.7/site-packages/airflow/example_dags/example_latest_only.py for tasks to queue
[2023-02-19T20:18:55.138+0000] {logging_mixin.py:137} INFO - [2023-02-19T20:18:55.138+0000] {dagbag.py:538} INFO - Filling up the DagBag from /home/airflow/.local/lib/python3.7/site-packages/airflow/example_dags/example_latest_only.py
[2023-02-19T20:18:55.160+0000] {processor.py:753} INFO - DAG(s) dict_keys(['latest_only']) retrieved from /home/airflow/.local/lib/python3.7/site-packages/airflow/example_dags/example_latest_only.py
[2023-02-19T20:18:55.193+0000] {logging_mixin.py:137} INFO - [2023-02-19T20:18:55.193+0000] {dag.py:2690} INFO - Sync 1 DAGs
[2023-02-19T20:18:55.226+0000] {logging_mixin.py:137} INFO - [2023-02-19T20:18:55.226+0000] {dag.py:3441} INFO - Setting next_dagrun for latest_only to 2023-02-19T16:18:55.225919+00:00, run_after=2023-02-19T20:18:55.225919+00:00
[2023-02-19T20:18:55.253+0000] {processor.py:175} INFO - Processing /home/airflow/.local/lib/python3.7/site-packages/airflow/example_dags/example_latest_only.py took 0.125 seconds
[2023-02-19T20:19:25.797+0000] {processor.py:153} INFO - Started process (PID=1234) to work on /home/airflow/.local/lib/python3.7/site-packages/airflow/example_dags/example_latest_only.py
[2023-02-19T20:19:25.799+0000] {processor.py:743} INFO - Processing file /home/airflow/.local/lib/python3.7/site-packages/airflow/example_dags/example_latest_only.py for tasks to queue
[2023-02-19T20:19:25.801+0000] {logging_mixin.py:137} INFO - [2023-02-19T20:19:25.801+0000] {dagbag.py:538} INFO - Filling up the DagBag from /home/airflow/.local/lib/python3.7/site-packages/airflow/example_dags/example_latest_only.py
[2023-02-19T20:19:25.824+0000] {processor.py:753} INFO - DAG(s) dict_keys(['latest_only']) retrieved from /home/airflow/.local/lib/python3.7/site-packages/airflow/example_dags/example_latest_only.py
[2023-02-19T20:19:25.856+0000] {logging_mixin.py:137} INFO - [2023-02-19T20:19:25.856+0000] {dag.py:2690} INFO - Sync 1 DAGs
[2023-02-19T20:19:25.890+0000] {logging_mixin.py:137} INFO - [2023-02-19T20:19:25.889+0000] {dag.py:3441} INFO - Setting next_dagrun for latest_only to 2023-02-19T16:19:25.889466+00:00, run_after=2023-02-19T20:19:25.889466+00:00
[2023-02-19T20:19:25.917+0000] {processor.py:175} INFO - Processing /home/airflow/.local/lib/python3.7/site-packages/airflow/example_dags/example_latest_only.py took 0.124 seconds
[2023-02-19T20:19:56.513+0000] {processor.py:153} INFO - Started process (PID=1309) to work on /home/airflow/.local/lib/python3.7/site-packages/airflow/example_dags/example_latest_only.py
[2023-02-19T20:19:56.518+0000] {processor.py:743} INFO - Processing file /home/airflow/.local/lib/python3.7/site-packages/airflow/example_dags/example_latest_only.py for tasks to queue
[2023-02-19T20:19:56.521+0000] {logging_mixin.py:137} INFO - [2023-02-19T20:19:56.521+0000] {dagbag.py:538} INFO - Filling up the DagBag from /home/airflow/.local/lib/python3.7/site-packages/airflow/example_dags/example_latest_only.py
[2023-02-19T20:19:56.567+0000] {processor.py:753} INFO - DAG(s) dict_keys(['latest_only']) retrieved from /home/airflow/.local/lib/python3.7/site-packages/airflow/example_dags/example_latest_only.py
[2023-02-19T20:19:56.606+0000] {logging_mixin.py:137} INFO - [2023-02-19T20:19:56.605+0000] {dag.py:2690} INFO - Sync 1 DAGs
[2023-02-19T20:19:56.638+0000] {logging_mixin.py:137} INFO - [2023-02-19T20:19:56.638+0000] {dag.py:3441} INFO - Setting next_dagrun for latest_only to 2023-02-19T16:19:56.638329+00:00, run_after=2023-02-19T20:19:56.638329+00:00
[2023-02-19T20:19:56.668+0000] {processor.py:175} INFO - Processing /home/airflow/.local/lib/python3.7/site-packages/airflow/example_dags/example_latest_only.py took 0.162 seconds
[2023-02-19T20:20:27.010+0000] {processor.py:153} INFO - Started process (PID=1373) to work on /home/airflow/.local/lib/python3.7/site-packages/airflow/example_dags/example_latest_only.py
[2023-02-19T20:20:27.012+0000] {processor.py:743} INFO - Processing file /home/airflow/.local/lib/python3.7/site-packages/airflow/example_dags/example_latest_only.py for tasks to queue
[2023-02-19T20:20:27.014+0000] {logging_mixin.py:137} INFO - [2023-02-19T20:20:27.014+0000] {dagbag.py:538} INFO - Filling up the DagBag from /home/airflow/.local/lib/python3.7/site-packages/airflow/example_dags/example_latest_only.py
[2023-02-19T20:20:27.032+0000] {processor.py:753} INFO - DAG(s) dict_keys(['latest_only']) retrieved from /home/airflow/.local/lib/python3.7/site-packages/airflow/example_dags/example_latest_only.py
[2023-02-19T20:20:27.064+0000] {logging_mixin.py:137} INFO - [2023-02-19T20:20:27.064+0000] {dag.py:2690} INFO - Sync 1 DAGs
[2023-02-19T20:20:27.098+0000] {logging_mixin.py:137} INFO - [2023-02-19T20:20:27.098+0000] {dag.py:3441} INFO - Setting next_dagrun for latest_only to 2023-02-19T16:20:27.098148+00:00, run_after=2023-02-19T20:20:27.098148+00:00
[2023-02-19T20:20:27.124+0000] {processor.py:175} INFO - Processing /home/airflow/.local/lib/python3.7/site-packages/airflow/example_dags/example_latest_only.py took 0.118 seconds
[2023-02-19T20:20:57.500+0000] {processor.py:153} INFO - Started process (PID=1449) to work on /home/airflow/.local/lib/python3.7/site-packages/airflow/example_dags/example_latest_only.py
[2023-02-19T20:20:57.503+0000] {processor.py:743} INFO - Processing file /home/airflow/.local/lib/python3.7/site-packages/airflow/example_dags/example_latest_only.py for tasks to queue
[2023-02-19T20:20:57.505+0000] {logging_mixin.py:137} INFO - [2023-02-19T20:20:57.505+0000] {dagbag.py:538} INFO - Filling up the DagBag from /home/airflow/.local/lib/python3.7/site-packages/airflow/example_dags/example_latest_only.py
[2023-02-19T20:20:57.530+0000] {processor.py:753} INFO - DAG(s) dict_keys(['latest_only']) retrieved from /home/airflow/.local/lib/python3.7/site-packages/airflow/example_dags/example_latest_only.py
[2023-02-19T20:20:57.564+0000] {logging_mixin.py:137} INFO - [2023-02-19T20:20:57.564+0000] {dag.py:2690} INFO - Sync 1 DAGs
[2023-02-19T20:20:57.604+0000] {logging_mixin.py:137} INFO - [2023-02-19T20:20:57.604+0000] {dag.py:3441} INFO - Setting next_dagrun for latest_only to 2023-02-19T16:20:57.604321+00:00, run_after=2023-02-19T20:20:57.604321+00:00
[2023-02-19T20:20:57.634+0000] {processor.py:175} INFO - Processing /home/airflow/.local/lib/python3.7/site-packages/airflow/example_dags/example_latest_only.py took 0.140 seconds
[2023-02-19T20:21:28.499+0000] {processor.py:153} INFO - Started process (PID=1511) to work on /home/airflow/.local/lib/python3.7/site-packages/airflow/example_dags/example_latest_only.py
[2023-02-19T20:21:28.501+0000] {processor.py:743} INFO - Processing file /home/airflow/.local/lib/python3.7/site-packages/airflow/example_dags/example_latest_only.py for tasks to queue
[2023-02-19T20:21:28.504+0000] {logging_mixin.py:137} INFO - [2023-02-19T20:21:28.504+0000] {dagbag.py:538} INFO - Filling up the DagBag from /home/airflow/.local/lib/python3.7/site-packages/airflow/example_dags/example_latest_only.py
[2023-02-19T20:21:28.536+0000] {processor.py:753} INFO - DAG(s) dict_keys(['latest_only']) retrieved from /home/airflow/.local/lib/python3.7/site-packages/airflow/example_dags/example_latest_only.py
[2023-02-19T20:21:28.568+0000] {logging_mixin.py:137} INFO - [2023-02-19T20:21:28.568+0000] {dag.py:2690} INFO - Sync 1 DAGs
[2023-02-19T20:21:28.602+0000] {logging_mixin.py:137} INFO - [2023-02-19T20:21:28.602+0000] {dag.py:3441} INFO - Setting next_dagrun for latest_only to 2023-02-19T16:21:28.602023+00:00, run_after=2023-02-19T20:21:28.602023+00:00
[2023-02-19T20:21:28.627+0000] {processor.py:175} INFO - Processing /home/airflow/.local/lib/python3.7/site-packages/airflow/example_dags/example_latest_only.py took 0.134 seconds
[2023-02-19T20:51:48.061+0000] {processor.py:153} INFO - Started process (PID=1572) to work on /home/airflow/.local/lib/python3.7/site-packages/airflow/example_dags/example_latest_only.py
[2023-02-19T20:51:48.063+0000] {processor.py:743} INFO - Processing file /home/airflow/.local/lib/python3.7/site-packages/airflow/example_dags/example_latest_only.py for tasks to queue
[2023-02-19T20:51:48.065+0000] {logging_mixin.py:137} INFO - [2023-02-19T20:51:48.065+0000] {dagbag.py:538} INFO - Filling up the DagBag from /home/airflow/.local/lib/python3.7/site-packages/airflow/example_dags/example_latest_only.py
[2023-02-19T20:51:48.086+0000] {processor.py:753} INFO - DAG(s) dict_keys(['latest_only']) retrieved from /home/airflow/.local/lib/python3.7/site-packages/airflow/example_dags/example_latest_only.py
[2023-02-19T20:51:48.116+0000] {logging_mixin.py:137} INFO - [2023-02-19T20:51:48.116+0000] {dag.py:2690} INFO - Sync 1 DAGs
[2023-02-19T20:51:48.149+0000] {logging_mixin.py:137} INFO - [2023-02-19T20:51:48.149+0000] {dag.py:3441} INFO - Setting next_dagrun for latest_only to 2023-02-19T16:51:48.149077+00:00, run_after=2023-02-19T20:51:48.149077+00:00
[2023-02-19T20:51:48.172+0000] {processor.py:175} INFO - Processing /home/airflow/.local/lib/python3.7/site-packages/airflow/example_dags/example_latest_only.py took 0.115 seconds
[2023-02-19T21:09:26.057+0000] {processor.py:153} INFO - Started process (PID=1648) to work on /home/airflow/.local/lib/python3.7/site-packages/airflow/example_dags/example_latest_only.py
[2023-02-19T21:09:26.059+0000] {processor.py:743} INFO - Processing file /home/airflow/.local/lib/python3.7/site-packages/airflow/example_dags/example_latest_only.py for tasks to queue
[2023-02-19T21:09:26.062+0000] {logging_mixin.py:137} INFO - [2023-02-19T21:09:26.061+0000] {dagbag.py:538} INFO - Filling up the DagBag from /home/airflow/.local/lib/python3.7/site-packages/airflow/example_dags/example_latest_only.py
[2023-02-19T21:09:26.088+0000] {processor.py:753} INFO - DAG(s) dict_keys(['latest_only']) retrieved from /home/airflow/.local/lib/python3.7/site-packages/airflow/example_dags/example_latest_only.py
[2023-02-19T21:09:26.128+0000] {logging_mixin.py:137} INFO - [2023-02-19T21:09:26.128+0000] {dag.py:2690} INFO - Sync 1 DAGs
[2023-02-19T21:09:26.163+0000] {logging_mixin.py:137} INFO - [2023-02-19T21:09:26.162+0000] {dag.py:3441} INFO - Setting next_dagrun for latest_only to 2023-02-19T17:09:26.162171+00:00, run_after=2023-02-19T21:09:26.162171+00:00
[2023-02-19T21:09:26.189+0000] {processor.py:175} INFO - Processing /home/airflow/.local/lib/python3.7/site-packages/airflow/example_dags/example_latest_only.py took 0.137 seconds
[2023-02-19T22:01:48.907+0000] {processor.py:153} INFO - Started process (PID=1722) to work on /home/airflow/.local/lib/python3.7/site-packages/airflow/example_dags/example_latest_only.py
[2023-02-19T22:01:48.912+0000] {processor.py:743} INFO - Processing file /home/airflow/.local/lib/python3.7/site-packages/airflow/example_dags/example_latest_only.py for tasks to queue
[2023-02-19T22:01:48.915+0000] {logging_mixin.py:137} INFO - [2023-02-19T22:01:48.915+0000] {dagbag.py:538} INFO - Filling up the DagBag from /home/airflow/.local/lib/python3.7/site-packages/airflow/example_dags/example_latest_only.py
[2023-02-19T22:01:48.943+0000] {processor.py:753} INFO - DAG(s) dict_keys(['latest_only']) retrieved from /home/airflow/.local/lib/python3.7/site-packages/airflow/example_dags/example_latest_only.py
[2023-02-19T22:01:48.989+0000] {logging_mixin.py:137} INFO - [2023-02-19T22:01:48.989+0000] {dag.py:2690} INFO - Sync 1 DAGs
[2023-02-19T22:01:49.058+0000] {logging_mixin.py:137} INFO - [2023-02-19T22:01:49.058+0000] {dag.py:3441} INFO - Setting next_dagrun for latest_only to 2023-02-19T18:01:49.057954+00:00, run_after=2023-02-19T22:01:49.057954+00:00
[2023-02-19T22:01:49.084+0000] {processor.py:175} INFO - Processing /home/airflow/.local/lib/python3.7/site-packages/airflow/example_dags/example_latest_only.py took 0.185 seconds
[2023-02-19T22:02:19.589+0000] {processor.py:153} INFO - Started process (PID=1784) to work on /home/airflow/.local/lib/python3.7/site-packages/airflow/example_dags/example_latest_only.py
[2023-02-19T22:02:19.592+0000] {processor.py:743} INFO - Processing file /home/airflow/.local/lib/python3.7/site-packages/airflow/example_dags/example_latest_only.py for tasks to queue
[2023-02-19T22:02:19.594+0000] {logging_mixin.py:137} INFO - [2023-02-19T22:02:19.594+0000] {dagbag.py:538} INFO - Filling up the DagBag from /home/airflow/.local/lib/python3.7/site-packages/airflow/example_dags/example_latest_only.py
[2023-02-19T22:02:19.613+0000] {processor.py:753} INFO - DAG(s) dict_keys(['latest_only']) retrieved from /home/airflow/.local/lib/python3.7/site-packages/airflow/example_dags/example_latest_only.py
[2023-02-19T22:02:19.649+0000] {logging_mixin.py:137} INFO - [2023-02-19T22:02:19.649+0000] {dag.py:2690} INFO - Sync 1 DAGs
[2023-02-19T22:02:19.678+0000] {logging_mixin.py:137} INFO - [2023-02-19T22:02:19.677+0000] {dag.py:3441} INFO - Setting next_dagrun for latest_only to 2023-02-19T18:02:19.677566+00:00, run_after=2023-02-19T22:02:19.677566+00:00
[2023-02-19T22:02:19.702+0000] {processor.py:175} INFO - Processing /home/airflow/.local/lib/python3.7/site-packages/airflow/example_dags/example_latest_only.py took 0.119 seconds
