[2023-02-19T20:10:37.710+0000] {processor.py:153} INFO - Started process (PID=54) to work on /home/airflow/.local/lib/python3.7/site-packages/airflow/example_dags/tutorial_taskflow_api.py
[2023-02-19T20:10:37.714+0000] {processor.py:743} INFO - Processing file /home/airflow/.local/lib/python3.7/site-packages/airflow/example_dags/tutorial_taskflow_api.py for tasks to queue
[2023-02-19T20:10:37.720+0000] {logging_mixin.py:137} INFO - [2023-02-19T20:10:37.719+0000] {dagbag.py:538} INFO - Filling up the DagBag from /home/airflow/.local/lib/python3.7/site-packages/airflow/example_dags/tutorial_taskflow_api.py
[2023-02-19T20:10:37.757+0000] {processor.py:753} INFO - DAG(s) dict_keys(['tutorial_taskflow_api']) retrieved from /home/airflow/.local/lib/python3.7/site-packages/airflow/example_dags/tutorial_taskflow_api.py
[2023-02-19T20:10:37.804+0000] {logging_mixin.py:137} INFO - [2023-02-19T20:10:37.803+0000] {dag.py:2690} INFO - Sync 1 DAGs
[2023-02-19T20:10:37.845+0000] {logging_mixin.py:137} INFO - [2023-02-19T20:10:37.845+0000] {dag.py:3441} INFO - Setting next_dagrun for tutorial_taskflow_api to None, run_after=None
[2023-02-19T20:10:37.885+0000] {processor.py:175} INFO - Processing /home/airflow/.local/lib/python3.7/site-packages/airflow/example_dags/tutorial_taskflow_api.py took 0.181 seconds
[2023-02-19T20:11:07.929+0000] {processor.py:153} INFO - Started process (PID=117) to work on /home/airflow/.local/lib/python3.7/site-packages/airflow/example_dags/tutorial_taskflow_api.py
[2023-02-19T20:11:07.931+0000] {processor.py:743} INFO - Processing file /home/airflow/.local/lib/python3.7/site-packages/airflow/example_dags/tutorial_taskflow_api.py for tasks to queue
[2023-02-19T20:11:07.933+0000] {logging_mixin.py:137} INFO - [2023-02-19T20:11:07.933+0000] {dagbag.py:538} INFO - Filling up the DagBag from /home/airflow/.local/lib/python3.7/site-packages/airflow/example_dags/tutorial_taskflow_api.py
[2023-02-19T20:11:07.971+0000] {processor.py:753} INFO - DAG(s) dict_keys(['tutorial_taskflow_api']) retrieved from /home/airflow/.local/lib/python3.7/site-packages/airflow/example_dags/tutorial_taskflow_api.py
[2023-02-19T20:11:07.995+0000] {logging_mixin.py:137} INFO - [2023-02-19T20:11:07.995+0000] {dag.py:2690} INFO - Sync 1 DAGs
[2023-02-19T20:11:08.030+0000] {logging_mixin.py:137} INFO - [2023-02-19T20:11:08.030+0000] {dag.py:3441} INFO - Setting next_dagrun for tutorial_taskflow_api to None, run_after=None
[2023-02-19T20:11:08.057+0000] {processor.py:175} INFO - Processing /home/airflow/.local/lib/python3.7/site-packages/airflow/example_dags/tutorial_taskflow_api.py took 0.132 seconds
[2023-02-19T20:11:38.146+0000] {processor.py:153} INFO - Started process (PID=180) to work on /home/airflow/.local/lib/python3.7/site-packages/airflow/example_dags/tutorial_taskflow_api.py
[2023-02-19T20:11:38.148+0000] {processor.py:743} INFO - Processing file /home/airflow/.local/lib/python3.7/site-packages/airflow/example_dags/tutorial_taskflow_api.py for tasks to queue
[2023-02-19T20:11:38.150+0000] {logging_mixin.py:137} INFO - [2023-02-19T20:11:38.150+0000] {dagbag.py:538} INFO - Filling up the DagBag from /home/airflow/.local/lib/python3.7/site-packages/airflow/example_dags/tutorial_taskflow_api.py
[2023-02-19T20:11:38.179+0000] {processor.py:753} INFO - DAG(s) dict_keys(['tutorial_taskflow_api']) retrieved from /home/airflow/.local/lib/python3.7/site-packages/airflow/example_dags/tutorial_taskflow_api.py
[2023-02-19T20:11:38.210+0000] {logging_mixin.py:137} INFO - [2023-02-19T20:11:38.210+0000] {dag.py:2690} INFO - Sync 1 DAGs
[2023-02-19T20:11:38.242+0000] {logging_mixin.py:137} INFO - [2023-02-19T20:11:38.242+0000] {dag.py:3441} INFO - Setting next_dagrun for tutorial_taskflow_api to None, run_after=None
[2023-02-19T20:11:38.266+0000] {processor.py:175} INFO - Processing /home/airflow/.local/lib/python3.7/site-packages/airflow/example_dags/tutorial_taskflow_api.py took 0.125 seconds
[2023-02-19T20:12:09.108+0000] {processor.py:153} INFO - Started process (PID=256) to work on /home/airflow/.local/lib/python3.7/site-packages/airflow/example_dags/tutorial_taskflow_api.py
[2023-02-19T20:12:09.112+0000] {processor.py:743} INFO - Processing file /home/airflow/.local/lib/python3.7/site-packages/airflow/example_dags/tutorial_taskflow_api.py for tasks to queue
[2023-02-19T20:12:09.113+0000] {logging_mixin.py:137} INFO - [2023-02-19T20:12:09.113+0000] {dagbag.py:538} INFO - Filling up the DagBag from /home/airflow/.local/lib/python3.7/site-packages/airflow/example_dags/tutorial_taskflow_api.py
[2023-02-19T20:12:09.140+0000] {processor.py:753} INFO - DAG(s) dict_keys(['tutorial_taskflow_api']) retrieved from /home/airflow/.local/lib/python3.7/site-packages/airflow/example_dags/tutorial_taskflow_api.py
[2023-02-19T20:12:09.172+0000] {logging_mixin.py:137} INFO - [2023-02-19T20:12:09.172+0000] {dag.py:2690} INFO - Sync 1 DAGs
[2023-02-19T20:12:09.203+0000] {logging_mixin.py:137} INFO - [2023-02-19T20:12:09.203+0000] {dag.py:3441} INFO - Setting next_dagrun for tutorial_taskflow_api to None, run_after=None
[2023-02-19T20:12:09.226+0000] {processor.py:175} INFO - Processing /home/airflow/.local/lib/python3.7/site-packages/airflow/example_dags/tutorial_taskflow_api.py took 0.123 seconds
[2023-02-19T20:12:40.112+0000] {processor.py:153} INFO - Started process (PID=319) to work on /home/airflow/.local/lib/python3.7/site-packages/airflow/example_dags/tutorial_taskflow_api.py
[2023-02-19T20:12:40.117+0000] {processor.py:743} INFO - Processing file /home/airflow/.local/lib/python3.7/site-packages/airflow/example_dags/tutorial_taskflow_api.py for tasks to queue
[2023-02-19T20:12:40.119+0000] {logging_mixin.py:137} INFO - [2023-02-19T20:12:40.119+0000] {dagbag.py:538} INFO - Filling up the DagBag from /home/airflow/.local/lib/python3.7/site-packages/airflow/example_dags/tutorial_taskflow_api.py
[2023-02-19T20:12:40.152+0000] {processor.py:753} INFO - DAG(s) dict_keys(['tutorial_taskflow_api']) retrieved from /home/airflow/.local/lib/python3.7/site-packages/airflow/example_dags/tutorial_taskflow_api.py
[2023-02-19T20:12:40.196+0000] {logging_mixin.py:137} INFO - [2023-02-19T20:12:40.195+0000] {dag.py:2690} INFO - Sync 1 DAGs
[2023-02-19T20:12:40.232+0000] {logging_mixin.py:137} INFO - [2023-02-19T20:12:40.232+0000] {dag.py:3441} INFO - Setting next_dagrun for tutorial_taskflow_api to None, run_after=None
[2023-02-19T20:12:40.262+0000] {processor.py:175} INFO - Processing /home/airflow/.local/lib/python3.7/site-packages/airflow/example_dags/tutorial_taskflow_api.py took 0.155 seconds
[2023-02-19T20:13:10.965+0000] {processor.py:153} INFO - Started process (PID=394) to work on /home/airflow/.local/lib/python3.7/site-packages/airflow/example_dags/tutorial_taskflow_api.py
[2023-02-19T20:13:10.968+0000] {processor.py:743} INFO - Processing file /home/airflow/.local/lib/python3.7/site-packages/airflow/example_dags/tutorial_taskflow_api.py for tasks to queue
[2023-02-19T20:13:10.971+0000] {logging_mixin.py:137} INFO - [2023-02-19T20:13:10.971+0000] {dagbag.py:538} INFO - Filling up the DagBag from /home/airflow/.local/lib/python3.7/site-packages/airflow/example_dags/tutorial_taskflow_api.py
[2023-02-19T20:13:11.006+0000] {processor.py:753} INFO - DAG(s) dict_keys(['tutorial_taskflow_api']) retrieved from /home/airflow/.local/lib/python3.7/site-packages/airflow/example_dags/tutorial_taskflow_api.py
[2023-02-19T20:13:11.038+0000] {logging_mixin.py:137} INFO - [2023-02-19T20:13:11.038+0000] {dag.py:2690} INFO - Sync 1 DAGs
[2023-02-19T20:13:11.078+0000] {logging_mixin.py:137} INFO - [2023-02-19T20:13:11.078+0000] {dag.py:3441} INFO - Setting next_dagrun for tutorial_taskflow_api to None, run_after=None
[2023-02-19T20:13:11.104+0000] {processor.py:175} INFO - Processing /home/airflow/.local/lib/python3.7/site-packages/airflow/example_dags/tutorial_taskflow_api.py took 0.144 seconds
[2023-02-19T20:13:41.943+0000] {processor.py:153} INFO - Started process (PID=457) to work on /home/airflow/.local/lib/python3.7/site-packages/airflow/example_dags/tutorial_taskflow_api.py
[2023-02-19T20:13:41.946+0000] {processor.py:743} INFO - Processing file /home/airflow/.local/lib/python3.7/site-packages/airflow/example_dags/tutorial_taskflow_api.py for tasks to queue
[2023-02-19T20:13:41.949+0000] {logging_mixin.py:137} INFO - [2023-02-19T20:13:41.949+0000] {dagbag.py:538} INFO - Filling up the DagBag from /home/airflow/.local/lib/python3.7/site-packages/airflow/example_dags/tutorial_taskflow_api.py
[2023-02-19T20:13:41.979+0000] {processor.py:753} INFO - DAG(s) dict_keys(['tutorial_taskflow_api']) retrieved from /home/airflow/.local/lib/python3.7/site-packages/airflow/example_dags/tutorial_taskflow_api.py
[2023-02-19T20:13:42.027+0000] {logging_mixin.py:137} INFO - [2023-02-19T20:13:42.027+0000] {dag.py:2690} INFO - Sync 1 DAGs
[2023-02-19T20:13:42.062+0000] {logging_mixin.py:137} INFO - [2023-02-19T20:13:42.062+0000] {dag.py:3441} INFO - Setting next_dagrun for tutorial_taskflow_api to None, run_after=None
[2023-02-19T20:13:42.092+0000] {processor.py:175} INFO - Processing /home/airflow/.local/lib/python3.7/site-packages/airflow/example_dags/tutorial_taskflow_api.py took 0.154 seconds
[2023-02-19T20:14:12.600+0000] {processor.py:153} INFO - Started process (PID=520) to work on /home/airflow/.local/lib/python3.7/site-packages/airflow/example_dags/tutorial_taskflow_api.py
[2023-02-19T20:14:12.603+0000] {processor.py:743} INFO - Processing file /home/airflow/.local/lib/python3.7/site-packages/airflow/example_dags/tutorial_taskflow_api.py for tasks to queue
[2023-02-19T20:14:12.605+0000] {logging_mixin.py:137} INFO - [2023-02-19T20:14:12.604+0000] {dagbag.py:538} INFO - Filling up the DagBag from /home/airflow/.local/lib/python3.7/site-packages/airflow/example_dags/tutorial_taskflow_api.py
[2023-02-19T20:14:12.634+0000] {processor.py:753} INFO - DAG(s) dict_keys(['tutorial_taskflow_api']) retrieved from /home/airflow/.local/lib/python3.7/site-packages/airflow/example_dags/tutorial_taskflow_api.py
[2023-02-19T20:14:12.667+0000] {logging_mixin.py:137} INFO - [2023-02-19T20:14:12.667+0000] {dag.py:2690} INFO - Sync 1 DAGs
[2023-02-19T20:14:12.699+0000] {logging_mixin.py:137} INFO - [2023-02-19T20:14:12.699+0000] {dag.py:3441} INFO - Setting next_dagrun for tutorial_taskflow_api to None, run_after=None
[2023-02-19T20:14:12.726+0000] {processor.py:175} INFO - Processing /home/airflow/.local/lib/python3.7/site-packages/airflow/example_dags/tutorial_taskflow_api.py took 0.131 seconds
[2023-02-19T20:14:43.560+0000] {processor.py:153} INFO - Started process (PID=595) to work on /home/airflow/.local/lib/python3.7/site-packages/airflow/example_dags/tutorial_taskflow_api.py
[2023-02-19T20:14:43.563+0000] {processor.py:743} INFO - Processing file /home/airflow/.local/lib/python3.7/site-packages/airflow/example_dags/tutorial_taskflow_api.py for tasks to queue
[2023-02-19T20:14:43.564+0000] {logging_mixin.py:137} INFO - [2023-02-19T20:14:43.564+0000] {dagbag.py:538} INFO - Filling up the DagBag from /home/airflow/.local/lib/python3.7/site-packages/airflow/example_dags/tutorial_taskflow_api.py
[2023-02-19T20:14:43.596+0000] {processor.py:753} INFO - DAG(s) dict_keys(['tutorial_taskflow_api']) retrieved from /home/airflow/.local/lib/python3.7/site-packages/airflow/example_dags/tutorial_taskflow_api.py
[2023-02-19T20:14:43.630+0000] {logging_mixin.py:137} INFO - [2023-02-19T20:14:43.630+0000] {dag.py:2690} INFO - Sync 1 DAGs
[2023-02-19T20:14:43.660+0000] {logging_mixin.py:137} INFO - [2023-02-19T20:14:43.660+0000] {dag.py:3441} INFO - Setting next_dagrun for tutorial_taskflow_api to None, run_after=None
[2023-02-19T20:14:43.687+0000] {processor.py:175} INFO - Processing /home/airflow/.local/lib/python3.7/site-packages/airflow/example_dags/tutorial_taskflow_api.py took 0.132 seconds
[2023-02-19T20:15:14.186+0000] {processor.py:153} INFO - Started process (PID=658) to work on /home/airflow/.local/lib/python3.7/site-packages/airflow/example_dags/tutorial_taskflow_api.py
[2023-02-19T20:15:14.188+0000] {processor.py:743} INFO - Processing file /home/airflow/.local/lib/python3.7/site-packages/airflow/example_dags/tutorial_taskflow_api.py for tasks to queue
[2023-02-19T20:15:14.190+0000] {logging_mixin.py:137} INFO - [2023-02-19T20:15:14.189+0000] {dagbag.py:538} INFO - Filling up the DagBag from /home/airflow/.local/lib/python3.7/site-packages/airflow/example_dags/tutorial_taskflow_api.py
[2023-02-19T20:15:14.218+0000] {processor.py:753} INFO - DAG(s) dict_keys(['tutorial_taskflow_api']) retrieved from /home/airflow/.local/lib/python3.7/site-packages/airflow/example_dags/tutorial_taskflow_api.py
[2023-02-19T20:15:14.274+0000] {logging_mixin.py:137} INFO - [2023-02-19T20:15:14.274+0000] {dag.py:2690} INFO - Sync 1 DAGs
[2023-02-19T20:15:14.305+0000] {logging_mixin.py:137} INFO - [2023-02-19T20:15:14.304+0000] {dag.py:3441} INFO - Setting next_dagrun for tutorial_taskflow_api to None, run_after=None
[2023-02-19T20:15:14.329+0000] {processor.py:175} INFO - Processing /home/airflow/.local/lib/python3.7/site-packages/airflow/example_dags/tutorial_taskflow_api.py took 0.148 seconds
[2023-02-19T20:15:45.016+0000] {processor.py:153} INFO - Started process (PID=734) to work on /home/airflow/.local/lib/python3.7/site-packages/airflow/example_dags/tutorial_taskflow_api.py
[2023-02-19T20:15:45.018+0000] {processor.py:743} INFO - Processing file /home/airflow/.local/lib/python3.7/site-packages/airflow/example_dags/tutorial_taskflow_api.py for tasks to queue
[2023-02-19T20:15:45.020+0000] {logging_mixin.py:137} INFO - [2023-02-19T20:15:45.020+0000] {dagbag.py:538} INFO - Filling up the DagBag from /home/airflow/.local/lib/python3.7/site-packages/airflow/example_dags/tutorial_taskflow_api.py
[2023-02-19T20:15:45.046+0000] {processor.py:753} INFO - DAG(s) dict_keys(['tutorial_taskflow_api']) retrieved from /home/airflow/.local/lib/python3.7/site-packages/airflow/example_dags/tutorial_taskflow_api.py
[2023-02-19T20:15:45.078+0000] {logging_mixin.py:137} INFO - [2023-02-19T20:15:45.078+0000] {dag.py:2690} INFO - Sync 1 DAGs
[2023-02-19T20:15:45.111+0000] {logging_mixin.py:137} INFO - [2023-02-19T20:15:45.110+0000] {dag.py:3441} INFO - Setting next_dagrun for tutorial_taskflow_api to None, run_after=None
[2023-02-19T20:15:45.136+0000] {processor.py:175} INFO - Processing /home/airflow/.local/lib/python3.7/site-packages/airflow/example_dags/tutorial_taskflow_api.py took 0.127 seconds
[2023-02-19T20:16:15.575+0000] {processor.py:153} INFO - Started process (PID=798) to work on /home/airflow/.local/lib/python3.7/site-packages/airflow/example_dags/tutorial_taskflow_api.py
[2023-02-19T20:16:15.577+0000] {processor.py:743} INFO - Processing file /home/airflow/.local/lib/python3.7/site-packages/airflow/example_dags/tutorial_taskflow_api.py for tasks to queue
[2023-02-19T20:16:15.580+0000] {logging_mixin.py:137} INFO - [2023-02-19T20:16:15.580+0000] {dagbag.py:538} INFO - Filling up the DagBag from /home/airflow/.local/lib/python3.7/site-packages/airflow/example_dags/tutorial_taskflow_api.py
[2023-02-19T20:16:15.617+0000] {processor.py:753} INFO - DAG(s) dict_keys(['tutorial_taskflow_api']) retrieved from /home/airflow/.local/lib/python3.7/site-packages/airflow/example_dags/tutorial_taskflow_api.py
[2023-02-19T20:16:15.652+0000] {logging_mixin.py:137} INFO - [2023-02-19T20:16:15.652+0000] {dag.py:2690} INFO - Sync 1 DAGs
[2023-02-19T20:16:15.685+0000] {logging_mixin.py:137} INFO - [2023-02-19T20:16:15.685+0000] {dag.py:3441} INFO - Setting next_dagrun for tutorial_taskflow_api to None, run_after=None
[2023-02-19T20:16:15.725+0000] {processor.py:175} INFO - Processing /home/airflow/.local/lib/python3.7/site-packages/airflow/example_dags/tutorial_taskflow_api.py took 0.156 seconds
[2023-02-19T20:16:46.211+0000] {processor.py:153} INFO - Started process (PID=873) to work on /home/airflow/.local/lib/python3.7/site-packages/airflow/example_dags/tutorial_taskflow_api.py
[2023-02-19T20:16:46.213+0000] {processor.py:743} INFO - Processing file /home/airflow/.local/lib/python3.7/site-packages/airflow/example_dags/tutorial_taskflow_api.py for tasks to queue
[2023-02-19T20:16:46.215+0000] {logging_mixin.py:137} INFO - [2023-02-19T20:16:46.215+0000] {dagbag.py:538} INFO - Filling up the DagBag from /home/airflow/.local/lib/python3.7/site-packages/airflow/example_dags/tutorial_taskflow_api.py
[2023-02-19T20:16:46.243+0000] {processor.py:753} INFO - DAG(s) dict_keys(['tutorial_taskflow_api']) retrieved from /home/airflow/.local/lib/python3.7/site-packages/airflow/example_dags/tutorial_taskflow_api.py
[2023-02-19T20:16:46.276+0000] {logging_mixin.py:137} INFO - [2023-02-19T20:16:46.276+0000] {dag.py:2690} INFO - Sync 1 DAGs
[2023-02-19T20:16:46.307+0000] {logging_mixin.py:137} INFO - [2023-02-19T20:16:46.307+0000] {dag.py:3441} INFO - Setting next_dagrun for tutorial_taskflow_api to None, run_after=None
[2023-02-19T20:16:46.331+0000] {processor.py:175} INFO - Processing /home/airflow/.local/lib/python3.7/site-packages/airflow/example_dags/tutorial_taskflow_api.py took 0.124 seconds
[2023-02-19T20:17:17.055+0000] {processor.py:153} INFO - Started process (PID=936) to work on /home/airflow/.local/lib/python3.7/site-packages/airflow/example_dags/tutorial_taskflow_api.py
[2023-02-19T20:17:17.057+0000] {processor.py:743} INFO - Processing file /home/airflow/.local/lib/python3.7/site-packages/airflow/example_dags/tutorial_taskflow_api.py for tasks to queue
[2023-02-19T20:17:17.059+0000] {logging_mixin.py:137} INFO - [2023-02-19T20:17:17.058+0000] {dagbag.py:538} INFO - Filling up the DagBag from /home/airflow/.local/lib/python3.7/site-packages/airflow/example_dags/tutorial_taskflow_api.py
[2023-02-19T20:17:17.088+0000] {processor.py:753} INFO - DAG(s) dict_keys(['tutorial_taskflow_api']) retrieved from /home/airflow/.local/lib/python3.7/site-packages/airflow/example_dags/tutorial_taskflow_api.py
[2023-02-19T20:17:17.128+0000] {logging_mixin.py:137} INFO - [2023-02-19T20:17:17.127+0000] {dag.py:2690} INFO - Sync 1 DAGs
[2023-02-19T20:17:17.158+0000] {logging_mixin.py:137} INFO - [2023-02-19T20:17:17.158+0000] {dag.py:3441} INFO - Setting next_dagrun for tutorial_taskflow_api to None, run_after=None
[2023-02-19T20:17:17.186+0000] {processor.py:175} INFO - Processing /home/airflow/.local/lib/python3.7/site-packages/airflow/example_dags/tutorial_taskflow_api.py took 0.136 seconds
[2023-02-19T20:17:47.704+0000] {processor.py:153} INFO - Started process (PID=1008) to work on /home/airflow/.local/lib/python3.7/site-packages/airflow/example_dags/tutorial_taskflow_api.py
[2023-02-19T20:17:47.707+0000] {processor.py:743} INFO - Processing file /home/airflow/.local/lib/python3.7/site-packages/airflow/example_dags/tutorial_taskflow_api.py for tasks to queue
[2023-02-19T20:17:47.708+0000] {logging_mixin.py:137} INFO - [2023-02-19T20:17:47.708+0000] {dagbag.py:538} INFO - Filling up the DagBag from /home/airflow/.local/lib/python3.7/site-packages/airflow/example_dags/tutorial_taskflow_api.py
[2023-02-19T20:17:47.736+0000] {processor.py:753} INFO - DAG(s) dict_keys(['tutorial_taskflow_api']) retrieved from /home/airflow/.local/lib/python3.7/site-packages/airflow/example_dags/tutorial_taskflow_api.py
[2023-02-19T20:17:47.772+0000] {logging_mixin.py:137} INFO - [2023-02-19T20:17:47.772+0000] {dag.py:2690} INFO - Sync 1 DAGs
[2023-02-19T20:17:47.806+0000] {logging_mixin.py:137} INFO - [2023-02-19T20:17:47.806+0000] {dag.py:3441} INFO - Setting next_dagrun for tutorial_taskflow_api to None, run_after=None
[2023-02-19T20:17:47.832+0000] {processor.py:175} INFO - Processing /home/airflow/.local/lib/python3.7/site-packages/airflow/example_dags/tutorial_taskflow_api.py took 0.133 seconds
[2023-02-19T20:18:18.337+0000] {processor.py:153} INFO - Started process (PID=1075) to work on /home/airflow/.local/lib/python3.7/site-packages/airflow/example_dags/tutorial_taskflow_api.py
[2023-02-19T20:18:18.339+0000] {processor.py:743} INFO - Processing file /home/airflow/.local/lib/python3.7/site-packages/airflow/example_dags/tutorial_taskflow_api.py for tasks to queue
[2023-02-19T20:18:18.342+0000] {logging_mixin.py:137} INFO - [2023-02-19T20:18:18.341+0000] {dagbag.py:538} INFO - Filling up the DagBag from /home/airflow/.local/lib/python3.7/site-packages/airflow/example_dags/tutorial_taskflow_api.py
[2023-02-19T20:18:18.369+0000] {processor.py:753} INFO - DAG(s) dict_keys(['tutorial_taskflow_api']) retrieved from /home/airflow/.local/lib/python3.7/site-packages/airflow/example_dags/tutorial_taskflow_api.py
[2023-02-19T20:18:18.405+0000] {logging_mixin.py:137} INFO - [2023-02-19T20:18:18.405+0000] {dag.py:2690} INFO - Sync 1 DAGs
[2023-02-19T20:18:18.436+0000] {logging_mixin.py:137} INFO - [2023-02-19T20:18:18.436+0000] {dag.py:3441} INFO - Setting next_dagrun for tutorial_taskflow_api to None, run_after=None
[2023-02-19T20:18:18.462+0000] {processor.py:175} INFO - Processing /home/airflow/.local/lib/python3.7/site-packages/airflow/example_dags/tutorial_taskflow_api.py took 0.131 seconds
[2023-02-19T20:18:49.100+0000] {processor.py:153} INFO - Started process (PID=1138) to work on /home/airflow/.local/lib/python3.7/site-packages/airflow/example_dags/tutorial_taskflow_api.py
[2023-02-19T20:18:49.102+0000] {processor.py:743} INFO - Processing file /home/airflow/.local/lib/python3.7/site-packages/airflow/example_dags/tutorial_taskflow_api.py for tasks to queue
[2023-02-19T20:18:49.105+0000] {logging_mixin.py:137} INFO - [2023-02-19T20:18:49.104+0000] {dagbag.py:538} INFO - Filling up the DagBag from /home/airflow/.local/lib/python3.7/site-packages/airflow/example_dags/tutorial_taskflow_api.py
[2023-02-19T20:18:49.144+0000] {processor.py:753} INFO - DAG(s) dict_keys(['tutorial_taskflow_api']) retrieved from /home/airflow/.local/lib/python3.7/site-packages/airflow/example_dags/tutorial_taskflow_api.py
[2023-02-19T20:18:49.179+0000] {logging_mixin.py:137} INFO - [2023-02-19T20:18:49.179+0000] {dag.py:2690} INFO - Sync 1 DAGs
[2023-02-19T20:18:49.213+0000] {logging_mixin.py:137} INFO - [2023-02-19T20:18:49.213+0000] {dag.py:3441} INFO - Setting next_dagrun for tutorial_taskflow_api to None, run_after=None
[2023-02-19T20:18:49.239+0000] {processor.py:175} INFO - Processing /home/airflow/.local/lib/python3.7/site-packages/airflow/example_dags/tutorial_taskflow_api.py took 0.145 seconds
[2023-02-19T20:19:19.909+0000] {processor.py:153} INFO - Started process (PID=1212) to work on /home/airflow/.local/lib/python3.7/site-packages/airflow/example_dags/tutorial_taskflow_api.py
[2023-02-19T20:19:19.912+0000] {processor.py:743} INFO - Processing file /home/airflow/.local/lib/python3.7/site-packages/airflow/example_dags/tutorial_taskflow_api.py for tasks to queue
[2023-02-19T20:19:19.914+0000] {logging_mixin.py:137} INFO - [2023-02-19T20:19:19.914+0000] {dagbag.py:538} INFO - Filling up the DagBag from /home/airflow/.local/lib/python3.7/site-packages/airflow/example_dags/tutorial_taskflow_api.py
[2023-02-19T20:19:19.942+0000] {processor.py:753} INFO - DAG(s) dict_keys(['tutorial_taskflow_api']) retrieved from /home/airflow/.local/lib/python3.7/site-packages/airflow/example_dags/tutorial_taskflow_api.py
[2023-02-19T20:19:19.978+0000] {logging_mixin.py:137} INFO - [2023-02-19T20:19:19.978+0000] {dag.py:2690} INFO - Sync 1 DAGs
[2023-02-19T20:19:20.010+0000] {logging_mixin.py:137} INFO - [2023-02-19T20:19:20.009+0000] {dag.py:3441} INFO - Setting next_dagrun for tutorial_taskflow_api to None, run_after=None
[2023-02-19T20:19:20.034+0000] {processor.py:175} INFO - Processing /home/airflow/.local/lib/python3.7/site-packages/airflow/example_dags/tutorial_taskflow_api.py took 0.130 seconds
[2023-02-19T20:19:50.353+0000] {processor.py:153} INFO - Started process (PID=1275) to work on /home/airflow/.local/lib/python3.7/site-packages/airflow/example_dags/tutorial_taskflow_api.py
[2023-02-19T20:19:50.355+0000] {processor.py:743} INFO - Processing file /home/airflow/.local/lib/python3.7/site-packages/airflow/example_dags/tutorial_taskflow_api.py for tasks to queue
[2023-02-19T20:19:50.356+0000] {logging_mixin.py:137} INFO - [2023-02-19T20:19:50.356+0000] {dagbag.py:538} INFO - Filling up the DagBag from /home/airflow/.local/lib/python3.7/site-packages/airflow/example_dags/tutorial_taskflow_api.py
[2023-02-19T20:19:50.394+0000] {processor.py:753} INFO - DAG(s) dict_keys(['tutorial_taskflow_api']) retrieved from /home/airflow/.local/lib/python3.7/site-packages/airflow/example_dags/tutorial_taskflow_api.py
[2023-02-19T20:19:50.443+0000] {logging_mixin.py:137} INFO - [2023-02-19T20:19:50.443+0000] {dag.py:2690} INFO - Sync 1 DAGs
[2023-02-19T20:19:50.492+0000] {logging_mixin.py:137} INFO - [2023-02-19T20:19:50.492+0000] {dag.py:3441} INFO - Setting next_dagrun for tutorial_taskflow_api to None, run_after=None
[2023-02-19T20:19:50.522+0000] {processor.py:175} INFO - Processing /home/airflow/.local/lib/python3.7/site-packages/airflow/example_dags/tutorial_taskflow_api.py took 0.174 seconds
[2023-02-19T20:20:21.047+0000] {processor.py:153} INFO - Started process (PID=1351) to work on /home/airflow/.local/lib/python3.7/site-packages/airflow/example_dags/tutorial_taskflow_api.py
[2023-02-19T20:20:21.049+0000] {processor.py:743} INFO - Processing file /home/airflow/.local/lib/python3.7/site-packages/airflow/example_dags/tutorial_taskflow_api.py for tasks to queue
[2023-02-19T20:20:21.051+0000] {logging_mixin.py:137} INFO - [2023-02-19T20:20:21.051+0000] {dagbag.py:538} INFO - Filling up the DagBag from /home/airflow/.local/lib/python3.7/site-packages/airflow/example_dags/tutorial_taskflow_api.py
[2023-02-19T20:20:21.080+0000] {processor.py:753} INFO - DAG(s) dict_keys(['tutorial_taskflow_api']) retrieved from /home/airflow/.local/lib/python3.7/site-packages/airflow/example_dags/tutorial_taskflow_api.py
[2023-02-19T20:20:21.115+0000] {logging_mixin.py:137} INFO - [2023-02-19T20:20:21.114+0000] {dag.py:2690} INFO - Sync 1 DAGs
[2023-02-19T20:20:21.145+0000] {logging_mixin.py:137} INFO - [2023-02-19T20:20:21.145+0000] {dag.py:3441} INFO - Setting next_dagrun for tutorial_taskflow_api to None, run_after=None
[2023-02-19T20:20:21.174+0000] {processor.py:175} INFO - Processing /home/airflow/.local/lib/python3.7/site-packages/airflow/example_dags/tutorial_taskflow_api.py took 0.132 seconds
[2023-02-19T20:20:51.499+0000] {processor.py:153} INFO - Started process (PID=1415) to work on /home/airflow/.local/lib/python3.7/site-packages/airflow/example_dags/tutorial_taskflow_api.py
[2023-02-19T20:20:51.502+0000] {processor.py:743} INFO - Processing file /home/airflow/.local/lib/python3.7/site-packages/airflow/example_dags/tutorial_taskflow_api.py for tasks to queue
[2023-02-19T20:20:51.504+0000] {logging_mixin.py:137} INFO - [2023-02-19T20:20:51.503+0000] {dagbag.py:538} INFO - Filling up the DagBag from /home/airflow/.local/lib/python3.7/site-packages/airflow/example_dags/tutorial_taskflow_api.py
[2023-02-19T20:20:51.535+0000] {processor.py:753} INFO - DAG(s) dict_keys(['tutorial_taskflow_api']) retrieved from /home/airflow/.local/lib/python3.7/site-packages/airflow/example_dags/tutorial_taskflow_api.py
[2023-02-19T20:20:51.582+0000] {logging_mixin.py:137} INFO - [2023-02-19T20:20:51.582+0000] {dag.py:2690} INFO - Sync 1 DAGs
[2023-02-19T20:20:51.617+0000] {logging_mixin.py:137} INFO - [2023-02-19T20:20:51.617+0000] {dag.py:3441} INFO - Setting next_dagrun for tutorial_taskflow_api to None, run_after=None
[2023-02-19T20:20:51.651+0000] {processor.py:175} INFO - Processing /home/airflow/.local/lib/python3.7/site-packages/airflow/example_dags/tutorial_taskflow_api.py took 0.156 seconds
[2023-02-19T20:21:22.040+0000] {processor.py:153} INFO - Started process (PID=1489) to work on /home/airflow/.local/lib/python3.7/site-packages/airflow/example_dags/tutorial_taskflow_api.py
[2023-02-19T20:21:22.043+0000] {processor.py:743} INFO - Processing file /home/airflow/.local/lib/python3.7/site-packages/airflow/example_dags/tutorial_taskflow_api.py for tasks to queue
[2023-02-19T20:21:22.045+0000] {logging_mixin.py:137} INFO - [2023-02-19T20:21:22.045+0000] {dagbag.py:538} INFO - Filling up the DagBag from /home/airflow/.local/lib/python3.7/site-packages/airflow/example_dags/tutorial_taskflow_api.py
[2023-02-19T20:21:22.079+0000] {processor.py:753} INFO - DAG(s) dict_keys(['tutorial_taskflow_api']) retrieved from /home/airflow/.local/lib/python3.7/site-packages/airflow/example_dags/tutorial_taskflow_api.py
[2023-02-19T20:21:22.114+0000] {logging_mixin.py:137} INFO - [2023-02-19T20:21:22.114+0000] {dag.py:2690} INFO - Sync 1 DAGs
[2023-02-19T20:21:22.146+0000] {logging_mixin.py:137} INFO - [2023-02-19T20:21:22.146+0000] {dag.py:3441} INFO - Setting next_dagrun for tutorial_taskflow_api to None, run_after=None
[2023-02-19T20:21:22.172+0000] {processor.py:175} INFO - Processing /home/airflow/.local/lib/python3.7/site-packages/airflow/example_dags/tutorial_taskflow_api.py took 0.136 seconds
[2023-02-19T20:51:45.746+0000] {processor.py:153} INFO - Started process (PID=1550) to work on /home/airflow/.local/lib/python3.7/site-packages/airflow/example_dags/tutorial_taskflow_api.py
[2023-02-19T20:51:45.750+0000] {processor.py:743} INFO - Processing file /home/airflow/.local/lib/python3.7/site-packages/airflow/example_dags/tutorial_taskflow_api.py for tasks to queue
[2023-02-19T20:51:45.753+0000] {logging_mixin.py:137} INFO - [2023-02-19T20:51:45.752+0000] {dagbag.py:538} INFO - Filling up the DagBag from /home/airflow/.local/lib/python3.7/site-packages/airflow/example_dags/tutorial_taskflow_api.py
[2023-02-19T20:51:45.801+0000] {processor.py:753} INFO - DAG(s) dict_keys(['tutorial_taskflow_api']) retrieved from /home/airflow/.local/lib/python3.7/site-packages/airflow/example_dags/tutorial_taskflow_api.py
[2023-02-19T20:51:45.843+0000] {logging_mixin.py:137} INFO - [2023-02-19T20:51:45.843+0000] {dag.py:2690} INFO - Sync 1 DAGs
[2023-02-19T20:51:45.881+0000] {logging_mixin.py:137} INFO - [2023-02-19T20:51:45.881+0000] {dag.py:3441} INFO - Setting next_dagrun for tutorial_taskflow_api to None, run_after=None
[2023-02-19T20:51:45.913+0000] {processor.py:175} INFO - Processing /home/airflow/.local/lib/python3.7/site-packages/airflow/example_dags/tutorial_taskflow_api.py took 0.175 seconds
[2023-02-19T21:09:23.304+0000] {processor.py:153} INFO - Started process (PID=1626) to work on /home/airflow/.local/lib/python3.7/site-packages/airflow/example_dags/tutorial_taskflow_api.py
[2023-02-19T21:09:23.309+0000] {processor.py:743} INFO - Processing file /home/airflow/.local/lib/python3.7/site-packages/airflow/example_dags/tutorial_taskflow_api.py for tasks to queue
[2023-02-19T21:09:23.315+0000] {logging_mixin.py:137} INFO - [2023-02-19T21:09:23.314+0000] {dagbag.py:538} INFO - Filling up the DagBag from /home/airflow/.local/lib/python3.7/site-packages/airflow/example_dags/tutorial_taskflow_api.py
[2023-02-19T21:09:23.381+0000] {processor.py:753} INFO - DAG(s) dict_keys(['tutorial_taskflow_api']) retrieved from /home/airflow/.local/lib/python3.7/site-packages/airflow/example_dags/tutorial_taskflow_api.py
[2023-02-19T21:09:23.428+0000] {logging_mixin.py:137} INFO - [2023-02-19T21:09:23.428+0000] {dag.py:2690} INFO - Sync 1 DAGs
[2023-02-19T21:09:23.460+0000] {logging_mixin.py:137} INFO - [2023-02-19T21:09:23.460+0000] {dag.py:3441} INFO - Setting next_dagrun for tutorial_taskflow_api to None, run_after=None
[2023-02-19T21:09:23.488+0000] {processor.py:175} INFO - Processing /home/airflow/.local/lib/python3.7/site-packages/airflow/example_dags/tutorial_taskflow_api.py took 0.196 seconds
[2023-02-19T22:01:44.748+0000] {processor.py:153} INFO - Started process (PID=1697) to work on /home/airflow/.local/lib/python3.7/site-packages/airflow/example_dags/tutorial_taskflow_api.py
[2023-02-19T22:01:44.752+0000] {processor.py:743} INFO - Processing file /home/airflow/.local/lib/python3.7/site-packages/airflow/example_dags/tutorial_taskflow_api.py for tasks to queue
[2023-02-19T22:01:44.757+0000] {logging_mixin.py:137} INFO - [2023-02-19T22:01:44.756+0000] {dagbag.py:538} INFO - Filling up the DagBag from /home/airflow/.local/lib/python3.7/site-packages/airflow/example_dags/tutorial_taskflow_api.py
[2023-02-19T22:01:44.877+0000] {processor.py:753} INFO - DAG(s) dict_keys(['tutorial_taskflow_api']) retrieved from /home/airflow/.local/lib/python3.7/site-packages/airflow/example_dags/tutorial_taskflow_api.py
[2023-02-19T22:01:44.968+0000] {logging_mixin.py:137} INFO - [2023-02-19T22:01:44.967+0000] {dag.py:2690} INFO - Sync 1 DAGs
[2023-02-19T22:01:45.033+0000] {logging_mixin.py:137} INFO - [2023-02-19T22:01:45.033+0000] {dag.py:3441} INFO - Setting next_dagrun for tutorial_taskflow_api to None, run_after=None
[2023-02-19T22:01:45.083+0000] {processor.py:175} INFO - Processing /home/airflow/.local/lib/python3.7/site-packages/airflow/example_dags/tutorial_taskflow_api.py took 0.342 seconds
[2023-02-19T22:02:15.593+0000] {processor.py:153} INFO - Started process (PID=1762) to work on /home/airflow/.local/lib/python3.7/site-packages/airflow/example_dags/tutorial_taskflow_api.py
[2023-02-19T22:02:15.597+0000] {processor.py:743} INFO - Processing file /home/airflow/.local/lib/python3.7/site-packages/airflow/example_dags/tutorial_taskflow_api.py for tasks to queue
[2023-02-19T22:02:15.600+0000] {logging_mixin.py:137} INFO - [2023-02-19T22:02:15.599+0000] {dagbag.py:538} INFO - Filling up the DagBag from /home/airflow/.local/lib/python3.7/site-packages/airflow/example_dags/tutorial_taskflow_api.py
[2023-02-19T22:02:15.633+0000] {processor.py:753} INFO - DAG(s) dict_keys(['tutorial_taskflow_api']) retrieved from /home/airflow/.local/lib/python3.7/site-packages/airflow/example_dags/tutorial_taskflow_api.py
[2023-02-19T22:02:15.665+0000] {logging_mixin.py:137} INFO - [2023-02-19T22:02:15.665+0000] {dag.py:2690} INFO - Sync 1 DAGs
[2023-02-19T22:02:15.694+0000] {logging_mixin.py:137} INFO - [2023-02-19T22:02:15.693+0000] {dag.py:3441} INFO - Setting next_dagrun for tutorial_taskflow_api to None, run_after=None
[2023-02-19T22:02:15.720+0000] {processor.py:175} INFO - Processing /home/airflow/.local/lib/python3.7/site-packages/airflow/example_dags/tutorial_taskflow_api.py took 0.133 seconds
