[2023-02-19T20:10:36.103+0000] {processor.py:153} INFO - Started process (PID=46) to work on /home/airflow/.local/lib/python3.7/site-packages/airflow/example_dags/tutorial_dag.py
[2023-02-19T20:10:36.173+0000] {processor.py:743} INFO - Processing file /home/airflow/.local/lib/python3.7/site-packages/airflow/example_dags/tutorial_dag.py for tasks to queue
[2023-02-19T20:10:36.208+0000] {logging_mixin.py:137} INFO - [2023-02-19T20:10:36.207+0000] {dagbag.py:538} INFO - Filling up the DagBag from /home/airflow/.local/lib/python3.7/site-packages/airflow/example_dags/tutorial_dag.py
[2023-02-19T20:10:36.307+0000] {processor.py:753} INFO - DAG(s) dict_keys(['tutorial_dag']) retrieved from /home/airflow/.local/lib/python3.7/site-packages/airflow/example_dags/tutorial_dag.py
[2023-02-19T20:10:36.399+0000] {logging_mixin.py:137} INFO - [2023-02-19T20:10:36.399+0000] {dag.py:2690} INFO - Sync 1 DAGs
[2023-02-19T20:10:36.449+0000] {logging_mixin.py:137} INFO - [2023-02-19T20:10:36.449+0000] {dag.py:3441} INFO - Setting next_dagrun for tutorial_dag to None, run_after=None
[2023-02-19T20:10:36.514+0000] {processor.py:175} INFO - Processing /home/airflow/.local/lib/python3.7/site-packages/airflow/example_dags/tutorial_dag.py took 0.455 seconds
[2023-02-19T20:11:07.147+0000] {processor.py:153} INFO - Started process (PID=109) to work on /home/airflow/.local/lib/python3.7/site-packages/airflow/example_dags/tutorial_dag.py
[2023-02-19T20:11:07.149+0000] {processor.py:743} INFO - Processing file /home/airflow/.local/lib/python3.7/site-packages/airflow/example_dags/tutorial_dag.py for tasks to queue
[2023-02-19T20:11:07.152+0000] {logging_mixin.py:137} INFO - [2023-02-19T20:11:07.152+0000] {dagbag.py:538} INFO - Filling up the DagBag from /home/airflow/.local/lib/python3.7/site-packages/airflow/example_dags/tutorial_dag.py
[2023-02-19T20:11:07.179+0000] {processor.py:753} INFO - DAG(s) dict_keys(['tutorial_dag']) retrieved from /home/airflow/.local/lib/python3.7/site-packages/airflow/example_dags/tutorial_dag.py
[2023-02-19T20:11:07.200+0000] {logging_mixin.py:137} INFO - [2023-02-19T20:11:07.199+0000] {dag.py:2690} INFO - Sync 1 DAGs
[2023-02-19T20:11:07.242+0000] {logging_mixin.py:137} INFO - [2023-02-19T20:11:07.242+0000] {dag.py:3441} INFO - Setting next_dagrun for tutorial_dag to None, run_after=None
[2023-02-19T20:11:07.271+0000] {processor.py:175} INFO - Processing /home/airflow/.local/lib/python3.7/site-packages/airflow/example_dags/tutorial_dag.py took 0.129 seconds
[2023-02-19T20:11:37.342+0000] {processor.py:153} INFO - Started process (PID=172) to work on /home/airflow/.local/lib/python3.7/site-packages/airflow/example_dags/tutorial_dag.py
[2023-02-19T20:11:37.344+0000] {processor.py:743} INFO - Processing file /home/airflow/.local/lib/python3.7/site-packages/airflow/example_dags/tutorial_dag.py for tasks to queue
[2023-02-19T20:11:37.346+0000] {logging_mixin.py:137} INFO - [2023-02-19T20:11:37.346+0000] {dagbag.py:538} INFO - Filling up the DagBag from /home/airflow/.local/lib/python3.7/site-packages/airflow/example_dags/tutorial_dag.py
[2023-02-19T20:11:37.362+0000] {processor.py:753} INFO - DAG(s) dict_keys(['tutorial_dag']) retrieved from /home/airflow/.local/lib/python3.7/site-packages/airflow/example_dags/tutorial_dag.py
[2023-02-19T20:11:37.399+0000] {logging_mixin.py:137} INFO - [2023-02-19T20:11:37.399+0000] {dag.py:2690} INFO - Sync 1 DAGs
[2023-02-19T20:11:37.431+0000] {logging_mixin.py:137} INFO - [2023-02-19T20:11:37.431+0000] {dag.py:3441} INFO - Setting next_dagrun for tutorial_dag to None, run_after=None
[2023-02-19T20:11:37.460+0000] {processor.py:175} INFO - Processing /home/airflow/.local/lib/python3.7/site-packages/airflow/example_dags/tutorial_dag.py took 0.124 seconds
[2023-02-19T20:12:08.048+0000] {processor.py:153} INFO - Started process (PID=248) to work on /home/airflow/.local/lib/python3.7/site-packages/airflow/example_dags/tutorial_dag.py
[2023-02-19T20:12:08.051+0000] {processor.py:743} INFO - Processing file /home/airflow/.local/lib/python3.7/site-packages/airflow/example_dags/tutorial_dag.py for tasks to queue
[2023-02-19T20:12:08.053+0000] {logging_mixin.py:137} INFO - [2023-02-19T20:12:08.053+0000] {dagbag.py:538} INFO - Filling up the DagBag from /home/airflow/.local/lib/python3.7/site-packages/airflow/example_dags/tutorial_dag.py
[2023-02-19T20:12:08.071+0000] {processor.py:753} INFO - DAG(s) dict_keys(['tutorial_dag']) retrieved from /home/airflow/.local/lib/python3.7/site-packages/airflow/example_dags/tutorial_dag.py
[2023-02-19T20:12:08.117+0000] {logging_mixin.py:137} INFO - [2023-02-19T20:12:08.117+0000] {dag.py:2690} INFO - Sync 1 DAGs
[2023-02-19T20:12:08.154+0000] {logging_mixin.py:137} INFO - [2023-02-19T20:12:08.154+0000] {dag.py:3441} INFO - Setting next_dagrun for tutorial_dag to None, run_after=None
[2023-02-19T20:12:08.181+0000] {processor.py:175} INFO - Processing /home/airflow/.local/lib/python3.7/site-packages/airflow/example_dags/tutorial_dag.py took 0.137 seconds
[2023-02-19T20:12:38.873+0000] {processor.py:153} INFO - Started process (PID=311) to work on /home/airflow/.local/lib/python3.7/site-packages/airflow/example_dags/tutorial_dag.py
[2023-02-19T20:12:38.876+0000] {processor.py:743} INFO - Processing file /home/airflow/.local/lib/python3.7/site-packages/airflow/example_dags/tutorial_dag.py for tasks to queue
[2023-02-19T20:12:38.878+0000] {logging_mixin.py:137} INFO - [2023-02-19T20:12:38.878+0000] {dagbag.py:538} INFO - Filling up the DagBag from /home/airflow/.local/lib/python3.7/site-packages/airflow/example_dags/tutorial_dag.py
[2023-02-19T20:12:38.910+0000] {processor.py:753} INFO - DAG(s) dict_keys(['tutorial_dag']) retrieved from /home/airflow/.local/lib/python3.7/site-packages/airflow/example_dags/tutorial_dag.py
[2023-02-19T20:12:38.959+0000] {logging_mixin.py:137} INFO - [2023-02-19T20:12:38.959+0000] {dag.py:2690} INFO - Sync 1 DAGs
[2023-02-19T20:12:39.025+0000] {logging_mixin.py:137} INFO - [2023-02-19T20:12:39.025+0000] {dag.py:3441} INFO - Setting next_dagrun for tutorial_dag to None, run_after=None
[2023-02-19T20:12:39.067+0000] {processor.py:175} INFO - Processing /home/airflow/.local/lib/python3.7/site-packages/airflow/example_dags/tutorial_dag.py took 0.198 seconds
[2023-02-19T20:13:09.171+0000] {processor.py:153} INFO - Started process (PID=374) to work on /home/airflow/.local/lib/python3.7/site-packages/airflow/example_dags/tutorial_dag.py
[2023-02-19T20:13:09.173+0000] {processor.py:743} INFO - Processing file /home/airflow/.local/lib/python3.7/site-packages/airflow/example_dags/tutorial_dag.py for tasks to queue
[2023-02-19T20:13:09.175+0000] {logging_mixin.py:137} INFO - [2023-02-19T20:13:09.175+0000] {dagbag.py:538} INFO - Filling up the DagBag from /home/airflow/.local/lib/python3.7/site-packages/airflow/example_dags/tutorial_dag.py
[2023-02-19T20:13:09.192+0000] {processor.py:753} INFO - DAG(s) dict_keys(['tutorial_dag']) retrieved from /home/airflow/.local/lib/python3.7/site-packages/airflow/example_dags/tutorial_dag.py
[2023-02-19T20:13:09.227+0000] {logging_mixin.py:137} INFO - [2023-02-19T20:13:09.226+0000] {dag.py:2690} INFO - Sync 1 DAGs
[2023-02-19T20:13:09.264+0000] {logging_mixin.py:137} INFO - [2023-02-19T20:13:09.263+0000] {dag.py:3441} INFO - Setting next_dagrun for tutorial_dag to None, run_after=None
[2023-02-19T20:13:09.292+0000] {processor.py:175} INFO - Processing /home/airflow/.local/lib/python3.7/site-packages/airflow/example_dags/tutorial_dag.py took 0.125 seconds
[2023-02-19T20:13:39.774+0000] {processor.py:153} INFO - Started process (PID=449) to work on /home/airflow/.local/lib/python3.7/site-packages/airflow/example_dags/tutorial_dag.py
[2023-02-19T20:13:39.777+0000] {processor.py:743} INFO - Processing file /home/airflow/.local/lib/python3.7/site-packages/airflow/example_dags/tutorial_dag.py for tasks to queue
[2023-02-19T20:13:39.781+0000] {logging_mixin.py:137} INFO - [2023-02-19T20:13:39.781+0000] {dagbag.py:538} INFO - Filling up the DagBag from /home/airflow/.local/lib/python3.7/site-packages/airflow/example_dags/tutorial_dag.py
[2023-02-19T20:13:39.843+0000] {processor.py:753} INFO - DAG(s) dict_keys(['tutorial_dag']) retrieved from /home/airflow/.local/lib/python3.7/site-packages/airflow/example_dags/tutorial_dag.py
[2023-02-19T20:13:39.933+0000] {logging_mixin.py:137} INFO - [2023-02-19T20:13:39.933+0000] {dag.py:2690} INFO - Sync 1 DAGs
[2023-02-19T20:13:40.000+0000] {logging_mixin.py:137} INFO - [2023-02-19T20:13:40.000+0000] {dag.py:3441} INFO - Setting next_dagrun for tutorial_dag to None, run_after=None
[2023-02-19T20:13:40.061+0000] {processor.py:175} INFO - Processing /home/airflow/.local/lib/python3.7/site-packages/airflow/example_dags/tutorial_dag.py took 0.302 seconds
[2023-02-19T20:14:10.663+0000] {processor.py:153} INFO - Started process (PID=512) to work on /home/airflow/.local/lib/python3.7/site-packages/airflow/example_dags/tutorial_dag.py
[2023-02-19T20:14:10.665+0000] {processor.py:743} INFO - Processing file /home/airflow/.local/lib/python3.7/site-packages/airflow/example_dags/tutorial_dag.py for tasks to queue
[2023-02-19T20:14:10.667+0000] {logging_mixin.py:137} INFO - [2023-02-19T20:14:10.667+0000] {dagbag.py:538} INFO - Filling up the DagBag from /home/airflow/.local/lib/python3.7/site-packages/airflow/example_dags/tutorial_dag.py
[2023-02-19T20:14:10.691+0000] {processor.py:753} INFO - DAG(s) dict_keys(['tutorial_dag']) retrieved from /home/airflow/.local/lib/python3.7/site-packages/airflow/example_dags/tutorial_dag.py
[2023-02-19T20:14:10.727+0000] {logging_mixin.py:137} INFO - [2023-02-19T20:14:10.727+0000] {dag.py:2690} INFO - Sync 1 DAGs
[2023-02-19T20:14:10.761+0000] {logging_mixin.py:137} INFO - [2023-02-19T20:14:10.761+0000] {dag.py:3441} INFO - Setting next_dagrun for tutorial_dag to None, run_after=None
[2023-02-19T20:14:10.787+0000] {processor.py:175} INFO - Processing /home/airflow/.local/lib/python3.7/site-packages/airflow/example_dags/tutorial_dag.py took 0.128 seconds
[2023-02-19T20:14:41.804+0000] {processor.py:153} INFO - Started process (PID=587) to work on /home/airflow/.local/lib/python3.7/site-packages/airflow/example_dags/tutorial_dag.py
[2023-02-19T20:14:41.807+0000] {processor.py:743} INFO - Processing file /home/airflow/.local/lib/python3.7/site-packages/airflow/example_dags/tutorial_dag.py for tasks to queue
[2023-02-19T20:14:41.808+0000] {logging_mixin.py:137} INFO - [2023-02-19T20:14:41.808+0000] {dagbag.py:538} INFO - Filling up the DagBag from /home/airflow/.local/lib/python3.7/site-packages/airflow/example_dags/tutorial_dag.py
[2023-02-19T20:14:41.825+0000] {processor.py:753} INFO - DAG(s) dict_keys(['tutorial_dag']) retrieved from /home/airflow/.local/lib/python3.7/site-packages/airflow/example_dags/tutorial_dag.py
[2023-02-19T20:14:41.866+0000] {logging_mixin.py:137} INFO - [2023-02-19T20:14:41.866+0000] {dag.py:2690} INFO - Sync 1 DAGs
[2023-02-19T20:14:41.901+0000] {logging_mixin.py:137} INFO - [2023-02-19T20:14:41.901+0000] {dag.py:3441} INFO - Setting next_dagrun for tutorial_dag to None, run_after=None
[2023-02-19T20:14:41.931+0000] {processor.py:175} INFO - Processing /home/airflow/.local/lib/python3.7/site-packages/airflow/example_dags/tutorial_dag.py took 0.130 seconds
[2023-02-19T20:15:12.392+0000] {processor.py:153} INFO - Started process (PID=650) to work on /home/airflow/.local/lib/python3.7/site-packages/airflow/example_dags/tutorial_dag.py
[2023-02-19T20:15:12.395+0000] {processor.py:743} INFO - Processing file /home/airflow/.local/lib/python3.7/site-packages/airflow/example_dags/tutorial_dag.py for tasks to queue
[2023-02-19T20:15:12.398+0000] {logging_mixin.py:137} INFO - [2023-02-19T20:15:12.397+0000] {dagbag.py:538} INFO - Filling up the DagBag from /home/airflow/.local/lib/python3.7/site-packages/airflow/example_dags/tutorial_dag.py
[2023-02-19T20:15:12.416+0000] {processor.py:753} INFO - DAG(s) dict_keys(['tutorial_dag']) retrieved from /home/airflow/.local/lib/python3.7/site-packages/airflow/example_dags/tutorial_dag.py
[2023-02-19T20:15:12.457+0000] {logging_mixin.py:137} INFO - [2023-02-19T20:15:12.457+0000] {dag.py:2690} INFO - Sync 1 DAGs
[2023-02-19T20:15:12.493+0000] {logging_mixin.py:137} INFO - [2023-02-19T20:15:12.493+0000] {dag.py:3441} INFO - Setting next_dagrun for tutorial_dag to None, run_after=None
[2023-02-19T20:15:12.523+0000] {processor.py:175} INFO - Processing /home/airflow/.local/lib/python3.7/site-packages/airflow/example_dags/tutorial_dag.py took 0.136 seconds
[2023-02-19T20:15:43.222+0000] {processor.py:153} INFO - Started process (PID=726) to work on /home/airflow/.local/lib/python3.7/site-packages/airflow/example_dags/tutorial_dag.py
[2023-02-19T20:15:43.227+0000] {processor.py:743} INFO - Processing file /home/airflow/.local/lib/python3.7/site-packages/airflow/example_dags/tutorial_dag.py for tasks to queue
[2023-02-19T20:15:43.232+0000] {logging_mixin.py:137} INFO - [2023-02-19T20:15:43.231+0000] {dagbag.py:538} INFO - Filling up the DagBag from /home/airflow/.local/lib/python3.7/site-packages/airflow/example_dags/tutorial_dag.py
[2023-02-19T20:15:43.261+0000] {processor.py:753} INFO - DAG(s) dict_keys(['tutorial_dag']) retrieved from /home/airflow/.local/lib/python3.7/site-packages/airflow/example_dags/tutorial_dag.py
[2023-02-19T20:15:43.315+0000] {logging_mixin.py:137} INFO - [2023-02-19T20:15:43.314+0000] {dag.py:2690} INFO - Sync 1 DAGs
[2023-02-19T20:15:43.357+0000] {logging_mixin.py:137} INFO - [2023-02-19T20:15:43.357+0000] {dag.py:3441} INFO - Setting next_dagrun for tutorial_dag to None, run_after=None
[2023-02-19T20:15:43.384+0000] {processor.py:175} INFO - Processing /home/airflow/.local/lib/python3.7/site-packages/airflow/example_dags/tutorial_dag.py took 0.173 seconds
[2023-02-19T20:16:13.777+0000] {processor.py:153} INFO - Started process (PID=790) to work on /home/airflow/.local/lib/python3.7/site-packages/airflow/example_dags/tutorial_dag.py
[2023-02-19T20:16:13.779+0000] {processor.py:743} INFO - Processing file /home/airflow/.local/lib/python3.7/site-packages/airflow/example_dags/tutorial_dag.py for tasks to queue
[2023-02-19T20:16:13.781+0000] {logging_mixin.py:137} INFO - [2023-02-19T20:16:13.781+0000] {dagbag.py:538} INFO - Filling up the DagBag from /home/airflow/.local/lib/python3.7/site-packages/airflow/example_dags/tutorial_dag.py
[2023-02-19T20:16:13.798+0000] {processor.py:753} INFO - DAG(s) dict_keys(['tutorial_dag']) retrieved from /home/airflow/.local/lib/python3.7/site-packages/airflow/example_dags/tutorial_dag.py
[2023-02-19T20:16:13.833+0000] {logging_mixin.py:137} INFO - [2023-02-19T20:16:13.833+0000] {dag.py:2690} INFO - Sync 1 DAGs
[2023-02-19T20:16:13.865+0000] {logging_mixin.py:137} INFO - [2023-02-19T20:16:13.865+0000] {dag.py:3441} INFO - Setting next_dagrun for tutorial_dag to None, run_after=None
[2023-02-19T20:16:13.897+0000] {processor.py:175} INFO - Processing /home/airflow/.local/lib/python3.7/site-packages/airflow/example_dags/tutorial_dag.py took 0.125 seconds
[2023-02-19T20:16:44.471+0000] {processor.py:153} INFO - Started process (PID=853) to work on /home/airflow/.local/lib/python3.7/site-packages/airflow/example_dags/tutorial_dag.py
[2023-02-19T20:16:44.474+0000] {processor.py:743} INFO - Processing file /home/airflow/.local/lib/python3.7/site-packages/airflow/example_dags/tutorial_dag.py for tasks to queue
[2023-02-19T20:16:44.476+0000] {logging_mixin.py:137} INFO - [2023-02-19T20:16:44.476+0000] {dagbag.py:538} INFO - Filling up the DagBag from /home/airflow/.local/lib/python3.7/site-packages/airflow/example_dags/tutorial_dag.py
[2023-02-19T20:16:44.493+0000] {processor.py:753} INFO - DAG(s) dict_keys(['tutorial_dag']) retrieved from /home/airflow/.local/lib/python3.7/site-packages/airflow/example_dags/tutorial_dag.py
[2023-02-19T20:16:44.531+0000] {logging_mixin.py:137} INFO - [2023-02-19T20:16:44.531+0000] {dag.py:2690} INFO - Sync 1 DAGs
[2023-02-19T20:16:44.564+0000] {logging_mixin.py:137} INFO - [2023-02-19T20:16:44.563+0000] {dag.py:3441} INFO - Setting next_dagrun for tutorial_dag to None, run_after=None
[2023-02-19T20:16:44.600+0000] {processor.py:175} INFO - Processing /home/airflow/.local/lib/python3.7/site-packages/airflow/example_dags/tutorial_dag.py took 0.133 seconds
[2023-02-19T20:17:15.335+0000] {processor.py:153} INFO - Started process (PID=928) to work on /home/airflow/.local/lib/python3.7/site-packages/airflow/example_dags/tutorial_dag.py
[2023-02-19T20:17:15.338+0000] {processor.py:743} INFO - Processing file /home/airflow/.local/lib/python3.7/site-packages/airflow/example_dags/tutorial_dag.py for tasks to queue
[2023-02-19T20:17:15.340+0000] {logging_mixin.py:137} INFO - [2023-02-19T20:17:15.339+0000] {dagbag.py:538} INFO - Filling up the DagBag from /home/airflow/.local/lib/python3.7/site-packages/airflow/example_dags/tutorial_dag.py
[2023-02-19T20:17:15.359+0000] {processor.py:753} INFO - DAG(s) dict_keys(['tutorial_dag']) retrieved from /home/airflow/.local/lib/python3.7/site-packages/airflow/example_dags/tutorial_dag.py
[2023-02-19T20:17:15.401+0000] {logging_mixin.py:137} INFO - [2023-02-19T20:17:15.401+0000] {dag.py:2690} INFO - Sync 1 DAGs
[2023-02-19T20:17:15.433+0000] {logging_mixin.py:137} INFO - [2023-02-19T20:17:15.433+0000] {dag.py:3441} INFO - Setting next_dagrun for tutorial_dag to None, run_after=None
[2023-02-19T20:17:15.458+0000] {processor.py:175} INFO - Processing /home/airflow/.local/lib/python3.7/site-packages/airflow/example_dags/tutorial_dag.py took 0.130 seconds
[2023-02-19T20:17:45.895+0000] {processor.py:153} INFO - Started process (PID=991) to work on /home/airflow/.local/lib/python3.7/site-packages/airflow/example_dags/tutorial_dag.py
[2023-02-19T20:17:45.900+0000] {processor.py:743} INFO - Processing file /home/airflow/.local/lib/python3.7/site-packages/airflow/example_dags/tutorial_dag.py for tasks to queue
[2023-02-19T20:17:45.902+0000] {logging_mixin.py:137} INFO - [2023-02-19T20:17:45.902+0000] {dagbag.py:538} INFO - Filling up the DagBag from /home/airflow/.local/lib/python3.7/site-packages/airflow/example_dags/tutorial_dag.py
[2023-02-19T20:17:45.920+0000] {processor.py:753} INFO - DAG(s) dict_keys(['tutorial_dag']) retrieved from /home/airflow/.local/lib/python3.7/site-packages/airflow/example_dags/tutorial_dag.py
[2023-02-19T20:17:45.956+0000] {logging_mixin.py:137} INFO - [2023-02-19T20:17:45.956+0000] {dag.py:2690} INFO - Sync 1 DAGs
[2023-02-19T20:17:45.997+0000] {logging_mixin.py:137} INFO - [2023-02-19T20:17:45.997+0000] {dag.py:3441} INFO - Setting next_dagrun for tutorial_dag to None, run_after=None
[2023-02-19T20:17:46.041+0000] {processor.py:175} INFO - Processing /home/airflow/.local/lib/python3.7/site-packages/airflow/example_dags/tutorial_dag.py took 0.150 seconds
[2023-02-19T20:18:16.514+0000] {processor.py:153} INFO - Started process (PID=1067) to work on /home/airflow/.local/lib/python3.7/site-packages/airflow/example_dags/tutorial_dag.py
[2023-02-19T20:18:16.517+0000] {processor.py:743} INFO - Processing file /home/airflow/.local/lib/python3.7/site-packages/airflow/example_dags/tutorial_dag.py for tasks to queue
[2023-02-19T20:18:16.519+0000] {logging_mixin.py:137} INFO - [2023-02-19T20:18:16.518+0000] {dagbag.py:538} INFO - Filling up the DagBag from /home/airflow/.local/lib/python3.7/site-packages/airflow/example_dags/tutorial_dag.py
[2023-02-19T20:18:16.536+0000] {processor.py:753} INFO - DAG(s) dict_keys(['tutorial_dag']) retrieved from /home/airflow/.local/lib/python3.7/site-packages/airflow/example_dags/tutorial_dag.py
[2023-02-19T20:18:16.571+0000] {logging_mixin.py:137} INFO - [2023-02-19T20:18:16.571+0000] {dag.py:2690} INFO - Sync 1 DAGs
[2023-02-19T20:18:16.605+0000] {logging_mixin.py:137} INFO - [2023-02-19T20:18:16.605+0000] {dag.py:3441} INFO - Setting next_dagrun for tutorial_dag to None, run_after=None
[2023-02-19T20:18:16.632+0000] {processor.py:175} INFO - Processing /home/airflow/.local/lib/python3.7/site-packages/airflow/example_dags/tutorial_dag.py took 0.122 seconds
[2023-02-19T20:18:47.304+0000] {processor.py:153} INFO - Started process (PID=1130) to work on /home/airflow/.local/lib/python3.7/site-packages/airflow/example_dags/tutorial_dag.py
[2023-02-19T20:18:47.307+0000] {processor.py:743} INFO - Processing file /home/airflow/.local/lib/python3.7/site-packages/airflow/example_dags/tutorial_dag.py for tasks to queue
[2023-02-19T20:18:47.309+0000] {logging_mixin.py:137} INFO - [2023-02-19T20:18:47.309+0000] {dagbag.py:538} INFO - Filling up the DagBag from /home/airflow/.local/lib/python3.7/site-packages/airflow/example_dags/tutorial_dag.py
[2023-02-19T20:18:47.329+0000] {processor.py:753} INFO - DAG(s) dict_keys(['tutorial_dag']) retrieved from /home/airflow/.local/lib/python3.7/site-packages/airflow/example_dags/tutorial_dag.py
[2023-02-19T20:18:47.365+0000] {logging_mixin.py:137} INFO - [2023-02-19T20:18:47.365+0000] {dag.py:2690} INFO - Sync 1 DAGs
[2023-02-19T20:18:47.403+0000] {logging_mixin.py:137} INFO - [2023-02-19T20:18:47.403+0000] {dag.py:3441} INFO - Setting next_dagrun for tutorial_dag to None, run_after=None
[2023-02-19T20:18:47.446+0000] {processor.py:175} INFO - Processing /home/airflow/.local/lib/python3.7/site-packages/airflow/example_dags/tutorial_dag.py took 0.145 seconds
[2023-02-19T20:19:17.871+0000] {processor.py:153} INFO - Started process (PID=1204) to work on /home/airflow/.local/lib/python3.7/site-packages/airflow/example_dags/tutorial_dag.py
[2023-02-19T20:19:17.874+0000] {processor.py:743} INFO - Processing file /home/airflow/.local/lib/python3.7/site-packages/airflow/example_dags/tutorial_dag.py for tasks to queue
[2023-02-19T20:19:17.878+0000] {logging_mixin.py:137} INFO - [2023-02-19T20:19:17.878+0000] {dagbag.py:538} INFO - Filling up the DagBag from /home/airflow/.local/lib/python3.7/site-packages/airflow/example_dags/tutorial_dag.py
[2023-02-19T20:19:17.895+0000] {processor.py:753} INFO - DAG(s) dict_keys(['tutorial_dag']) retrieved from /home/airflow/.local/lib/python3.7/site-packages/airflow/example_dags/tutorial_dag.py
[2023-02-19T20:19:17.930+0000] {logging_mixin.py:137} INFO - [2023-02-19T20:19:17.930+0000] {dag.py:2690} INFO - Sync 1 DAGs
[2023-02-19T20:19:17.963+0000] {logging_mixin.py:137} INFO - [2023-02-19T20:19:17.962+0000] {dag.py:3441} INFO - Setting next_dagrun for tutorial_dag to None, run_after=None
[2023-02-19T20:19:17.991+0000] {processor.py:175} INFO - Processing /home/airflow/.local/lib/python3.7/site-packages/airflow/example_dags/tutorial_dag.py took 0.125 seconds
[2023-02-19T20:19:48.647+0000] {processor.py:153} INFO - Started process (PID=1267) to work on /home/airflow/.local/lib/python3.7/site-packages/airflow/example_dags/tutorial_dag.py
[2023-02-19T20:19:48.649+0000] {processor.py:743} INFO - Processing file /home/airflow/.local/lib/python3.7/site-packages/airflow/example_dags/tutorial_dag.py for tasks to queue
[2023-02-19T20:19:48.651+0000] {logging_mixin.py:137} INFO - [2023-02-19T20:19:48.651+0000] {dagbag.py:538} INFO - Filling up the DagBag from /home/airflow/.local/lib/python3.7/site-packages/airflow/example_dags/tutorial_dag.py
[2023-02-19T20:19:48.668+0000] {processor.py:753} INFO - DAG(s) dict_keys(['tutorial_dag']) retrieved from /home/airflow/.local/lib/python3.7/site-packages/airflow/example_dags/tutorial_dag.py
[2023-02-19T20:19:48.702+0000] {logging_mixin.py:137} INFO - [2023-02-19T20:19:48.702+0000] {dag.py:2690} INFO - Sync 1 DAGs
[2023-02-19T20:19:48.736+0000] {logging_mixin.py:137} INFO - [2023-02-19T20:19:48.735+0000] {dag.py:3441} INFO - Setting next_dagrun for tutorial_dag to None, run_after=None
[2023-02-19T20:19:48.761+0000] {processor.py:175} INFO - Processing /home/airflow/.local/lib/python3.7/site-packages/airflow/example_dags/tutorial_dag.py took 0.119 seconds
[2023-02-19T20:20:19.323+0000] {processor.py:153} INFO - Started process (PID=1343) to work on /home/airflow/.local/lib/python3.7/site-packages/airflow/example_dags/tutorial_dag.py
[2023-02-19T20:20:19.326+0000] {processor.py:743} INFO - Processing file /home/airflow/.local/lib/python3.7/site-packages/airflow/example_dags/tutorial_dag.py for tasks to queue
[2023-02-19T20:20:19.328+0000] {logging_mixin.py:137} INFO - [2023-02-19T20:20:19.328+0000] {dagbag.py:538} INFO - Filling up the DagBag from /home/airflow/.local/lib/python3.7/site-packages/airflow/example_dags/tutorial_dag.py
[2023-02-19T20:20:19.345+0000] {processor.py:753} INFO - DAG(s) dict_keys(['tutorial_dag']) retrieved from /home/airflow/.local/lib/python3.7/site-packages/airflow/example_dags/tutorial_dag.py
[2023-02-19T20:20:19.381+0000] {logging_mixin.py:137} INFO - [2023-02-19T20:20:19.381+0000] {dag.py:2690} INFO - Sync 1 DAGs
[2023-02-19T20:20:19.415+0000] {logging_mixin.py:137} INFO - [2023-02-19T20:20:19.415+0000] {dag.py:3441} INFO - Setting next_dagrun for tutorial_dag to None, run_after=None
[2023-02-19T20:20:19.445+0000] {processor.py:175} INFO - Processing /home/airflow/.local/lib/python3.7/site-packages/airflow/example_dags/tutorial_dag.py took 0.126 seconds
[2023-02-19T20:20:49.775+0000] {processor.py:153} INFO - Started process (PID=1407) to work on /home/airflow/.local/lib/python3.7/site-packages/airflow/example_dags/tutorial_dag.py
[2023-02-19T20:20:49.777+0000] {processor.py:743} INFO - Processing file /home/airflow/.local/lib/python3.7/site-packages/airflow/example_dags/tutorial_dag.py for tasks to queue
[2023-02-19T20:20:49.779+0000] {logging_mixin.py:137} INFO - [2023-02-19T20:20:49.779+0000] {dagbag.py:538} INFO - Filling up the DagBag from /home/airflow/.local/lib/python3.7/site-packages/airflow/example_dags/tutorial_dag.py
[2023-02-19T20:20:49.796+0000] {processor.py:753} INFO - DAG(s) dict_keys(['tutorial_dag']) retrieved from /home/airflow/.local/lib/python3.7/site-packages/airflow/example_dags/tutorial_dag.py
[2023-02-19T20:20:49.830+0000] {logging_mixin.py:137} INFO - [2023-02-19T20:20:49.830+0000] {dag.py:2690} INFO - Sync 1 DAGs
[2023-02-19T20:20:49.862+0000] {logging_mixin.py:137} INFO - [2023-02-19T20:20:49.862+0000] {dag.py:3441} INFO - Setting next_dagrun for tutorial_dag to None, run_after=None
[2023-02-19T20:20:49.888+0000] {processor.py:175} INFO - Processing /home/airflow/.local/lib/python3.7/site-packages/airflow/example_dags/tutorial_dag.py took 0.118 seconds
[2023-02-19T20:21:20.270+0000] {processor.py:153} INFO - Started process (PID=1476) to work on /home/airflow/.local/lib/python3.7/site-packages/airflow/example_dags/tutorial_dag.py
[2023-02-19T20:21:20.273+0000] {processor.py:743} INFO - Processing file /home/airflow/.local/lib/python3.7/site-packages/airflow/example_dags/tutorial_dag.py for tasks to queue
[2023-02-19T20:21:20.274+0000] {logging_mixin.py:137} INFO - [2023-02-19T20:21:20.274+0000] {dagbag.py:538} INFO - Filling up the DagBag from /home/airflow/.local/lib/python3.7/site-packages/airflow/example_dags/tutorial_dag.py
[2023-02-19T20:21:20.291+0000] {processor.py:753} INFO - DAG(s) dict_keys(['tutorial_dag']) retrieved from /home/airflow/.local/lib/python3.7/site-packages/airflow/example_dags/tutorial_dag.py
[2023-02-19T20:21:20.327+0000] {logging_mixin.py:137} INFO - [2023-02-19T20:21:20.327+0000] {dag.py:2690} INFO - Sync 1 DAGs
[2023-02-19T20:21:20.360+0000] {logging_mixin.py:137} INFO - [2023-02-19T20:21:20.360+0000] {dag.py:3441} INFO - Setting next_dagrun for tutorial_dag to None, run_after=None
[2023-02-19T20:21:20.387+0000] {processor.py:175} INFO - Processing /home/airflow/.local/lib/python3.7/site-packages/airflow/example_dags/tutorial_dag.py took 0.121 seconds
[2023-02-19T20:51:43.397+0000] {processor.py:153} INFO - Started process (PID=1539) to work on /home/airflow/.local/lib/python3.7/site-packages/airflow/example_dags/tutorial_dag.py
[2023-02-19T20:51:43.409+0000] {processor.py:743} INFO - Processing file /home/airflow/.local/lib/python3.7/site-packages/airflow/example_dags/tutorial_dag.py for tasks to queue
[2023-02-19T20:51:43.412+0000] {logging_mixin.py:137} INFO - [2023-02-19T20:51:43.411+0000] {dagbag.py:538} INFO - Filling up the DagBag from /home/airflow/.local/lib/python3.7/site-packages/airflow/example_dags/tutorial_dag.py
[2023-02-19T20:51:43.571+0000] {processor.py:753} INFO - DAG(s) dict_keys(['tutorial_dag']) retrieved from /home/airflow/.local/lib/python3.7/site-packages/airflow/example_dags/tutorial_dag.py
[2023-02-19T20:51:43.671+0000] {logging_mixin.py:137} INFO - [2023-02-19T20:51:43.670+0000] {dag.py:2690} INFO - Sync 1 DAGs
[2023-02-19T20:51:43.947+0000] {logging_mixin.py:137} INFO - [2023-02-19T20:51:43.947+0000] {dag.py:3441} INFO - Setting next_dagrun for tutorial_dag to None, run_after=None
[2023-02-19T20:51:44.111+0000] {processor.py:175} INFO - Processing /home/airflow/.local/lib/python3.7/site-packages/airflow/example_dags/tutorial_dag.py took 0.728 seconds
[2023-02-19T20:52:14.872+0000] {processor.py:153} INFO - Started process (PID=1590) to work on /home/airflow/.local/lib/python3.7/site-packages/airflow/example_dags/tutorial_dag.py
[2023-02-19T20:52:14.916+0000] {processor.py:743} INFO - Processing file /home/airflow/.local/lib/python3.7/site-packages/airflow/example_dags/tutorial_dag.py for tasks to queue
[2023-02-19T20:52:14.982+0000] {logging_mixin.py:137} INFO - [2023-02-19T20:52:14.966+0000] {dagbag.py:538} INFO - Filling up the DagBag from /home/airflow/.local/lib/python3.7/site-packages/airflow/example_dags/tutorial_dag.py
[2023-02-19T20:52:15.863+0000] {processor.py:753} INFO - DAG(s) dict_keys(['tutorial_dag']) retrieved from /home/airflow/.local/lib/python3.7/site-packages/airflow/example_dags/tutorial_dag.py
[2023-02-19T20:52:16.533+0000] {logging_mixin.py:137} INFO - [2023-02-19T20:52:16.520+0000] {dag.py:2690} INFO - Sync 1 DAGs
[2023-02-19T20:52:17.631+0000] {logging_mixin.py:137} INFO - [2023-02-19T20:52:17.629+0000] {dag.py:3441} INFO - Setting next_dagrun for tutorial_dag to None, run_after=None
[2023-02-19T20:52:18.344+0000] {processor.py:175} INFO - Processing /home/airflow/.local/lib/python3.7/site-packages/airflow/example_dags/tutorial_dag.py took 3.651 seconds
[2023-02-19T21:09:21.472+0000] {processor.py:153} INFO - Started process (PID=1615) to work on /home/airflow/.local/lib/python3.7/site-packages/airflow/example_dags/tutorial_dag.py
[2023-02-19T21:09:21.496+0000] {processor.py:743} INFO - Processing file /home/airflow/.local/lib/python3.7/site-packages/airflow/example_dags/tutorial_dag.py for tasks to queue
[2023-02-19T21:09:21.498+0000] {logging_mixin.py:137} INFO - [2023-02-19T21:09:21.498+0000] {dagbag.py:538} INFO - Filling up the DagBag from /home/airflow/.local/lib/python3.7/site-packages/airflow/example_dags/tutorial_dag.py
[2023-02-19T21:09:21.632+0000] {processor.py:753} INFO - DAG(s) dict_keys(['tutorial_dag']) retrieved from /home/airflow/.local/lib/python3.7/site-packages/airflow/example_dags/tutorial_dag.py
[2023-02-19T21:09:21.722+0000] {logging_mixin.py:137} INFO - [2023-02-19T21:09:21.722+0000] {dag.py:2690} INFO - Sync 1 DAGs
[2023-02-19T21:09:21.824+0000] {logging_mixin.py:137} INFO - [2023-02-19T21:09:21.824+0000] {dag.py:3441} INFO - Setting next_dagrun for tutorial_dag to None, run_after=None
[2023-02-19T21:09:21.878+0000] {processor.py:175} INFO - Processing /home/airflow/.local/lib/python3.7/site-packages/airflow/example_dags/tutorial_dag.py took 0.449 seconds
[2023-02-19T21:09:52.498+0000] {processor.py:153} INFO - Started process (PID=1665) to work on /home/airflow/.local/lib/python3.7/site-packages/airflow/example_dags/tutorial_dag.py
[2023-02-19T21:09:52.536+0000] {processor.py:743} INFO - Processing file /home/airflow/.local/lib/python3.7/site-packages/airflow/example_dags/tutorial_dag.py for tasks to queue
[2023-02-19T21:09:52.570+0000] {logging_mixin.py:137} INFO - [2023-02-19T21:09:52.568+0000] {dagbag.py:538} INFO - Filling up the DagBag from /home/airflow/.local/lib/python3.7/site-packages/airflow/example_dags/tutorial_dag.py
[2023-02-19T21:09:52.790+0000] {processor.py:753} INFO - DAG(s) dict_keys(['tutorial_dag']) retrieved from /home/airflow/.local/lib/python3.7/site-packages/airflow/example_dags/tutorial_dag.py
[2023-02-19T21:09:53.378+0000] {logging_mixin.py:137} INFO - [2023-02-19T21:09:53.377+0000] {dag.py:2690} INFO - Sync 1 DAGs
[2023-02-19T21:09:54.811+0000] {logging_mixin.py:137} INFO - [2023-02-19T21:09:54.809+0000] {dag.py:3441} INFO - Setting next_dagrun for tutorial_dag to None, run_after=None
[2023-02-19T21:09:55.800+0000] {processor.py:175} INFO - Processing /home/airflow/.local/lib/python3.7/site-packages/airflow/example_dags/tutorial_dag.py took 3.363 seconds
[2023-02-19T22:01:40.960+0000] {processor.py:153} INFO - Started process (PID=1690) to work on /home/airflow/.local/lib/python3.7/site-packages/airflow/example_dags/tutorial_dag.py
[2023-02-19T22:01:40.964+0000] {processor.py:743} INFO - Processing file /home/airflow/.local/lib/python3.7/site-packages/airflow/example_dags/tutorial_dag.py for tasks to queue
[2023-02-19T22:01:40.975+0000] {logging_mixin.py:137} INFO - [2023-02-19T22:01:40.974+0000] {dagbag.py:538} INFO - Filling up the DagBag from /home/airflow/.local/lib/python3.7/site-packages/airflow/example_dags/tutorial_dag.py
[2023-02-19T22:01:41.014+0000] {processor.py:753} INFO - DAG(s) dict_keys(['tutorial_dag']) retrieved from /home/airflow/.local/lib/python3.7/site-packages/airflow/example_dags/tutorial_dag.py
[2023-02-19T22:01:41.120+0000] {logging_mixin.py:137} INFO - [2023-02-19T22:01:41.120+0000] {dag.py:2690} INFO - Sync 1 DAGs
[2023-02-19T22:01:41.544+0000] {logging_mixin.py:137} INFO - [2023-02-19T22:01:41.538+0000] {dag.py:3441} INFO - Setting next_dagrun for tutorial_dag to None, run_after=None
[2023-02-19T22:01:43.089+0000] {processor.py:175} INFO - Processing /home/airflow/.local/lib/python3.7/site-packages/airflow/example_dags/tutorial_dag.py took 2.138 seconds
[2023-02-19T22:02:14.092+0000] {processor.py:153} INFO - Started process (PID=1757) to work on /home/airflow/.local/lib/python3.7/site-packages/airflow/example_dags/tutorial_dag.py
[2023-02-19T22:02:14.094+0000] {processor.py:743} INFO - Processing file /home/airflow/.local/lib/python3.7/site-packages/airflow/example_dags/tutorial_dag.py for tasks to queue
[2023-02-19T22:02:14.097+0000] {logging_mixin.py:137} INFO - [2023-02-19T22:02:14.096+0000] {dagbag.py:538} INFO - Filling up the DagBag from /home/airflow/.local/lib/python3.7/site-packages/airflow/example_dags/tutorial_dag.py
[2023-02-19T22:02:14.116+0000] {processor.py:753} INFO - DAG(s) dict_keys(['tutorial_dag']) retrieved from /home/airflow/.local/lib/python3.7/site-packages/airflow/example_dags/tutorial_dag.py
[2023-02-19T22:02:14.148+0000] {logging_mixin.py:137} INFO - [2023-02-19T22:02:14.148+0000] {dag.py:2690} INFO - Sync 1 DAGs
[2023-02-19T22:02:14.176+0000] {logging_mixin.py:137} INFO - [2023-02-19T22:02:14.176+0000] {dag.py:3441} INFO - Setting next_dagrun for tutorial_dag to None, run_after=None
[2023-02-19T22:02:14.200+0000] {processor.py:175} INFO - Processing /home/airflow/.local/lib/python3.7/site-packages/airflow/example_dags/tutorial_dag.py took 0.113 seconds
